<?xml version="1.0" encoding="utf-8"?>
<TestRun id="0f6d840b-db09-49e1-b676-7362c5a720cf" name="bryan@BRY 2026-01-05 12:46:04" runUser="BRY\bryan" xmlns="http://microsoft.com/schemas/VisualStudio/TeamTest/2010">
  <Times creation="2026-01-05T12:46:04.9228113-05:00" queuing="2026-01-05T12:46:04.9228118-05:00" start="2026-01-05T12:46:03.1162709-05:00" finish="2026-01-05T12:46:32.0399528-05:00" />
  <TestSettings name="default" id="8862c870-c1cf-4e5d-9b1a-3cf7ce1d0269">
    <Deployment runDeploymentRoot="bryan_BRY_2026-01-05_12_46_04" />
  </TestSettings>
  <Results>
    <UnitTestResult executionId="34ad8ef2-d551-45f8-926b-961c7a8190e4" testId="0c457f24-aff6-1ea7-f71f-10b95ef696c5" testName="GetAllTags_ReturnsOkWithTags" computerName="BRY" duration="00:00:00.5794730" startTime="2026-01-05T12:46:16.0425712-05:00" endTime="2026-01-05T12:46:16.6220409-05:00" testType="13cdc9d9-ddb5-4fa4-a97d-d965ccfc6d4b" outcome="Failed" testListId="8c84fa94-04c1-424b-9868-57a2d4851a1d" relativeResultsDirectory="34ad8ef2-d551-45f8-926b-961c7a8190e4">
      <Output>
        <StdOut>info: Microsoft.Hosting.Lifetime[0]&#xD;
      Application started. Press Ctrl+C to shut down.&#xD;
info: Microsoft.Hosting.Lifetime[0]&#xD;
      Hosting environment: Test&#xD;
info: Microsoft.Hosting.Lifetime[0]&#xD;
      Content root path: C:\Users\bryan\RiderProjects\AspTemplate\src\WebApi&#xD;
info: Microsoft.EntityFrameworkCore.Update[30100]&#xD;
      Saved 0 entities to in-memory store.&#xD;
info: Microsoft.EntityFrameworkCore.Update[30100]&#xD;
      Saved 2 entities to in-memory store.&#xD;
info: Microsoft.EntityFrameworkCore.Update[30100]&#xD;
      Saved 2 entities to in-memory store.&#xD;
info: Microsoft.EntityFrameworkCore.Update[30100]&#xD;
      Saved 4 entities to in-memory store.&#xD;
warn: Microsoft.AspNetCore.HttpsPolicy.HttpsRedirectionMiddleware[3]&#xD;
      Failed to determine the https port for redirect.&#xD;
info: Microsoft.Hosting.Lifetime[0]&#xD;
      Application is shutting down...</StdOut>
        <ErrorInfo>
          <Message>Expected result to contain at least 2 item(s), but found 0: {empty}.</Message>
          <StackTrace>   at FluentAssertions.Execution.LateBoundTestFramework.Throw(String message)&#xD;
   at FluentAssertions.Execution.DefaultAssertionStrategy.HandleFailure(String message)&#xD;
   at FluentAssertions.Execution.AssertionScope.AddPreFormattedFailure(String formattedFailureMessage)&#xD;
   at FluentAssertions.Execution.AssertionChain.FailWith(Func`1 getFailureReason)&#xD;
   at FluentAssertions.Execution.AssertionChain.FailWith(Func`1 getFailureReason)&#xD;
   at FluentAssertions.Execution.AssertionChain.FailWith(String message, Object[] args)&#xD;
   at FluentAssertions.Execution.GivenSelector`1.FailWith(String message, Object[] args)&#xD;
   at FluentAssertions.Execution.GivenSelector`1.FailWith(String message, Func`2[] args)&#xD;
   at FluentAssertions.Collections.GenericCollectionAssertions`3.&lt;&gt;c__DisplayClass47_0.&lt;HaveCountGreaterThanOrEqualTo&gt;b__0(AssertionChain chain)&#xD;
   at FluentAssertions.Execution.AssertionChain.WithExpectation(String message, Action`1 chain, Object[] args)&#xD;
   at FluentAssertions.Execution.AssertionChain.WithExpectation(String message, Object arg1, Action`1 chain)&#xD;
   at FluentAssertions.Collections.GenericCollectionAssertions`3.HaveCountGreaterThanOrEqualTo(Int32 expected, String because, Object[] becauseArgs)&#xD;
   at WebApi.Tests.Controllers.TagsControllerTests.GetAllTags_ReturnsOkWithTags() in C:\Users\bryan\RiderProjects\AspTemplate\tests\WebApi.Tests\Controllers\TagsControllerTests.cs:line 44&#xD;
   at NUnit.Framework.Internal.TaskAwaitAdapter.GenericAdapter`1.BlockUntilCompleted()&#xD;
   at NUnit.Framework.Internal.MessagePumpStrategy.NoMessagePumpStrategy.WaitForCompletion(AwaitAdapter awaiter)&#xD;
   at NUnit.Framework.Internal.AsyncToSyncAdapter.Await[TResult](TestExecutionContext context, Func`1 invoke)&#xD;
   at NUnit.Framework.Internal.AsyncToSyncAdapter.Await(TestExecutionContext context, Func`1 invoke)&#xD;
   at NUnit.Framework.Internal.Commands.TestMethodCommand.RunTestMethod(TestExecutionContext context)&#xD;
   at NUnit.Framework.Internal.Commands.TestMethodCommand.Execute(TestExecutionContext context)&#xD;
   at NUnit.Framework.Internal.Commands.BeforeAndAfterTestCommand.&lt;&gt;c__DisplayClass1_0.&lt;Execute&gt;b__0()&#xD;
   at NUnit.Framework.Internal.Commands.DelegatingTestCommand.RunTestMethodInThreadAbortSafeZone(TestExecutionContext context, Action action)&#xD;

</StackTrace>
        </ErrorInfo>
      </Output>
    </UnitTestResult>
    <UnitTestResult executionId="0921c0cd-5697-4319-81e5-4eeb60a1469f" testId="e3202dd6-ab0d-72c8-5210-dd70bd931c3f" testName="CreateTodo_WithTags_ReturnsCreatedWithTags" computerName="BRY" duration="00:00:00.5486020" startTime="2026-01-05T12:46:22.1916570-05:00" endTime="2026-01-05T12:46:22.7402581-05:00" testType="13cdc9d9-ddb5-4fa4-a97d-d965ccfc6d4b" outcome="Failed" testListId="8c84fa94-04c1-424b-9868-57a2d4851a1d" relativeResultsDirectory="0921c0cd-5697-4319-81e5-4eeb60a1469f">
      <Output>
        <StdOut>info: Microsoft.Hosting.Lifetime[0]&#xD;
      Application started. Press Ctrl+C to shut down.&#xD;
info: Microsoft.Hosting.Lifetime[0]&#xD;
      Hosting environment: Test&#xD;
info: Microsoft.Hosting.Lifetime[0]&#xD;
      Content root path: C:\Users\bryan\RiderProjects\AspTemplate\src\WebApi&#xD;
info: Microsoft.EntityFrameworkCore.Update[30100]&#xD;
      Saved 0 entities to in-memory store.&#xD;
info: Microsoft.EntityFrameworkCore.Update[30100]&#xD;
      Saved 2 entities to in-memory store.&#xD;
info: Microsoft.EntityFrameworkCore.Update[30100]&#xD;
      Saved 2 entities to in-memory store.&#xD;
info: Microsoft.EntityFrameworkCore.Update[30100]&#xD;
      Saved 4 entities to in-memory store.&#xD;
warn: Microsoft.AspNetCore.HttpsPolicy.HttpsRedirectionMiddleware[3]&#xD;
      Failed to determine the https port for redirect.&#xD;
info: Microsoft.EntityFrameworkCore.Update[30100]&#xD;
      Saved 1 entities to in-memory store.&#xD;
info: Microsoft.Hosting.Lifetime[0]&#xD;
      Application is shutting down...</StdOut>
        <ErrorInfo>
          <Message>Expected result!.Tags to contain 2 item(s), but found 0: {empty}.</Message>
          <StackTrace>   at FluentAssertions.Execution.LateBoundTestFramework.Throw(String message)&#xD;
   at FluentAssertions.Execution.DefaultAssertionStrategy.HandleFailure(String message)&#xD;
   at FluentAssertions.Execution.AssertionScope.AddPreFormattedFailure(String formattedFailureMessage)&#xD;
   at FluentAssertions.Execution.AssertionChain.FailWith(Func`1 getFailureReason)&#xD;
   at FluentAssertions.Execution.AssertionChain.FailWith(Func`1 getFailureReason)&#xD;
   at FluentAssertions.Execution.AssertionChain.FailWith(String message, Object[] args)&#xD;
   at FluentAssertions.Collections.GenericCollectionAssertions`3.HaveCount(Int32 expected, String because, Object[] becauseArgs)&#xD;
   at WebApi.Tests.Controllers.TodosControllerTests.CreateTodo_WithTags_ReturnsCreatedWithTags() in C:\Users\bryan\RiderProjects\AspTemplate\tests\WebApi.Tests\Controllers\TodosControllerTests.cs:line 199&#xD;
   at NUnit.Framework.Internal.TaskAwaitAdapter.GenericAdapter`1.BlockUntilCompleted()&#xD;
   at NUnit.Framework.Internal.MessagePumpStrategy.NoMessagePumpStrategy.WaitForCompletion(AwaitAdapter awaiter)&#xD;
   at NUnit.Framework.Internal.AsyncToSyncAdapter.Await[TResult](TestExecutionContext context, Func`1 invoke)&#xD;
   at NUnit.Framework.Internal.AsyncToSyncAdapter.Await(TestExecutionContext context, Func`1 invoke)&#xD;
   at NUnit.Framework.Internal.Commands.TestMethodCommand.RunTestMethod(TestExecutionContext context)&#xD;
   at NUnit.Framework.Internal.Commands.TestMethodCommand.Execute(TestExecutionContext context)&#xD;
   at NUnit.Framework.Internal.Commands.BeforeAndAfterTestCommand.&lt;&gt;c__DisplayClass1_0.&lt;Execute&gt;b__0()&#xD;
   at NUnit.Framework.Internal.Commands.DelegatingTestCommand.RunTestMethodInThreadAbortSafeZone(TestExecutionContext context, Action action)&#xD;

</StackTrace>
        </ErrorInfo>
      </Output>
    </UnitTestResult>
    <UnitTestResult executionId="55116994-6f6b-4090-810f-cdc77a57331c" testId="3109c202-bcf3-33c6-1065-70d0f6737c02" testName="CreateTag_WithDuplicateName_ReturnsBadRequest" computerName="BRY" duration="00:00:00.5450190" startTime="2026-01-05T12:46:12.2089615-05:00" endTime="2026-01-05T12:46:12.7539801-05:00" testType="13cdc9d9-ddb5-4fa4-a97d-d965ccfc6d4b" outcome="Failed" testListId="8c84fa94-04c1-424b-9868-57a2d4851a1d" relativeResultsDirectory="55116994-6f6b-4090-810f-cdc77a57331c">
      <Output>
        <StdOut>info: Microsoft.Hosting.Lifetime[0]&#xD;
      Application started. Press Ctrl+C to shut down.&#xD;
info: Microsoft.Hosting.Lifetime[0]&#xD;
      Hosting environment: Test&#xD;
info: Microsoft.Hosting.Lifetime[0]&#xD;
      Content root path: C:\Users\bryan\RiderProjects\AspTemplate\src\WebApi&#xD;
info: Microsoft.EntityFrameworkCore.Update[30100]&#xD;
      Saved 0 entities to in-memory store.&#xD;
info: Microsoft.EntityFrameworkCore.Update[30100]&#xD;
      Saved 2 entities to in-memory store.&#xD;
info: Microsoft.EntityFrameworkCore.Update[30100]&#xD;
      Saved 2 entities to in-memory store.&#xD;
info: Microsoft.EntityFrameworkCore.Update[30100]&#xD;
      Saved 4 entities to in-memory store.&#xD;
warn: Microsoft.AspNetCore.HttpsPolicy.HttpsRedirectionMiddleware[3]&#xD;
      Failed to determine the https port for redirect.&#xD;
info: Microsoft.EntityFrameworkCore.Update[30100]&#xD;
      Saved 1 entities to in-memory store.&#xD;
info: Microsoft.Hosting.Lifetime[0]&#xD;
      Application is shutting down...</StdOut>
        <ErrorInfo>
          <Message>Expected response.StatusCode to be HttpStatusCode.BadRequest {value: 400}, but found HttpStatusCode.Created {value: 201}.</Message>
          <StackTrace>   at FluentAssertions.Execution.LateBoundTestFramework.Throw(String message)&#xD;
   at FluentAssertions.Execution.DefaultAssertionStrategy.HandleFailure(String message)&#xD;
   at FluentAssertions.Execution.AssertionScope.AddPreFormattedFailure(String formattedFailureMessage)&#xD;
   at FluentAssertions.Execution.AssertionChain.FailWith(Func`1 getFailureReason)&#xD;
   at FluentAssertions.Execution.AssertionChain.FailWith(Func`1 getFailureReason)&#xD;
   at FluentAssertions.Execution.AssertionChain.FailWith(String message, Object[] args)&#xD;
   at FluentAssertions.Primitives.EnumAssertions`2.Be(TEnum expected, String because, Object[] becauseArgs)&#xD;
   at WebApi.Tests.Controllers.TagsControllerTests.CreateTag_WithDuplicateName_ReturnsBadRequest() in C:\Users\bryan\RiderProjects\AspTemplate\tests\WebApi.Tests\Controllers\TagsControllerTests.cs:line 131&#xD;
   at NUnit.Framework.Internal.TaskAwaitAdapter.GenericAdapter`1.BlockUntilCompleted()&#xD;
   at NUnit.Framework.Internal.MessagePumpStrategy.NoMessagePumpStrategy.WaitForCompletion(AwaitAdapter awaiter)&#xD;
   at NUnit.Framework.Internal.AsyncToSyncAdapter.Await[TResult](TestExecutionContext context, Func`1 invoke)&#xD;
   at NUnit.Framework.Internal.AsyncToSyncAdapter.Await(TestExecutionContext context, Func`1 invoke)&#xD;
   at NUnit.Framework.Internal.Commands.TestMethodCommand.RunTestMethod(TestExecutionContext context)&#xD;
   at NUnit.Framework.Internal.Commands.TestMethodCommand.Execute(TestExecutionContext context)&#xD;
   at NUnit.Framework.Internal.Commands.BeforeAndAfterTestCommand.&lt;&gt;c__DisplayClass1_0.&lt;Execute&gt;b__0()&#xD;
   at NUnit.Framework.Internal.Commands.DelegatingTestCommand.RunTestMethodInThreadAbortSafeZone(TestExecutionContext context, Action action)&#xD;

</StackTrace>
        </ErrorInfo>
      </Output>
    </UnitTestResult>
    <UnitTestResult executionId="846a98d4-39c6-450c-b1a9-cbcd2658f105" testId="186bfde2-1a8b-b120-bf99-1df9efde74ab" testName="CreateTag_WithEmptyName_ReturnsBadRequest" computerName="BRY" duration="00:00:00.5372230" startTime="2026-01-05T12:46:12.7540067-05:00" endTime="2026-01-05T12:46:13.2912286-05:00" testType="13cdc9d9-ddb5-4fa4-a97d-d965ccfc6d4b" outcome="Failed" testListId="8c84fa94-04c1-424b-9868-57a2d4851a1d" relativeResultsDirectory="846a98d4-39c6-450c-b1a9-cbcd2658f105">
      <Output>
        <StdOut>info: Microsoft.Hosting.Lifetime[0]&#xD;
      Application started. Press Ctrl+C to shut down.&#xD;
info: Microsoft.Hosting.Lifetime[0]&#xD;
      Hosting environment: Test&#xD;
info: Microsoft.Hosting.Lifetime[0]&#xD;
      Content root path: C:\Users\bryan\RiderProjects\AspTemplate\src\WebApi&#xD;
info: Microsoft.EntityFrameworkCore.Update[30100]&#xD;
      Saved 0 entities to in-memory store.&#xD;
info: Microsoft.EntityFrameworkCore.Update[30100]&#xD;
      Saved 2 entities to in-memory store.&#xD;
info: Microsoft.EntityFrameworkCore.Update[30100]&#xD;
      Saved 2 entities to in-memory store.&#xD;
info: Microsoft.EntityFrameworkCore.Update[30100]&#xD;
      Saved 4 entities to in-memory store.&#xD;
warn: Microsoft.AspNetCore.HttpsPolicy.HttpsRedirectionMiddleware[3]&#xD;
      Failed to determine the https port for redirect.&#xD;
info: Microsoft.EntityFrameworkCore.Update[30100]&#xD;
      Saved 1 entities to in-memory store.&#xD;
info: Microsoft.Hosting.Lifetime[0]&#xD;
      Application is shutting down...</StdOut>
        <ErrorInfo>
          <Message>Expected response.StatusCode to be HttpStatusCode.BadRequest {value: 400}, but found HttpStatusCode.Created {value: 201}.</Message>
          <StackTrace>   at FluentAssertions.Execution.LateBoundTestFramework.Throw(String message)&#xD;
   at FluentAssertions.Execution.DefaultAssertionStrategy.HandleFailure(String message)&#xD;
   at FluentAssertions.Execution.AssertionScope.AddPreFormattedFailure(String formattedFailureMessage)&#xD;
   at FluentAssertions.Execution.AssertionChain.FailWith(Func`1 getFailureReason)&#xD;
   at FluentAssertions.Execution.AssertionChain.FailWith(Func`1 getFailureReason)&#xD;
   at FluentAssertions.Execution.AssertionChain.FailWith(String message, Object[] args)&#xD;
   at FluentAssertions.Primitives.EnumAssertions`2.Be(TEnum expected, String because, Object[] becauseArgs)&#xD;
   at WebApi.Tests.Controllers.TagsControllerTests.CreateTag_WithEmptyName_ReturnsBadRequest() in C:\Users\bryan\RiderProjects\AspTemplate\tests\WebApi.Tests\Controllers\TagsControllerTests.cs:line 148&#xD;
   at NUnit.Framework.Internal.TaskAwaitAdapter.GenericAdapter`1.BlockUntilCompleted()&#xD;
   at NUnit.Framework.Internal.MessagePumpStrategy.NoMessagePumpStrategy.WaitForCompletion(AwaitAdapter awaiter)&#xD;
   at NUnit.Framework.Internal.AsyncToSyncAdapter.Await[TResult](TestExecutionContext context, Func`1 invoke)&#xD;
   at NUnit.Framework.Internal.AsyncToSyncAdapter.Await(TestExecutionContext context, Func`1 invoke)&#xD;
   at NUnit.Framework.Internal.Commands.TestMethodCommand.RunTestMethod(TestExecutionContext context)&#xD;
   at NUnit.Framework.Internal.Commands.TestMethodCommand.Execute(TestExecutionContext context)&#xD;
   at NUnit.Framework.Internal.Commands.BeforeAndAfterTestCommand.&lt;&gt;c__DisplayClass1_0.&lt;Execute&gt;b__0()&#xD;
   at NUnit.Framework.Internal.Commands.DelegatingTestCommand.RunTestMethodInThreadAbortSafeZone(TestExecutionContext context, Action action)&#xD;

</StackTrace>
        </ErrorInfo>
      </Output>
    </UnitTestResult>
    <UnitTestResult executionId="b259ad5c-dfb6-4dce-9d7a-33b53602d891" testId="48d2b8e4-5da0-a633-48e4-759f522563b6" testName="Login_WithEmail_ReturnsToken" computerName="BRY" duration="00:00:00.5936340" startTime="2026-01-05T12:46:05.9749611-05:00" endTime="2026-01-05T12:46:06.5685942-05:00" testType="13cdc9d9-ddb5-4fa4-a97d-d965ccfc6d4b" outcome="Failed" testListId="8c84fa94-04c1-424b-9868-57a2d4851a1d" relativeResultsDirectory="b259ad5c-dfb6-4dce-9d7a-33b53602d891">
      <Output>
        <StdOut>info: Microsoft.Hosting.Lifetime[0]&#xD;
      Application started. Press Ctrl+C to shut down.&#xD;
info: Microsoft.Hosting.Lifetime[0]&#xD;
      Hosting environment: Test&#xD;
info: Microsoft.Hosting.Lifetime[0]&#xD;
      Content root path: C:\Users\bryan\RiderProjects\AspTemplate\src\WebApi&#xD;
info: Microsoft.EntityFrameworkCore.Update[30100]&#xD;
      Saved 0 entities to in-memory store.&#xD;
info: Microsoft.EntityFrameworkCore.Update[30100]&#xD;
      Saved 2 entities to in-memory store.&#xD;
info: Microsoft.EntityFrameworkCore.Update[30100]&#xD;
      Saved 2 entities to in-memory store.&#xD;
info: Microsoft.EntityFrameworkCore.Update[30100]&#xD;
      Saved 4 entities to in-memory store.&#xD;
warn: Microsoft.AspNetCore.HttpsPolicy.HttpsRedirectionMiddleware[3]&#xD;
      Failed to determine the https port for redirect.&#xD;
     Warning:&#xD;
     The component "Fluent Assertions" is governed by the rules defined in the Xceed License Agreement and&#xD;
     the Xceed Fluent Assertions Community License. You may use Fluent Assertions free of charge for&#xD;
     non-commercial use only. An active subscription is required to use Fluent Assertions for commercial use.&#xD;
&#xD;
     Please contact Xceed Sales mailto:sales@xceed.com to acquire a subscription at a very low cost.&#xD;
&#xD;
     A paid commercial license supports the development and continued increasing support of&#xD;
     Fluent Assertions users under both commercial and community licenses. Help us&#xD;
     keep Fluent Assertions at the forefront of unit testing.&#xD;
&#xD;
     For more information, visit https://xceed.com/products/unit-testing/fluent-assertions/&#xD;
info: Microsoft.Hosting.Lifetime[0]&#xD;
      Application is shutting down...</StdOut>
        <ErrorInfo>
          <Message>Expected response.StatusCode to be HttpStatusCode.OK {value: 200}, but found HttpStatusCode.Unauthorized {value: 401}.</Message>
          <StackTrace>   at FluentAssertions.Execution.LateBoundTestFramework.Throw(String message)&#xD;
   at FluentAssertions.Execution.DefaultAssertionStrategy.HandleFailure(String message)&#xD;
   at FluentAssertions.Execution.AssertionScope.AddPreFormattedFailure(String formattedFailureMessage)&#xD;
   at FluentAssertions.Execution.AssertionChain.FailWith(Func`1 getFailureReason)&#xD;
   at FluentAssertions.Execution.AssertionChain.FailWith(Func`1 getFailureReason)&#xD;
   at FluentAssertions.Execution.AssertionChain.FailWith(String message, Object[] args)&#xD;
   at FluentAssertions.Primitives.EnumAssertions`2.Be(TEnum expected, String because, Object[] becauseArgs)&#xD;
   at WebApi.Tests.Controllers.AuthControllerTests.Login_WithEmail_ReturnsToken() in C:\Users\bryan\RiderProjects\AspTemplate\tests\WebApi.Tests\Controllers\AuthControllerTests.cs:line 164&#xD;
   at NUnit.Framework.Internal.TaskAwaitAdapter.GenericAdapter`1.BlockUntilCompleted()&#xD;
   at NUnit.Framework.Internal.MessagePumpStrategy.NoMessagePumpStrategy.WaitForCompletion(AwaitAdapter awaiter)&#xD;
   at NUnit.Framework.Internal.AsyncToSyncAdapter.Await[TResult](TestExecutionContext context, Func`1 invoke)&#xD;
   at NUnit.Framework.Internal.AsyncToSyncAdapter.Await(TestExecutionContext context, Func`1 invoke)&#xD;
   at NUnit.Framework.Internal.Commands.TestMethodCommand.RunTestMethod(TestExecutionContext context)&#xD;
   at NUnit.Framework.Internal.Commands.TestMethodCommand.Execute(TestExecutionContext context)&#xD;
   at NUnit.Framework.Internal.Commands.BeforeAndAfterTestCommand.&lt;&gt;c__DisplayClass1_0.&lt;Execute&gt;b__0()&#xD;
   at NUnit.Framework.Internal.Commands.DelegatingTestCommand.RunTestMethodInThreadAbortSafeZone(TestExecutionContext context, Action action)&#xD;

</StackTrace>
        </ErrorInfo>
      </Output>
    </UnitTestResult>
    <UnitTestResult executionId="87300b32-fce1-4a9e-8919-eb13d0c9055b" testId="0f17dea0-aee7-4e96-ae32-357e111a4523" testName="TagTodoAssociation_DeleteTag_TodosNoLongerHaveTag" computerName="BRY" duration="00:00:00.5636230" startTime="2026-01-05T12:46:18.9091609-05:00" endTime="2026-01-05T12:46:19.4727836-05:00" testType="13cdc9d9-ddb5-4fa4-a97d-d965ccfc6d4b" outcome="Failed" testListId="8c84fa94-04c1-424b-9868-57a2d4851a1d" relativeResultsDirectory="87300b32-fce1-4a9e-8919-eb13d0c9055b">
      <Output>
        <StdOut>info: Microsoft.Hosting.Lifetime[0]&#xD;
      Application started. Press Ctrl+C to shut down.&#xD;
info: Microsoft.Hosting.Lifetime[0]&#xD;
      Hosting environment: Test&#xD;
info: Microsoft.Hosting.Lifetime[0]&#xD;
      Content root path: C:\Users\bryan\RiderProjects\AspTemplate\src\WebApi&#xD;
info: Microsoft.EntityFrameworkCore.Update[30100]&#xD;
      Saved 0 entities to in-memory store.&#xD;
info: Microsoft.EntityFrameworkCore.Update[30100]&#xD;
      Saved 2 entities to in-memory store.&#xD;
info: Microsoft.EntityFrameworkCore.Update[30100]&#xD;
      Saved 2 entities to in-memory store.&#xD;
info: Microsoft.EntityFrameworkCore.Update[30100]&#xD;
      Saved 4 entities to in-memory store.&#xD;
warn: Microsoft.AspNetCore.HttpsPolicy.HttpsRedirectionMiddleware[3]&#xD;
      Failed to determine the https port for redirect.&#xD;
info: Microsoft.EntityFrameworkCore.Update[30100]&#xD;
      Saved 1 entities to in-memory store.&#xD;
info: Microsoft.EntityFrameworkCore.Update[30100]&#xD;
      Saved 1 entities to in-memory store.&#xD;
info: Microsoft.Hosting.Lifetime[0]&#xD;
      Application is shutting down...</StdOut>
        <ErrorInfo>
          <Message>Expected deleteResponse.StatusCode to be HttpStatusCode.NoContent {value: 204}, but found HttpStatusCode.NotFound {value: 404}.</Message>
          <StackTrace>   at FluentAssertions.Execution.LateBoundTestFramework.Throw(String message)&#xD;
   at FluentAssertions.Execution.DefaultAssertionStrategy.HandleFailure(String message)&#xD;
   at FluentAssertions.Execution.AssertionScope.AddPreFormattedFailure(String formattedFailureMessage)&#xD;
   at FluentAssertions.Execution.AssertionChain.FailWith(Func`1 getFailureReason)&#xD;
   at FluentAssertions.Execution.AssertionChain.FailWith(Func`1 getFailureReason)&#xD;
   at FluentAssertions.Execution.AssertionChain.FailWith(String message, Object[] args)&#xD;
   at FluentAssertions.Primitives.EnumAssertions`2.Be(TEnum expected, String because, Object[] becauseArgs)&#xD;
   at WebApi.Tests.Controllers.TagsControllerTests.TagTodoAssociation_DeleteTag_TodosNoLongerHaveTag() in C:\Users\bryan\RiderProjects\AspTemplate\tests\WebApi.Tests\Controllers\TagsControllerTests.cs:line 359&#xD;
   at NUnit.Framework.Internal.TaskAwaitAdapter.GenericAdapter`1.BlockUntilCompleted()&#xD;
   at NUnit.Framework.Internal.MessagePumpStrategy.NoMessagePumpStrategy.WaitForCompletion(AwaitAdapter awaiter)&#xD;
   at NUnit.Framework.Internal.AsyncToSyncAdapter.Await[TResult](TestExecutionContext context, Func`1 invoke)&#xD;
   at NUnit.Framework.Internal.AsyncToSyncAdapter.Await(TestExecutionContext context, Func`1 invoke)&#xD;
   at NUnit.Framework.Internal.Commands.TestMethodCommand.RunTestMethod(TestExecutionContext context)&#xD;
   at NUnit.Framework.Internal.Commands.TestMethodCommand.Execute(TestExecutionContext context)&#xD;
   at NUnit.Framework.Internal.Commands.BeforeAndAfterTestCommand.&lt;&gt;c__DisplayClass1_0.&lt;Execute&gt;b__0()&#xD;
   at NUnit.Framework.Internal.Commands.DelegatingTestCommand.RunTestMethodInThreadAbortSafeZone(TestExecutionContext context, Action action)&#xD;

</StackTrace>
        </ErrorInfo>
      </Output>
    </UnitTestResult>
    <UnitTestResult executionId="156d7b00-2a66-490c-a64a-2d9006bc8941" testId="a5c235ae-f617-7a06-ab5a-030c9355fde8" testName="CreateTodo_WithEmptyTitle_ReturnsBadRequest" computerName="BRY" duration="00:00:00.5515320" startTime="2026-01-05T12:46:21.6400836-05:00" endTime="2026-01-05T12:46:22.1916152-05:00" testType="13cdc9d9-ddb5-4fa4-a97d-d965ccfc6d4b" outcome="Failed" testListId="8c84fa94-04c1-424b-9868-57a2d4851a1d" relativeResultsDirectory="156d7b00-2a66-490c-a64a-2d9006bc8941">
      <Output>
        <StdOut>info: Microsoft.Hosting.Lifetime[0]&#xD;
      Application started. Press Ctrl+C to shut down.&#xD;
info: Microsoft.Hosting.Lifetime[0]&#xD;
      Hosting environment: Test&#xD;
info: Microsoft.Hosting.Lifetime[0]&#xD;
      Content root path: C:\Users\bryan\RiderProjects\AspTemplate\src\WebApi&#xD;
info: Microsoft.EntityFrameworkCore.Update[30100]&#xD;
      Saved 0 entities to in-memory store.&#xD;
info: Microsoft.EntityFrameworkCore.Update[30100]&#xD;
      Saved 2 entities to in-memory store.&#xD;
info: Microsoft.EntityFrameworkCore.Update[30100]&#xD;
      Saved 2 entities to in-memory store.&#xD;
info: Microsoft.EntityFrameworkCore.Update[30100]&#xD;
      Saved 4 entities to in-memory store.&#xD;
warn: Microsoft.AspNetCore.HttpsPolicy.HttpsRedirectionMiddleware[3]&#xD;
      Failed to determine the https port for redirect.&#xD;
info: Microsoft.EntityFrameworkCore.Update[30100]&#xD;
      Saved 1 entities to in-memory store.&#xD;
info: Microsoft.Hosting.Lifetime[0]&#xD;
      Application is shutting down...</StdOut>
        <ErrorInfo>
          <Message>Expected response.StatusCode to be HttpStatusCode.BadRequest {value: 400}, but found HttpStatusCode.Created {value: 201}.</Message>
          <StackTrace>   at FluentAssertions.Execution.LateBoundTestFramework.Throw(String message)&#xD;
   at FluentAssertions.Execution.DefaultAssertionStrategy.HandleFailure(String message)&#xD;
   at FluentAssertions.Execution.AssertionScope.AddPreFormattedFailure(String formattedFailureMessage)&#xD;
   at FluentAssertions.Execution.AssertionChain.FailWith(Func`1 getFailureReason)&#xD;
   at FluentAssertions.Execution.AssertionChain.FailWith(Func`1 getFailureReason)&#xD;
   at FluentAssertions.Execution.AssertionChain.FailWith(String message, Object[] args)&#xD;
   at FluentAssertions.Primitives.EnumAssertions`2.Be(TEnum expected, String because, Object[] becauseArgs)&#xD;
   at WebApi.Tests.Controllers.TodosControllerTests.CreateTodo_WithEmptyTitle_ReturnsBadRequest() in C:\Users\bryan\RiderProjects\AspTemplate\tests\WebApi.Tests\Controllers\TodosControllerTests.cs:line 217&#xD;
   at NUnit.Framework.Internal.TaskAwaitAdapter.GenericAdapter`1.BlockUntilCompleted()&#xD;
   at NUnit.Framework.Internal.MessagePumpStrategy.NoMessagePumpStrategy.WaitForCompletion(AwaitAdapter awaiter)&#xD;
   at NUnit.Framework.Internal.AsyncToSyncAdapter.Await[TResult](TestExecutionContext context, Func`1 invoke)&#xD;
   at NUnit.Framework.Internal.AsyncToSyncAdapter.Await(TestExecutionContext context, Func`1 invoke)&#xD;
   at NUnit.Framework.Internal.Commands.TestMethodCommand.RunTestMethod(TestExecutionContext context)&#xD;
   at NUnit.Framework.Internal.Commands.TestMethodCommand.Execute(TestExecutionContext context)&#xD;
   at NUnit.Framework.Internal.Commands.BeforeAndAfterTestCommand.&lt;&gt;c__DisplayClass1_0.&lt;Execute&gt;b__0()&#xD;
   at NUnit.Framework.Internal.Commands.DelegatingTestCommand.RunTestMethodInThreadAbortSafeZone(TestExecutionContext context, Action action)&#xD;

</StackTrace>
        </ErrorInfo>
      </Output>
    </UnitTestResult>
    <UnitTestResult executionId="b0cf785f-32cd-49c6-8638-94a960dfb3c6" testId="fee8be76-3f69-0ff8-c397-d26416047614" testName="GetAllTodos_FilterByCompleted_ReturnsOnlyCompletedTodos" computerName="BRY" duration="00:00:00.5502960" startTime="2026-01-05T12:46:24.9235529-05:00" endTime="2026-01-05T12:46:25.4738483-05:00" testType="13cdc9d9-ddb5-4fa4-a97d-d965ccfc6d4b" outcome="Passed" testListId="8c84fa94-04c1-424b-9868-57a2d4851a1d" relativeResultsDirectory="b0cf785f-32cd-49c6-8638-94a960dfb3c6">
      <Output>
        <StdOut>info: Microsoft.Hosting.Lifetime[0]&#xD;
      Application started. Press Ctrl+C to shut down.&#xD;
info: Microsoft.Hosting.Lifetime[0]&#xD;
      Hosting environment: Test&#xD;
info: Microsoft.Hosting.Lifetime[0]&#xD;
      Content root path: C:\Users\bryan\RiderProjects\AspTemplate\src\WebApi&#xD;
info: Microsoft.EntityFrameworkCore.Update[30100]&#xD;
      Saved 0 entities to in-memory store.&#xD;
info: Microsoft.EntityFrameworkCore.Update[30100]&#xD;
      Saved 2 entities to in-memory store.&#xD;
info: Microsoft.EntityFrameworkCore.Update[30100]&#xD;
      Saved 2 entities to in-memory store.&#xD;
info: Microsoft.EntityFrameworkCore.Update[30100]&#xD;
      Saved 4 entities to in-memory store.&#xD;
warn: Microsoft.AspNetCore.HttpsPolicy.HttpsRedirectionMiddleware[3]&#xD;
      Failed to determine the https port for redirect.&#xD;
info: Microsoft.Hosting.Lifetime[0]&#xD;
      Application is shutting down...</StdOut>
      </Output>
    </UnitTestResult>
    <UnitTestResult executionId="1b33cdce-3731-4af1-a5b8-745d2999ea6a" testId="170f085b-4d14-9381-619c-f8380f156725" testName="GetTodoById_WithValidId_ReturnsOk" computerName="BRY" duration="00:00:00.5353400" startTime="2026-01-05T12:46:28.7670390-05:00" endTime="2026-01-05T12:46:29.3023784-05:00" testType="13cdc9d9-ddb5-4fa4-a97d-d965ccfc6d4b" outcome="Failed" testListId="8c84fa94-04c1-424b-9868-57a2d4851a1d" relativeResultsDirectory="1b33cdce-3731-4af1-a5b8-745d2999ea6a">
      <Output>
        <StdOut>info: Microsoft.Hosting.Lifetime[0]&#xD;
      Application started. Press Ctrl+C to shut down.&#xD;
info: Microsoft.Hosting.Lifetime[0]&#xD;
      Hosting environment: Test&#xD;
info: Microsoft.Hosting.Lifetime[0]&#xD;
      Content root path: C:\Users\bryan\RiderProjects\AspTemplate\src\WebApi&#xD;
info: Microsoft.EntityFrameworkCore.Update[30100]&#xD;
      Saved 0 entities to in-memory store.&#xD;
info: Microsoft.EntityFrameworkCore.Update[30100]&#xD;
      Saved 2 entities to in-memory store.&#xD;
info: Microsoft.EntityFrameworkCore.Update[30100]&#xD;
      Saved 2 entities to in-memory store.&#xD;
info: Microsoft.EntityFrameworkCore.Update[30100]&#xD;
      Saved 4 entities to in-memory store.&#xD;
fail: Microsoft.EntityFrameworkCore.Query[10100]&#xD;
      An exception occurred while iterating over the results of a query for context type 'WebApi.Data.AppDbContext'.&#xD;
      System.InvalidOperationException: Sequence contains no elements&#xD;
         at System.Linq.ThrowHelper.ThrowNoElementsException()&#xD;
         at lambda_method852(Closure)&#xD;
         at Microsoft.EntityFrameworkCore.InMemory.Query.Internal.InMemoryQueryExpression.ResultEnumerable.GetEnumerator()&#xD;
         at Microsoft.EntityFrameworkCore.InMemory.Query.Internal.InMemoryShapedQueryCompilingExpressionVisitor.QueryingEnumerable`1.Enumerator.MoveNext()&#xD;
      System.InvalidOperationException: Sequence contains no elements&#xD;
         at System.Linq.ThrowHelper.ThrowNoElementsException()&#xD;
         at lambda_method852(Closure)&#xD;
         at Microsoft.EntityFrameworkCore.InMemory.Query.Internal.InMemoryQueryExpression.ResultEnumerable.GetEnumerator()&#xD;
         at Microsoft.EntityFrameworkCore.InMemory.Query.Internal.InMemoryShapedQueryCompilingExpressionVisitor.QueryingEnumerable`1.Enumerator.MoveNext()&#xD;
info: Microsoft.Hosting.Lifetime[0]&#xD;
      Application is shutting down...</StdOut>
        <ErrorInfo>
          <Message>System.InvalidOperationException : Sequence contains no elements</Message>
          <StackTrace>   at System.Linq.ThrowHelper.ThrowNoElementsException()&#xD;
   at lambda_method852(Closure)&#xD;
   at Microsoft.EntityFrameworkCore.InMemory.Query.Internal.InMemoryQueryExpression.ResultEnumerable.GetEnumerator()&#xD;
   at Microsoft.EntityFrameworkCore.InMemory.Query.Internal.InMemoryShapedQueryCompilingExpressionVisitor.QueryingEnumerable`1.Enumerator.MoveNext()&#xD;
   at System.Linq.Enumerable.TryGetSingle[TSource](IEnumerable`1 source, Boolean&amp; found)&#xD;
   at lambda_method851(Closure, QueryContext)&#xD;
   at Microsoft.EntityFrameworkCore.Query.Internal.QueryCompiler.Execute[TResult](Expression query)&#xD;
   at WebApi.Tests.Controllers.TodosControllerTests.GetTodoById_WithValidId_ReturnsOk() in C:\Users\bryan\RiderProjects\AspTemplate\tests\WebApi.Tests\Controllers\TodosControllerTests.cs:line 110&#xD;
   at NUnit.Framework.Internal.TaskAwaitAdapter.GenericAdapter`1.GetResult()&#xD;
   at NUnit.Framework.Internal.AsyncToSyncAdapter.Await[TResult](TestExecutionContext context, Func`1 invoke)&#xD;
   at NUnit.Framework.Internal.AsyncToSyncAdapter.Await(TestExecutionContext context, Func`1 invoke)&#xD;
   at NUnit.Framework.Internal.Commands.TestMethodCommand.RunTestMethod(TestExecutionContext context)&#xD;
   at NUnit.Framework.Internal.Commands.TestMethodCommand.Execute(TestExecutionContext context)&#xD;
   at NUnit.Framework.Internal.Commands.BeforeAndAfterTestCommand.&lt;&gt;c__DisplayClass1_0.&lt;Execute&gt;b__0()&#xD;
   at NUnit.Framework.Internal.Commands.DelegatingTestCommand.RunTestMethodInThreadAbortSafeZone(TestExecutionContext context, Action action)
</StackTrace>
        </ErrorInfo>
      </Output>
    </UnitTestResult>
    <UnitTestResult executionId="108f95eb-5151-449b-b4c4-001274ed06ee" testId="f676405e-d98b-49f3-fdfb-241bade7d01a" testName="GetCurrentUser_WithValidToken_ReturnsUser" computerName="BRY" duration="00:00:00.6713910" startTime="2026-01-05T12:46:05.3034392-05:00" endTime="2026-01-05T12:46:05.9748287-05:00" testType="13cdc9d9-ddb5-4fa4-a97d-d965ccfc6d4b" outcome="Failed" testListId="8c84fa94-04c1-424b-9868-57a2d4851a1d" relativeResultsDirectory="108f95eb-5151-449b-b4c4-001274ed06ee">
      <Output>
        <StdOut>info: Microsoft.Hosting.Lifetime[0]&#xD;
      Application started. Press Ctrl+C to shut down.&#xD;
info: Microsoft.Hosting.Lifetime[0]&#xD;
      Hosting environment: Test&#xD;
info: Microsoft.Hosting.Lifetime[0]&#xD;
      Content root path: C:\Users\bryan\RiderProjects\AspTemplate\src\WebApi&#xD;
info: Microsoft.EntityFrameworkCore.Update[30100]&#xD;
      Saved 0 entities to in-memory store.&#xD;
info: Microsoft.EntityFrameworkCore.Update[30100]&#xD;
      Saved 2 entities to in-memory store.&#xD;
info: Microsoft.EntityFrameworkCore.Update[30100]&#xD;
      Saved 2 entities to in-memory store.&#xD;
info: Microsoft.EntityFrameworkCore.Update[30100]&#xD;
      Saved 4 entities to in-memory store.&#xD;
warn: Microsoft.AspNetCore.HttpsPolicy.HttpsRedirectionMiddleware[3]&#xD;
      Failed to determine the https port for redirect.&#xD;
info: Microsoft.Hosting.Lifetime[0]&#xD;
      Application is shutting down...</StdOut>
        <ErrorInfo>
          <Message>System.Text.Json.JsonException : JSON deserialization for type 'WebApi.DTOs.Auth.AuthResponse' was missing required properties including: 'user'; 'token'.</Message>
          <StackTrace>   at System.Text.Json.ThrowHelper.ThrowJsonException_JsonRequiredPropertyMissing(JsonTypeInfo parent, BitArray assignedOrNotRequiredPropertiesSet)&#xD;
   at System.Text.Json.Serialization.Converters.ObjectDefaultConverter`1.OnTryRead(Utf8JsonReader&amp; reader, Type typeToConvert, JsonSerializerOptions options, ReadStack&amp; state, T&amp; value)&#xD;
   at System.Text.Json.Serialization.JsonConverter`1.TryRead(Utf8JsonReader&amp; reader, Type typeToConvert, JsonSerializerOptions options, ReadStack&amp; state, T&amp; value, Boolean&amp; isPopulatedValue)&#xD;
   at System.Text.Json.Serialization.JsonConverter`1.ReadCore(Utf8JsonReader&amp; reader, T&amp; value, JsonSerializerOptions options, ReadStack&amp; state)&#xD;
   at System.Text.Json.Serialization.Metadata.JsonTypeInfo`1.ContinueDeserialize[TReadBufferState,TStream](TReadBufferState&amp; bufferState, JsonReaderState&amp; jsonReaderState, ReadStack&amp; readStack, T&amp; value)&#xD;
   at System.Text.Json.Serialization.Metadata.JsonTypeInfo`1.DeserializeAsync[TReadBufferState,TStream](TStream utf8Json, TReadBufferState bufferState, CancellationToken cancellationToken)&#xD;
   at System.Net.Http.Json.HttpContentJsonExtensions.ReadFromJsonAsyncCore[T](HttpContent content, JsonSerializerOptions options, CancellationToken cancellationToken)&#xD;
   at WebApi.Tests.Controllers.AuthControllerTests.GetCurrentUser_WithValidToken_ReturnsUser() in C:\Users\bryan\RiderProjects\AspTemplate\tests\WebApi.Tests\Controllers\AuthControllerTests.cs:line 214&#xD;
   at NUnit.Framework.Internal.TaskAwaitAdapter.GenericAdapter`1.BlockUntilCompleted()&#xD;
   at NUnit.Framework.Internal.MessagePumpStrategy.NoMessagePumpStrategy.WaitForCompletion(AwaitAdapter awaiter)&#xD;
   at NUnit.Framework.Internal.AsyncToSyncAdapter.Await[TResult](TestExecutionContext context, Func`1 invoke)&#xD;
   at NUnit.Framework.Internal.AsyncToSyncAdapter.Await(TestExecutionContext context, Func`1 invoke)&#xD;
   at NUnit.Framework.Internal.Commands.TestMethodCommand.RunTestMethod(TestExecutionContext context)&#xD;
   at NUnit.Framework.Internal.Commands.TestMethodCommand.Execute(TestExecutionContext context)&#xD;
   at NUnit.Framework.Internal.Commands.BeforeAndAfterTestCommand.&lt;&gt;c__DisplayClass1_0.&lt;Execute&gt;b__0()&#xD;
   at NUnit.Framework.Internal.Commands.DelegatingTestCommand.RunTestMethodInThreadAbortSafeZone(TestExecutionContext context, Action action)
</StackTrace>
        </ErrorInfo>
      </Output>
    </UnitTestResult>
    <UnitTestResult executionId="27a3c216-7ba0-4908-a077-3fe81ad37f43" testId="39306b4a-aee3-4fa0-60ef-33aaa0db0887" testName="DeleteTag_NonExistentId_ReturnsNotFound" computerName="BRY" duration="00:00:00.5628150" startTime="2026-01-05T12:46:14.3829532-05:00" endTime="2026-01-05T12:46:14.9457686-05:00" testType="13cdc9d9-ddb5-4fa4-a97d-d965ccfc6d4b" outcome="Passed" testListId="8c84fa94-04c1-424b-9868-57a2d4851a1d" relativeResultsDirectory="27a3c216-7ba0-4908-a077-3fe81ad37f43">
      <Output>
        <StdOut>info: Microsoft.Hosting.Lifetime[0]&#xD;
      Application started. Press Ctrl+C to shut down.&#xD;
info: Microsoft.Hosting.Lifetime[0]&#xD;
      Hosting environment: Test&#xD;
info: Microsoft.Hosting.Lifetime[0]&#xD;
      Content root path: C:\Users\bryan\RiderProjects\AspTemplate\src\WebApi&#xD;
info: Microsoft.EntityFrameworkCore.Update[30100]&#xD;
      Saved 0 entities to in-memory store.&#xD;
info: Microsoft.EntityFrameworkCore.Update[30100]&#xD;
      Saved 2 entities to in-memory store.&#xD;
info: Microsoft.EntityFrameworkCore.Update[30100]&#xD;
      Saved 2 entities to in-memory store.&#xD;
info: Microsoft.EntityFrameworkCore.Update[30100]&#xD;
      Saved 4 entities to in-memory store.&#xD;
warn: Microsoft.AspNetCore.HttpsPolicy.HttpsRedirectionMiddleware[3]&#xD;
      Failed to determine the https port for redirect.&#xD;
info: Microsoft.Hosting.Lifetime[0]&#xD;
      Application is shutting down...</StdOut>
      </Output>
    </UnitTestResult>
    <UnitTestResult executionId="709050bb-f2c3-45c0-9da4-aeb38d1a14bb" testId="796bb581-0eb5-3223-6923-a782589060e7" testName="GetTagById_WithNonExistentId_ReturnsNotFound" computerName="BRY" duration="00:00:00.5482770" startTime="2026-01-05T12:46:17.1681623-05:00" endTime="2026-01-05T12:46:17.7164391-05:00" testType="13cdc9d9-ddb5-4fa4-a97d-d965ccfc6d4b" outcome="Passed" testListId="8c84fa94-04c1-424b-9868-57a2d4851a1d" relativeResultsDirectory="709050bb-f2c3-45c0-9da4-aeb38d1a14bb">
      <Output>
        <StdOut>info: Microsoft.Hosting.Lifetime[0]&#xD;
      Application started. Press Ctrl+C to shut down.&#xD;
info: Microsoft.Hosting.Lifetime[0]&#xD;
      Hosting environment: Test&#xD;
info: Microsoft.Hosting.Lifetime[0]&#xD;
      Content root path: C:\Users\bryan\RiderProjects\AspTemplate\src\WebApi&#xD;
info: Microsoft.EntityFrameworkCore.Update[30100]&#xD;
      Saved 0 entities to in-memory store.&#xD;
info: Microsoft.EntityFrameworkCore.Update[30100]&#xD;
      Saved 2 entities to in-memory store.&#xD;
info: Microsoft.EntityFrameworkCore.Update[30100]&#xD;
      Saved 2 entities to in-memory store.&#xD;
info: Microsoft.EntityFrameworkCore.Update[30100]&#xD;
      Saved 4 entities to in-memory store.&#xD;
warn: Microsoft.AspNetCore.HttpsPolicy.HttpsRedirectionMiddleware[3]&#xD;
      Failed to determine the https port for redirect.&#xD;
info: Microsoft.Hosting.Lifetime[0]&#xD;
      Application is shutting down...</StdOut>
      </Output>
    </UnitTestResult>
    <UnitTestResult executionId="50f0e09b-06e3-4f86-bf03-9fafb1957110" testId="4ced3869-979e-3509-a0e2-2de42f65f1d3" testName="ToggleTodoCompletion_CompletesTodo_ReturnsOk" computerName="BRY" duration="00:00:00.5360220" startTime="2026-01-05T12:46:29.3024054-05:00" endTime="2026-01-05T12:46:29.8384273-05:00" testType="13cdc9d9-ddb5-4fa4-a97d-d965ccfc6d4b" outcome="Failed" testListId="8c84fa94-04c1-424b-9868-57a2d4851a1d" relativeResultsDirectory="50f0e09b-06e3-4f86-bf03-9fafb1957110">
      <Output>
        <StdOut>info: Microsoft.Hosting.Lifetime[0]&#xD;
      Application started. Press Ctrl+C to shut down.&#xD;
info: Microsoft.Hosting.Lifetime[0]&#xD;
      Hosting environment: Test&#xD;
info: Microsoft.Hosting.Lifetime[0]&#xD;
      Content root path: C:\Users\bryan\RiderProjects\AspTemplate\src\WebApi&#xD;
info: Microsoft.EntityFrameworkCore.Update[30100]&#xD;
      Saved 0 entities to in-memory store.&#xD;
info: Microsoft.EntityFrameworkCore.Update[30100]&#xD;
      Saved 2 entities to in-memory store.&#xD;
info: Microsoft.EntityFrameworkCore.Update[30100]&#xD;
      Saved 2 entities to in-memory store.&#xD;
info: Microsoft.EntityFrameworkCore.Update[30100]&#xD;
      Saved 4 entities to in-memory store.&#xD;
fail: Microsoft.EntityFrameworkCore.Query[10100]&#xD;
      An exception occurred while iterating over the results of a query for context type 'WebApi.Data.AppDbContext'.&#xD;
      System.InvalidOperationException: Sequence contains no elements&#xD;
         at System.Linq.ThrowHelper.ThrowNoElementsException()&#xD;
         at lambda_method859(Closure)&#xD;
         at Microsoft.EntityFrameworkCore.InMemory.Query.Internal.InMemoryQueryExpression.ResultEnumerable.GetEnumerator()&#xD;
         at Microsoft.EntityFrameworkCore.InMemory.Query.Internal.InMemoryShapedQueryCompilingExpressionVisitor.QueryingEnumerable`1.Enumerator.MoveNext()&#xD;
      System.InvalidOperationException: Sequence contains no elements&#xD;
         at System.Linq.ThrowHelper.ThrowNoElementsException()&#xD;
         at lambda_method859(Closure)&#xD;
         at Microsoft.EntityFrameworkCore.InMemory.Query.Internal.InMemoryQueryExpression.ResultEnumerable.GetEnumerator()&#xD;
         at Microsoft.EntityFrameworkCore.InMemory.Query.Internal.InMemoryShapedQueryCompilingExpressionVisitor.QueryingEnumerable`1.Enumerator.MoveNext()&#xD;
info: Microsoft.Hosting.Lifetime[0]&#xD;
      Application is shutting down...</StdOut>
        <ErrorInfo>
          <Message>System.InvalidOperationException : Sequence contains no elements</Message>
          <StackTrace>   at System.Linq.ThrowHelper.ThrowNoElementsException()&#xD;
   at lambda_method859(Closure)&#xD;
   at Microsoft.EntityFrameworkCore.InMemory.Query.Internal.InMemoryQueryExpression.ResultEnumerable.GetEnumerator()&#xD;
   at Microsoft.EntityFrameworkCore.InMemory.Query.Internal.InMemoryShapedQueryCompilingExpressionVisitor.QueryingEnumerable`1.Enumerator.MoveNext()&#xD;
   at System.Linq.Enumerable.TryGetSingle[TSource](IEnumerable`1 source, Boolean&amp; found)&#xD;
   at lambda_method858(Closure, QueryContext)&#xD;
   at Microsoft.EntityFrameworkCore.Query.Internal.QueryCompiler.Execute[TResult](Expression query)&#xD;
   at WebApi.Tests.Controllers.TodosControllerTests.ToggleTodoCompletion_CompletesTodo_ReturnsOk() in C:\Users\bryan\RiderProjects\AspTemplate\tests\WebApi.Tests\Controllers\TodosControllerTests.cs:line 293&#xD;
   at NUnit.Framework.Internal.TaskAwaitAdapter.GenericAdapter`1.GetResult()&#xD;
   at NUnit.Framework.Internal.AsyncToSyncAdapter.Await[TResult](TestExecutionContext context, Func`1 invoke)&#xD;
   at NUnit.Framework.Internal.AsyncToSyncAdapter.Await(TestExecutionContext context, Func`1 invoke)&#xD;
   at NUnit.Framework.Internal.Commands.TestMethodCommand.RunTestMethod(TestExecutionContext context)&#xD;
   at NUnit.Framework.Internal.Commands.TestMethodCommand.Execute(TestExecutionContext context)&#xD;
   at NUnit.Framework.Internal.Commands.BeforeAndAfterTestCommand.&lt;&gt;c__DisplayClass1_0.&lt;Execute&gt;b__0()&#xD;
   at NUnit.Framework.Internal.Commands.DelegatingTestCommand.RunTestMethodInThreadAbortSafeZone(TestExecutionContext context, Action action)
</StackTrace>
        </ErrorInfo>
      </Output>
    </UnitTestResult>
    <UnitTestResult executionId="57efd3c9-cb0b-41f7-afdc-43de889d72c8" testId="ce954a5e-3f09-897a-ea8b-80ab253e3712" testName="Login_WithNonExistentUser_ReturnsUnauthorized" computerName="BRY" duration="00:00:00.5426130" startTime="2026-01-05T12:46:07.1114161-05:00" endTime="2026-01-05T12:46:07.6540289-05:00" testType="13cdc9d9-ddb5-4fa4-a97d-d965ccfc6d4b" outcome="Passed" testListId="8c84fa94-04c1-424b-9868-57a2d4851a1d" relativeResultsDirectory="57efd3c9-cb0b-41f7-afdc-43de889d72c8">
      <Output>
        <StdOut>info: Microsoft.Hosting.Lifetime[0]&#xD;
      Application started. Press Ctrl+C to shut down.&#xD;
info: Microsoft.Hosting.Lifetime[0]&#xD;
      Hosting environment: Test&#xD;
info: Microsoft.Hosting.Lifetime[0]&#xD;
      Content root path: C:\Users\bryan\RiderProjects\AspTemplate\src\WebApi&#xD;
info: Microsoft.EntityFrameworkCore.Update[30100]&#xD;
      Saved 0 entities to in-memory store.&#xD;
info: Microsoft.EntityFrameworkCore.Update[30100]&#xD;
      Saved 2 entities to in-memory store.&#xD;
info: Microsoft.EntityFrameworkCore.Update[30100]&#xD;
      Saved 2 entities to in-memory store.&#xD;
info: Microsoft.EntityFrameworkCore.Update[30100]&#xD;
      Saved 4 entities to in-memory store.&#xD;
warn: Microsoft.AspNetCore.HttpsPolicy.HttpsRedirectionMiddleware[3]&#xD;
      Failed to determine the https port for redirect.&#xD;
info: Microsoft.Hosting.Lifetime[0]&#xD;
      Application is shutting down...</StdOut>
      </Output>
    </UnitTestResult>
    <UnitTestResult executionId="6c8bfcc1-4969-4dca-a1ce-3914defbd695" testId="a086287a-e541-fe3e-0828-42d6461fdd5d" testName="TagTodoAssociation_CreateTodoWithTags_TagsAreAssociated" computerName="BRY" duration="00:00:00.6512140" startTime="2026-01-05T12:46:18.2579187-05:00" endTime="2026-01-05T12:46:18.9091326-05:00" testType="13cdc9d9-ddb5-4fa4-a97d-d965ccfc6d4b" outcome="Failed" testListId="8c84fa94-04c1-424b-9868-57a2d4851a1d" relativeResultsDirectory="6c8bfcc1-4969-4dca-a1ce-3914defbd695">
      <Output>
        <StdOut>info: Microsoft.Hosting.Lifetime[0]&#xD;
      Application started. Press Ctrl+C to shut down.&#xD;
info: Microsoft.Hosting.Lifetime[0]&#xD;
      Hosting environment: Test&#xD;
info: Microsoft.Hosting.Lifetime[0]&#xD;
      Content root path: C:\Users\bryan\RiderProjects\AspTemplate\src\WebApi&#xD;
info: Microsoft.EntityFrameworkCore.Update[30100]&#xD;
      Saved 0 entities to in-memory store.&#xD;
info: Microsoft.EntityFrameworkCore.Update[30100]&#xD;
      Saved 2 entities to in-memory store.&#xD;
info: Microsoft.EntityFrameworkCore.Update[30100]&#xD;
      Saved 2 entities to in-memory store.&#xD;
info: Microsoft.EntityFrameworkCore.Update[30100]&#xD;
      Saved 4 entities to in-memory store.&#xD;
warn: Microsoft.AspNetCore.HttpsPolicy.HttpsRedirectionMiddleware[3]&#xD;
      Failed to determine the https port for redirect.&#xD;
info: Microsoft.EntityFrameworkCore.Update[30100]&#xD;
      Saved 1 entities to in-memory store.&#xD;
info: Microsoft.Hosting.Lifetime[0]&#xD;
      Application is shutting down...</StdOut>
        <ErrorInfo>
          <Message>Expected result!.Tags to contain 2 item(s), but found 0: {empty}.</Message>
          <StackTrace>   at FluentAssertions.Execution.LateBoundTestFramework.Throw(String message)&#xD;
   at FluentAssertions.Execution.DefaultAssertionStrategy.HandleFailure(String message)&#xD;
   at FluentAssertions.Execution.AssertionScope.AddPreFormattedFailure(String formattedFailureMessage)&#xD;
   at FluentAssertions.Execution.AssertionChain.FailWith(Func`1 getFailureReason)&#xD;
   at FluentAssertions.Execution.AssertionChain.FailWith(Func`1 getFailureReason)&#xD;
   at FluentAssertions.Execution.AssertionChain.FailWith(String message, Object[] args)&#xD;
   at FluentAssertions.Collections.GenericCollectionAssertions`3.HaveCount(Int32 expected, String because, Object[] becauseArgs)&#xD;
   at WebApi.Tests.Controllers.TagsControllerTests.TagTodoAssociation_CreateTodoWithTags_TagsAreAssociated() in C:\Users\bryan\RiderProjects\AspTemplate\tests\WebApi.Tests\Controllers\TagsControllerTests.cs:line 329&#xD;
   at NUnit.Framework.Internal.TaskAwaitAdapter.GenericAdapter`1.BlockUntilCompleted()&#xD;
   at NUnit.Framework.Internal.MessagePumpStrategy.NoMessagePumpStrategy.WaitForCompletion(AwaitAdapter awaiter)&#xD;
   at NUnit.Framework.Internal.AsyncToSyncAdapter.Await[TResult](TestExecutionContext context, Func`1 invoke)&#xD;
   at NUnit.Framework.Internal.AsyncToSyncAdapter.Await(TestExecutionContext context, Func`1 invoke)&#xD;
   at NUnit.Framework.Internal.Commands.TestMethodCommand.RunTestMethod(TestExecutionContext context)&#xD;
   at NUnit.Framework.Internal.Commands.TestMethodCommand.Execute(TestExecutionContext context)&#xD;
   at NUnit.Framework.Internal.Commands.BeforeAndAfterTestCommand.&lt;&gt;c__DisplayClass1_0.&lt;Execute&gt;b__0()&#xD;
   at NUnit.Framework.Internal.Commands.DelegatingTestCommand.RunTestMethodInThreadAbortSafeZone(TestExecutionContext context, Action action)&#xD;

</StackTrace>
        </ErrorInfo>
      </Output>
    </UnitTestResult>
    <UnitTestResult executionId="de5469e3-094d-4e26-994d-b26799cdeb40" testId="1e58fb82-af13-232d-d5b3-6aab89ce125a" testName="UpdateTodo_OtherUsersTodo_ReturnsNotFound" computerName="BRY" duration="00:00:00.5249859" startTime="2026-01-05T12:46:30.9148894-05:00" endTime="2026-01-05T12:46:31.4398753-05:00" testType="13cdc9d9-ddb5-4fa4-a97d-d965ccfc6d4b" outcome="Failed" testListId="8c84fa94-04c1-424b-9868-57a2d4851a1d" relativeResultsDirectory="de5469e3-094d-4e26-994d-b26799cdeb40">
      <Output>
        <StdOut>info: Microsoft.Hosting.Lifetime[0]&#xD;
      Application started. Press Ctrl+C to shut down.&#xD;
info: Microsoft.Hosting.Lifetime[0]&#xD;
      Hosting environment: Test&#xD;
info: Microsoft.Hosting.Lifetime[0]&#xD;
      Content root path: C:\Users\bryan\RiderProjects\AspTemplate\src\WebApi&#xD;
info: Microsoft.EntityFrameworkCore.Update[30100]&#xD;
      Saved 0 entities to in-memory store.&#xD;
info: Microsoft.EntityFrameworkCore.Update[30100]&#xD;
      Saved 2 entities to in-memory store.&#xD;
info: Microsoft.EntityFrameworkCore.Update[30100]&#xD;
      Saved 2 entities to in-memory store.&#xD;
info: Microsoft.EntityFrameworkCore.Update[30100]&#xD;
      Saved 4 entities to in-memory store.&#xD;
fail: Microsoft.EntityFrameworkCore.Query[10100]&#xD;
      An exception occurred while iterating over the results of a query for context type 'WebApi.Data.AppDbContext'.&#xD;
      System.InvalidOperationException: Sequence contains no elements&#xD;
         at System.Linq.ThrowHelper.ThrowNoElementsException()&#xD;
         at lambda_method725(Closure)&#xD;
         at Microsoft.EntityFrameworkCore.InMemory.Query.Internal.InMemoryQueryExpression.ResultEnumerable.GetEnumerator()&#xD;
         at Microsoft.EntityFrameworkCore.InMemory.Query.Internal.InMemoryShapedQueryCompilingExpressionVisitor.QueryingEnumerable`1.Enumerator.MoveNext()&#xD;
      System.InvalidOperationException: Sequence contains no elements&#xD;
         at System.Linq.ThrowHelper.ThrowNoElementsException()&#xD;
         at lambda_method725(Closure)&#xD;
         at Microsoft.EntityFrameworkCore.InMemory.Query.Internal.InMemoryQueryExpression.ResultEnumerable.GetEnumerator()&#xD;
         at Microsoft.EntityFrameworkCore.InMemory.Query.Internal.InMemoryShapedQueryCompilingExpressionVisitor.QueryingEnumerable`1.Enumerator.MoveNext()&#xD;
info: Microsoft.Hosting.Lifetime[0]&#xD;
      Application is shutting down...</StdOut>
        <ErrorInfo>
          <Message>System.InvalidOperationException : Sequence contains no elements</Message>
          <StackTrace>   at System.Linq.ThrowHelper.ThrowNoElementsException()&#xD;
   at lambda_method725(Closure)&#xD;
   at Microsoft.EntityFrameworkCore.InMemory.Query.Internal.InMemoryQueryExpression.ResultEnumerable.GetEnumerator()&#xD;
   at Microsoft.EntityFrameworkCore.InMemory.Query.Internal.InMemoryShapedQueryCompilingExpressionVisitor.QueryingEnumerable`1.Enumerator.MoveNext()&#xD;
   at System.Linq.Enumerable.TryGetSingle[TSource](IEnumerable`1 source, Boolean&amp; found)&#xD;
   at lambda_method724(Closure, QueryContext)&#xD;
   at Microsoft.EntityFrameworkCore.Query.Internal.QueryCompiler.Execute[TResult](Expression query)&#xD;
   at WebApi.Tests.Controllers.TodosControllerTests.UpdateTodo_OtherUsersTodo_ReturnsNotFound() in C:\Users\bryan\RiderProjects\AspTemplate\tests\WebApi.Tests\Controllers\TodosControllerTests.cs:line 272&#xD;
   at NUnit.Framework.Internal.TaskAwaitAdapter.GenericAdapter`1.GetResult()&#xD;
   at NUnit.Framework.Internal.AsyncToSyncAdapter.Await[TResult](TestExecutionContext context, Func`1 invoke)&#xD;
   at NUnit.Framework.Internal.AsyncToSyncAdapter.Await(TestExecutionContext context, Func`1 invoke)&#xD;
   at NUnit.Framework.Internal.Commands.TestMethodCommand.RunTestMethod(TestExecutionContext context)&#xD;
   at NUnit.Framework.Internal.Commands.TestMethodCommand.Execute(TestExecutionContext context)&#xD;
   at NUnit.Framework.Internal.Commands.BeforeAndAfterTestCommand.&lt;&gt;c__DisplayClass1_0.&lt;Execute&gt;b__0()&#xD;
   at NUnit.Framework.Internal.Commands.DelegatingTestCommand.RunTestMethodInThreadAbortSafeZone(TestExecutionContext context, Action action)
</StackTrace>
        </ErrorInfo>
      </Output>
    </UnitTestResult>
    <UnitTestResult executionId="e34ef022-4bf7-4538-8564-7d1028f6f19d" testId="6d326e60-2177-25f6-b4f4-4c04bbc07cf8" testName="GetAllTodos_FilterByPending_ReturnsOnlyPendingTodos" computerName="BRY" duration="00:00:00.5423650" startTime="2026-01-05T12:46:25.4738740-05:00" endTime="2026-01-05T12:46:26.0162387-05:00" testType="13cdc9d9-ddb5-4fa4-a97d-d965ccfc6d4b" outcome="Passed" testListId="8c84fa94-04c1-424b-9868-57a2d4851a1d" relativeResultsDirectory="e34ef022-4bf7-4538-8564-7d1028f6f19d">
      <Output>
        <StdOut>info: Microsoft.Hosting.Lifetime[0]&#xD;
      Application started. Press Ctrl+C to shut down.&#xD;
info: Microsoft.Hosting.Lifetime[0]&#xD;
      Hosting environment: Test&#xD;
info: Microsoft.Hosting.Lifetime[0]&#xD;
      Content root path: C:\Users\bryan\RiderProjects\AspTemplate\src\WebApi&#xD;
info: Microsoft.EntityFrameworkCore.Update[30100]&#xD;
      Saved 0 entities to in-memory store.&#xD;
info: Microsoft.EntityFrameworkCore.Update[30100]&#xD;
      Saved 2 entities to in-memory store.&#xD;
info: Microsoft.EntityFrameworkCore.Update[30100]&#xD;
      Saved 2 entities to in-memory store.&#xD;
info: Microsoft.EntityFrameworkCore.Update[30100]&#xD;
      Saved 4 entities to in-memory store.&#xD;
warn: Microsoft.AspNetCore.HttpsPolicy.HttpsRedirectionMiddleware[3]&#xD;
      Failed to determine the https port for redirect.&#xD;
info: Microsoft.Hosting.Lifetime[0]&#xD;
      Application is shutting down...</StdOut>
      </Output>
    </UnitTestResult>
    <UnitTestResult executionId="f77ba940-cc07-4ce4-a2a1-6d7eeb614b40" testId="56c4abb1-5265-adcc-a289-3a11da880f0b" testName="Login_WithInvalidPassword_ReturnsUnauthorized" computerName="BRY" duration="00:00:00.5427500" startTime="2026-01-05T12:46:06.5686208-05:00" endTime="2026-01-05T12:46:07.1113709-05:00" testType="13cdc9d9-ddb5-4fa4-a97d-d965ccfc6d4b" outcome="Passed" testListId="8c84fa94-04c1-424b-9868-57a2d4851a1d" relativeResultsDirectory="f77ba940-cc07-4ce4-a2a1-6d7eeb614b40">
      <Output>
        <StdOut>info: Microsoft.Hosting.Lifetime[0]&#xD;
      Application started. Press Ctrl+C to shut down.&#xD;
info: Microsoft.Hosting.Lifetime[0]&#xD;
      Hosting environment: Test&#xD;
info: Microsoft.Hosting.Lifetime[0]&#xD;
      Content root path: C:\Users\bryan\RiderProjects\AspTemplate\src\WebApi&#xD;
info: Microsoft.EntityFrameworkCore.Update[30100]&#xD;
      Saved 0 entities to in-memory store.&#xD;
info: Microsoft.EntityFrameworkCore.Update[30100]&#xD;
      Saved 2 entities to in-memory store.&#xD;
info: Microsoft.EntityFrameworkCore.Update[30100]&#xD;
      Saved 2 entities to in-memory store.&#xD;
info: Microsoft.EntityFrameworkCore.Update[30100]&#xD;
      Saved 4 entities to in-memory store.&#xD;
warn: Microsoft.AspNetCore.HttpsPolicy.HttpsRedirectionMiddleware[3]&#xD;
      Failed to determine the https port for redirect.&#xD;
info: Microsoft.Hosting.Lifetime[0]&#xD;
      Application is shutting down...</StdOut>
      </Output>
    </UnitTestResult>
    <UnitTestResult executionId="a5416b70-9003-40b1-8925-20ef008145e4" testId="13ad20f4-4b3d-6a51-29c6-5b67aef5bb0f" testName="GetTodoById_WithNonExistentId_ReturnsNotFound" computerName="BRY" duration="00:00:00.5497780" startTime="2026-01-05T12:46:28.2172343-05:00" endTime="2026-01-05T12:46:28.7670120-05:00" testType="13cdc9d9-ddb5-4fa4-a97d-d965ccfc6d4b" outcome="Passed" testListId="8c84fa94-04c1-424b-9868-57a2d4851a1d" relativeResultsDirectory="a5416b70-9003-40b1-8925-20ef008145e4">
      <Output>
        <StdOut>info: Microsoft.Hosting.Lifetime[0]&#xD;
      Application started. Press Ctrl+C to shut down.&#xD;
info: Microsoft.Hosting.Lifetime[0]&#xD;
      Hosting environment: Test&#xD;
info: Microsoft.Hosting.Lifetime[0]&#xD;
      Content root path: C:\Users\bryan\RiderProjects\AspTemplate\src\WebApi&#xD;
info: Microsoft.EntityFrameworkCore.Update[30100]&#xD;
      Saved 0 entities to in-memory store.&#xD;
info: Microsoft.EntityFrameworkCore.Update[30100]&#xD;
      Saved 2 entities to in-memory store.&#xD;
info: Microsoft.EntityFrameworkCore.Update[30100]&#xD;
      Saved 2 entities to in-memory store.&#xD;
info: Microsoft.EntityFrameworkCore.Update[30100]&#xD;
      Saved 4 entities to in-memory store.&#xD;
warn: Microsoft.AspNetCore.HttpsPolicy.HttpsRedirectionMiddleware[3]&#xD;
      Failed to determine the https port for redirect.&#xD;
info: Microsoft.Hosting.Lifetime[0]&#xD;
      Application is shutting down...</StdOut>
      </Output>
    </UnitTestResult>
    <UnitTestResult executionId="2492fbb3-be6a-4488-8a4f-c7b4d0786e86" testId="5b558c79-4ca8-fee5-16d9-08cbe297452d" testName="GetCurrentUser_WithoutToken_ReturnsUnauthorized" computerName="BRY" duration="00:00:00.5601110" startTime="2026-01-05T12:46:04.7432880-05:00" endTime="2026-01-05T12:46:05.3033988-05:00" testType="13cdc9d9-ddb5-4fa4-a97d-d965ccfc6d4b" outcome="Passed" testListId="8c84fa94-04c1-424b-9868-57a2d4851a1d" relativeResultsDirectory="2492fbb3-be6a-4488-8a4f-c7b4d0786e86">
      <Output>
        <StdOut>info: Microsoft.Hosting.Lifetime[0]&#xD;
      Application started. Press Ctrl+C to shut down.&#xD;
info: Microsoft.Hosting.Lifetime[0]&#xD;
      Hosting environment: Test&#xD;
info: Microsoft.Hosting.Lifetime[0]&#xD;
      Content root path: C:\Users\bryan\RiderProjects\AspTemplate\src\WebApi&#xD;
info: Microsoft.EntityFrameworkCore.Update[30100]&#xD;
      Saved 0 entities to in-memory store.&#xD;
info: Microsoft.EntityFrameworkCore.Update[30100]&#xD;
      Saved 2 entities to in-memory store.&#xD;
info: Microsoft.EntityFrameworkCore.Update[30100]&#xD;
      Saved 2 entities to in-memory store.&#xD;
info: Microsoft.EntityFrameworkCore.Update[30100]&#xD;
      Saved 4 entities to in-memory store.&#xD;
warn: Microsoft.AspNetCore.HttpsPolicy.HttpsRedirectionMiddleware[3]&#xD;
      Failed to determine the https port for redirect.&#xD;
info: Microsoft.Hosting.Lifetime[0]&#xD;
      Application is shutting down...</StdOut>
      </Output>
    </UnitTestResult>
    <UnitTestResult executionId="a7691d9a-2e2d-495d-ac7e-3dd3020f2996" testId="3a11fc29-6062-1f3c-13c5-c2ecb2818977" testName="DeleteTag_OtherUsersTag_ReturnsNotFound" computerName="BRY" duration="00:00:00.5410620" startTime="2026-01-05T12:46:14.9457959-05:00" endTime="2026-01-05T12:46:15.4868576-05:00" testType="13cdc9d9-ddb5-4fa4-a97d-d965ccfc6d4b" outcome="Failed" testListId="8c84fa94-04c1-424b-9868-57a2d4851a1d" relativeResultsDirectory="a7691d9a-2e2d-495d-ac7e-3dd3020f2996">
      <Output>
        <StdOut>info: Microsoft.Hosting.Lifetime[0]&#xD;
      Application started. Press Ctrl+C to shut down.&#xD;
info: Microsoft.Hosting.Lifetime[0]&#xD;
      Hosting environment: Test&#xD;
info: Microsoft.Hosting.Lifetime[0]&#xD;
      Content root path: C:\Users\bryan\RiderProjects\AspTemplate\src\WebApi&#xD;
info: Microsoft.EntityFrameworkCore.Update[30100]&#xD;
      Saved 0 entities to in-memory store.&#xD;
info: Microsoft.EntityFrameworkCore.Update[30100]&#xD;
      Saved 2 entities to in-memory store.&#xD;
info: Microsoft.EntityFrameworkCore.Update[30100]&#xD;
      Saved 2 entities to in-memory store.&#xD;
info: Microsoft.EntityFrameworkCore.Update[30100]&#xD;
      Saved 4 entities to in-memory store.&#xD;
fail: Microsoft.EntityFrameworkCore.Query[10100]&#xD;
      An exception occurred while iterating over the results of a query for context type 'WebApi.Data.AppDbContext'.&#xD;
      System.InvalidOperationException: Sequence contains no elements&#xD;
         at System.Linq.ThrowHelper.ThrowNoElementsException()&#xD;
         at lambda_method518(Closure)&#xD;
         at Microsoft.EntityFrameworkCore.InMemory.Query.Internal.InMemoryQueryExpression.ResultEnumerable.GetEnumerator()&#xD;
         at Microsoft.EntityFrameworkCore.InMemory.Query.Internal.InMemoryShapedQueryCompilingExpressionVisitor.QueryingEnumerable`1.Enumerator.MoveNextHelper()&#xD;
         at Microsoft.EntityFrameworkCore.InMemory.Query.Internal.InMemoryShapedQueryCompilingExpressionVisitor.QueryingEnumerable`1.Enumerator.MoveNext()&#xD;
      System.InvalidOperationException: Sequence contains no elements&#xD;
         at System.Linq.ThrowHelper.ThrowNoElementsException()&#xD;
         at lambda_method518(Closure)&#xD;
         at Microsoft.EntityFrameworkCore.InMemory.Query.Internal.InMemoryQueryExpression.ResultEnumerable.GetEnumerator()&#xD;
         at Microsoft.EntityFrameworkCore.InMemory.Query.Internal.InMemoryShapedQueryCompilingExpressionVisitor.QueryingEnumerable`1.Enumerator.MoveNextHelper()&#xD;
         at Microsoft.EntityFrameworkCore.InMemory.Query.Internal.InMemoryShapedQueryCompilingExpressionVisitor.QueryingEnumerable`1.Enumerator.MoveNext()&#xD;
info: Microsoft.Hosting.Lifetime[0]&#xD;
      Application is shutting down...</StdOut>
        <ErrorInfo>
          <Message>System.InvalidOperationException : Sequence contains no elements</Message>
          <StackTrace>   at System.Linq.ThrowHelper.ThrowNoElementsException()&#xD;
   at lambda_method518(Closure)&#xD;
   at Microsoft.EntityFrameworkCore.InMemory.Query.Internal.InMemoryQueryExpression.ResultEnumerable.GetEnumerator()&#xD;
   at Microsoft.EntityFrameworkCore.InMemory.Query.Internal.InMemoryShapedQueryCompilingExpressionVisitor.QueryingEnumerable`1.Enumerator.MoveNextHelper()&#xD;
   at Microsoft.EntityFrameworkCore.InMemory.Query.Internal.InMemoryShapedQueryCompilingExpressionVisitor.QueryingEnumerable`1.Enumerator.MoveNext()&#xD;
   at System.Linq.Enumerable.TryGetSingle[TSource](IEnumerable`1 source, Boolean&amp; found)&#xD;
   at lambda_method517(Closure, QueryContext)&#xD;
   at Microsoft.EntityFrameworkCore.Query.Internal.QueryCompiler.ExecuteCore[TResult](Expression query, Boolean async, CancellationToken cancellationToken)&#xD;
   at Microsoft.EntityFrameworkCore.Query.Internal.QueryCompiler.Execute[TResult](Expression query)&#xD;
   at Microsoft.EntityFrameworkCore.Query.Internal.EntityQueryProvider.Execute[TResult](Expression expression)&#xD;
   at WebApi.Tests.Controllers.TagsControllerTests.DeleteTag_OtherUsersTag_ReturnsNotFound() in C:\Users\bryan\RiderProjects\AspTemplate\tests\WebApi.Tests\Controllers\TagsControllerTests.cs:line 296&#xD;
   at NUnit.Framework.Internal.TaskAwaitAdapter.GenericAdapter`1.GetResult()&#xD;
   at NUnit.Framework.Internal.AsyncToSyncAdapter.Await[TResult](TestExecutionContext context, Func`1 invoke)&#xD;
   at NUnit.Framework.Internal.AsyncToSyncAdapter.Await(TestExecutionContext context, Func`1 invoke)&#xD;
   at NUnit.Framework.Internal.Commands.TestMethodCommand.RunTestMethod(TestExecutionContext context)&#xD;
   at NUnit.Framework.Internal.Commands.TestMethodCommand.Execute(TestExecutionContext context)&#xD;
   at NUnit.Framework.Internal.Commands.BeforeAndAfterTestCommand.&lt;&gt;c__DisplayClass1_0.&lt;Execute&gt;b__0()&#xD;
   at NUnit.Framework.Internal.Commands.DelegatingTestCommand.RunTestMethodInThreadAbortSafeZone(TestExecutionContext context, Action action)
</StackTrace>
        </ErrorInfo>
      </Output>
    </UnitTestResult>
    <UnitTestResult executionId="d0c21f94-83db-4673-a4c1-4709492e3efd" testId="3eba6c44-23de-7be8-51f9-96d97780b645" testName="Login_WithValidCredentials_ReturnsToken" computerName="BRY" duration="00:00:00.5356689" startTime="2026-01-05T12:46:07.6540542-05:00" endTime="2026-01-05T12:46:08.1897216-05:00" testType="13cdc9d9-ddb5-4fa4-a97d-d965ccfc6d4b" outcome="Failed" testListId="8c84fa94-04c1-424b-9868-57a2d4851a1d" relativeResultsDirectory="d0c21f94-83db-4673-a4c1-4709492e3efd">
      <Output>
        <StdOut>info: Microsoft.Hosting.Lifetime[0]&#xD;
      Application started. Press Ctrl+C to shut down.&#xD;
info: Microsoft.Hosting.Lifetime[0]&#xD;
      Hosting environment: Test&#xD;
info: Microsoft.Hosting.Lifetime[0]&#xD;
      Content root path: C:\Users\bryan\RiderProjects\AspTemplate\src\WebApi&#xD;
info: Microsoft.EntityFrameworkCore.Update[30100]&#xD;
      Saved 0 entities to in-memory store.&#xD;
info: Microsoft.EntityFrameworkCore.Update[30100]&#xD;
      Saved 2 entities to in-memory store.&#xD;
info: Microsoft.EntityFrameworkCore.Update[30100]&#xD;
      Saved 2 entities to in-memory store.&#xD;
info: Microsoft.EntityFrameworkCore.Update[30100]&#xD;
      Saved 4 entities to in-memory store.&#xD;
warn: Microsoft.AspNetCore.HttpsPolicy.HttpsRedirectionMiddleware[3]&#xD;
      Failed to determine the https port for redirect.&#xD;
info: Microsoft.Hosting.Lifetime[0]&#xD;
      Application is shutting down...</StdOut>
        <ErrorInfo>
          <Message>Expected response.StatusCode to be HttpStatusCode.OK {value: 200}, but found HttpStatusCode.Unauthorized {value: 401}.</Message>
          <StackTrace>   at FluentAssertions.Execution.LateBoundTestFramework.Throw(String message)&#xD;
   at FluentAssertions.Execution.DefaultAssertionStrategy.HandleFailure(String message)&#xD;
   at FluentAssertions.Execution.AssertionScope.AddPreFormattedFailure(String formattedFailureMessage)&#xD;
   at FluentAssertions.Execution.AssertionChain.FailWith(Func`1 getFailureReason)&#xD;
   at FluentAssertions.Execution.AssertionChain.FailWith(Func`1 getFailureReason)&#xD;
   at FluentAssertions.Execution.AssertionChain.FailWith(String message, Object[] args)&#xD;
   at FluentAssertions.Primitives.EnumAssertions`2.Be(TEnum expected, String because, Object[] becauseArgs)&#xD;
   at WebApi.Tests.Controllers.AuthControllerTests.Login_WithValidCredentials_ReturnsToken() in C:\Users\bryan\RiderProjects\AspTemplate\tests\WebApi.Tests\Controllers\AuthControllerTests.cs:line 142&#xD;
   at NUnit.Framework.Internal.TaskAwaitAdapter.GenericAdapter`1.BlockUntilCompleted()&#xD;
   at NUnit.Framework.Internal.MessagePumpStrategy.NoMessagePumpStrategy.WaitForCompletion(AwaitAdapter awaiter)&#xD;
   at NUnit.Framework.Internal.AsyncToSyncAdapter.Await[TResult](TestExecutionContext context, Func`1 invoke)&#xD;
   at NUnit.Framework.Internal.AsyncToSyncAdapter.Await(TestExecutionContext context, Func`1 invoke)&#xD;
   at NUnit.Framework.Internal.Commands.TestMethodCommand.RunTestMethod(TestExecutionContext context)&#xD;
   at NUnit.Framework.Internal.Commands.TestMethodCommand.Execute(TestExecutionContext context)&#xD;
   at NUnit.Framework.Internal.Commands.BeforeAndAfterTestCommand.&lt;&gt;c__DisplayClass1_0.&lt;Execute&gt;b__0()&#xD;
   at NUnit.Framework.Internal.Commands.DelegatingTestCommand.RunTestMethodInThreadAbortSafeZone(TestExecutionContext context, Action action)&#xD;

</StackTrace>
        </ErrorInfo>
      </Output>
    </UnitTestResult>
    <UnitTestResult executionId="37e43d71-2957-4322-8d4a-4742c1f25816" testId="964ddc03-ec87-5b63-2332-e1aca0da218e" testName="UpdateTag_WithValidData_ReturnsOk" computerName="BRY" duration="00:00:00.5366790" startTime="2026-01-05T12:46:21.1030937-05:00" endTime="2026-01-05T12:46:21.6397720-05:00" testType="13cdc9d9-ddb5-4fa4-a97d-d965ccfc6d4b" outcome="Failed" testListId="8c84fa94-04c1-424b-9868-57a2d4851a1d" relativeResultsDirectory="37e43d71-2957-4322-8d4a-4742c1f25816">
      <Output>
        <StdOut>info: Microsoft.Hosting.Lifetime[0]&#xD;
      Application started. Press Ctrl+C to shut down.&#xD;
info: Microsoft.Hosting.Lifetime[0]&#xD;
      Hosting environment: Test&#xD;
info: Microsoft.Hosting.Lifetime[0]&#xD;
      Content root path: C:\Users\bryan\RiderProjects\AspTemplate\src\WebApi&#xD;
info: Microsoft.EntityFrameworkCore.Update[30100]&#xD;
      Saved 0 entities to in-memory store.&#xD;
info: Microsoft.EntityFrameworkCore.Update[30100]&#xD;
      Saved 2 entities to in-memory store.&#xD;
info: Microsoft.EntityFrameworkCore.Update[30100]&#xD;
      Saved 2 entities to in-memory store.&#xD;
info: Microsoft.EntityFrameworkCore.Update[30100]&#xD;
      Saved 4 entities to in-memory store.&#xD;
fail: Microsoft.EntityFrameworkCore.Query[10100]&#xD;
      An exception occurred while iterating over the results of a query for context type 'WebApi.Data.AppDbContext'.&#xD;
      System.InvalidOperationException: Sequence contains no elements&#xD;
         at System.Linq.ThrowHelper.ThrowNoElementsException()&#xD;
         at lambda_method591(Closure)&#xD;
         at Microsoft.EntityFrameworkCore.InMemory.Query.Internal.InMemoryQueryExpression.ResultEnumerable.GetEnumerator()&#xD;
         at Microsoft.EntityFrameworkCore.InMemory.Query.Internal.InMemoryShapedQueryCompilingExpressionVisitor.QueryingEnumerable`1.Enumerator.MoveNext()&#xD;
      System.InvalidOperationException: Sequence contains no elements&#xD;
         at System.Linq.ThrowHelper.ThrowNoElementsException()&#xD;
         at lambda_method591(Closure)&#xD;
         at Microsoft.EntityFrameworkCore.InMemory.Query.Internal.InMemoryQueryExpression.ResultEnumerable.GetEnumerator()&#xD;
         at Microsoft.EntityFrameworkCore.InMemory.Query.Internal.InMemoryShapedQueryCompilingExpressionVisitor.QueryingEnumerable`1.Enumerator.MoveNext()&#xD;
info: Microsoft.Hosting.Lifetime[0]&#xD;
      Application is shutting down...</StdOut>
        <ErrorInfo>
          <Message>System.InvalidOperationException : Sequence contains no elements</Message>
          <StackTrace>   at System.Linq.ThrowHelper.ThrowNoElementsException()&#xD;
   at lambda_method591(Closure)&#xD;
   at Microsoft.EntityFrameworkCore.InMemory.Query.Internal.InMemoryQueryExpression.ResultEnumerable.GetEnumerator()&#xD;
   at Microsoft.EntityFrameworkCore.InMemory.Query.Internal.InMemoryShapedQueryCompilingExpressionVisitor.QueryingEnumerable`1.Enumerator.MoveNext()&#xD;
   at System.Linq.Enumerable.TryGetSingle[TSource](IEnumerable`1 source, Boolean&amp; found)&#xD;
   at lambda_method590(Closure, QueryContext)&#xD;
   at Microsoft.EntityFrameworkCore.Query.Internal.QueryCompiler.Execute[TResult](Expression query)&#xD;
   at WebApi.Tests.Controllers.TagsControllerTests.UpdateTag_WithValidData_ReturnsOk() in C:\Users\bryan\RiderProjects\AspTemplate\tests\WebApi.Tests\Controllers\TagsControllerTests.cs:line 174&#xD;
   at NUnit.Framework.Internal.TaskAwaitAdapter.GenericAdapter`1.GetResult()&#xD;
   at NUnit.Framework.Internal.AsyncToSyncAdapter.Await[TResult](TestExecutionContext context, Func`1 invoke)&#xD;
   at NUnit.Framework.Internal.AsyncToSyncAdapter.Await(TestExecutionContext context, Func`1 invoke)&#xD;
   at NUnit.Framework.Internal.Commands.TestMethodCommand.RunTestMethod(TestExecutionContext context)&#xD;
   at NUnit.Framework.Internal.Commands.TestMethodCommand.Execute(TestExecutionContext context)&#xD;
   at NUnit.Framework.Internal.Commands.BeforeAndAfterTestCommand.&lt;&gt;c__DisplayClass1_0.&lt;Execute&gt;b__0()&#xD;
   at NUnit.Framework.Internal.Commands.DelegatingTestCommand.RunTestMethodInThreadAbortSafeZone(TestExecutionContext context, Action action)
</StackTrace>
        </ErrorInfo>
      </Output>
    </UnitTestResult>
    <UnitTestResult executionId="e1bebcb1-d77f-4139-97eb-68a5183eda33" testId="81f89f17-82cf-d52a-3f11-32b2c85cf8d1" testName="GetTagById_OtherUsersTag_ReturnsNotFound" computerName="BRY" duration="00:00:00.5460580" startTime="2026-01-05T12:46:16.6220741-05:00" endTime="2026-01-05T12:46:17.1681320-05:00" testType="13cdc9d9-ddb5-4fa4-a97d-d965ccfc6d4b" outcome="Failed" testListId="8c84fa94-04c1-424b-9868-57a2d4851a1d" relativeResultsDirectory="e1bebcb1-d77f-4139-97eb-68a5183eda33">
      <Output>
        <StdOut>info: Microsoft.Hosting.Lifetime[0]&#xD;
      Application started. Press Ctrl+C to shut down.&#xD;
info: Microsoft.Hosting.Lifetime[0]&#xD;
      Hosting environment: Test&#xD;
info: Microsoft.Hosting.Lifetime[0]&#xD;
      Content root path: C:\Users\bryan\RiderProjects\AspTemplate\src\WebApi&#xD;
info: Microsoft.EntityFrameworkCore.Update[30100]&#xD;
      Saved 0 entities to in-memory store.&#xD;
info: Microsoft.EntityFrameworkCore.Update[30100]&#xD;
      Saved 2 entities to in-memory store.&#xD;
info: Microsoft.EntityFrameworkCore.Update[30100]&#xD;
      Saved 2 entities to in-memory store.&#xD;
info: Microsoft.EntityFrameworkCore.Update[30100]&#xD;
      Saved 4 entities to in-memory store.&#xD;
fail: Microsoft.EntityFrameworkCore.Query[10100]&#xD;
      An exception occurred while iterating over the results of a query for context type 'WebApi.Data.AppDbContext'.&#xD;
      System.InvalidOperationException: Sequence contains no elements&#xD;
         at System.Linq.ThrowHelper.ThrowNoElementsException()&#xD;
         at lambda_method518(Closure)&#xD;
         at Microsoft.EntityFrameworkCore.InMemory.Query.Internal.InMemoryQueryExpression.ResultEnumerable.GetEnumerator()&#xD;
         at Microsoft.EntityFrameworkCore.InMemory.Query.Internal.InMemoryShapedQueryCompilingExpressionVisitor.QueryingEnumerable`1.Enumerator.MoveNext()&#xD;
      System.InvalidOperationException: Sequence contains no elements&#xD;
         at System.Linq.ThrowHelper.ThrowNoElementsException()&#xD;
         at lambda_method518(Closure)&#xD;
         at Microsoft.EntityFrameworkCore.InMemory.Query.Internal.InMemoryQueryExpression.ResultEnumerable.GetEnumerator()&#xD;
         at Microsoft.EntityFrameworkCore.InMemory.Query.Internal.InMemoryShapedQueryCompilingExpressionVisitor.QueryingEnumerable`1.Enumerator.MoveNext()&#xD;
info: Microsoft.Hosting.Lifetime[0]&#xD;
      Application is shutting down...</StdOut>
        <ErrorInfo>
          <Message>System.InvalidOperationException : Sequence contains no elements</Message>
          <StackTrace>   at System.Linq.ThrowHelper.ThrowNoElementsException()&#xD;
   at lambda_method518(Closure)&#xD;
   at Microsoft.EntityFrameworkCore.InMemory.Query.Internal.InMemoryQueryExpression.ResultEnumerable.GetEnumerator()&#xD;
   at Microsoft.EntityFrameworkCore.InMemory.Query.Internal.InMemoryShapedQueryCompilingExpressionVisitor.QueryingEnumerable`1.Enumerator.MoveNext()&#xD;
   at System.Linq.Enumerable.TryGetSingle[TSource](IEnumerable`1 source, Boolean&amp; found)&#xD;
   at lambda_method517(Closure, QueryContext)&#xD;
   at Microsoft.EntityFrameworkCore.Query.Internal.QueryCompiler.Execute[TResult](Expression query)&#xD;
   at WebApi.Tests.Controllers.TagsControllerTests.GetTagById_OtherUsersTag_ReturnsNotFound() in C:\Users\bryan\RiderProjects\AspTemplate\tests\WebApi.Tests\Controllers\TagsControllerTests.cs:line 86&#xD;
   at NUnit.Framework.Internal.TaskAwaitAdapter.GenericAdapter`1.GetResult()&#xD;
   at NUnit.Framework.Internal.AsyncToSyncAdapter.Await[TResult](TestExecutionContext context, Func`1 invoke)&#xD;
   at NUnit.Framework.Internal.AsyncToSyncAdapter.Await(TestExecutionContext context, Func`1 invoke)&#xD;
   at NUnit.Framework.Internal.Commands.TestMethodCommand.RunTestMethod(TestExecutionContext context)&#xD;
   at NUnit.Framework.Internal.Commands.TestMethodCommand.Execute(TestExecutionContext context)&#xD;
   at NUnit.Framework.Internal.Commands.BeforeAndAfterTestCommand.&lt;&gt;c__DisplayClass1_0.&lt;Execute&gt;b__0()&#xD;
   at NUnit.Framework.Internal.Commands.DelegatingTestCommand.RunTestMethodInThreadAbortSafeZone(TestExecutionContext context, Action action)
</StackTrace>
        </ErrorInfo>
      </Output>
    </UnitTestResult>
    <UnitTestResult executionId="e2ecce13-c542-4baf-8d2a-738f2da0c3e7" testId="ad6a8681-87a3-4f90-233c-3c66392aea02" testName="CreateTag_WithValidData_ReturnsCreated" computerName="BRY" duration="00:00:00.5392709" startTime="2026-01-05T12:46:13.8436507-05:00" endTime="2026-01-05T12:46:14.3829215-05:00" testType="13cdc9d9-ddb5-4fa4-a97d-d965ccfc6d4b" outcome="Passed" testListId="8c84fa94-04c1-424b-9868-57a2d4851a1d" relativeResultsDirectory="e2ecce13-c542-4baf-8d2a-738f2da0c3e7">
      <Output>
        <StdOut>info: Microsoft.Hosting.Lifetime[0]&#xD;
      Application started. Press Ctrl+C to shut down.&#xD;
info: Microsoft.Hosting.Lifetime[0]&#xD;
      Hosting environment: Test&#xD;
info: Microsoft.Hosting.Lifetime[0]&#xD;
      Content root path: C:\Users\bryan\RiderProjects\AspTemplate\src\WebApi&#xD;
info: Microsoft.EntityFrameworkCore.Update[30100]&#xD;
      Saved 0 entities to in-memory store.&#xD;
info: Microsoft.EntityFrameworkCore.Update[30100]&#xD;
      Saved 2 entities to in-memory store.&#xD;
info: Microsoft.EntityFrameworkCore.Update[30100]&#xD;
      Saved 2 entities to in-memory store.&#xD;
info: Microsoft.EntityFrameworkCore.Update[30100]&#xD;
      Saved 4 entities to in-memory store.&#xD;
warn: Microsoft.AspNetCore.HttpsPolicy.HttpsRedirectionMiddleware[3]&#xD;
      Failed to determine the https port for redirect.&#xD;
info: Microsoft.EntityFrameworkCore.Update[30100]&#xD;
      Saved 1 entities to in-memory store.&#xD;
info: Microsoft.Hosting.Lifetime[0]&#xD;
      Application is shutting down...</StdOut>
      </Output>
    </UnitTestResult>
    <UnitTestResult executionId="2315e25b-642d-491c-9501-92286c40d8e0" testId="a32015a8-072f-6736-d293-65926fef1708" testName="UpdateTag_WithDuplicateName_ReturnsBadRequest" computerName="BRY" duration="00:00:00.5429310" startTime="2026-01-05T12:46:20.5601311-05:00" endTime="2026-01-05T12:46:21.1030618-05:00" testType="13cdc9d9-ddb5-4fa4-a97d-d965ccfc6d4b" outcome="Failed" testListId="8c84fa94-04c1-424b-9868-57a2d4851a1d" relativeResultsDirectory="2315e25b-642d-491c-9501-92286c40d8e0">
      <Output>
        <StdOut>info: Microsoft.Hosting.Lifetime[0]&#xD;
      Application started. Press Ctrl+C to shut down.&#xD;
info: Microsoft.Hosting.Lifetime[0]&#xD;
      Hosting environment: Test&#xD;
info: Microsoft.Hosting.Lifetime[0]&#xD;
      Content root path: C:\Users\bryan\RiderProjects\AspTemplate\src\WebApi&#xD;
info: Microsoft.EntityFrameworkCore.Update[30100]&#xD;
      Saved 0 entities to in-memory store.&#xD;
info: Microsoft.EntityFrameworkCore.Update[30100]&#xD;
      Saved 2 entities to in-memory store.&#xD;
info: Microsoft.EntityFrameworkCore.Update[30100]&#xD;
      Saved 2 entities to in-memory store.&#xD;
info: Microsoft.EntityFrameworkCore.Update[30100]&#xD;
      Saved 4 entities to in-memory store.&#xD;
info: Microsoft.Hosting.Lifetime[0]&#xD;
      Application is shutting down...</StdOut>
        <ErrorInfo>
          <Message>System.ArgumentOutOfRangeException : Index was out of range. Must be non-negative and less than the size of the collection. (Parameter 'index')</Message>
          <StackTrace>   at System.Collections.Generic.List`1.get_Item(Int32 index)&#xD;
   at WebApi.Tests.Controllers.TagsControllerTests.UpdateTag_WithDuplicateName_ReturnsBadRequest() in C:\Users\bryan\RiderProjects\AspTemplate\tests\WebApi.Tests\Controllers\TagsControllerTests.cs:line 241&#xD;
[...]
         at Microsoft.EntityFrameworkCore.InMemory.Query.Internal.InMemoryShapedQueryCompilingExpressionVisitor.QueryingEnumerable`1.Enumerator.MoveNext()&#xD;
      System.InvalidOperationException: Sequence contains no elements&#xD;
         at System.Linq.ThrowHelper.ThrowNoElementsException()&#xD;
         at lambda_method725(Closure)&#xD;
         at Microsoft.EntityFrameworkCore.InMemory.Query.Internal.InMemoryQueryExpression.ResultEnumerable.GetEnumerator()&#xD;
         at Microsoft.EntityFrameworkCore.InMemory.Query.Internal.InMemoryShapedQueryCompilingExpressionVisitor.QueryingEnumerable`1.Enumerator.MoveNext()&#xD;
info: Microsoft.Hosting.Lifetime[0]&#xD;
      Application is shutting down...&#xD;
&#xD;
info: Microsoft.Hosting.Lifetime[0]&#xD;
      Application started. Press Ctrl+C to shut down.&#xD;
info: Microsoft.Hosting.Lifetime[0]&#xD;
      Hosting environment: Test&#xD;
info: Microsoft.Hosting.Lifetime[0]&#xD;
      Content root path: C:\Users\bryan\RiderProjects\AspTemplate\src\WebApi&#xD;
info: Microsoft.EntityFrameworkCore.Update[30100]&#xD;
      Saved 0 entities to in-memory store.&#xD;
info: Microsoft.EntityFrameworkCore.Update[30100]&#xD;
      Saved 2 entities to in-memory store.&#xD;
info: Microsoft.EntityFrameworkCore.Update[30100]&#xD;
      Saved 2 entities to in-memory store.&#xD;
info: Microsoft.EntityFrameworkCore.Update[30100]&#xD;
      Saved 4 entities to in-memory store.&#xD;
warn: Microsoft.AspNetCore.HttpsPolicy.HttpsRedirectionMiddleware[3]&#xD;
      Failed to determine the https port for redirect.&#xD;
info: Microsoft.EntityFrameworkCore.Update[30100]&#xD;
      Saved 1 entities to in-memory store.&#xD;
info: Microsoft.Hosting.Lifetime[0]&#xD;
      Application is shutting down...&#xD;
&#xD;
info: Microsoft.Hosting.Lifetime[0]&#xD;
      Application started. Press Ctrl+C to shut down.&#xD;
info: Microsoft.Hosting.Lifetime[0]&#xD;
      Hosting environment: Test&#xD;
info: Microsoft.Hosting.Lifetime[0]&#xD;
      Content root path: C:\Users\bryan\RiderProjects\AspTemplate\src\WebApi&#xD;
info: Microsoft.EntityFrameworkCore.Update[30100]&#xD;
      Saved 0 entities to in-memory store.&#xD;
info: Microsoft.EntityFrameworkCore.Update[30100]&#xD;
      Saved 2 entities to in-memory store.&#xD;
info: Microsoft.EntityFrameworkCore.Update[30100]&#xD;
      Saved 2 entities to in-memory store.&#xD;
info: Microsoft.EntityFrameworkCore.Update[30100]&#xD;
      Saved 4 entities to in-memory store.&#xD;
warn: Microsoft.AspNetCore.HttpsPolicy.HttpsRedirectionMiddleware[3]&#xD;
      Failed to determine the https port for redirect.&#xD;
info: Microsoft.Hosting.Lifetime[0]&#xD;
      Application is shutting down...&#xD;
&#xD;
info: Microsoft.Hosting.Lifetime[0]&#xD;
      Application started. Press Ctrl+C to shut down.&#xD;
info: Microsoft.Hosting.Lifetime[0]&#xD;
      Hosting environment: Test&#xD;
info: Microsoft.Hosting.Lifetime[0]&#xD;
      Content root path: C:\Users\bryan\RiderProjects\AspTemplate\src\WebApi&#xD;
info: Microsoft.EntityFrameworkCore.Update[30100]&#xD;
      Saved 0 entities to in-memory store.&#xD;
info: Microsoft.EntityFrameworkCore.Update[30100]&#xD;
      Saved 2 entities to in-memory store.&#xD;
info: Microsoft.EntityFrameworkCore.Update[30100]&#xD;
      Saved 2 entities to in-memory store.&#xD;
info: Microsoft.EntityFrameworkCore.Update[30100]&#xD;
      Saved 4 entities to in-memory store.&#xD;
warn: Microsoft.AspNetCore.HttpsPolicy.HttpsRedirectionMiddleware[3]&#xD;
      Failed to determine the https port for redirect.&#xD;
info: Microsoft.Hosting.Lifetime[0]&#xD;
      Application is shutting down...&#xD;
&#xD;
info: Microsoft.Hosting.Lifetime[0]&#xD;
      Application started. Press Ctrl+C to shut down.&#xD;
info: Microsoft.Hosting.Lifetime[0]&#xD;
      Hosting environment: Test&#xD;
info: Microsoft.Hosting.Lifetime[0]&#xD;
      Content root path: C:\Users\bryan\RiderProjects\AspTemplate\src\WebApi&#xD;
info: Microsoft.EntityFrameworkCore.Update[30100]&#xD;
      Saved 0 entities to in-memory store.&#xD;
info: Microsoft.EntityFrameworkCore.Update[30100]&#xD;
      Saved 2 entities to in-memory store.&#xD;
info: Microsoft.EntityFrameworkCore.Update[30100]&#xD;
      Saved 2 entities to in-memory store.&#xD;
info: Microsoft.EntityFrameworkCore.Update[30100]&#xD;
      Saved 4 entities to in-memory store.&#xD;
warn: Microsoft.AspNetCore.HttpsPolicy.HttpsRedirectionMiddleware[3]&#xD;
      Failed to determine the https port for redirect.&#xD;
info: Microsoft.Hosting.Lifetime[0]&#xD;
      Application is shutting down...&#xD;
&#xD;
info: Microsoft.Hosting.Lifetime[0]&#xD;
      Application started. Press Ctrl+C to shut down.&#xD;
info: Microsoft.Hosting.Lifetime[0]&#xD;
      Hosting environment: Test&#xD;
info: Microsoft.Hosting.Lifetime[0]&#xD;
      Content root path: C:\Users\bryan\RiderProjects\AspTemplate\src\WebApi&#xD;
info: Microsoft.EntityFrameworkCore.Update[30100]&#xD;
      Saved 0 entities to in-memory store.&#xD;
info: Microsoft.EntityFrameworkCore.Update[30100]&#xD;
      Saved 2 entities to in-memory store.&#xD;
info: Microsoft.EntityFrameworkCore.Update[30100]&#xD;
      Saved 2 entities to in-memory store.&#xD;
info: Microsoft.EntityFrameworkCore.Update[30100]&#xD;
      Saved 4 entities to in-memory store.&#xD;
fail: Microsoft.EntityFrameworkCore.Query[10100]&#xD;
      An exception occurred while iterating over the results of a query for context type 'WebApi.Data.AppDbContext'.&#xD;
      System.InvalidOperationException: Sequence contains no elements&#xD;
         at System.Linq.ThrowHelper.ThrowNoElementsException()&#xD;
         at lambda_method810(Closure)&#xD;
         at Microsoft.EntityFrameworkCore.InMemory.Query.Internal.InMemoryQueryExpression.ResultEnumerable.GetEnumerator()&#xD;
         at Microsoft.EntityFrameworkCore.InMemory.Query.Internal.InMemoryShapedQueryCompilingExpressionVisitor.QueryingEnumerable`1.Enumerator.MoveNext()&#xD;
      System.InvalidOperationException: Sequence contains no elements&#xD;
         at System.Linq.ThrowHelper.ThrowNoElementsException()&#xD;
         at lambda_method810(Closure)&#xD;
         at Microsoft.EntityFrameworkCore.InMemory.Query.Internal.InMemoryQueryExpression.ResultEnumerable.GetEnumerator()&#xD;
         at Microsoft.EntityFrameworkCore.InMemory.Query.Internal.InMemoryShapedQueryCompilingExpressionVisitor.QueryingEnumerable`1.Enumerator.MoveNext()&#xD;
info: Microsoft.Hosting.Lifetime[0]&#xD;
      Application is shutting down...&#xD;
&#xD;
info: Microsoft.Hosting.Lifetime[0]&#xD;
      Application started. Press Ctrl+C to shut down.&#xD;
info: Microsoft.Hosting.Lifetime[0]&#xD;
      Hosting environment: Test&#xD;
info: Microsoft.Hosting.Lifetime[0]&#xD;
      Content root path: C:\Users\bryan\RiderProjects\AspTemplate\src\WebApi&#xD;
info: Microsoft.EntityFrameworkCore.Update[30100]&#xD;
      Saved 0 entities to in-memory store.&#xD;
info: Microsoft.EntityFrameworkCore.Update[30100]&#xD;
      Saved 2 entities to in-memory store.&#xD;
info: Microsoft.EntityFrameworkCore.Update[30100]&#xD;
      Saved 2 entities to in-memory store.&#xD;
info: Microsoft.EntityFrameworkCore.Update[30100]&#xD;
      Saved 4 entities to in-memory store.&#xD;
warn: Microsoft.AspNetCore.HttpsPolicy.HttpsRedirectionMiddleware[3]&#xD;
      Failed to determine the https port for redirect.&#xD;
info: Microsoft.Hosting.Lifetime[0]&#xD;
      Application is shutting down...&#xD;
&#xD;
info: Microsoft.Hosting.Lifetime[0]&#xD;
      Application started. Press Ctrl+C to shut down.&#xD;
info: Microsoft.Hosting.Lifetime[0]&#xD;
      Hosting environment: Test&#xD;
info: Microsoft.Hosting.Lifetime[0]&#xD;
      Content root path: C:\Users\bryan\RiderProjects\AspTemplate\src\WebApi&#xD;
info: Microsoft.EntityFrameworkCore.Update[30100]&#xD;
      Saved 0 entities to in-memory store.&#xD;
info: Microsoft.EntityFrameworkCore.Update[30100]&#xD;
      Saved 2 entities to in-memory store.&#xD;
info: Microsoft.EntityFrameworkCore.Update[30100]&#xD;
      Saved 2 entities to in-memory store.&#xD;
info: Microsoft.EntityFrameworkCore.Update[30100]&#xD;
      Saved 4 entities to in-memory store.&#xD;
fail: Microsoft.EntityFrameworkCore.Query[10100]&#xD;
      An exception occurred while iterating over the results of a query for context type 'WebApi.Data.AppDbContext'.&#xD;
      System.InvalidOperationException: Sequence contains no elements&#xD;
         at System.Linq.ThrowHelper.ThrowNoElementsException()&#xD;
         at lambda_method725(Closure)&#xD;
         at Microsoft.EntityFrameworkCore.InMemory.Query.Internal.InMemoryQueryExpression.ResultEnumerable.GetEnumerator()&#xD;
         at Microsoft.EntityFrameworkCore.InMemory.Query.Internal.InMemoryShapedQueryCompilingExpressionVisitor.QueryingEnumerable`1.Enumerator.MoveNext()&#xD;
      System.InvalidOperationException: Sequence contains no elements&#xD;
         at System.Linq.ThrowHelper.ThrowNoElementsException()&#xD;
         at lambda_method725(Closure)&#xD;
         at Microsoft.EntityFrameworkCore.InMemory.Query.Internal.InMemoryQueryExpression.ResultEnumerable.GetEnumerator()&#xD;
         at Microsoft.EntityFrameworkCore.InMemory.Query.Internal.InMemoryShapedQueryCompilingExpressionVisitor.QueryingEnumerable`1.Enumerator.MoveNext()&#xD;
info: Microsoft.Hosting.Lifetime[0]&#xD;
      Application is shutting down...&#xD;
&#xD;
info: Microsoft.Hosting.Lifetime[0]&#xD;
      Application started. Press Ctrl+C to shut down.&#xD;
info: Microsoft.Hosting.Lifetime[0]&#xD;
      Hosting environment: Test&#xD;
info: Microsoft.Hosting.Lifetime[0]&#xD;
      Content root path: C:\Users\bryan\RiderProjects\AspTemplate\src\WebApi&#xD;
info: Microsoft.EntityFrameworkCore.Update[30100]&#xD;
      Saved 0 entities to in-memory store.&#xD;
info: Microsoft.EntityFrameworkCore.Update[30100]&#xD;
      Saved 2 entities to in-memory store.&#xD;
info: Microsoft.EntityFrameworkCore.Update[30100]&#xD;
      Saved 2 entities to in-memory store.&#xD;
info: Microsoft.EntityFrameworkCore.Update[30100]&#xD;
      Saved 4 entities to in-memory store.&#xD;
warn: Microsoft.AspNetCore.HttpsPolicy.HttpsRedirectionMiddleware[3]&#xD;
      Failed to determine the https port for redirect.&#xD;
info: Microsoft.Hosting.Lifetime[0]&#xD;
      Application is shutting down...&#xD;
&#xD;
info: Microsoft.Hosting.Lifetime[0]&#xD;
      Application started. Press Ctrl+C to shut down.&#xD;
info: Microsoft.Hosting.Lifetime[0]&#xD;
      Hosting environment: Test&#xD;
info: Microsoft.Hosting.Lifetime[0]&#xD;
      Content root path: C:\Users\bryan\RiderProjects\AspTemplate\src\WebApi&#xD;
info: Microsoft.EntityFrameworkCore.Update[30100]&#xD;
      Saved 0 entities to in-memory store.&#xD;
info: Microsoft.EntityFrameworkCore.Update[30100]&#xD;
      Saved 2 entities to in-memory store.&#xD;
info: Microsoft.EntityFrameworkCore.Update[30100]&#xD;
      Saved 2 entities to in-memory store.&#xD;
info: Microsoft.EntityFrameworkCore.Update[30100]&#xD;
      Saved 4 entities to in-memory store.&#xD;
fail: Microsoft.EntityFrameworkCore.Query[10100]&#xD;
      An exception occurred while iterating over the results of a query for context type 'WebApi.Data.AppDbContext'.&#xD;
      System.InvalidOperationException: Sequence contains no elements&#xD;
         at System.Linq.ThrowHelper.ThrowNoElementsException()&#xD;
         at lambda_method852(Closure)&#xD;
         at Microsoft.EntityFrameworkCore.InMemory.Query.Internal.InMemoryQueryExpression.ResultEnumerable.GetEnumerator()&#xD;
         at Microsoft.EntityFrameworkCore.InMemory.Query.Internal.InMemoryShapedQueryCompilingExpressionVisitor.QueryingEnumerable`1.Enumerator.MoveNext()&#xD;
      System.InvalidOperationException: Sequence contains no elements&#xD;
         at System.Linq.ThrowHelper.ThrowNoElementsException()&#xD;
         at lambda_method852(Closure)&#xD;
         at Microsoft.EntityFrameworkCore.InMemory.Query.Internal.InMemoryQueryExpression.ResultEnumerable.GetEnumerator()&#xD;
         at Microsoft.EntityFrameworkCore.InMemory.Query.Internal.InMemoryShapedQueryCompilingExpressionVisitor.QueryingEnumerable`1.Enumerator.MoveNext()&#xD;
info: Microsoft.Hosting.Lifetime[0]&#xD;
      Application is shutting down...&#xD;
&#xD;
info: Microsoft.Hosting.Lifetime[0]&#xD;
      Application started. Press Ctrl+C to shut down.&#xD;
info: Microsoft.Hosting.Lifetime[0]&#xD;
      Hosting environment: Test&#xD;
info: Microsoft.Hosting.Lifetime[0]&#xD;
      Content root path: C:\Users\bryan\RiderProjects\AspTemplate\src\WebApi&#xD;
info: Microsoft.EntityFrameworkCore.Update[30100]&#xD;
      Saved 0 entities to in-memory store.&#xD;
info: Microsoft.EntityFrameworkCore.Update[30100]&#xD;
      Saved 2 entities to in-memory store.&#xD;
info: Microsoft.EntityFrameworkCore.Update[30100]&#xD;
      Saved 2 entities to in-memory store.&#xD;
info: Microsoft.EntityFrameworkCore.Update[30100]&#xD;
      Saved 4 entities to in-memory store.&#xD;
fail: Microsoft.EntityFrameworkCore.Query[10100]&#xD;
      An exception occurred while iterating over the results of a query for context type 'WebApi.Data.AppDbContext'.&#xD;
      System.InvalidOperationException: Sequence contains no elements&#xD;
         at System.Linq.ThrowHelper.ThrowNoElementsException()&#xD;
         at lambda_method859(Closure)&#xD;
         at Microsoft.EntityFrameworkCore.InMemory.Query.Internal.InMemoryQueryExpression.ResultEnumerable.GetEnumerator()&#xD;
         at Microsoft.EntityFrameworkCore.InMemory.Query.Internal.InMemoryShapedQueryCompilingExpressionVisitor.QueryingEnumerable`1.Enumerator.MoveNext()&#xD;
      System.InvalidOperationException: Sequence contains no elements&#xD;
         at System.Linq.ThrowHelper.ThrowNoElementsException()&#xD;
         at lambda_method859(Closure)&#xD;
         at Microsoft.EntityFrameworkCore.InMemory.Query.Internal.InMemoryQueryExpression.ResultEnumerable.GetEnumerator()&#xD;
         at Microsoft.EntityFrameworkCore.InMemory.Query.Internal.InMemoryShapedQueryCompilingExpressionVisitor.QueryingEnumerable`1.Enumerator.MoveNext()&#xD;
info: Microsoft.Hosting.Lifetime[0]&#xD;
      Application is shutting down...&#xD;
&#xD;
info: Microsoft.Hosting.Lifetime[0]&#xD;
      Application started. Press Ctrl+C to shut down.&#xD;
info: Microsoft.Hosting.Lifetime[0]&#xD;
      Hosting environment: Test&#xD;
info: Microsoft.Hosting.Lifetime[0]&#xD;
      Content root path: C:\Users\bryan\RiderProjects\AspTemplate\src\WebApi&#xD;
info: Microsoft.EntityFrameworkCore.Update[30100]&#xD;
      Saved 0 entities to in-memory store.&#xD;
info: Microsoft.EntityFrameworkCore.Update[30100]&#xD;
      Saved 2 entities to in-memory store.&#xD;
info: Microsoft.EntityFrameworkCore.Update[30100]&#xD;
      Saved 2 entities to in-memory store.&#xD;
info: Microsoft.EntityFrameworkCore.Update[30100]&#xD;
      Saved 4 entities to in-memory store.&#xD;
warn: Microsoft.AspNetCore.HttpsPolicy.HttpsRedirectionMiddleware[3]&#xD;
      Failed to determine the https port for redirect.&#xD;
info: Microsoft.Hosting.Lifetime[0]&#xD;
      Application is shutting down...&#xD;
&#xD;
info: Microsoft.Hosting.Lifetime[0]&#xD;
      Application started. Press Ctrl+C to shut down.&#xD;
info: Microsoft.Hosting.Lifetime[0]&#xD;
      Hosting environment: Test&#xD;
info: Microsoft.Hosting.Lifetime[0]&#xD;
      Content root path: C:\Users\bryan\RiderProjects\AspTemplate\src\WebApi&#xD;
info: Microsoft.EntityFrameworkCore.Update[30100]&#xD;
      Saved 0 entities to in-memory store.&#xD;
info: Microsoft.EntityFrameworkCore.Update[30100]&#xD;
      Saved 2 entities to in-memory store.&#xD;
info: Microsoft.EntityFrameworkCore.Update[30100]&#xD;
      Saved 2 entities to in-memory store.&#xD;
info: Microsoft.EntityFrameworkCore.Update[30100]&#xD;
      Saved 4 entities to in-memory store.&#xD;
warn: Microsoft.AspNetCore.HttpsPolicy.HttpsRedirectionMiddleware[3]&#xD;
      Failed to determine the https port for redirect.&#xD;
info: Microsoft.Hosting.Lifetime[0]&#xD;
      Application is shutting down...&#xD;
&#xD;
info: Microsoft.Hosting.Lifetime[0]&#xD;
      Application started. Press Ctrl+C to shut down.&#xD;
info: Microsoft.Hosting.Lifetime[0]&#xD;
      Hosting environment: Test&#xD;
info: Microsoft.Hosting.Lifetime[0]&#xD;
      Content root path: C:\Users\bryan\RiderProjects\AspTemplate\src\WebApi&#xD;
info: Microsoft.EntityFrameworkCore.Update[30100]&#xD;
      Saved 0 entities to in-memory store.&#xD;
info: Microsoft.EntityFrameworkCore.Update[30100]&#xD;
      Saved 2 entities to in-memory store.&#xD;
info: Microsoft.EntityFrameworkCore.Update[30100]&#xD;
      Saved 2 entities to in-memory store.&#xD;
info: Microsoft.EntityFrameworkCore.Update[30100]&#xD;
      Saved 4 entities to in-memory store.&#xD;
fail: Microsoft.EntityFrameworkCore.Query[10100]&#xD;
      An exception occurred while iterating over the results of a query for context type 'WebApi.Data.AppDbContext'.&#xD;
      System.InvalidOperationException: Sequence contains no elements&#xD;
         at System.Linq.ThrowHelper.ThrowNoElementsException()&#xD;
         at lambda_method725(Closure)&#xD;
         at Microsoft.EntityFrameworkCore.InMemory.Query.Internal.InMemoryQueryExpression.ResultEnumerable.GetEnumerator()&#xD;
         at Microsoft.EntityFrameworkCore.InMemory.Query.Internal.InMemoryShapedQueryCompilingExpressionVisitor.QueryingEnumerable`1.Enumerator.MoveNext()&#xD;
      System.InvalidOperationException: Sequence contains no elements&#xD;
         at System.Linq.ThrowHelper.ThrowNoElementsException()&#xD;
         at lambda_method725(Closure)&#xD;
         at Microsoft.EntityFrameworkCore.InMemory.Query.Internal.InMemoryQueryExpression.ResultEnumerable.GetEnumerator()&#xD;
         at Microsoft.EntityFrameworkCore.InMemory.Query.Internal.InMemoryShapedQueryCompilingExpressionVisitor.QueryingEnumerable`1.Enumerator.MoveNext()&#xD;
info: Microsoft.Hosting.Lifetime[0]&#xD;
      Application is shutting down...&#xD;
&#xD;
info: Microsoft.Hosting.Lifetime[0]&#xD;
      Application started. Press Ctrl+C to shut down.&#xD;
info: Microsoft.Hosting.Lifetime[0]&#xD;
      Hosting environment: Test&#xD;
info: Microsoft.Hosting.Lifetime[0]&#xD;
      Content root path: C:\Users\bryan\RiderProjects\AspTemplate\src\WebApi&#xD;
info: Microsoft.EntityFrameworkCore.Update[30100]&#xD;
      Saved 0 entities to in-memory store.&#xD;
info: Microsoft.EntityFrameworkCore.Update[30100]&#xD;
      Saved 2 entities to in-memory store.&#xD;
info: Microsoft.EntityFrameworkCore.Update[30100]&#xD;
      Saved 2 entities to in-memory store.&#xD;
info: Microsoft.EntityFrameworkCore.Update[30100]&#xD;
      Saved 4 entities to in-memory store.&#xD;
fail: Microsoft.EntityFrameworkCore.Query[10100]&#xD;
      An exception occurred while iterating over the results of a query for context type 'WebApi.Data.AppDbContext'.&#xD;
      System.InvalidOperationException: Sequence contains no elements&#xD;
         at System.Linq.ThrowHelper.ThrowNoElementsException()&#xD;
         at lambda_method852(Closure)&#xD;
         at Microsoft.EntityFrameworkCore.InMemory.Query.Internal.InMemoryQueryExpression.ResultEnumerable.GetEnumerator()&#xD;
         at Microsoft.EntityFrameworkCore.InMemory.Query.Internal.InMemoryShapedQueryCompilingExpressionVisitor.QueryingEnumerable`1.Enumerator.MoveNext()&#xD;
      System.InvalidOperationException: Sequence contains no elements&#xD;
         at System.Linq.ThrowHelper.ThrowNoElementsException()&#xD;
         at lambda_method852(Closure)&#xD;
         at Microsoft.EntityFrameworkCore.InMemory.Query.Internal.InMemoryQueryExpression.ResultEnumerable.GetEnumerator()&#xD;
         at Microsoft.EntityFrameworkCore.InMemory.Query.Internal.InMemoryShapedQueryCompilingExpressionVisitor.QueryingEnumerable`1.Enumerator.MoveNext()&#xD;
info: Microsoft.Hosting.Lifetime[0]&#xD;
      Application is shutting down...&#xD;
&#xD;
NUnit Adapter 5.0.0.0: Test execution complete&#xD;
</StdOut>
    </Output>
  </ResultSummary>
</TestRun>