<?xml version="1.0" encoding="utf-8"?>
<TestRun id="96caeab5-a392-414d-bea3-2a5ad69c7f3f" name="bryan@BRY 2026-01-10 00:26:30" runUser="BRY\bryan" xmlns="http://microsoft.com/schemas/VisualStudio/TeamTest/2010">
  <Times creation="2026-01-10T00:26:30.0644208-05:00" queuing="2026-01-10T00:26:30.0644208-05:00" start="2026-01-10T00:26:26.0837195-05:00" finish="2026-01-10T00:27:01.7042192-05:00" />
  <TestSettings name="default" id="1c3003f0-5ff0-4207-9293-7a379da85dd7">
    <Deployment runDeploymentRoot="bryan_BRY_2026-01-10_00_26_30" />
  </TestSettings>
  <Results>
    <UnitTestResult executionId="b15915f1-9646-476e-8e6a-4dcdcf29e586" testId="ad6a8681-87a3-4f90-233c-3c66392aea02" testName="CreateTag_WithValidData_ReturnsCreated" computerName="BRY" duration="00:00:00.5463470" startTime="2026-01-10T00:26:42.0272867-05:00" endTime="2026-01-10T00:26:42.5736336-05:00" testType="13cdc9d9-ddb5-4fa4-a97d-d965ccfc6d4b" outcome="Passed" testListId="8c84fa94-04c1-424b-9868-57a2d4851a1d" relativeResultsDirectory="b15915f1-9646-476e-8e6a-4dcdcf29e586">
      <Output>
        <StdOut>info: WebApi.Configuration.ServiceConfiguration[0]&#xD;
      Environment 'Test' detected. Skipping database registration (tests will configure DbContext separately).&#xD;
info: Microsoft.EntityFrameworkCore.Update[30100]&#xD;
      Saved 0 entities to in-memory store.&#xD;
info: Microsoft.EntityFrameworkCore.Update[30100]&#xD;
      Saved 2 entities to in-memory store.&#xD;
info: Microsoft.EntityFrameworkCore.Update[30100]&#xD;
      Saved 3 entities to in-memory store.&#xD;
info: Microsoft.EntityFrameworkCore.Update[30100]&#xD;
      Saved 4 entities to in-memory store.&#xD;
warn: Microsoft.AspNetCore.HttpsPolicy.HttpsRedirectionMiddleware[3]&#xD;
      Failed to determine the https port for redirect.&#xD;
info: Microsoft.EntityFrameworkCore.Update[30100]&#xD;
      Saved 1 entities to in-memory store.</StdOut>
      </Output>
    </UnitTestResult>
    <UnitTestResult executionId="4eb2343d-2bec-45a2-bf19-041cee969a26" testId="170f085b-4d14-9381-619c-f8380f156725" testName="GetTodoById_WithValidId_ReturnsOk" computerName="BRY" duration="00:00:00.5428610" startTime="2026-01-10T00:26:58.3870278-05:00" endTime="2026-01-10T00:26:58.9298890-05:00" testType="13cdc9d9-ddb5-4fa4-a97d-d965ccfc6d4b" outcome="Passed" testListId="8c84fa94-04c1-424b-9868-57a2d4851a1d" relativeResultsDirectory="4eb2343d-2bec-45a2-bf19-041cee969a26">
      <Output>
        <StdOut>info: WebApi.Configuration.ServiceConfiguration[0]&#xD;
      Environment 'Test' detected. Skipping database registration (tests will configure DbContext separately).&#xD;
info: Microsoft.EntityFrameworkCore.Update[30100]&#xD;
      Saved 0 entities to in-memory store.&#xD;
info: Microsoft.EntityFrameworkCore.Update[30100]&#xD;
      Saved 2 entities to in-memory store.&#xD;
info: Microsoft.EntityFrameworkCore.Update[30100]&#xD;
      Saved 3 entities to in-memory store.&#xD;
info: Microsoft.EntityFrameworkCore.Update[30100]&#xD;
      Saved 4 entities to in-memory store.&#xD;
warn: Microsoft.AspNetCore.HttpsPolicy.HttpsRedirectionMiddleware[3]&#xD;
      Failed to determine the https port for redirect.</StdOut>
      </Output>
    </UnitTestResult>
    <UnitTestResult executionId="a4d5aee2-fdd7-4c8a-8e9a-931199742074" testId="62f22fd2-37ec-2151-5b98-079fd6f29cc8" testName="DeleteTag_WithValidId_ReturnsNoContent" computerName="BRY" duration="00:00:00.6591830" startTime="2026-01-10T00:26:43.9601817-05:00" endTime="2026-01-10T00:26:44.6193653-05:00" testType="13cdc9d9-ddb5-4fa4-a97d-d965ccfc6d4b" outcome="Passed" testListId="8c84fa94-04c1-424b-9868-57a2d4851a1d" relativeResultsDirectory="a4d5aee2-fdd7-4c8a-8e9a-931199742074">
      <Output>
        <StdOut>info: WebApi.Configuration.ServiceConfiguration[0]&#xD;
      Environment 'Test' detected. Skipping database registration (tests will configure DbContext separately).&#xD;
info: Microsoft.EntityFrameworkCore.Update[30100]&#xD;
      Saved 0 entities to in-memory store.&#xD;
info: Microsoft.EntityFrameworkCore.Update[30100]&#xD;
      Saved 2 entities to in-memory store.&#xD;
info: Microsoft.EntityFrameworkCore.Update[30100]&#xD;
      Saved 3 entities to in-memory store.&#xD;
info: Microsoft.EntityFrameworkCore.Update[30100]&#xD;
      Saved 4 entities to in-memory store.&#xD;
warn: Microsoft.AspNetCore.HttpsPolicy.HttpsRedirectionMiddleware[3]&#xD;
      Failed to determine the https port for redirect.&#xD;
info: Microsoft.EntityFrameworkCore.Update[30100]&#xD;
      Saved 1 entities to in-memory store.&#xD;
info: Microsoft.EntityFrameworkCore.Update[30100]&#xD;
      Saved 1 entities to in-memory store.&#xD;
fail: WebApi.Middleware.GlobalExceptionHandlerMiddleware[0]&#xD;
      An unhandled exception occurred: NotFoundException&#xD;
      WebApi.Exceptions.NotFoundException: Tag not found&#xD;
         at WebApi.Controllers.TagsController.GetTagById(Guid id) in C:\Users\bryan\RiderProjects\AspTemplate\src\WebApi\Controllers\TagsController.cs:line 62&#xD;
         at lambda_method862(Closure, Object)&#xD;
         at Microsoft.AspNetCore.Mvc.Infrastructure.ActionMethodExecutor.AwaitableObjectResultExecutor.Execute(ActionContext actionContext, IActionResultTypeMapper mapper, ObjectMethodExecutor executor, Object controller, Object[] arguments)&#xD;
         at Microsoft.AspNetCore.Mvc.Infrastructure.ControllerActionInvoker.&lt;InvokeActionMethodAsync&gt;g__Awaited|12_0(ControllerActionInvoker invoker, ValueTask`1 actionResultValueTask)&#xD;
         at Microsoft.AspNetCore.Mvc.Infrastructure.ControllerActionInvoker.&lt;InvokeNextActionFilterAsync&gt;g__Awaited|10_0(ControllerActionInvoker invoker, Task lastTask, State next, Scope scope, Object state, Boolean isCompleted)&#xD;
         at Microsoft.AspNetCore.Mvc.Infrastructure.ControllerActionInvoker.Rethrow(ActionExecutedContextSealed context)&#xD;
         at Microsoft.AspNetCore.Mvc.Infrastructure.ControllerActionInvoker.Next(State&amp; next, Scope&amp; scope, Object&amp; state, Boolean&amp; isCompleted)&#xD;
         at Microsoft.AspNetCore.Mvc.Infrastructure.ControllerActionInvoker.InvokeInnerFilterAsync()&#xD;
      --- End of stack trace from previous location ---&#xD;
         at Microsoft.AspNetCore.Mvc.Infrastructure.ResourceInvoker.&lt;InvokeFilterPipelineAsync&gt;g__Awaited|20_0(ResourceInvoker invoker, Task lastTask, State next, Scope scope, Object state, Boolean isCompleted)&#xD;
         at Microsoft.AspNetCore.Mvc.Infrastructure.ResourceInvoker.&lt;InvokeAsync&gt;g__Awaited|17_0(ResourceInvoker invoker, Task task, IDisposable scope)&#xD;
         at Microsoft.AspNetCore.Mvc.Infrastructure.ResourceInvoker.&lt;InvokeAsync&gt;g__Awaited|17_0(ResourceInvoker invoker, Task task, IDisposable scope)&#xD;
         at Microsoft.AspNetCore.Authorization.AuthorizationMiddleware.Invoke(HttpContext context)&#xD;
         at Microsoft.AspNetCore.Authentication.AuthenticationMiddleware.Invoke(HttpContext context)&#xD;
         at Swashbuckle.AspNetCore.SwaggerUI.SwaggerUIMiddleware.Invoke(HttpContext httpContext)&#xD;
         at Swashbuckle.AspNetCore.Swagger.SwaggerMiddleware.Invoke(HttpContext httpContext, ISwaggerProvider swaggerProvider)&#xD;
         at WebApi.Middleware.GlobalExceptionHandlerMiddleware.InvokeAsync(HttpContext context) in C:\Users\bryan\RiderProjects\AspTemplate\src\WebApi\Middleware\GlobalExceptionHandlerMiddleware.cs:line 19</StdOut>
      </Output>
    </UnitTestResult>
    <UnitTestResult executionId="f2f24f8d-d02d-4b3e-9d4a-a13c9c90a82f" testId="ce954a5e-3f09-897a-ea8b-80ab253e3712" testName="Login_WithNonExistentUser_ReturnsUnauthorized" computerName="BRY" duration="00:00:00.5788600" startTime="2026-01-10T00:26:36.3077387-05:00" endTime="2026-01-10T00:26:36.8865979-05:00" testType="13cdc9d9-ddb5-4fa4-a97d-d965ccfc6d4b" outcome="Passed" testListId="8c84fa94-04c1-424b-9868-57a2d4851a1d" relativeResultsDirectory="f2f24f8d-d02d-4b3e-9d4a-a13c9c90a82f">
      <Output>
        <StdOut>info: WebApi.Configuration.ServiceConfiguration[0]&#xD;
      Environment 'Test' detected. Skipping database registration (tests will configure DbContext separately).&#xD;
info: Microsoft.EntityFrameworkCore.Update[30100]&#xD;
      Saved 0 entities to in-memory store.&#xD;
info: Microsoft.EntityFrameworkCore.Update[30100]&#xD;
      Saved 2 entities to in-memory store.&#xD;
info: Microsoft.EntityFrameworkCore.Update[30100]&#xD;
      Saved 3 entities to in-memory store.&#xD;
info: Microsoft.EntityFrameworkCore.Update[30100]&#xD;
      Saved 4 entities to in-memory store.&#xD;
warn: Microsoft.AspNetCore.HttpsPolicy.HttpsRedirectionMiddleware[3]&#xD;
      Failed to determine the https port for redirect.&#xD;
fail: WebApi.Middleware.GlobalExceptionHandlerMiddleware[0]&#xD;
      An unhandled exception occurred: UnauthorizedAccessException&#xD;
      System.UnauthorizedAccessException: Invalid username or password&#xD;
         at WebApi.Services.Auth.AuthService.LoginAsync(LoginRequest request) in C:\Users\bryan\RiderProjects\AspTemplate\src\WebApi\Services\Auth\AuthService.cs:line 67&#xD;
         at WebApi.Controllers.AuthController.Login(LoginRequest request) in C:\Users\bryan\RiderProjects\AspTemplate\src\WebApi\Controllers\AuthController.cs:line 79&#xD;
         at lambda_method700(Closure, Object)&#xD;
         at Microsoft.AspNetCore.Mvc.Infrastructure.ActionMethodExecutor.AwaitableObjectResultExecutor.Execute(ActionContext actionContext, IActionResultTypeMapper mapper, ObjectMethodExecutor executor, Object controller, Object[] arguments)&#xD;
         at Microsoft.AspNetCore.Mvc.Infrastructure.ControllerActionInvoker.&lt;InvokeActionMethodAsync&gt;g__Awaited|12_0(ControllerActionInvoker invoker, ValueTask`1 actionResultValueTask)&#xD;
         at Microsoft.AspNetCore.Mvc.Infrastructure.ControllerActionInvoker.&lt;InvokeNextActionFilterAsync&gt;g__Awaited|10_0(ControllerActionInvoker invoker, Task lastTask, State next, Scope scope, Object state, Boolean isCompleted)&#xD;
         at Microsoft.AspNetCore.Mvc.Infrastructure.ControllerActionInvoker.Rethrow(ActionExecutedContextSealed context)&#xD;
         at Microsoft.AspNetCore.Mvc.Infrastructure.ControllerActionInvoker.Next(State&amp; next, Scope&amp; scope, Object&amp; state, Boolean&amp; isCompleted)&#xD;
         at Microsoft.AspNetCore.Mvc.Infrastructure.ControllerActionInvoker.InvokeInnerFilterAsync()&#xD;
      --- End of stack trace from previous location ---&#xD;
         at Microsoft.AspNetCore.Mvc.Infrastructure.ResourceInvoker.&lt;InvokeFilterPipelineAsync&gt;g__Awaited|20_0(ResourceInvoker invoker, Task lastTask, State next, Scope scope, Object state, Boolean isCompleted)&#xD;
         at Microsoft.AspNetCore.Mvc.Infrastructure.ResourceInvoker.&lt;InvokeAsync&gt;g__Awaited|17_0(ResourceInvoker invoker, Task task, IDisposable scope)&#xD;
         at Microsoft.AspNetCore.Mvc.Infrastructure.ResourceInvoker.&lt;InvokeAsync&gt;g__Awaited|17_0(ResourceInvoker invoker, Task task, IDisposable scope)&#xD;
         at Microsoft.AspNetCore.Authorization.AuthorizationMiddleware.Invoke(HttpContext context)&#xD;
         at Microsoft.AspNetCore.Authentication.AuthenticationMiddleware.Invoke(HttpContext context)&#xD;
         at Swashbuckle.AspNetCore.SwaggerUI.SwaggerUIMiddleware.Invoke(HttpContext httpContext)&#xD;
         at Swashbuckle.AspNetCore.Swagger.SwaggerMiddleware.Invoke(HttpContext httpContext, ISwaggerProvider swaggerProvider)&#xD;
         at WebApi.Middleware.GlobalExceptionHandlerMiddleware.InvokeAsync(HttpContext context) in C:\Users\bryan\RiderProjects\AspTemplate\src\WebApi\Middleware\GlobalExceptionHandlerMiddleware.cs:line 19</StdOut>
      </Output>
    </UnitTestResult>
    <UnitTestResult executionId="4e6c58d1-7927-4e76-991e-7ba8ec89c9e0" testId="3d2df3b1-09f9-9a77-26c9-6c7b6d882f8b" testName="Register_WithValidData_ReturnsCreated" computerName="BRY" duration="00:00:01.0215209" startTime="2026-01-10T00:26:38.3339516-05:00" endTime="2026-01-10T00:26:39.3554714-05:00" testType="13cdc9d9-ddb5-4fa4-a97d-d965ccfc6d4b" outcome="Passed" testListId="8c84fa94-04c1-424b-9868-57a2d4851a1d" relativeResultsDirectory="4e6c58d1-7927-4e76-991e-7ba8ec89c9e0">
      <Output>
        <StdOut>info: WebApi.Configuration.ServiceConfiguration[0]&#xD;
      Environment 'Test' detected. Skipping database registration (tests will configure DbContext separately).&#xD;
info: Microsoft.EntityFrameworkCore.Update[30100]&#xD;
      Saved 0 entities to in-memory store.&#xD;
info: Microsoft.EntityFrameworkCore.Update[30100]&#xD;
      Saved 2 entities to in-memory store.&#xD;
info: Microsoft.EntityFrameworkCore.Update[30100]&#xD;
      Saved 3 entities to in-memory store.&#xD;
info: Microsoft.EntityFrameworkCore.Update[30100]&#xD;
      Saved 4 entities to in-memory store.&#xD;
warn: Microsoft.AspNetCore.HttpsPolicy.HttpsRedirectionMiddleware[3]&#xD;
      Failed to determine the https port for redirect.&#xD;
info: Microsoft.EntityFrameworkCore.Update[30100]&#xD;
      Saved 1 entities to in-memory store.&#xD;
info: Microsoft.EntityFrameworkCore.Update[30100]&#xD;
      Saved 1 entities to in-memory store.</StdOut>
      </Output>
    </UnitTestResult>
    <UnitTestResult executionId="09e381ea-11bf-4a23-951c-d70665503d4d" testId="13ad20f4-4b3d-6a51-29c6-5b67aef5bb0f" testName="GetTodoById_WithNonExistentId_ReturnsNotFound" computerName="BRY" duration="00:00:00.5461260" startTime="2026-01-10T00:26:57.8408768-05:00" endTime="2026-01-10T00:26:58.3870021-05:00" testType="13cdc9d9-ddb5-4fa4-a97d-d965ccfc6d4b" outcome="Passed" testListId="8c84fa94-04c1-424b-9868-57a2d4851a1d" relativeResultsDirectory="09e381ea-11bf-4a23-951c-d70665503d4d">
      <Output>
        <StdOut>info: WebApi.Configuration.ServiceConfiguration[0]&#xD;
      Environment 'Test' detected. Skipping database registration (tests will configure DbContext separately).&#xD;
info: Microsoft.EntityFrameworkCore.Update[30100]&#xD;
      Saved 0 entities to in-memory store.&#xD;
info: Microsoft.EntityFrameworkCore.Update[30100]&#xD;
      Saved 2 entities to in-memory store.&#xD;
info: Microsoft.EntityFrameworkCore.Update[30100]&#xD;
      Saved 3 entities to in-memory store.&#xD;
info: Microsoft.EntityFrameworkCore.Update[30100]&#xD;
      Saved 4 entities to in-memory store.&#xD;
warn: Microsoft.AspNetCore.HttpsPolicy.HttpsRedirectionMiddleware[3]&#xD;
      Failed to determine the https port for redirect.&#xD;
fail: WebApi.Middleware.GlobalExceptionHandlerMiddleware[0]&#xD;
      An unhandled exception occurred: NotFoundException&#xD;
      WebApi.Exceptions.NotFoundException: Todo not found&#xD;
         at WebApi.Controllers.TodosController.GetTodoById(Guid id) in C:\Users\bryan\RiderProjects\AspTemplate\src\WebApi\Controllers\TodosController.cs:line 98&#xD;
         at lambda_method1285(Closure, Object)&#xD;
         at Microsoft.AspNetCore.Mvc.Infrastructure.ActionMethodExecutor.AwaitableObjectResultExecutor.Execute(ActionContext actionContext, IActionResultTypeMapper mapper, ObjectMethodExecutor executor, Object controller, Object[] arguments)&#xD;
         at Microsoft.AspNetCore.Mvc.Infrastructure.ControllerActionInvoker.&lt;InvokeActionMethodAsync&gt;g__Awaited|12_0(ControllerActionInvoker invoker, ValueTask`1 actionResultValueTask)&#xD;
         at Microsoft.AspNetCore.Mvc.Infrastructure.ControllerActionInvoker.&lt;InvokeNextActionFilterAsync&gt;g__Awaited|10_0(ControllerActionInvoker invoker, Task lastTask, State next, Scope scope, Object state, Boolean isCompleted)&#xD;
         at Microsoft.AspNetCore.Mvc.Infrastructure.ControllerActionInvoker.Rethrow(ActionExecutedContextSealed context)&#xD;
         at Microsoft.AspNetCore.Mvc.Infrastructure.ControllerActionInvoker.Next(State&amp; next, Scope&amp; scope, Object&amp; state, Boolean&amp; isCompleted)&#xD;
         at Microsoft.AspNetCore.Mvc.Infrastructure.ControllerActionInvoker.InvokeInnerFilterAsync()&#xD;
      --- End of stack trace from previous location ---&#xD;
         at Microsoft.AspNetCore.Mvc.Infrastructure.ResourceInvoker.&lt;InvokeFilterPipelineAsync&gt;g__Awaited|20_0(ResourceInvoker invoker, Task lastTask, State next, Scope scope, Object state, Boolean isCompleted)&#xD;
         at Microsoft.AspNetCore.Mvc.Infrastructure.ResourceInvoker.&lt;InvokeAsync&gt;g__Awaited|17_0(ResourceInvoker invoker, Task task, IDisposable scope)&#xD;
         at Microsoft.AspNetCore.Mvc.Infrastructure.ResourceInvoker.&lt;InvokeAsync&gt;g__Awaited|17_0(ResourceInvoker invoker, Task task, IDisposable scope)&#xD;
         at Microsoft.AspNetCore.Authorization.AuthorizationMiddleware.Invoke(HttpContext context)&#xD;
         at Microsoft.AspNetCore.Authentication.AuthenticationMiddleware.Invoke(HttpContext context)&#xD;
         at Swashbuckle.AspNetCore.SwaggerUI.SwaggerUIMiddleware.Invoke(HttpContext httpContext)&#xD;
         at Swashbuckle.AspNetCore.Swagger.SwaggerMiddleware.Invoke(HttpContext httpContext, ISwaggerProvider swaggerProvider)&#xD;
         at WebApi.Middleware.GlobalExceptionHandlerMiddleware.InvokeAsync(HttpContext context) in C:\Users\bryan\RiderProjects\AspTemplate\src\WebApi\Middleware\GlobalExceptionHandlerMiddleware.cs:line 19</StdOut>
      </Output>
    </UnitTestResult>
    <UnitTestResult executionId="40b6ce33-cfd9-43cc-b9a9-c26a158c26a0" testId="541e5600-48ca-0443-2e9a-8a4a825d29aa" testName="Application_WithInvalidConnectionString_CanStillFunctionWithInMemoryDatabase" computerName="BRY" duration="00:00:03.3068120" startTime="2026-01-10T00:26:26.7138783-05:00" endTime="2026-01-10T00:26:30.0206461-05:00" testType="13cdc9d9-ddb5-4fa4-a97d-d965ccfc6d4b" outcome="Failed" testListId="8c84fa94-04c1-424b-9868-57a2d4851a1d" relativeResultsDirectory="40b6ce33-cfd9-43cc-b9a9-c26a158c26a0">
      <Output>
        <StdOut>info: WebApi.Configuration.ServiceConfiguration[0]&#xD;
      Successfully connected to PostgreSQL using connection string 'DefaultConnection'. Using PostgreSQL database provider.&#xD;
warn: Microsoft.EntityFrameworkCore.Model.Validation[20601]&#xD;
      The 'Priority' property 'Priority' on entity type 'TodoItem' is configured with a database-generated default, but has no configured sentinel value. The database-generated default will always be used for inserts when the property has the value 'Low', since this is the CLR default for the 'Priority' type. Consider using a nullable type, using a nullable backing field, or setting the sentinel value for the property to ensure the database default is used when, and only when, appropriate. See https://aka.ms/efcore-docs-default-values for more information.&#xD;
info: Microsoft.EntityFrameworkCore.Database.Command[20101]&#xD;
      Executed DbCommand (29ms) [Parameters=[], CommandType='Text', CommandTimeout='30']&#xD;
      SELECT "MigrationId", "ProductVersion"&#xD;
      FROM "__EFMigrationsHistory"&#xD;
      ORDER BY "MigrationId";&#xD;
warn: Microsoft.AspNetCore.HttpsPolicy.HttpsRedirectionMiddleware[3]&#xD;
      Failed to determine the https port for redirect.&#xD;
info: Microsoft.EntityFrameworkCore.Database.Command[20101]&#xD;
      Executed DbCommand (28ms) [Parameters=[@__request_Username_0='?'], CommandType='Text', CommandTimeout='30']&#xD;
      SELECT EXISTS (&#xD;
          SELECT 1&#xD;
          FROM asp_template."Users" AS u&#xD;
          WHERE u."Username" = @__request_Username_0)&#xD;
info: Microsoft.EntityFrameworkCore.Database.Command[20101]&#xD;
      Executed DbCommand (17ms) [Parameters=[@__request_Email_0='?'], CommandType='Text', CommandTimeout='30']&#xD;
      SELECT EXISTS (&#xD;
          SELECT 1&#xD;
          FROM asp_template."Users" AS u&#xD;
          WHERE u."Email" = @__request_Email_0)&#xD;
info: Microsoft.EntityFrameworkCore.Database.Command[20101]&#xD;
      Executed DbCommand (20ms) [Parameters=[@p0='?' (DbType = Guid), @p1='?' (DbType = DateTime), @p2='?', @p3='?', @p4='?' (DbType = DateTime), @p5='?'], CommandType='Text', CommandTimeout='30']&#xD;
      INSERT INTO asp_template."Users" ("Id", "CreatedAt", "Email", "PasswordHash", "UpdatedAt", "Username")&#xD;
      VALUES (@p0, @p1, @p2, @p3, @p4, @p5);&#xD;
info: Microsoft.EntityFrameworkCore.Database.Command[20101]&#xD;
      Executed DbCommand (19ms) [Parameters=[@__userId_0='?' (DbType = Guid)], CommandType='Text', CommandTimeout='30']&#xD;
      SELECT r."Id", r."CreatedAt", r."ExpiresAt", r."ReplacedByToken", r."RevocationReason", r."RevokedAt", r."Token", r."UserId"&#xD;
      FROM asp_template."RefreshTokens" AS r&#xD;
      WHERE r."UserId" = @__userId_0 AND r."RevokedAt" IS NULL AND r."ExpiresAt" &gt; now()&#xD;
info: Microsoft.EntityFrameworkCore.Database.Command[20101]&#xD;
      Executed DbCommand (20ms) [Parameters=[@p0='?' (DbType = Guid), @p1='?' (DbType = DateTime), @p2='?' (DbType = DateTime), @p3='?', @p4='?', @p5='?' (DbType = DateTime), @p6='?', @p7='?' (DbType = Guid)], CommandType='Text', CommandTimeout='30']&#xD;
      INSERT INTO asp_template."RefreshTokens" ("Id", "CreatedAt", "ExpiresAt", "ReplacedByToken", "RevocationReason", "RevokedAt", "Token", "UserId")&#xD;
      VALUES (@p0, @p1, @p2, @p3, @p4, @p5, @p6, @p7);&#xD;
     Warning:&#xD;
     The component "Fluent Assertions" is governed by the rules defined in the Xceed License Agreement and&#xD;
     the Xceed Fluent Assertions Community License. You may use Fluent Assertions free of charge for&#xD;
     non-commercial use only. An active subscription is required to use Fluent Assertions for commercial use.&#xD;
&#xD;
     Please contact Xceed Sales mailto:sales@xceed.com to acquire a subscription at a very low cost.&#xD;
&#xD;
     A paid commercial license supports the development and continued increasing support of&#xD;
     Fluent Assertions users under both commercial and community licenses. Help us&#xD;
     keep Fluent Assertions at the forefront of unit testing.&#xD;
&#xD;
     For more information, visit https://xceed.com/products/unit-testing/fluent-assertions/</StdOut>
        <ErrorInfo>
          <Message>Expected dbContext.Database.IsRelational() to be False, but found True.</Message>
          <StackTrace>   at FluentAssertions.Execution.LateBoundTestFramework.Throw(String message)&#xD;
   at FluentAssertions.Execution.DefaultAssertionStrategy.HandleFailure(String message)&#xD;
   at FluentAssertions.Execution.AssertionScope.AddPreFormattedFailure(String formattedFailureMessage)&#xD;
   at FluentAssertions.Execution.AssertionChain.FailWith(Func`1 getFailureReason)&#xD;
   at FluentAssertions.Execution.AssertionChain.FailWith(Func`1 getFailureReason)&#xD;
   at FluentAssertions.Execution.AssertionChain.FailWith(String message, Object[] args)&#xD;
   at FluentAssertions.Primitives.BooleanAssertions`1.BeFalse(String because, Object[] becauseArgs)&#xD;
   at WebApi.Tests.Configuration.DatabaseConfigurationTests.Application_WithInvalidConnectionString_CanStillFunctionWithInMemoryDatabase() in C:\Users\bryan\RiderProjects\AspTemplate\tests\WebApi.Tests\Configuration\DatabaseConfigurationTests.cs:line 127&#xD;
   at NUnit.Framework.Internal.TaskAwaitAdapter.GenericAdapter`1.BlockUntilCompleted()&#xD;
   at NUnit.Framework.Internal.MessagePumpStrategy.NoMessagePumpStrategy.WaitForCompletion(AwaitAdapter awaiter)&#xD;
   at NUnit.Framework.Internal.AsyncToSyncAdapter.Await[TResult](TestExecutionContext context, Func`1 invoke)&#xD;
   at NUnit.Framework.Internal.AsyncToSyncAdapter.Await(TestExecutionContext context, Func`1 invoke)&#xD;
   at NUnit.Framework.Internal.Commands.TestMethodCommand.RunTestMethod(TestExecutionContext context)&#xD;
   at NUnit.Framework.Internal.Commands.TestMethodCommand.Execute(TestExecutionContext context)&#xD;
   at NUnit.Framework.Internal.Execution.SimpleWorkItem.&lt;&gt;c__DisplayClass3_0.&lt;PerformWork&gt;b__0()&#xD;
   at NUnit.Framework.Internal.ContextUtils.&lt;&gt;c__DisplayClass1_0`1.&lt;DoIsolated&gt;b__0(Object _)&#xD;

</StackTrace>
        </ErrorInfo>
      </Output>
    </UnitTestResult>
    <UnitTestResult executionId="c642ae18-fa88-41da-a432-84b9a790cae0" testId="4ced3869-979e-3509-a0e2-2de42f65f1d3" testName="ToggleTodoCompletion_CompletesTodo_ReturnsOk" computerName="BRY" duration="00:00:00.5484900" startTime="2026-01-10T00:26:58.9299134-05:00" endTime="2026-01-10T00:26:59.4784028-05:00" testType="13cdc9d9-ddb5-4fa4-a97d-d965ccfc6d4b" outcome="Passed" testListId="8c84fa94-04c1-424b-9868-57a2d4851a1d" relativeResultsDirectory="c642ae18-fa88-41da-a432-84b9a790cae0">
      <Output>
        <StdOut>info: WebApi.Configuration.ServiceConfiguration[0]&#xD;
      Environment 'Test' detected. Skipping database registration (tests will configure DbContext separately).&#xD;
info: Microsoft.EntityFrameworkCore.Update[30100]&#xD;
      Saved 0 entities to in-memory store.&#xD;
info: Microsoft.EntityFrameworkCore.Update[30100]&#xD;
      Saved 2 entities to in-memory store.&#xD;
info: Microsoft.EntityFrameworkCore.Update[30100]&#xD;
      Saved 3 entities to in-memory store.&#xD;
info: Microsoft.EntityFrameworkCore.Update[30100]&#xD;
      Saved 4 entities to in-memory store.&#xD;
warn: Microsoft.AspNetCore.HttpsPolicy.HttpsRedirectionMiddleware[3]&#xD;
      Failed to determine the https port for redirect.&#xD;
info: Microsoft.EntityFrameworkCore.Update[30100]&#xD;
      Saved 1 entities to in-memory store.</StdOut>
      </Output>
    </UnitTestResult>
    <UnitTestResult executionId="fd107828-2e25-449c-aebb-7ab0e18e65b2" testId="0f17dea0-aee7-4e96-ae32-357e111a4523" testName="TagTodoAssociation_DeleteTag_TodosNoLongerHaveTag" computerName="BRY" duration="00:00:00.5713300" startTime="2026-01-10T00:26:47.7773979-05:00" endTime="2026-01-10T00:26:48.3487277-05:00" testType="13cdc9d9-ddb5-4fa4-a97d-d965ccfc6d4b" outcome="Passed" testListId="8c84fa94-04c1-424b-9868-57a2d4851a1d" relativeResultsDirectory="fd107828-2e25-449c-aebb-7ab0e18e65b2">
      <Output>
        <StdOut>info: WebApi.Configuration.ServiceConfiguration[0]&#xD;
      Environment 'Test' detected. Skipping database registration (tests will configure DbContext separately).&#xD;
info: Microsoft.EntityFrameworkCore.Update[30100]&#xD;
      Saved 0 entities to in-memory store.&#xD;
info: Microsoft.EntityFrameworkCore.Update[30100]&#xD;
      Saved 2 entities to in-memory store.&#xD;
info: Microsoft.EntityFrameworkCore.Update[30100]&#xD;
      Saved 3 entities to in-memory store.&#xD;
info: Microsoft.EntityFrameworkCore.Update[30100]&#xD;
      Saved 4 entities to in-memory store.&#xD;
warn: Microsoft.AspNetCore.HttpsPolicy.HttpsRedirectionMiddleware[3]&#xD;
      Failed to determine the https port for redirect.&#xD;
info: Microsoft.EntityFrameworkCore.Update[30100]&#xD;
      Saved 1 entities to in-memory store.&#xD;
info: Microsoft.EntityFrameworkCore.Update[30100]&#xD;
      Saved 2 entities to in-memory store.&#xD;
info: Microsoft.EntityFrameworkCore.Update[30100]&#xD;
      Saved 1 entities to in-memory store.&#xD;
info: Microsoft.EntityFrameworkCore.Update[30100]&#xD;
      Saved 1 entities to in-memory store.</StdOut>
      </Output>
    </UnitTestResult>
    <UnitTestResult executionId="660d6180-b422-4e69-99fc-27dcd0a77f5b" testId="36d22c23-6c28-51fc-9cf2-17f2d002872d" testName="UpdateTag_OtherUsersTag_ReturnsNotFound" computerName="BRY" duration="00:00:00.6160130" startTime="2026-01-10T00:26:48.9237325-05:00" endTime="2026-01-10T00:26:49.5397453-05:00" testType="13cdc9d9-ddb5-4fa4-a97d-d965ccfc6d4b" outcome="Passed" testListId="8c84fa94-04c1-424b-9868-57a2d4851a1d" relativeResultsDirectory="660d6180-b422-4e69-99fc-27dcd0a77f5b">
      <Output>
        <StdOut>info: WebApi.Configuration.ServiceConfiguration[0]&#xD;
      Environment 'Test' detected. Skipping database registration (tests will configure DbContext separately).&#xD;
info: Microsoft.EntityFrameworkCore.Update[30100]&#xD;
      Saved 0 entities to in-memory store.&#xD;
info: Microsoft.EntityFrameworkCore.Update[30100]&#xD;
      Saved 2 entities to in-memory store.&#xD;
info: Microsoft.EntityFrameworkCore.Update[30100]&#xD;
      Saved 3 entities to in-memory store.&#xD;
info: Microsoft.EntityFrameworkCore.Update[30100]&#xD;
      Saved 4 entities to in-memory store.&#xD;
warn: Microsoft.AspNetCore.HttpsPolicy.HttpsRedirectionMiddleware[3]&#xD;
      Failed to determine the https port for redirect.&#xD;
fail: WebApi.Middleware.GlobalExceptionHandlerMiddleware[0]&#xD;
      An unhandled exception occurred: NotFoundException&#xD;
      WebApi.Exceptions.NotFoundException: Tag not found&#xD;
         at WebApi.Controllers.TagsController.UpdateTag(Guid id, UpdateTagRequest request) in C:\Users\bryan\RiderProjects\AspTemplate\src\WebApi\Controllers\TagsController.cs:line 134&#xD;
         at lambda_method1042(Closure, Object)&#xD;
         at Microsoft.AspNetCore.Mvc.Infrastructure.ActionMethodExecutor.AwaitableObjectResultExecutor.Execute(ActionContext actionContext, IActionResultTypeMapper mapper, ObjectMethodExecutor executor, Object controller, Object[] arguments)&#xD;
         at Microsoft.AspNetCore.Mvc.Infrastructure.ControllerActionInvoker.&lt;InvokeActionMethodAsync&gt;g__Awaited|12_0(ControllerActionInvoker invoker, ValueTask`1 actionResultValueTask)&#xD;
         at Microsoft.AspNetCore.Mvc.Infrastructure.ControllerActionInvoker.&lt;InvokeNextActionFilterAsync&gt;g__Awaited|10_0(ControllerActionInvoker invoker, Task lastTask, State next, Scope scope, Object state, Boolean isCompleted)&#xD;
         at Microsoft.AspNetCore.Mvc.Infrastructure.ControllerActionInvoker.Rethrow(ActionExecutedContextSealed context)&#xD;
         at Microsoft.AspNetCore.Mvc.Infrastructure.ControllerActionInvoker.Next(State&amp; next, Scope&amp; scope, Object&amp; state, Boolean&amp; isCompleted)&#xD;
         at Microsoft.AspNetCore.Mvc.Infrastructure.ControllerActionInvoker.InvokeInnerFilterAsync()&#xD;
      --- End of stack trace from previous location ---&#xD;
         at Microsoft.AspNetCore.Mvc.Infrastructure.ResourceInvoker.&lt;InvokeFilterPipelineAsync&gt;g__Awaited|20_0(ResourceInvoker invoker, Task lastTask, State next, Scope scope, Object state, Boolean isCompleted)&#xD;
         at Microsoft.AspNetCore.Mvc.Infrastructure.ResourceInvoker.&lt;InvokeAsync&gt;g__Awaited|17_0(ResourceInvoker invoker, Task task, IDisposable scope)&#xD;
         at Microsoft.AspNetCore.Mvc.Infrastructure.ResourceInvoker.&lt;InvokeAsync&gt;g__Awaited|17_0(ResourceInvoker invoker, Task task, IDisposable scope)&#xD;
         at Microsoft.AspNetCore.Authorization.AuthorizationMiddleware.Invoke(HttpContext context)&#xD;
         at Microsoft.AspNetCore.Authentication.AuthenticationMiddleware.Invoke(HttpContext context)&#xD;
         at Swashbuckle.AspNetCore.SwaggerUI.SwaggerUIMiddleware.Invoke(HttpContext httpContext)&#xD;
         at Swashbuckle.AspNetCore.Swagger.SwaggerMiddleware.Invoke(HttpContext httpContext, ISwaggerProvider swaggerProvider)&#xD;
         at WebApi.Middleware.GlobalExceptionHandlerMiddleware.InvokeAsync(HttpContext context) in C:\Users\bryan\RiderProjects\AspTemplate\src\WebApi\Middleware\GlobalExceptionHandlerMiddleware.cs:line 19</StdOut>
      </Output>
    </UnitTestResult>
    <UnitTestResult executionId="1a88829e-8d7d-4eda-98af-0147fdf79148" testId="c16f4c4c-dfc1-3117-1bc1-c6d7f41483e3" testName="GetTagById_WithValidId_ReturnsOk" computerName="BRY" duration="00:00:00.5687580" startTime="2026-01-10T00:26:46.5996418-05:00" endTime="2026-01-10T00:26:47.1683999-05:00" testType="13cdc9d9-ddb5-4fa4-a97d-d965ccfc6d4b" outcome="Passed" testListId="8c84fa94-04c1-424b-9868-57a2d4851a1d" relativeResultsDirectory="1a88829e-8d7d-4eda-98af-0147fdf79148">
      <Output>
        <StdOut>info: WebApi.Configuration.ServiceConfiguration[0]&#xD;
      Environment 'Test' detected. Skipping database registration (tests will configure DbContext separately).&#xD;
info: Microsoft.EntityFrameworkCore.Update[30100]&#xD;
      Saved 0 entities to in-memory store.&#xD;
info: Microsoft.EntityFrameworkCore.Update[30100]&#xD;
      Saved 2 entities to in-memory store.&#xD;
info: Microsoft.EntityFrameworkCore.Update[30100]&#xD;
      Saved 3 entities to in-memory store.&#xD;
info: Microsoft.EntityFrameworkCore.Update[30100]&#xD;
      Saved 4 entities to in-memory store.&#xD;
warn: Microsoft.AspNetCore.HttpsPolicy.HttpsRedirectionMiddleware[3]&#xD;
      Failed to determine the https port for redirect.</StdOut>
      </Output>
    </UnitTestResult>
    <UnitTestResult executionId="4389bcca-7ee0-4213-b5ab-65322fc04bd4" testId="0aa5205f-24d5-2f5c-b22f-82aa385fe598" testName="ConfigureDatabase_WithInvalidConnectionString_FallsBackToInMemory" computerName="BRY" duration="00:00:02.7706019" startTime="2026-01-10T00:26:30.0216704-05:00" endTime="2026-01-10T00:26:32.7922720-05:00" testType="13cdc9d9-ddb5-4fa4-a97d-d965ccfc6d4b" outcome="Passed" testListId="8c84fa94-04c1-424b-9868-57a2d4851a1d" relativeResultsDirectory="4389bcca-7ee0-4213-b5ab-65322fc04bd4">
      <Output>
        <StdOut>warn: WebApi.Configuration.ServiceConfiguration[0]&#xD;
      PostgreSQL connection test for 'DefaultConnection' returned false. Falling back to in-memory database.&#xD;
info: WebApi.Configuration.ServiceConfiguration[0]&#xD;
      Using in-memory database provider 'FallbackInMemoryDatabase' due to PostgreSQL connection issues.</StdOut>
      </Output>
    </UnitTestResult>
    <UnitTestResult executionId="3db612f7-ba40-493a-88cd-26d089edf523" testId="1e58fb82-af13-232d-d5b3-6aab89ce125a" testName="UpdateTodo_OtherUsersTodo_ReturnsNotFound" computerName="BRY" duration="00:00:00.5333440" startTime="2026-01-10T00:27:00.5770025-05:00" endTime="2026-01-10T00:27:01.1103460-05:00" testType="13cdc9d9-ddb5-4fa4-a97d-d965ccfc6d4b" outcome="Passed" testListId="8c84fa94-04c1-424b-9868-57a2d4851a1d" relativeResultsDirectory="3db612f7-ba40-493a-88cd-26d089edf523">
      <Output>
        <StdOut>info: WebApi.Configuration.ServiceConfiguration[0]&#xD;
      Environment 'Test' detected. Skipping database registration (tests will configure DbContext separately).&#xD;
info: Microsoft.EntityFrameworkCore.Update[30100]&#xD;
      Saved 0 entities to in-memory store.&#xD;
info: Microsoft.EntityFrameworkCore.Update[30100]&#xD;
      Saved 2 entities to in-memory store.&#xD;
info: Microsoft.EntityFrameworkCore.Update[30100]&#xD;
      Saved 3 entities to in-memory store.&#xD;
info: Microsoft.EntityFrameworkCore.Update[30100]&#xD;
      Saved 4 entities to in-memory store.&#xD;
warn: Microsoft.AspNetCore.HttpsPolicy.HttpsRedirectionMiddleware[3]&#xD;
      Failed to determine the https port for redirect.&#xD;
fail: WebApi.Middleware.GlobalExceptionHandlerMiddleware[0]&#xD;
      An unhandled exception occurred: NotFoundException&#xD;
      WebApi.Exceptions.NotFoundException: Todo not found&#xD;
         at WebApi.Controllers.TodosController.UpdateTodo(Guid id, UpdateTodoRequest request) in C:\Users\bryan\RiderProjects\AspTemplate\src\WebApi\Controllers\TodosController.cs:line 172&#xD;
         at lambda_method1345(Closure, Object)&#xD;
         at Microsoft.AspNetCore.Mvc.Infrastructure.ActionMethodExecutor.AwaitableObjectResultExecutor.Execute(ActionContext actionContext, IActionResultTypeMapper mapper, ObjectMethodExecutor executor, Object controller, Object[] arguments)&#xD;
         at Microsoft.AspNetCore.Mvc.Infrastructure.ControllerActionInvoker.&lt;InvokeActionMethodAsync&gt;g__Awaited|12_0(ControllerActionInvoker invoker, ValueTask`1 actionResultValueTask)&#xD;
         at Microsoft.AspNetCore.Mvc.Infrastructure.ControllerActionInvoker.&lt;InvokeNextActionFilterAsync&gt;g__Awaited|10_0(ControllerActionInvoker invoker, Task lastTask, State next, Scope scope, Object state, Boolean isCompleted)&#xD;
         at Microsoft.AspNetCore.Mvc.Infrastructure.ControllerActionInvoker.Rethrow(ActionExecutedContextSealed context)&#xD;
         at Microsoft.AspNetCore.Mvc.Infrastructure.ControllerActionInvoker.Next(State&amp; next, Scope&amp; scope, Object&amp; state, Boolean&amp; isCompleted)&#xD;
         at Microsoft.AspNetCore.Mvc.Infrastructure.ControllerActionInvoker.InvokeInnerFilterAsync()&#xD;
      --- End of stack trace from previous location ---&#xD;
         at Microsoft.AspNetCore.Mvc.Infrastructure.ResourceInvoker.&lt;InvokeFilterPipelineAsync&gt;g__Awaited|20_0(ResourceInvoker invoker, Task lastTask, State next, Scope scope, Object state, Boolean isCompleted)&#xD;
         at Microsoft.AspNetCore.Mvc.Infrastructure.ResourceInvoker.&lt;InvokeAsync&gt;g__Awaited|17_0(ResourceInvoker invoker, Task task, IDisposable scope)&#xD;
         at Microsoft.AspNetCore.Mvc.Infrastructure.ResourceInvoker.&lt;InvokeAsync&gt;g__Awaited|17_0(ResourceInvoker invoker, Task task, IDisposable scope)&#xD;
         at Microsoft.AspNetCore.Authorization.AuthorizationMiddleware.Invoke(HttpContext context)&#xD;
         at Microsoft.AspNetCore.Authentication.AuthenticationMiddleware.Invoke(HttpContext context)&#xD;
         at Swashbuckle.AspNetCore.SwaggerUI.SwaggerUIMiddleware.Invoke(HttpContext httpContext)&#xD;
         at Swashbuckle.AspNetCore.Swagger.SwaggerMiddleware.Invoke(HttpContext httpContext, ISwaggerProvider swaggerProvider)&#xD;
         at WebApi.Middleware.GlobalExceptionHandlerMiddleware.InvokeAsync(HttpContext context) in C:\Users\bryan\RiderProjects\AspTemplate\src\WebApi\Middleware\GlobalExceptionHandlerMiddleware.cs:line 19</StdOut>
      </Output>
    </UnitTestResult>
    <UnitTestResult executionId="afbb9727-2197-4b85-a6e8-b24ae618cabb" testId="070eab8d-bda3-e750-9670-5aae1a01453c" testName="GetCurrentUser_WithInvalidToken_ReturnsUnauthorized" computerName="BRY" duration="00:00:00.7536380" startTime="2026-01-10T00:26:32.8538299-05:00" endTime="2026-01-10T00:26:33.6074667-05:00" testType="13cdc9d9-ddb5-4fa4-a97d-d965ccfc6d4b" outcome="Passed" testListId="8c84fa94-04c1-424b-9868-57a2d4851a1d" relativeResultsDirectory="afbb9727-2197-4b85-a6e8-b24ae618cabb">
      <Output>
        <StdOut>info: WebApi.Configuration.ServiceConfiguration[0]&#xD;
      Environment 'Test' detected. Skipping database registration (tests will configure DbContext separately).&#xD;
info: Microsoft.EntityFrameworkCore.Update[30100]&#xD;
      Saved 0 entities to in-memory store.&#xD;
info: Microsoft.EntityFrameworkCore.Update[30100]&#xD;
      Saved 2 entities to in-memory store.&#xD;
info: Microsoft.EntityFrameworkCore.Update[30100]&#xD;
      Saved 3 entities to in-memory store.&#xD;
info: Microsoft.EntityFrameworkCore.Update[30100]&#xD;
      Saved 4 entities to in-memory store.&#xD;
warn: Microsoft.AspNetCore.HttpsPolicy.HttpsRedirectionMiddleware[3]&#xD;
      Failed to determine the https port for redirect.</StdOut>
      </Output>
    </UnitTestResult>
    <UnitTestResult executionId="b3968e35-3906-448f-a827-e85f66c3f317" testId="b418978f-ed80-fd97-0064-5fc48ff096bb" testName="Register_WithWeakPassword_ReturnsBadRequest" computerName="BRY" duration="00:00:00.7709859" startTime="2026-01-10T00:26:39.3555076-05:00" endTime="2026-01-10T00:26:40.1264929-05:00" testType="13cdc9d9-ddb5-4fa4-a97d-d965ccfc6d4b" outcome="Passed" testListId="8c84fa94-04c1-424b-9868-57a2d4851a1d" relativeResultsDirectory="b3968e35-3906-448f-a827-e85f66c3f317">
      <Output>
        <StdOut>info: WebApi.Configuration.ServiceConfiguration[0]&#xD;
      Environment 'Test' detected. Skipping database registration (tests will configure DbContext separately).&#xD;
info: Microsoft.EntityFrameworkCore.Update[30100]&#xD;
      Saved 0 entities to in-memory store.&#xD;
info: Microsoft.EntityFrameworkCore.Update[30100]&#xD;
      Saved 2 entities to in-memory store.&#xD;
info: Microsoft.EntityFrameworkCore.Update[30100]&#xD;
      Saved 3 entities to in-memory store.&#xD;
info: Microsoft.EntityFrameworkCore.Update[30100]&#xD;
      Saved 4 entities to in-memory store.&#xD;
warn: Microsoft.AspNetCore.HttpsPolicy.HttpsRedirectionMiddleware[3]&#xD;
      Failed to determine the https port for redirect.</StdOut>
      </Output>
    </UnitTestResult>
    <UnitTestResult executionId="452a5eeb-00a5-4bbd-b148-1b6e6a1310f9" testId="a086287a-e541-fe3e-0828-42d6461fdd5d" testName="TagTodoAssociation_CreateTodoWithTags_TagsAreAssociated" computerName="BRY" duration="00:00:00.6089380" startTime="2026-01-10T00:26:47.1684264-05:00" endTime="2026-01-10T00:26:47.7773650-05:00" testType="13cdc9d9-ddb5-4fa4-a97d-d965ccfc6d4b" outcome="Passed" testListId="8c84fa94-04c1-424b-9868-57a2d4851a1d" relativeResultsDirectory="452a5eeb-00a5-4bbd-b148-1b6e6a1310f9">
      <Output>
        <StdOut>info: WebApi.Configuration.ServiceConfiguration[0]&#xD;
      Environment 'Test' detected. Skipping database registration (tests will configure DbContext separately).&#xD;
info: Microsoft.EntityFrameworkCore.Update[30100]&#xD;
      Saved 0 entities to in-memory store.&#xD;
info: Microsoft.EntityFrameworkCore.Update[30100]&#xD;
      Saved 2 entities to in-memory store.&#xD;
info: Microsoft.EntityFrameworkCore.Update[30100]&#xD;
      Saved 3 entities to in-memory store.&#xD;
info: Microsoft.EntityFrameworkCore.Update[30100]&#xD;
      Saved 4 entities to in-memory store.&#xD;
warn: Microsoft.AspNetCore.HttpsPolicy.HttpsRedirectionMiddleware[3]&#xD;
      Failed to determine the https port for redirect.&#xD;
info: Microsoft.EntityFrameworkCore.Update[30100]&#xD;
      Saved 3 entities to in-memory store.</StdOut>
      </Output>
    </UnitTestResult>
    <UnitTestResult executionId="e9594381-ebab-42e6-8104-63a4e3008e10" testId="ade7ea0c-667f-727a-f908-ccdad3c03d59" testName="DeleteTodo_NonExistentId_ReturnsNotFound" computerName="BRY" duration="00:00:00.5490810" startTime="2026-01-10T00:26:52.6091127-05:00" endTime="2026-01-10T00:26:53.1581930-05:00" testType="13cdc9d9-ddb5-4fa4-a97d-d965ccfc6d4b" outcome="Passed" testListId="8c84fa94-04c1-424b-9868-57a2d4851a1d" relativeResultsDirectory="e9594381-ebab-42e6-8104-63a4e3008e10">
      <Output>
        <StdOut>info: WebApi.Configuration.ServiceConfiguration[0]&#xD;
      Environment 'Test' detected. Skipping database registration (tests will configure DbContext separately).&#xD;
info: Microsoft.EntityFrameworkCore.Update[30100]&#xD;
      Saved 0 entities to in-memory store.&#xD;
info: Microsoft.EntityFrameworkCore.Update[30100]&#xD;
      Saved 2 entities to in-memory store.&#xD;
info: Microsoft.EntityFrameworkCore.Update[30100]&#xD;
      Saved 3 entities to in-memory store.&#xD;
info: Microsoft.EntityFrameworkCore.Update[30100]&#xD;
      Saved 4 entities to in-memory store.&#xD;
warn: Microsoft.AspNetCore.HttpsPolicy.HttpsRedirectionMiddleware[3]&#xD;
      Failed to determine the https port for redirect.&#xD;
fail: WebApi.Middleware.GlobalExceptionHandlerMiddleware[0]&#xD;
      An unhandled exception occurred: NotFoundException&#xD;
      WebApi.Exceptions.NotFoundException: Todo not found&#xD;
         at WebApi.Controllers.TodosController.DeleteTodo(Guid id) in C:\Users\bryan\RiderProjects\AspTemplate\src\WebApi\Controllers\TodosController.cs:line 230&#xD;
         at Microsoft.AspNetCore.Mvc.Infrastructure.ActionMethodExecutor.TaskOfIActionResultExecutor.Execute(ActionContext actionContext, IActionResultTypeMapper mapper, ObjectMethodExecutor executor, Object controller, Object[] arguments)&#xD;
         at Microsoft.AspNetCore.Mvc.Infrastructure.ControllerActionInvoker.&lt;InvokeActionMethodAsync&gt;g__Awaited|12_0(ControllerActionInvoker invoker, ValueTask`1 actionResultValueTask)&#xD;
         at Microsoft.AspNetCore.Mvc.Infrastructure.ControllerActionInvoker.&lt;InvokeNextActionFilterAsync&gt;g__Awaited|10_0(ControllerActionInvoker invoker, Task lastTask, State next, Scope scope, Object state, Boolean isCompleted)&#xD;
         at Microsoft.AspNetCore.Mvc.Infrastructure.ControllerActionInvoker.Rethrow(ActionExecutedContextSealed context)&#xD;
         at Microsoft.AspNetCore.Mvc.Infrastructure.ControllerActionInvoker.Next(State&amp; next, Scope&amp; scope, Object&amp; state, Boolean&amp; isCompleted)&#xD;
         at Microsoft.AspNetCore.Mvc.Infrastructure.ControllerActionInvoker.InvokeInnerFilterAsync()&#xD;
      --- End of stack trace from previous location ---&#xD;
         at Microsoft.AspNetCore.Mvc.Infrastructure.ResourceInvoker.&lt;InvokeFilterPipelineAsync&gt;g__Awaited|20_0(ResourceInvoker invoker, Task lastTask, State next, Scope scope, Object state, Boolean isCompleted)&#xD;
         at Microsoft.AspNetCore.Mvc.Infrastructure.ResourceInvoker.&lt;InvokeAsync&gt;g__Awaited|17_0(ResourceInvoker invoker, Task task, IDisposable scope)&#xD;
         at Microsoft.AspNetCore.Mvc.Infrastructure.ResourceInvoker.&lt;InvokeAsync&gt;g__Awaited|17_0(ResourceInvoker invoker, Task task, IDisposable scope)&#xD;
         at Microsoft.AspNetCore.Authorization.AuthorizationMiddleware.Invoke(HttpContext context)&#xD;
         at Microsoft.AspNetCore.Authentication.AuthenticationMiddleware.Invoke(HttpContext context)&#xD;
         at Swashbuckle.AspNetCore.SwaggerUI.SwaggerUIMiddleware.Invoke(HttpContext httpContext)&#xD;
         at Swashbuckle.AspNetCore.Swagger.SwaggerMiddleware.Invoke(HttpContext httpContext, ISwaggerProvider swaggerProvider)&#xD;
         at WebApi.Middleware.GlobalExceptionHandlerMiddleware.InvokeAsync(HttpContext context) in C:\Users\bryan\RiderProjects\AspTemplate\src\WebApi\Middleware\GlobalExceptionHandlerMiddleware.cs:line 19</StdOut>
      </Output>
    </UnitTestResult>
    <UnitTestResult executionId="6fdad193-38bc-4ac0-9fbe-238946aa77bd" testId="10ba1788-00cd-acc8-2613-846c416f114e" testName="Register_WithDuplicateUsername_ReturnsConflict" computerName="BRY" duration="00:00:00.6228820" startTime="2026-01-10T00:26:37.7110289-05:00" endTime="2026-01-10T00:26:38.3339112-05:00" testType="13cdc9d9-ddb5-4fa4-a97d-d965ccfc6d4b" outcome="Passed" testListId="8c84fa94-04c1-424b-9868-57a2d4851a1d" relativeResultsDirectory="6fdad193-38bc-4ac0-9fbe-238946aa77bd">
      <Output>
        <StdOut>info: WebApi.Configuration.ServiceConfiguration[0]&#xD;
      Environment 'Test' detected. Skipping database registration (tests will configure DbContext separately).&#xD;
info: Microsoft.EntityFrameworkCore.Update[30100]&#xD;
      Saved 0 entities to in-memory store.&#xD;
info: Microsoft.EntityFrameworkCore.Update[30100]&#xD;
      Saved 2 entities to in-memory store.&#xD;
info: Microsoft.EntityFrameworkCore.Update[30100]&#xD;
      Saved 3 entities to in-memory store.&#xD;
info: Microsoft.EntityFrameworkCore.Update[30100]&#xD;
      Saved 4 entities to in-memory store.&#xD;
warn: Microsoft.AspNetCore.HttpsPolicy.HttpsRedirectionMiddleware[3]&#xD;
      Failed to determine the https port for redirect.&#xD;
fail: WebApi.Middleware.GlobalExceptionHandlerMiddleware[0]&#xD;
      An unhandled exception occurred: ConflictException&#xD;
      WebApi.Exceptions.ConflictException: Username already exists&#xD;
         at WebApi.Services.Auth.AuthService.RegisterAsync(RegisterRequest request) in C:\Users\bryan\RiderProjects\AspTemplate\src\WebApi\Services\Auth\AuthService.cs:line 29&#xD;
         at WebApi.Controllers.AuthController.Register(RegisterRequest request) in C:\Users\bryan\RiderProjects\AspTemplate\src\WebApi\Controllers\AuthController.cs:line 52&#xD;
         at lambda_method720(Closure, Object)&#xD;
         at Microsoft.AspNetCore.Mvc.Infrastructure.ActionMethodExecutor.AwaitableObjectResultExecutor.Execute(ActionContext actionContext, IActionResultTypeMapper mapper, ObjectMethodExecutor executor, Object controller, Object[] arguments)&#xD;
         at Microsoft.AspNetCore.Mvc.Infrastructure.ControllerActionInvoker.&lt;InvokeActionMethodAsync&gt;g__Awaited|12_0(ControllerActionInvoker invoker, ValueTask`1 actionResultValueTask)&#xD;
         at Microsoft.AspNetCore.Mvc.Infrastructure.ControllerActionInvoker.&lt;InvokeNextActionFilterAsync&gt;g__Awaited|10_0(ControllerActionInvoker invoker, Task lastTask, State next, Scope scope, Object state, Boolean isCompleted)&#xD;
         at Microsoft.AspNetCore.Mvc.Infrastructure.ControllerActionInvoker.Rethrow(ActionExecutedContextSealed context)&#xD;
         at Microsoft.AspNetCore.Mvc.Infrastructure.ControllerActionInvoker.Next(State&amp; next, Scope&amp; scope, Object&amp; state, Boolean&amp; isCompleted)&#xD;
         at Microsoft.AspNetCore.Mvc.Infrastructure.ControllerActionInvoker.InvokeInnerFilterAsync()&#xD;
      --- End of stack trace from previous location ---&#xD;
         at Microsoft.AspNetCore.Mvc.Infrastructure.ResourceInvoker.&lt;InvokeFilterPipelineAsync&gt;g__Awaited|20_0(ResourceInvoker invoker, Task lastTask, State next, Scope scope, Object state, Boolean isCompleted)&#xD;
         at Microsoft.AspNetCore.Mvc.Infrastructure.ResourceInvoker.&lt;InvokeAsync&gt;g__Awaited|17_0(ResourceInvoker invoker, Task task, IDisposable scope)&#xD;
         at Microsoft.AspNetCore.Mvc.Infrastructure.ResourceInvoker.&lt;InvokeAsync&gt;g__Awaited|17_0(ResourceInvoker invoker, Task task, IDisposable scope)&#xD;
         at Microsoft.AspNetCore.Authorization.AuthorizationMiddleware.Invoke(HttpContext context)&#xD;
         at Microsoft.AspNetCore.Authentication.AuthenticationMiddleware.Invoke(HttpContext context)&#xD;
         at Swashbuckle.AspNetCore.SwaggerUI.SwaggerUIMiddleware.Invoke(HttpContext httpContext)&#xD;
         at Swashbuckle.AspNetCore.Swagger.SwaggerMiddleware.Invoke(HttpContext httpContext, ISwaggerProvider swaggerProvider)&#xD;
         at WebApi.Middleware.GlobalExceptionHandlerMiddleware.InvokeAsync(HttpContext context) in C:\Users\bryan\RiderProjects\AspTemplate\src\WebApi\Middleware\GlobalExceptionHandlerMiddleware.cs:line 19</StdOut>
      </Output>
    </UnitTestResult>
    <UnitTestResult executionId="0c7fb16f-bed6-4236-b7ca-306f1f98ab40" testId="5b558c79-4ca8-fee5-16d9-08cbe297452d" testName="GetCurrentUser_WithoutToken_ReturnsUnauthorized" computerName="BRY" duration="00:00:00.5421940" startTime="2026-01-10T00:26:33.6075018-05:00" endTime="2026-01-10T00:26:34.1496961-05:00" testType="13cdc9d9-ddb5-4fa4-a97d-d965ccfc6d4b" outcome="Passed" testListId="8c84fa94-04c1-424b-9868-57a2d4851a1d" relativeResultsDirectory="0c7fb16f-bed6-4236-b7ca-306f1f98ab40">
      <Output>
        <StdOut>info: WebApi.Configuration.ServiceConfiguration[0]&#xD;
      Environment 'Test' detected. Skipping database registration (tests will configure DbContext separately).&#xD;
info: Microsoft.EntityFrameworkCore.Update[30100]&#xD;
      Saved 0 entities to in-memory store.&#xD;
info: Microsoft.EntityFrameworkCore.Update[30100]&#xD;
      Saved 2 entities to in-memory store.&#xD;
info: Microsoft.EntityFrameworkCore.Update[30100]&#xD;
      Saved 3 entities to in-memory store.&#xD;
info: Microsoft.EntityFrameworkCore.Update[30100]&#xD;
      Saved 4 entities to in-memory store.&#xD;
warn: Microsoft.AspNetCore.HttpsPolicy.HttpsRedirectionMiddleware[3]&#xD;
      Failed to determine the https port for redirect.</StdOut>
      </Output>
    </UnitTestResult>
    <UnitTestResult executionId="5e346973-1bf2-4385-83d1-69cbc40cfaa8" testId="f1f92d68-7423-2cde-131d-e6213eb5b2a2" testName="UpdateTodo_NonExistentId_ReturnsNotFound" computerName="BRY" duration="00:00:00.5586780" startTime="2026-01-10T00:27:00.0182914-05:00" endTime="2026-01-10T00:27:00.5769690-05:00" testType="13cdc9d9-ddb5-4fa4-a97d-d965ccfc6d4b" outcome="Passed" testListId="8c84fa94-04c1-424b-9868-57a2d4851a1d" relativeResultsDirectory="5e346973-1bf2-4385-83d1-69cbc40cfaa8">
      <Output>
        <StdOut>info: WebApi.Configuration.ServiceConfiguration[0]&#xD;
      Environment 'Test' detected. Skipping database registration (tests will configure DbContext separately).&#xD;
info: Microsoft.EntityFrameworkCore.Update[30100]&#xD;
      Saved 0 entities to in-memory store.&#xD;
info: Microsoft.EntityFrameworkCore.Update[30100]&#xD;
      Saved 2 entities to in-memory store.&#xD;
info: Microsoft.EntityFrameworkCore.Update[30100]&#xD;
      Saved 3 entities to in-memory store.&#xD;
info: Microsoft.EntityFrameworkCore.Update[30100]&#xD;
      Saved 4 entities to in-memory store.&#xD;
warn: Microsoft.AspNetCore.HttpsPolicy.HttpsRedirectionMiddleware[3]&#xD;
      Failed to determine the https port for redirect.&#xD;
fail: WebApi.Middleware.GlobalExceptionHandlerMiddleware[0]&#xD;
      An unhandled exception occurred: NotFoundException&#xD;
      WebApi.Exceptions.NotFoundException: Todo not found&#xD;
         at WebApi.Controllers.TodosController.UpdateTodo(Guid id, UpdateTodoRequest request) in C:\Users\bryan\RiderProjects\AspTemplate\src\WebApi\Controllers\TodosController.cs:line 172&#xD;
         at lambda_method1335(Closure, Object)&#xD;
         at Microsoft.AspNetCore.Mvc.Infrastructure.ActionMethodExecutor.AwaitableObjectResultExecutor.Execute(ActionContext actionContext, IActionResultTypeMapper mapper, ObjectMethodExecutor executor, Object controller, Object[] arguments)&#xD;
         at Microsoft.AspNetCore.Mvc.Infrastructure.ControllerActionInvoker.&lt;InvokeActionMethodAsync&gt;g__Awaited|12_0(ControllerActionInvoker invoker, ValueTask`1 actionResultValueTask)&#xD;
         at Microsoft.AspNetCore.Mvc.Infrastructure.ControllerActionInvoker.&lt;InvokeNextActionFilterAsync&gt;g__Awaited|10_0(ControllerActionInvoker invoker, Task lastTask, State next, Scope scope, Object state, Boolean isCompleted)&#xD;
         at Microsoft.AspNetCore.Mvc.Infrastructure.ControllerActionInvoker.Rethrow(ActionExecutedContextSealed context)&#xD;
         at Microsoft.AspNetCore.Mvc.Infrastructure.ControllerActionInvoker.Next(State&amp; next, Scope&amp; scope, Object&amp; state, Boolean&amp; isCompleted)&#xD;
         at Microsoft.AspNetCore.Mvc.Infrastructure.ControllerActionInvoker.InvokeInnerFilterAsync()&#xD;
      --- End of stack trace from previous location ---&#xD;
         at Microsoft.AspNetCore.Mvc.Infrastructure.ResourceInvoker.&lt;InvokeFilterPipelineAsync&gt;g__Awaited|20_0(ResourceInvoker invoker, Task lastTask, State next, Scope scope, Object state, Boolean isCompleted)&#xD;
         at Microsoft.AspNetCore.Mvc.Infrastructure.ResourceInvoker.&lt;InvokeAsync&gt;g__Awaited|17_0(ResourceInvoker invoker, Task task, IDisposable scope)&#xD;
         at Microsoft.AspNetCore.Mvc.Infrastructure.ResourceInvoker.&lt;InvokeAsync&gt;g__Awaited|17_0(ResourceInvoker invoker, Task task, IDisposable scope)&#xD;
         at Microsoft.AspNetCore.Authorization.AuthorizationMiddleware.Invoke(HttpContext context)&#xD;
         at Microsoft.AspNetCore.Authentication.AuthenticationMiddleware.Invoke(HttpContext context)&#xD;
         at Swashbuckle.AspNetCore.SwaggerUI.SwaggerUIMiddleware.Invoke(HttpContext httpContext)&#xD;
         at Swashbuckle.AspNetCore.Swagger.SwaggerMiddleware.Invoke(HttpContext httpContext, ISwaggerProvider swaggerProvider)&#xD;
         at WebApi.Middleware.GlobalExceptionHandlerMiddleware.InvokeAsync(HttpContext context) in C:\Users\bryan\RiderProjects\AspTemplate\src\WebApi\Middleware\GlobalExceptionHandlerMiddleware.cs:line 19</StdOut>
      </Output>
    </UnitTestResult>
    <UnitTestResult executionId="00de2722-37d2-4ea8-ac7c-19242a1cb3cb" testId="fee8be76-3f69-0ff8-c397-d26416047614" testName="GetAllTodos_FilterByCompleted_ReturnsOnlyCompletedTodos" computerName="BRY" duration="00:00:00.5851620" startTime="2026-01-10T00:26:54.2856339-05:00" endTime="2026-01-10T00:26:54.8707955-05:00" testType="13cdc9d9-ddb5-4fa4-a97d-d965ccfc6d4b" outcome="Passed" testListId="8c84fa94-04c1-424b-9868-57a2d4851a1d" relativeResultsDirectory="00de2722-37d2-4ea8-ac7c-19242a1cb3cb">
      <Output>
        <StdOut>info: WebApi.Configuration.ServiceConfiguration[0]&#xD;
      Environment 'Test' detected. Skipping database registration (tests will configure DbContext separately).&#xD;
info: Microsoft.EntityFrameworkCore.Update[30100]&#xD;
      Saved 0 entities to in-memory store.&#xD;
info: Microsoft.EntityFrameworkCore.Update[30100]&#xD;
      Saved 2 entities to in-memory store.&#xD;
info: Microsoft.EntityFrameworkCore.Update[30100]&#xD;
      Saved 3 entities to in-memory store.&#xD;
info: Microsoft.EntityFrameworkCore.Update[30100]&#xD;
      Saved 4 entities to in-memory store.&#xD;
warn: Microsoft.AspNetCore.HttpsPolicy.HttpsRedirectionMiddleware[3]&#xD;
      Failed to determine the https port for redirect.</StdOut>
      </Output>
    </UnitTestResult>
    <UnitTestResult executionId="434b565f-4af2-4714-9bbd-0200d83716e7" testId="091a0d65-863d-a7de-be02-6a319326aa9a" testName="ToggleTodoCompletion_NonExistentId_ReturnsNotFound" computerName="BRY" duration="00:00:00.5398320" startTime="2026-01-10T00:26:59.4784278-05:00" endTime="2026-01-10T00:27:00.0182595-05:00" testType="13cdc9d9-ddb5-4fa4-a97d-d965ccfc6d4b" outcome="Passed" testListId="8c84fa94-04c1-424b-9868-57a2d4851a1d" relativeResultsDirectory="434b565f-4af2-4714-9bbd-0200d83716e7">
      <Output>
        <StdOut>info: WebApi.Configuration.ServiceConfiguration[0]&#xD;
      Environment 'Test' detected. Skipping database registration (tests will configure DbContext separately).&#xD;
info: Microsoft.EntityFrameworkCore.Update[30100]&#xD;
      Saved 0 entities to in-memory store.&#xD;
info: Microsoft.EntityFrameworkCore.Update[30100]&#xD;
      Saved 2 entities to in-memory store.&#xD;
info: Microsoft.EntityFrameworkCore.Update[30100]&#xD;
      Saved 3 entities to in-memory store.&#xD;
info: Microsoft.EntityFrameworkCore.Update[30100]&#xD;
      Saved 4 entities to in-memory store.&#xD;
warn: Microsoft.AspNetCore.HttpsPolicy.HttpsRedirectionMiddleware[3]&#xD;
      Failed to determine the https port for redirect.&#xD;
fail: WebApi.Middleware.GlobalExceptionHandlerMiddleware[0]&#xD;
      An unhandled exception occurred: NotFoundException&#xD;
      WebApi.Exceptions.NotFoundException: Todo not found&#xD;
         at WebApi.Controllers.TodosController.ToggleComplete(Guid id) in C:\Users\bryan\RiderProjects\AspTemplate\src\WebApi\Controllers\TodosController.cs:line 205&#xD;
         at lambda_method1325(Closure, Object)&#xD;
         at Microsoft.AspNetCore.Mvc.Infrastructure.ActionMethodExecutor.AwaitableObjectResultExecutor.Execute(ActionContext actionContext, IActionResultTypeMapper mapper, ObjectMethodExecutor executor, Object controller, Object[] arguments)&#xD;
         at Microsoft.AspNetCore.Mvc.Infrastructure.ControllerActionInvoker.&lt;InvokeActionMethodAsync&gt;g__Awaited|12_0(ControllerActionInvoker invoker, ValueTask`1 actionResultValueTask)&#xD;
         at Microsoft.AspNetCore.Mvc.Infrastructure.ControllerActionInvoker.&lt;InvokeNextActionFilterAsync&gt;g__Awaited|10_0(ControllerActionInvoker invoker, Task lastTask, State next, Scope scope, Object state, Boolean isCompleted)&#xD;
         at Microsoft.AspNetCore.Mvc.Infrastructure.ControllerActionInvoker.Rethrow(ActionExecutedContextSealed context)&#xD;
         at Microsoft.AspNetCore.Mvc.Infrastructure.ControllerActionInvoker.Next(State&amp; next, Scope&amp; scope, Object&amp; state, Boolean&amp; isCompleted)&#xD;
         at Microsoft.AspNetCore.Mvc.Infrastructure.ControllerActionInvoker.InvokeInnerFilterAsync()&#xD;
      --- End of stack trace from previous location ---&#xD;
         at Microsoft.AspNetCore.Mvc.Infrastructure.ResourceInvoker.&lt;InvokeFilterPipelineAsync&gt;g__Awaited|20_0(ResourceInvoker invoker, Task lastTask, State next, Scope scope, Object state, Boolean isCompleted)&#xD;
         at Microsoft.AspNetCore.Mvc.Infrastructure.ResourceInvoker.&lt;InvokeAsync&gt;g__Awaited|17_0(ResourceInvoker invoker, Task task, IDisposable scope)&#xD;
         at Microsoft.AspNetCore.Mvc.Infrastructure.ResourceInvoker.&lt;InvokeAsync&gt;g__Awaited|17_0(ResourceInvoker invoker, Task task, IDisposable scope)&#xD;
         at Microsoft.AspNetCore.Authorization.AuthorizationMiddleware.Invoke(HttpContext context)&#xD;
         at Microsoft.AspNetCore.Authentication.AuthenticationMiddleware.Invoke(HttpContext context)&#xD;
         at Swashbuckle.AspNetCore.SwaggerUI.SwaggerUIMiddleware.Invoke(HttpContext httpContext)&#xD;
         at Swashbuckle.AspNetCore.Swagger.SwaggerMiddleware.Invoke(HttpContext httpContext, ISwaggerProvider swaggerProvider)&#xD;
         at WebApi.Middleware.GlobalExceptionHandlerMiddleware.InvokeAsync(HttpContext context) in C:\Users\bryan\RiderProjects\AspTemplate\src\WebApi\Middleware\GlobalExceptionHandlerMiddleware.cs:line 19</StdOut>
      </Output>
    </UnitTestResult>
    <UnitTestResult executionId="209bc2e8-700c-4c6b-a4dc-f557f091ca4c" testId="796bb581-0eb5-3223-6923-a782589060e7" testName="GetTagById_WithNonExistentId_ReturnsNotFound" computerName="BRY" duration="00:00:00.6284690" startTime="2026-01-10T00:26:45.9711413-05:00" endTime="2026-01-10T00:26:46.5996106-05:00" testType="13cdc9d9-ddb5-4fa4-a97d-d965ccfc6d4b" outcome="Passed" testListId="8c84fa94-04c1-424b-9868-57a2d4851a1d" relativeResultsDirectory="209bc2e8-700c-4c6b-a4dc-f557f091ca4c">
      <Output>
        <StdOut>info: WebApi.Configuration.ServiceConfiguration[0]&#xD;
      Environment 'Test' detected. Skipping database registration (tests will configure DbContext separately).&#xD;
info: Microsoft.EntityFrameworkCore.Update[30100]&#xD;
      Saved 0 entities to in-memory store.&#xD;
info: Microsoft.EntityFrameworkCore.Update[30100]&#xD;
      Saved 2 entities to in-memory store.&#xD;
info: Microsoft.EntityFrameworkCore.Update[30100]&#xD;
      Saved 3 entities to in-memory store.&#xD;
info: Microsoft.EntityFrameworkCore.Update[30100]&#xD;
      Saved 4 entities to in-memory store.&#xD;
warn: Microsoft.AspNetCore.HttpsPolicy.HttpsRedirectionMiddleware[3]&#xD;
      Failed to determine the https port for redirect.&#xD;
fail: WebApi.Middleware.GlobalExceptionHandlerMiddleware[0]&#xD;
      An unhandled exception occurred: NotFoundException&#xD;
      WebApi.Exceptions.NotFoundException: Tag not found&#xD;
         at WebApi.Controllers.TagsController.GetTagById(Guid id) in C:\Users\bryan\RiderProjects\AspTemplate\src\WebApi\Controllers\TagsController.cs:line 62&#xD;
         at lambda_method914(Closure, Object)&#xD;
         at Microsoft.AspNetCore.Mvc.Infrastructure.ActionMethodExecutor.AwaitableObjectResultExecutor.Execute(ActionContext actionContext, IActionResultTypeMapper mapper, ObjectMethodExecutor executor, Object controller, Object[] arguments)&#xD;
         at Microsoft.AspNetCore.Mvc.Infrastructure.ControllerActionInvoker.&lt;InvokeActionMethodAsync&gt;g__Awaited|12_0(ControllerActionInvoker invoker, ValueTask`1 actionResultValueTask)&#xD;
         at Microsoft.AspNetCore.Mvc.Infrastructure.ControllerActionInvoker.&lt;InvokeNextActionFilterAsync&gt;g__Awaited|10_0(ControllerActionInvoker invoker, Task lastTask, State next, Scope scope, Object state, Boolean isCompleted)&#xD;
         at Microsoft.AspNetCore.Mvc.Infrastructure.ControllerActionInvoker.Rethrow(ActionExecutedContextSealed context)&#xD;
         at Microsoft.AspNetCore.Mvc.Infrastructure.ControllerActionInvoker.Next(State&amp; next, Scope&amp; scope, Object&amp; state, Boolean&amp; isCompleted)&#xD;
         at Microsoft.AspNetCore.Mvc.Infrastructure.ControllerActionInvoker.InvokeInnerFilterAsync()&#xD;
      --- End of stack trace from previous location ---&#xD;
         at Microsoft.AspNetCore.Mvc.Infrastructure.ResourceInvoker.&lt;InvokeFilterPipelineAsync&gt;g__Awaited|20_0(ResourceInvoker invoker, Task lastTask, State next, Scope scope, Object state, Boolean isCompleted)&#xD;
         at Microsoft.AspNetCore.Mvc.Infrastructure.ResourceInvoker.&lt;InvokeAsync&gt;g__Awaited|17_0(ResourceInvoker invoker, Task task, IDisposable scope)&#xD;
         at Microsoft.AspNetCore.Mvc.Infrastructure.ResourceInvoker.&lt;InvokeAsync&gt;g__Awaited|17_0(ResourceInvoker invoker, Task task, IDisposable scope)&#xD;
         at Microsoft.AspNetCore.Authorization.AuthorizationMiddleware.Invoke(HttpContext context)&#xD;
         at Microsoft.AspNetCore.Authentication.AuthenticationMiddleware.Invoke(HttpContext context)&#xD;
         at Swashbuckle.AspNetCore.SwaggerUI.SwaggerUIMiddleware.Invoke(HttpContext httpContext)&#xD;
         at Swashbuckle.AspNetCore.Swagger.SwaggerMiddleware.Invoke(HttpContext httpContext, ISwaggerProvider swaggerProvider)&#xD;
         at WebApi.Middleware.GlobalExceptionHandlerMiddleware.InvokeAsync(HttpContext context) in C:\Users\bryan\RiderProjects\AspTemplate\src\WebApi\Middleware\GlobalExceptionHandlerMiddleware.cs:line 19</StdOut>
      </Output>
    </UnitTestResult>
    <UnitTestResult executionId="79a370a1-f0e0-4898-8129-d2d597d59423" testId="964ddc03-ec87-5b63-2332-e1aca0da218e" testName="UpdateTag_WithValidData_ReturnsOk" computerName="BRY" duration="00:00:00.7226510" startTime="2026-01-10T00:26:50.1544961-05:00" endTime="2026-01-10T00:26:50.8771463-05:00" testType="13cdc9d9-ddb5-4fa4-a97d-d965ccfc6d4b" outcome="Passed" testListId="8c84fa94-04c1-424b-9868-57a2d4851a1d" relativeResultsDirectory="79a370a1-f0e0-4898-8129-d2d597d59423">
      <Output>
        <StdOut>info: WebApi.Configuration.ServiceConfiguration[0]&#xD;
      Environment 'Test' detected. Skipping database registration (tests will configure DbContext separately).&#xD;
info: Microsoft.EntityFrameworkCore.Update[30100]&#xD;
      Saved 0 entities to in-memory store.&#xD;
info: Microsoft.EntityFrameworkCore.Update[30100]&#xD;
      Saved 2 entities to in-memory store.&#xD;
info: Microsoft.EntityFrameworkCore.Update[30100]&#xD;
      Saved 3 entities to in-memory store.&#xD;
info: Microsoft.EntityFrameworkCore.Update[30100]&#xD;
      Saved 4 entities to in-memory store.&#xD;
warn: Microsoft.AspNetCore.HttpsPolicy.HttpsRedirectionMiddleware[3]&#xD;
      Failed to determine the https port for redirect.&#xD;
info: Microsoft.EntityFrameworkCore.Update[30100]&#xD;
      Saved 1 entities to in-memory store.</StdOut>
      </Output>
    </UnitTestResult>
    <UnitTestResult executionId="54786a96-9487-4063-b5a2-c09ad06c9023" testId="1f591bb8-41b1-38ef-d2d3-3d53fd05249d" testName="ConfigureDatabase_WithMissingConnectionString_FallsBackToInMemory" computerName="BRY" duration="00:00:00.0028460" startTime="2026-01-10T00:26:32.7923518-05:00" endTime="2026-01-10T00:26:32.7951978-05:00" testType="13cdc9d9-ddb5-4fa4-a97d-d965ccfc6d4b" outcome="Passed" testListId="8c84fa94-04c1-424b-9868-57a2d4851a1d" relativeResultsDirectory="54786a96-9487-4063-b5a2-c09ad06c9023">
      <Output>
        <StdOut>fail: WebApi.Configuration.ServiceConfiguration[0]&#xD;
      Connection string 'DefaultConnection' not found. Falling back to in-memory database.&#xD;
info: WebApi.Configuration.ServiceConfiguration[0]&#xD;
      Using in-memory database provider 'FallbackInMemoryDatabase'.</StdOut>
      </Output>
    </UnitTestResult>
    <UnitTestResult executionId="666f8102-ed98-40b0-bc24-beb0e40059f0" testId="186bfde2-1a8b-b120-bf99-1df9efde74ab" testName="CreateTag_WithEmptyName_ReturnsBadRequest" computerName="BRY" duration="00:00:00.6166330" startTime="2026-01-10T00:26:40.8339443-05:00" endTime="2026-01-10T00:26:41.4505773-05:00" testType="13cdc9d9-ddb5-4fa4-a97d-d965ccfc6d4b" outcome="Passed" testListId="8c84fa94-04c1-424b-9868-57a2d4851a1d" relativeResultsDirectory="666f8102-ed98-40b0-bc24-beb0e40059f0">
      <Output>
        <StdOut>info: WebApi.Configuration.ServiceConfiguration[0]&#xD;
      Environment 'Test' detected. Skipping database registration (tests will configure DbContext separately).&#xD;
info: Microsoft.EntityFrameworkCore.Update[30100]&#xD;
      Saved 0 entities to in-memory store.&#xD;
info: Microsoft.EntityFrameworkCore.Update[30100]&#xD;
      Saved 2 entities to in-memory store.&#xD;
info: Microsoft.EntityFrameworkCore.Update[30100]&#xD;
      Saved 3 entities to in-memory store.&#xD;
info: Microsoft.EntityFrameworkCore.Update[30100]&#xD;
      Saved 4 entities to in-memory store.&#xD;
warn: Microsoft.AspNetCore.HttpsPolicy.HttpsRedirectionMiddleware[3]&#xD;
      Failed to determine the https port for redirect.</StdOut>
      </Output>
    </UnitTestResult>
    <UnitTestResult executionId="94eec2fa-c5bb-4c89-b6c3-9c96fac71f95" testId="3109c202-bcf3-33c6-1065-70d0f6737c02" testName="CreateTag_WithDuplicateName_ReturnsBadRequest" computerName="BRY" duration="00:00:00.7071269" startTime="2026-01-10T00:26:40.1267909-05:00" endTime="2026-01-10T00:26:40.8339175-05:00" testType="13cdc9d9-ddb5-4fa4-a97d-d965ccfc6d4b" outcome="Passed" testListId="8c84fa94-04c1-424b-9868-57a2d4851a1d" relativeResultsDirectory="94eec2fa-c5bb-4c89-b6c3-9c96fac71f95">
      <Output>
        <StdOut>info: WebApi.Configuration.ServiceConfiguration[0]&#xD;
      Environment 'Test' detected. Skipping database registration (tests will configure DbContext separately).&#xD;
info: Microsoft.EntityFrameworkCore.Update[30100]&#xD;
      Saved 0 entities to in-memory store.&#xD;
info: Microsoft.EntityFrameworkCore.Update[30100]&#xD;
      Saved 2 entities to in-memory store.&#xD;
info: Microsoft.EntityFrameworkCore.Update[30100]&#xD;
      Saved 3 entities to in-memory store.&#xD;
info: Microsoft.EntityFrameworkCore.Update[30100]&#xD;
      Saved 4 entities to in-memory store.&#xD;
warn: Microsoft.AspNetCore.HttpsPolicy.HttpsRedirectionMiddleware[3]&#xD;
      Failed to determine the https port for redirect.&#xD;
fail: WebApi.Middleware.GlobalExceptionHandlerMiddleware[0]&#xD;
      An unhandled exception occurred: ConflictException&#xD;
      WebApi.Exceptions.ConflictException: A tag with this name already exists&#xD;
         at WebApi.Services.Tag.TagService.CreateTagAsync(CreateTagRequest request, Guid userId) in C:\Users\bryan\RiderProjects\AspTemplate\src\WebApi\Services\Tag\TagService.cs:line 62&#xD;
         at WebApi.Controllers.TagsController.CreateTag(CreateTagRequest request) in C:\Users\bryan\RiderProjects\AspTemplate\src\WebApi\Controllers\TagsController.cs:line 96&#xD;
         at lambda_method758(Closure, Object)&#xD;
         at Microsoft.AspNetCore.Mvc.Infrastructure.ActionMethodExecutor.AwaitableObjectResultExecutor.Execute(ActionContext actionContext, IActionResultTypeMapper mapper, ObjectMethodExecutor executor, Object controller, Object[] arguments)&#xD;
         at Microsoft.AspNetCore.Mvc.Infrastructure.ControllerActionInvoker.&lt;InvokeActionMethodAsync&gt;g__Awaited|12_0(ControllerActionInvoker invoker, ValueTask`1 actionResultValueTask)&#xD;
         at Microsoft.AspNetCore.Mvc.Infrastructure.ControllerActionInvoker.&lt;InvokeNextActionFilterAsync&gt;g__Awaited|10_0(ControllerActionInvoker invoker, Task lastTask, State next, Scope scope, Object state, Boolean isCompleted)&#xD;
         at Microsoft.AspNetCore.Mvc.Infrastructure.ControllerActionInvoker.Rethrow(ActionExecutedContextSealed context)&#xD;
         at Microsoft.AspNetCore.Mvc.Infrastructure.ControllerActionInvoker.Next(State&amp; next, Scope&amp; scope, Object&amp; state, Boolean&amp; isCompleted)&#xD;
         at Microsoft.AspNetCore.Mvc.Infrastructure.ControllerActionInvoker.InvokeInnerFilterAsync()&#xD;
      --- End of stack trace from previous location ---&#xD;
         at Microsoft.AspNetCore.Mvc.Infrastructure.ResourceInvoker.&lt;InvokeFilterPipelineAsync&gt;g__Awaited|20_0(ResourceInvoker invoker, Task lastTask, State next, Scope scope, Object state, Boolean isCompleted)&#xD;
         at Microsoft.AspNetCore.Mvc.Infrastructure.ResourceInvoker.&lt;InvokeAsync&gt;g__Awaited|17_0(ResourceInvoker invoker, Task task, IDisposable scope)&#xD;
         at Microsoft.AspNetCore.Mvc.Infrastructure.ResourceInvoker.&lt;InvokeAsync&gt;g__Awaited|17_0(ResourceInvoker invoker, Task task, IDisposable scope)&#xD;
         at Microsoft.AspNetCore.Authorization.AuthorizationMiddleware.Invoke(HttpContext context)&#xD;
         at Microsoft.AspNetCore.Authentication.AuthenticationMiddleware.Invoke(HttpContext context)&#xD;
         at Swashbuckle.AspNetCore.SwaggerUI.SwaggerUIMiddleware.Invoke(HttpContext httpContext)&#xD;
         at Swashbuckle.AspNetCore.Swagger.SwaggerMiddleware.Invoke(HttpContext httpContext, ISwaggerProvider swaggerProvider)&#xD;
         at WebApi.Middleware.GlobalExceptionHandlerMiddleware.InvokeAsync(HttpContext context) in C:\Users\bryan\RiderProjects\AspTemplate\src\WebApi\Middleware\GlobalExceptionHandlerMiddleware.cs:line 19</StdOut>
      </Output>
    </UnitTestResult>
    <UnitTestResult executionId="78f9ba16-72a8-492e-850b-3bfd9f049266" testId="3eba6c44-23de-7be8-51f9-96d97780b645" testName="Login_WithValidCredentials_ReturnsToken" computerName="BRY" duration="00:00:00.8243650" startTime="2026-01-10T00:26:36.8866294-05:00" endTime="2026-01-10T00:26:37.7109943-05:00" testType="13cdc9d9-ddb5-4fa4-a97d-d965ccfc6d4b" outcome="Passed" testListId="8c84fa94-04c1-424b-9868-57a2d4851a1d" relativeResultsDirectory="78f9ba16-72a8-492e-850b-3bfd9f049266">
      <Output>
        <StdOut>info: WebApi.Configuration.ServiceConfiguration[0]&#xD;
      Environment 'Test' detected. Skipping database registration (tests will configure DbContext separately).&#xD;
info: Microsoft.EntityFrameworkCore.Update[30100]&#xD;
      Saved 0 entities to in-memory store.&#xD;
info: Microsoft.EntityFrameworkCore.Update[30100]&#xD;
      Saved 2 entities to in-memory store.&#xD;
info: Microsoft.EntityFrameworkCore.Update[30100]&#xD;
      Saved 3 entities to in-memory store.&#xD;
info: Microsoft.EntityFrameworkCore.Update[30100]&#xD;
      Saved 4 entities to in-memory store.&#xD;
warn: Microsoft.AspNetCore.HttpsPolicy.HttpsRedirectionMiddleware[3]&#xD;
      Failed to determine the https port for redirect.&#xD;
info: Microsoft.EntityFrameworkCore.Update[30100]&#xD;
      Saved 1 entities to in-memory store.</StdOut>
      </Output>
    </UnitTestResult>
    <UnitTestResult executionId="83000505-38d1-4a07-9a3f-17aeb21e5cf3" testId="a32015a8-072f-6736-d293-65926fef1708" testName="UpdateTag_WithDuplicateName_ReturnsBadRequest" computerName="BRY" duration="00:00:00.6146710" startTime="2026-01-10T00:26:49.5397897-05:00" endTime="2026-01-10T00:26:50.1544605-05:00" testType="13cdc9d9-ddb5-4fa4-a97d-d965ccfc6d4b" outcome="Passed" testListId="8c84fa94-04c1-424b-9868-57a2d4851a1d" relativeResultsDirectory="83000505-38d1-4a07-9a3f-17aeb21e5cf3">
      <Output>
        <StdOut>info: WebApi.Configuration.ServiceConfiguration[0]&#xD;
      Environment 'Test' detected. Skipping database registration (tests will configure DbContext separately).&#xD;
info: Microsoft.EntityFrameworkCore.Update[30100]&#xD;
      Saved 0 entities to in-memory store.&#xD;
info: Microsoft.EntityFrameworkCore.Update[30100]&#xD;
      Saved 2 entities to in-memory store.&#xD;
info: Microsoft.EntityFrameworkCore.Update[30100]&#xD;
      Saved 3 entities to in-memory store.&#xD;
info: Microsoft.EntityFrameworkCore.Update[30100]&#xD;
      Saved 4 entities to in-memory store.&#xD;
warn: Microsoft.AspNetCore.HttpsPolicy.HttpsRedirectionMiddleware[3]&#xD;
      Failed to determine the https port for redirect.&#xD;
fail: WebApi.Middleware.GlobalExceptionHandlerMiddleware[0]&#xD;
      An unhandled exception occurred: ConflictException&#xD;
      WebApi.Exceptions.ConflictException: A tag with this name already exists&#xD;
         at WebApi.Services.Tag.TagService.UpdateTagAsync(Guid tagId, UpdateTagRequest request, Guid userId) in C:\Users\bryan\RiderProjects\AspTemplate\src\WebApi\Services\Tag\TagService.cs:line 100&#xD;
         at WebApi.Controllers.TagsController.UpdateTag(Guid id, UpdateTagRequest request) in C:\Users\bryan\RiderProjects\AspTemplate\src\WebApi\Controllers\TagsController.cs:line 130&#xD;
         at lambda_method1052(Closure, Object)&#xD;
         at Microsoft.AspNetCore.Mvc.Infrastructure.ActionMethodExecutor.AwaitableObjectResultExecutor.Execute(ActionContext actionContext, IActionResultTypeMapper mapper, ObjectMethodExecutor executor, Object controller, Object[] arguments)&#xD;
         at Microsoft.AspNetCore.Mvc.Infrastructure.ControllerActionInvoker.&lt;InvokeActionMethodAsync&gt;g__Awaited|12_0(ControllerActionInvoker invoker, ValueTask`1 actionResultValueTask)&#xD;
         at Microsoft.AspNetCore.Mvc.Infrastructure.ControllerActionInvoker.&lt;InvokeNextActionFilterAsync&gt;g__Awaited|10_0(ControllerActionInvoker invoker, Task lastTask, State next, Scope scope, Object state, Boolean isCompleted)&#xD;
         at Microsoft.AspNetCore.Mvc.Infrastructure.ControllerActionInvoker.Rethrow(ActionExecutedContextSealed context)&#xD;
         at Microsoft.AspNetCore.Mvc.Infrastructure.ControllerActionInvoker.Next(State&amp; next, Scope&amp; scope, Object&amp; state, Boolean&amp; isCompleted)&#xD;
         at Microsoft.AspNetCore.Mvc.Infrastructure.ControllerActionInvoker.InvokeInnerFilterAsync()&#xD;
      --- End of stack trace from previous location ---&#xD;
         at Microsoft.AspNetCore.Mvc.Infrastructure.ResourceInvoker.&lt;InvokeFilterPipelineAsync&gt;g__Awaited|20_0(ResourceInvoker invoker, Task lastTask, State next, Scope scope, Object state, Boolean isCompleted)&#xD;
         at Microsoft.AspNetCore.Mvc.Infrastructure.ResourceInvoker.&lt;InvokeAsync&gt;g__Awaited|17_0(ResourceInvoker invoker, Task task, IDisposable scope)&#xD;
         at Microsoft.AspNetCore.Mvc.Infrastructure.ResourceInvoker.&lt;InvokeAsync&gt;g__Awaited|17_0(ResourceInvoker invoker, Task task, IDisposable scope)&#xD;
         at Microsoft.AspNetCore.Authorization.AuthorizationMiddleware.Invoke(HttpContext context)&#xD;
         at Microsoft.AspNetCore.Authentication.AuthenticationMiddleware.Invoke(HttpContext context)&#xD;
         at Swashbuckle.AspNetCore.SwaggerUI.SwaggerUIMiddleware.Invoke(HttpContext httpContext)&#xD;
         at Swashbuckle.AspNetCore.Swagger.SwaggerMiddleware.Invoke(HttpContext httpContext, ISwaggerProvider swaggerProvider)&#xD;
         at WebApi.Middleware.GlobalExceptionHandlerMiddleware.InvokeAsync(HttpContext context) in C:\Users\bryan\RiderProjects\AspTemplate\src\WebApi\Middleware\GlobalExceptionHandlerMiddleware.cs:line 19</StdOut>
      </Output>
    </UnitTestResult>
    <UnitTestResult executionId="966c0c4a-47a3-4381-ae97-e8d9b85d2652" testId="3a11fc29-6062-1f3c-13c5-c2ecb2818977" testName="DeleteTag_OtherUsersTag_ReturnsNotFound" computerName="BRY" duration="00:00:00.6937400" startTime="2026-01-10T00:26:43.2664156-05:00" endTime="2026-01-10T00:26:43.9601552-05:00" testType="13cdc9d9-ddb5-4fa4-a97d-d965ccfc6d4b" outcome="Passed" testListId="8c84fa94-04c1-424b-9868-57a2d4851a1d" relativeResultsDirectory="966c0c4a-47a3-4381-ae97-e8d9b85d2652">
      <Output>
        <StdOut>info: WebApi.Configuration.ServiceConfiguration[0]&#xD;
      Environment 'Test' detected. Skipping database registration (tests will configure DbContext separately).&#xD;
info: Microsoft.EntityFrameworkCore.Update[30100]&#xD;
      Saved 0 entities to in-memory store.&#xD;
info: Microsoft.EntityFrameworkCore.Update[30100]&#xD;
      Saved 2 entities to in-memory store.&#xD;
info: Microsoft.EntityFrameworkCore.Update[30100]&#xD;
      Saved 3 entities to in-memory store.&#xD;
info: Microsoft.EntityFrameworkCore.Update[30100]&#xD;
      Saved 4 entities to in-memory store.&#xD;
warn: Microsoft.AspNetCore.HttpsPolicy.HttpsRedirectionMiddleware[3]&#xD;
      Failed to determine the https port for redirect.&#xD;
fail: WebApi.Middleware.GlobalExceptionHandlerMiddleware[0]&#xD;
      An unhandled exception occurred: NotFoundException&#xD;
      WebApi.Exceptions.NotFoundException: Tag not found&#xD;
         at WebApi.Controllers.TagsController.DeleteTag(Guid id) in C:\Users\bryan\RiderProjects\AspTemplate\src\WebApi\Controllers\TagsController.cs:line 163&#xD;
         at Microsoft.AspNetCore.Mvc.Infrastructure.ActionMethodExecutor.TaskOfIActionResultExecutor.Execute(ActionContext actionContext, IActionResultTypeMapper mapper, ObjectMethodExecutor executor, Object controller, Object[] arguments)&#xD;
         at Microsoft.AspNetCore.Mvc.Infrastructure.ControllerActionInvoker.&lt;InvokeActionMethodAsync&gt;g__Awaited|12_0(ControllerActionInvoker invoker, ValueTask`1 actionResultValueTask)&#xD;
         at Microsoft.AspNetCore.Mvc.Infrastructure.ControllerActionInvoker.&lt;InvokeNextActionFilterAsync&gt;g__Awaited|10_0(ControllerActionInvoker invoker, Task lastTask, State next, Scope scope, Object state, Boolean isCompleted)&#xD;
[...]
      Failed to determine the https port for redirect.&#xD;
&#xD;
info: WebApi.Configuration.ServiceConfiguration[0]&#xD;
      Environment 'Test' detected. Skipping database registration (tests will configure DbContext separately).&#xD;
info: Microsoft.EntityFrameworkCore.Update[30100]&#xD;
      Saved 0 entities to in-memory store.&#xD;
info: Microsoft.EntityFrameworkCore.Update[30100]&#xD;
      Saved 2 entities to in-memory store.&#xD;
info: Microsoft.EntityFrameworkCore.Update[30100]&#xD;
      Saved 3 entities to in-memory store.&#xD;
info: Microsoft.EntityFrameworkCore.Update[30100]&#xD;
      Saved 4 entities to in-memory store.&#xD;
warn: Microsoft.AspNetCore.HttpsPolicy.HttpsRedirectionMiddleware[3]&#xD;
      Failed to determine the https port for redirect.&#xD;
fail: WebApi.Middleware.GlobalExceptionHandlerMiddleware[0]&#xD;
      An unhandled exception occurred: NotFoundException&#xD;
      WebApi.Exceptions.NotFoundException: Todo not found&#xD;
         at WebApi.Controllers.TodosController.GetTodoById(Guid id) in C:\Users\bryan\RiderProjects\AspTemplate\src\WebApi\Controllers\TodosController.cs:line 98&#xD;
         at lambda_method1275(Closure, Object)&#xD;
         at Microsoft.AspNetCore.Mvc.Infrastructure.ActionMethodExecutor.AwaitableObjectResultExecutor.Execute(ActionContext actionContext, IActionResultTypeMapper mapper, ObjectMethodExecutor executor, Object controller, Object[] arguments)&#xD;
         at Microsoft.AspNetCore.Mvc.Infrastructure.ControllerActionInvoker.&lt;InvokeActionMethodAsync&gt;g__Awaited|12_0(ControllerActionInvoker invoker, ValueTask`1 actionResultValueTask)&#xD;
         at Microsoft.AspNetCore.Mvc.Infrastructure.ControllerActionInvoker.&lt;InvokeNextActionFilterAsync&gt;g__Awaited|10_0(ControllerActionInvoker invoker, Task lastTask, State next, Scope scope, Object state, Boolean isCompleted)&#xD;
         at Microsoft.AspNetCore.Mvc.Infrastructure.ControllerActionInvoker.Rethrow(ActionExecutedContextSealed context)&#xD;
         at Microsoft.AspNetCore.Mvc.Infrastructure.ControllerActionInvoker.Next(State&amp; next, Scope&amp; scope, Object&amp; state, Boolean&amp; isCompleted)&#xD;
         at Microsoft.AspNetCore.Mvc.Infrastructure.ControllerActionInvoker.InvokeInnerFilterAsync()&#xD;
      --- End of stack trace from previous location ---&#xD;
         at Microsoft.AspNetCore.Mvc.Infrastructure.ResourceInvoker.&lt;InvokeFilterPipelineAsync&gt;g__Awaited|20_0(ResourceInvoker invoker, Task lastTask, State next, Scope scope, Object state, Boolean isCompleted)&#xD;
         at Microsoft.AspNetCore.Mvc.Infrastructure.ResourceInvoker.&lt;InvokeAsync&gt;g__Awaited|17_0(ResourceInvoker invoker, Task task, IDisposable scope)&#xD;
         at Microsoft.AspNetCore.Mvc.Infrastructure.ResourceInvoker.&lt;InvokeAsync&gt;g__Awaited|17_0(ResourceInvoker invoker, Task task, IDisposable scope)&#xD;
         at Microsoft.AspNetCore.Authorization.AuthorizationMiddleware.Invoke(HttpContext context)&#xD;
         at Microsoft.AspNetCore.Authentication.AuthenticationMiddleware.Invoke(HttpContext context)&#xD;
         at Swashbuckle.AspNetCore.SwaggerUI.SwaggerUIMiddleware.Invoke(HttpContext httpContext)&#xD;
         at Swashbuckle.AspNetCore.Swagger.SwaggerMiddleware.Invoke(HttpContext httpContext, ISwaggerProvider swaggerProvider)&#xD;
         at WebApi.Middleware.GlobalExceptionHandlerMiddleware.InvokeAsync(HttpContext context) in C:\Users\bryan\RiderProjects\AspTemplate\src\WebApi\Middleware\GlobalExceptionHandlerMiddleware.cs:line 19&#xD;
&#xD;
info: WebApi.Configuration.ServiceConfiguration[0]&#xD;
      Environment 'Test' detected. Skipping database registration (tests will configure DbContext separately).&#xD;
info: Microsoft.EntityFrameworkCore.Update[30100]&#xD;
      Saved 0 entities to in-memory store.&#xD;
info: Microsoft.EntityFrameworkCore.Update[30100]&#xD;
      Saved 2 entities to in-memory store.&#xD;
info: Microsoft.EntityFrameworkCore.Update[30100]&#xD;
      Saved 3 entities to in-memory store.&#xD;
info: Microsoft.EntityFrameworkCore.Update[30100]&#xD;
      Saved 4 entities to in-memory store.&#xD;
warn: Microsoft.AspNetCore.HttpsPolicy.HttpsRedirectionMiddleware[3]&#xD;
      Failed to determine the https port for redirect.&#xD;
fail: WebApi.Middleware.GlobalExceptionHandlerMiddleware[0]&#xD;
      An unhandled exception occurred: NotFoundException&#xD;
      WebApi.Exceptions.NotFoundException: Todo not found&#xD;
         at WebApi.Controllers.TodosController.GetTodoById(Guid id) in C:\Users\bryan\RiderProjects\AspTemplate\src\WebApi\Controllers\TodosController.cs:line 98&#xD;
         at lambda_method1285(Closure, Object)&#xD;
         at Microsoft.AspNetCore.Mvc.Infrastructure.ActionMethodExecutor.AwaitableObjectResultExecutor.Execute(ActionContext actionContext, IActionResultTypeMapper mapper, ObjectMethodExecutor executor, Object controller, Object[] arguments)&#xD;
         at Microsoft.AspNetCore.Mvc.Infrastructure.ControllerActionInvoker.&lt;InvokeActionMethodAsync&gt;g__Awaited|12_0(ControllerActionInvoker invoker, ValueTask`1 actionResultValueTask)&#xD;
         at Microsoft.AspNetCore.Mvc.Infrastructure.ControllerActionInvoker.&lt;InvokeNextActionFilterAsync&gt;g__Awaited|10_0(ControllerActionInvoker invoker, Task lastTask, State next, Scope scope, Object state, Boolean isCompleted)&#xD;
         at Microsoft.AspNetCore.Mvc.Infrastructure.ControllerActionInvoker.Rethrow(ActionExecutedContextSealed context)&#xD;
         at Microsoft.AspNetCore.Mvc.Infrastructure.ControllerActionInvoker.Next(State&amp; next, Scope&amp; scope, Object&amp; state, Boolean&amp; isCompleted)&#xD;
         at Microsoft.AspNetCore.Mvc.Infrastructure.ControllerActionInvoker.InvokeInnerFilterAsync()&#xD;
      --- End of stack trace from previous location ---&#xD;
         at Microsoft.AspNetCore.Mvc.Infrastructure.ResourceInvoker.&lt;InvokeFilterPipelineAsync&gt;g__Awaited|20_0(ResourceInvoker invoker, Task lastTask, State next, Scope scope, Object state, Boolean isCompleted)&#xD;
         at Microsoft.AspNetCore.Mvc.Infrastructure.ResourceInvoker.&lt;InvokeAsync&gt;g__Awaited|17_0(ResourceInvoker invoker, Task task, IDisposable scope)&#xD;
         at Microsoft.AspNetCore.Mvc.Infrastructure.ResourceInvoker.&lt;InvokeAsync&gt;g__Awaited|17_0(ResourceInvoker invoker, Task task, IDisposable scope)&#xD;
         at Microsoft.AspNetCore.Authorization.AuthorizationMiddleware.Invoke(HttpContext context)&#xD;
         at Microsoft.AspNetCore.Authentication.AuthenticationMiddleware.Invoke(HttpContext context)&#xD;
         at Swashbuckle.AspNetCore.SwaggerUI.SwaggerUIMiddleware.Invoke(HttpContext httpContext)&#xD;
         at Swashbuckle.AspNetCore.Swagger.SwaggerMiddleware.Invoke(HttpContext httpContext, ISwaggerProvider swaggerProvider)&#xD;
         at WebApi.Middleware.GlobalExceptionHandlerMiddleware.InvokeAsync(HttpContext context) in C:\Users\bryan\RiderProjects\AspTemplate\src\WebApi\Middleware\GlobalExceptionHandlerMiddleware.cs:line 19&#xD;
&#xD;
info: WebApi.Configuration.ServiceConfiguration[0]&#xD;
      Environment 'Test' detected. Skipping database registration (tests will configure DbContext separately).&#xD;
info: Microsoft.EntityFrameworkCore.Update[30100]&#xD;
      Saved 0 entities to in-memory store.&#xD;
info: Microsoft.EntityFrameworkCore.Update[30100]&#xD;
      Saved 2 entities to in-memory store.&#xD;
info: Microsoft.EntityFrameworkCore.Update[30100]&#xD;
      Saved 3 entities to in-memory store.&#xD;
info: Microsoft.EntityFrameworkCore.Update[30100]&#xD;
      Saved 4 entities to in-memory store.&#xD;
warn: Microsoft.AspNetCore.HttpsPolicy.HttpsRedirectionMiddleware[3]&#xD;
      Failed to determine the https port for redirect.&#xD;
&#xD;
info: WebApi.Configuration.ServiceConfiguration[0]&#xD;
      Environment 'Test' detected. Skipping database registration (tests will configure DbContext separately).&#xD;
info: Microsoft.EntityFrameworkCore.Update[30100]&#xD;
      Saved 0 entities to in-memory store.&#xD;
info: Microsoft.EntityFrameworkCore.Update[30100]&#xD;
      Saved 2 entities to in-memory store.&#xD;
info: Microsoft.EntityFrameworkCore.Update[30100]&#xD;
      Saved 3 entities to in-memory store.&#xD;
info: Microsoft.EntityFrameworkCore.Update[30100]&#xD;
      Saved 4 entities to in-memory store.&#xD;
warn: Microsoft.AspNetCore.HttpsPolicy.HttpsRedirectionMiddleware[3]&#xD;
      Failed to determine the https port for redirect.&#xD;
info: Microsoft.EntityFrameworkCore.Update[30100]&#xD;
      Saved 1 entities to in-memory store.&#xD;
&#xD;
info: WebApi.Configuration.ServiceConfiguration[0]&#xD;
      Environment 'Test' detected. Skipping database registration (tests will configure DbContext separately).&#xD;
info: Microsoft.EntityFrameworkCore.Update[30100]&#xD;
      Saved 0 entities to in-memory store.&#xD;
info: Microsoft.EntityFrameworkCore.Update[30100]&#xD;
      Saved 2 entities to in-memory store.&#xD;
info: Microsoft.EntityFrameworkCore.Update[30100]&#xD;
      Saved 3 entities to in-memory store.&#xD;
info: Microsoft.EntityFrameworkCore.Update[30100]&#xD;
      Saved 4 entities to in-memory store.&#xD;
warn: Microsoft.AspNetCore.HttpsPolicy.HttpsRedirectionMiddleware[3]&#xD;
      Failed to determine the https port for redirect.&#xD;
fail: WebApi.Middleware.GlobalExceptionHandlerMiddleware[0]&#xD;
      An unhandled exception occurred: NotFoundException&#xD;
      WebApi.Exceptions.NotFoundException: Todo not found&#xD;
         at WebApi.Controllers.TodosController.ToggleComplete(Guid id) in C:\Users\bryan\RiderProjects\AspTemplate\src\WebApi\Controllers\TodosController.cs:line 205&#xD;
         at lambda_method1325(Closure, Object)&#xD;
         at Microsoft.AspNetCore.Mvc.Infrastructure.ActionMethodExecutor.AwaitableObjectResultExecutor.Execute(ActionContext actionContext, IActionResultTypeMapper mapper, ObjectMethodExecutor executor, Object controller, Object[] arguments)&#xD;
         at Microsoft.AspNetCore.Mvc.Infrastructure.ControllerActionInvoker.&lt;InvokeActionMethodAsync&gt;g__Awaited|12_0(ControllerActionInvoker invoker, ValueTask`1 actionResultValueTask)&#xD;
         at Microsoft.AspNetCore.Mvc.Infrastructure.ControllerActionInvoker.&lt;InvokeNextActionFilterAsync&gt;g__Awaited|10_0(ControllerActionInvoker invoker, Task lastTask, State next, Scope scope, Object state, Boolean isCompleted)&#xD;
         at Microsoft.AspNetCore.Mvc.Infrastructure.ControllerActionInvoker.Rethrow(ActionExecutedContextSealed context)&#xD;
         at Microsoft.AspNetCore.Mvc.Infrastructure.ControllerActionInvoker.Next(State&amp; next, Scope&amp; scope, Object&amp; state, Boolean&amp; isCompleted)&#xD;
         at Microsoft.AspNetCore.Mvc.Infrastructure.ControllerActionInvoker.InvokeInnerFilterAsync()&#xD;
      --- End of stack trace from previous location ---&#xD;
         at Microsoft.AspNetCore.Mvc.Infrastructure.ResourceInvoker.&lt;InvokeFilterPipelineAsync&gt;g__Awaited|20_0(ResourceInvoker invoker, Task lastTask, State next, Scope scope, Object state, Boolean isCompleted)&#xD;
         at Microsoft.AspNetCore.Mvc.Infrastructure.ResourceInvoker.&lt;InvokeAsync&gt;g__Awaited|17_0(ResourceInvoker invoker, Task task, IDisposable scope)&#xD;
         at Microsoft.AspNetCore.Mvc.Infrastructure.ResourceInvoker.&lt;InvokeAsync&gt;g__Awaited|17_0(ResourceInvoker invoker, Task task, IDisposable scope)&#xD;
         at Microsoft.AspNetCore.Authorization.AuthorizationMiddleware.Invoke(HttpContext context)&#xD;
         at Microsoft.AspNetCore.Authentication.AuthenticationMiddleware.Invoke(HttpContext context)&#xD;
         at Swashbuckle.AspNetCore.SwaggerUI.SwaggerUIMiddleware.Invoke(HttpContext httpContext)&#xD;
         at Swashbuckle.AspNetCore.Swagger.SwaggerMiddleware.Invoke(HttpContext httpContext, ISwaggerProvider swaggerProvider)&#xD;
         at WebApi.Middleware.GlobalExceptionHandlerMiddleware.InvokeAsync(HttpContext context) in C:\Users\bryan\RiderProjects\AspTemplate\src\WebApi\Middleware\GlobalExceptionHandlerMiddleware.cs:line 19&#xD;
&#xD;
info: WebApi.Configuration.ServiceConfiguration[0]&#xD;
      Environment 'Test' detected. Skipping database registration (tests will configure DbContext separately).&#xD;
info: Microsoft.EntityFrameworkCore.Update[30100]&#xD;
      Saved 0 entities to in-memory store.&#xD;
info: Microsoft.EntityFrameworkCore.Update[30100]&#xD;
      Saved 2 entities to in-memory store.&#xD;
info: Microsoft.EntityFrameworkCore.Update[30100]&#xD;
      Saved 3 entities to in-memory store.&#xD;
info: Microsoft.EntityFrameworkCore.Update[30100]&#xD;
      Saved 4 entities to in-memory store.&#xD;
warn: Microsoft.AspNetCore.HttpsPolicy.HttpsRedirectionMiddleware[3]&#xD;
      Failed to determine the https port for redirect.&#xD;
fail: WebApi.Middleware.GlobalExceptionHandlerMiddleware[0]&#xD;
      An unhandled exception occurred: NotFoundException&#xD;
      WebApi.Exceptions.NotFoundException: Todo not found&#xD;
         at WebApi.Controllers.TodosController.UpdateTodo(Guid id, UpdateTodoRequest request) in C:\Users\bryan\RiderProjects\AspTemplate\src\WebApi\Controllers\TodosController.cs:line 172&#xD;
         at lambda_method1335(Closure, Object)&#xD;
         at Microsoft.AspNetCore.Mvc.Infrastructure.ActionMethodExecutor.AwaitableObjectResultExecutor.Execute(ActionContext actionContext, IActionResultTypeMapper mapper, ObjectMethodExecutor executor, Object controller, Object[] arguments)&#xD;
         at Microsoft.AspNetCore.Mvc.Infrastructure.ControllerActionInvoker.&lt;InvokeActionMethodAsync&gt;g__Awaited|12_0(ControllerActionInvoker invoker, ValueTask`1 actionResultValueTask)&#xD;
         at Microsoft.AspNetCore.Mvc.Infrastructure.ControllerActionInvoker.&lt;InvokeNextActionFilterAsync&gt;g__Awaited|10_0(ControllerActionInvoker invoker, Task lastTask, State next, Scope scope, Object state, Boolean isCompleted)&#xD;
         at Microsoft.AspNetCore.Mvc.Infrastructure.ControllerActionInvoker.Rethrow(ActionExecutedContextSealed context)&#xD;
         at Microsoft.AspNetCore.Mvc.Infrastructure.ControllerActionInvoker.Next(State&amp; next, Scope&amp; scope, Object&amp; state, Boolean&amp; isCompleted)&#xD;
         at Microsoft.AspNetCore.Mvc.Infrastructure.ControllerActionInvoker.InvokeInnerFilterAsync()&#xD;
      --- End of stack trace from previous location ---&#xD;
         at Microsoft.AspNetCore.Mvc.Infrastructure.ResourceInvoker.&lt;InvokeFilterPipelineAsync&gt;g__Awaited|20_0(ResourceInvoker invoker, Task lastTask, State next, Scope scope, Object state, Boolean isCompleted)&#xD;
         at Microsoft.AspNetCore.Mvc.Infrastructure.ResourceInvoker.&lt;InvokeAsync&gt;g__Awaited|17_0(ResourceInvoker invoker, Task task, IDisposable scope)&#xD;
         at Microsoft.AspNetCore.Mvc.Infrastructure.ResourceInvoker.&lt;InvokeAsync&gt;g__Awaited|17_0(ResourceInvoker invoker, Task task, IDisposable scope)&#xD;
         at Microsoft.AspNetCore.Authorization.AuthorizationMiddleware.Invoke(HttpContext context)&#xD;
         at Microsoft.AspNetCore.Authentication.AuthenticationMiddleware.Invoke(HttpContext context)&#xD;
         at Swashbuckle.AspNetCore.SwaggerUI.SwaggerUIMiddleware.Invoke(HttpContext httpContext)&#xD;
         at Swashbuckle.AspNetCore.Swagger.SwaggerMiddleware.Invoke(HttpContext httpContext, ISwaggerProvider swaggerProvider)&#xD;
         at WebApi.Middleware.GlobalExceptionHandlerMiddleware.InvokeAsync(HttpContext context) in C:\Users\bryan\RiderProjects\AspTemplate\src\WebApi\Middleware\GlobalExceptionHandlerMiddleware.cs:line 19&#xD;
&#xD;
info: WebApi.Configuration.ServiceConfiguration[0]&#xD;
      Environment 'Test' detected. Skipping database registration (tests will configure DbContext separately).&#xD;
info: Microsoft.EntityFrameworkCore.Update[30100]&#xD;
      Saved 0 entities to in-memory store.&#xD;
info: Microsoft.EntityFrameworkCore.Update[30100]&#xD;
      Saved 2 entities to in-memory store.&#xD;
info: Microsoft.EntityFrameworkCore.Update[30100]&#xD;
      Saved 3 entities to in-memory store.&#xD;
info: Microsoft.EntityFrameworkCore.Update[30100]&#xD;
      Saved 4 entities to in-memory store.&#xD;
warn: Microsoft.AspNetCore.HttpsPolicy.HttpsRedirectionMiddleware[3]&#xD;
      Failed to determine the https port for redirect.&#xD;
fail: WebApi.Middleware.GlobalExceptionHandlerMiddleware[0]&#xD;
      An unhandled exception occurred: NotFoundException&#xD;
      WebApi.Exceptions.NotFoundException: Todo not found&#xD;
         at WebApi.Controllers.TodosController.UpdateTodo(Guid id, UpdateTodoRequest request) in C:\Users\bryan\RiderProjects\AspTemplate\src\WebApi\Controllers\TodosController.cs:line 172&#xD;
         at lambda_method1345(Closure, Object)&#xD;
         at Microsoft.AspNetCore.Mvc.Infrastructure.ActionMethodExecutor.AwaitableObjectResultExecutor.Execute(ActionContext actionContext, IActionResultTypeMapper mapper, ObjectMethodExecutor executor, Object controller, Object[] arguments)&#xD;
         at Microsoft.AspNetCore.Mvc.Infrastructure.ControllerActionInvoker.&lt;InvokeActionMethodAsync&gt;g__Awaited|12_0(ControllerActionInvoker invoker, ValueTask`1 actionResultValueTask)&#xD;
         at Microsoft.AspNetCore.Mvc.Infrastructure.ControllerActionInvoker.&lt;InvokeNextActionFilterAsync&gt;g__Awaited|10_0(ControllerActionInvoker invoker, Task lastTask, State next, Scope scope, Object state, Boolean isCompleted)&#xD;
         at Microsoft.AspNetCore.Mvc.Infrastructure.ControllerActionInvoker.Rethrow(ActionExecutedContextSealed context)&#xD;
         at Microsoft.AspNetCore.Mvc.Infrastructure.ControllerActionInvoker.Next(State&amp; next, Scope&amp; scope, Object&amp; state, Boolean&amp; isCompleted)&#xD;
         at Microsoft.AspNetCore.Mvc.Infrastructure.ControllerActionInvoker.InvokeInnerFilterAsync()&#xD;
      --- End of stack trace from previous location ---&#xD;
         at Microsoft.AspNetCore.Mvc.Infrastructure.ResourceInvoker.&lt;InvokeFilterPipelineAsync&gt;g__Awaited|20_0(ResourceInvoker invoker, Task lastTask, State next, Scope scope, Object state, Boolean isCompleted)&#xD;
         at Microsoft.AspNetCore.Mvc.Infrastructure.ResourceInvoker.&lt;InvokeAsync&gt;g__Awaited|17_0(ResourceInvoker invoker, Task task, IDisposable scope)&#xD;
         at Microsoft.AspNetCore.Mvc.Infrastructure.ResourceInvoker.&lt;InvokeAsync&gt;g__Awaited|17_0(ResourceInvoker invoker, Task task, IDisposable scope)&#xD;
         at Microsoft.AspNetCore.Authorization.AuthorizationMiddleware.Invoke(HttpContext context)&#xD;
         at Microsoft.AspNetCore.Authentication.AuthenticationMiddleware.Invoke(HttpContext context)&#xD;
         at Swashbuckle.AspNetCore.SwaggerUI.SwaggerUIMiddleware.Invoke(HttpContext httpContext)&#xD;
         at Swashbuckle.AspNetCore.Swagger.SwaggerMiddleware.Invoke(HttpContext httpContext, ISwaggerProvider swaggerProvider)&#xD;
         at WebApi.Middleware.GlobalExceptionHandlerMiddleware.InvokeAsync(HttpContext context) in C:\Users\bryan\RiderProjects\AspTemplate\src\WebApi\Middleware\GlobalExceptionHandlerMiddleware.cs:line 19&#xD;
&#xD;
info: WebApi.Configuration.ServiceConfiguration[0]&#xD;
      Environment 'Test' detected. Skipping database registration (tests will configure DbContext separately).&#xD;
info: Microsoft.EntityFrameworkCore.Update[30100]&#xD;
      Saved 0 entities to in-memory store.&#xD;
info: Microsoft.EntityFrameworkCore.Update[30100]&#xD;
      Saved 2 entities to in-memory store.&#xD;
info: Microsoft.EntityFrameworkCore.Update[30100]&#xD;
      Saved 3 entities to in-memory store.&#xD;
info: Microsoft.EntityFrameworkCore.Update[30100]&#xD;
      Saved 4 entities to in-memory store.&#xD;
warn: Microsoft.AspNetCore.HttpsPolicy.HttpsRedirectionMiddleware[3]&#xD;
      Failed to determine the https port for redirect.&#xD;
info: Microsoft.EntityFrameworkCore.Update[30100]&#xD;
      Saved 1 entities to in-memory store.&#xD;
&#xD;
NUnit Adapter 5.0.0.0: Test execution complete&#xD;
</StdOut>
    </Output>
  </ResultSummary>
</TestRun>