<?xml version="1.0" encoding="utf-8"?>
<TestRun id="0f6d840b-db09-49e1-b676-7362c5a720cf" name="bryan@BRY 2026-01-05 12:46:04" runUser="BRY\bryan" xmlns="http://microsoft.com/schemas/VisualStudio/TeamTest/2010">
  <Times creation="2026-01-05T12:46:04.9228113-05:00" queuing="2026-01-05T12:46:04.9228118-05:00" start="2026-01-05T12:46:03.1162709-05:00" finish="2026-01-05T12:46:32.0399528-05:00" />
  <TestSettings name="default" id="8862c870-c1cf-4e5d-9b1a-3cf7ce1d0269">
    <Deployment runDeploymentRoot="bryan_BRY_2026-01-05_12_46_04" />
  </TestSettings>
  <Results>
    <UnitTestResult executionId="34ad8ef2-d551-45f8-926b-961c7a8190e4" testId="0c457f24-aff6-1ea7-f71f-10b95ef696c5" testName="GetAllTags_ReturnsOkWithTags" computerName="BRY" duration="00:00:00.5794730" startTime="2026-01-05T12:46:16.0425712-05:00" endTime="2026-01-05T12:46:16.6220409-05:00" testType="13cdc9d9-ddb5-4fa4-a97d-d965ccfc6d4b" outcome="Failed" testListId="8c84fa94-04c1-424b-9868-57a2d4851a1d" relativeResultsDirectory="34ad8ef2-d551-45f8-926b-961c7a8190e4">
      <Output>
        <StdOut>info: Microsoft.Hosting.Lifetime[0]&#xD;
      Application started. Press Ctrl+C to shut down.&#xD;
info: Microsoft.Hosting.Lifetime[0]&#xD;
      Hosting environment: Test&#xD;
info: Microsoft.Hosting.Lifetime[0]&#xD;
      Content root path: C:\Users\bryan\RiderProjects\AspTemplate\src\WebApi&#xD;
info: Microsoft.EntityFrameworkCore.Update[30100]&#xD;
      Saved 0 entities to in-memory store.&#xD;
info: Microsoft.EntityFrameworkCore.Update[30100]&#xD;
      Saved 2 entities to in-memory store.&#xD;
info: Microsoft.EntityFrameworkCore.Update[30100]&#xD;
      Saved 2 entities to in-memory store.&#xD;
info: Microsoft.EntityFrameworkCore.Update[30100]&#xD;
      Saved 4 entities to in-memory store.&#xD;
warn: Microsoft.AspNetCore.HttpsPolicy.HttpsRedirectionMiddleware[3]&#xD;
      Failed to determine the https port for redirect.&#xD;
info: Microsoft.Hosting.Lifetime[0]&#xD;
      Application is shutting down...</StdOut>
        <ErrorInfo>
          <Message>Expected result to contain at least 2 item(s), but found 0: {empty}.</Message>
          <StackTrace>   at FluentAssertions.Execution.LateBoundTestFramework.Throw(String message)&#xD;
   at FluentAssertions.Execution.DefaultAssertionStrategy.HandleFailure(String message)&#xD;
   at FluentAssertions.Execution.AssertionScope.AddPreFormattedFailure(String formattedFailureMessage)&#xD;
   at FluentAssertions.Execution.AssertionChain.FailWith(Func`1 getFailureReason)&#xD;
   at FluentAssertions.Execution.AssertionChain.FailWith(Func`1 getFailureReason)&#xD;
   at FluentAssertions.Execution.AssertionChain.FailWith(String message, Object[] args)&#xD;
   at FluentAssertions.Execution.GivenSelector`1.FailWith(String message, Object[] args)&#xD;
   at FluentAssertions.Execution.GivenSelector`1.FailWith(String message, Func`2[] args)&#xD;
   at FluentAssertions.Collections.GenericCollectionAssertions`3.&lt;&gt;c__DisplayClass47_0.&lt;HaveCountGreaterThanOrEqualTo&gt;b__0(AssertionChain chain)&#xD;
   at FluentAssertions.Execution.AssertionChain.WithExpectation(String message, Action`1 chain, Object[] args)&#xD;
   at FluentAssertions.Execution.AssertionChain.WithExpectation(String message, Object arg1, Action`1 chain)&#xD;
   at FluentAssertions.Collections.GenericCollectionAssertions`3.HaveCountGreaterThanOrEqualTo(Int32 expected, String because, Object[] becauseArgs)&#xD;
   at WebApi.Tests.Controllers.TagsControllerTests.GetAllTags_ReturnsOkWithTags() in C:\Users\bryan\RiderProjects\AspTemplate\tests\WebApi.Tests\Controllers\TagsControllerTests.cs:line 44&#xD;
   at NUnit.Framework.Internal.TaskAwaitAdapter.GenericAdapter`1.BlockUntilCompleted()&#xD;
   at NUnit.Framework.Internal.MessagePumpStrategy.NoMessagePumpStrategy.WaitForCompletion(AwaitAdapter awaiter)&#xD;
   at NUnit.Framework.Internal.AsyncToSyncAdapter.Await[TResult](TestExecutionContext context, Func`1 invoke)&#xD;
   at NUnit.Framework.Internal.AsyncToSyncAdapter.Await(TestExecutionContext context, Func`1 invoke)&#xD;
   at NUnit.Framework.Internal.Commands.TestMethodCommand.RunTestMethod(TestExecutionContext context)&#xD;
   at NUnit.Framework.Internal.Commands.TestMethodCommand.Execute(TestExecutionContext context)&#xD;
   at NUnit.Framework.Internal.Commands.BeforeAndAfterTestCommand.&lt;&gt;c__DisplayClass1_0.&lt;Execute&gt;b__0()&#xD;
   at NUnit.Framework.Internal.Commands.DelegatingTestCommand.RunTestMethodInThreadAbortSafeZone(TestExecutionContext context, Action action)&#xD;

</StackTrace>
        </ErrorInfo>
      </Output>
    </UnitTestResult>
    <UnitTestResult executionId="0921c0cd-5697-4319-81e5-4eeb60a1469f" testId="e3202dd6-ab0d-72c8-5210-dd70bd931c3f" testName="CreateTodo_WithTags_ReturnsCreatedWithTags" computerName="BRY" duration="00:00:00.5486020" startTime="2026-01-05T12:46:22.1916570-05:00" endTime="2026-01-05T12:46:22.7402581-05:00" testType="13cdc9d9-ddb5-4fa4-a97d-d965ccfc6d4b" outcome="Failed" testListId="8c84fa94-04c1-424b-9868-57a2d4851a1d" relativeResultsDirectory="0921c0cd-5697-4319-81e5-4eeb60a1469f">
      <Output>
        <StdOut>info: Microsoft.Hosting.Lifetime[0]&#xD;
      Application started. Press Ctrl+C to shut down.&#xD;
info: Microsoft.Hosting.Lifetime[0]&#xD;
      Hosting environment: Test&#xD;
info: Microsoft.Hosting.Lifetime[0]&#xD;
      Content root path: C:\Users\bryan\RiderProjects\AspTemplate\src\WebApi&#xD;
info: Microsoft.EntityFrameworkCore.Update[30100]&#xD;
      Saved 0 entities to in-memory store.&#xD;
info: Microsoft.EntityFrameworkCore.Update[30100]&#xD;
      Saved 2 entities to in-memory store.&#xD;
info: Microsoft.EntityFrameworkCore.Update[30100]&#xD;
      Saved 2 entities to in-memory store.&#xD;
info: Microsoft.EntityFrameworkCore.Update[30100]&#xD;
      Saved 4 entities to in-memory store.&#xD;
warn: Microsoft.AspNetCore.HttpsPolicy.HttpsRedirectionMiddleware[3]&#xD;
      Failed to determine the https port for redirect.&#xD;
info: Microsoft.EntityFrameworkCore.Update[30100]&#xD;
      Saved 1 entities to in-memory store.&#xD;
info: Microsoft.Hosting.Lifetime[0]&#xD;
      Application is shutting down...</StdOut>
        <ErrorInfo>
          <Message>Expected result!.Tags to contain 2 item(s), but found 0: {empty}.</Message>
          <StackTrace>   at FluentAssertions.Execution.LateBoundTestFramework.Throw(String message)&#xD;
   at FluentAssertions.Execution.DefaultAssertionStrategy.HandleFailure(String message)&#xD;
   at FluentAssertions.Execution.AssertionScope.AddPreFormattedFailure(String formattedFailureMessage)&#xD;
   at FluentAssertions.Execution.AssertionChain.FailWith(Func`1 getFailureReason)&#xD;
   at FluentAssertions.Execution.AssertionChain.FailWith(Func`1 getFailureReason)&#xD;
   at FluentAssertions.Execution.AssertionChain.FailWith(String message, Object[] args)&#xD;
   at FluentAssertions.Collections.GenericCollectionAssertions`3.HaveCount(Int32 expected, String because, Object[] becauseArgs)&#xD;
   at WebApi.Tests.Controllers.TodosControllerTests.CreateTodo_WithTags_ReturnsCreatedWithTags() in C:\Users\bryan\RiderProjects\AspTemplate\tests\WebApi.Tests\Controllers\TodosControllerTests.cs:line 199&#xD;
   at NUnit.Framework.Internal.TaskAwaitAdapter.GenericAdapter`1.BlockUntilCompleted()&#xD;
   at NUnit.Framework.Internal.MessagePumpStrategy.NoMessagePumpStrategy.WaitForCompletion(AwaitAdapter awaiter)&#xD;
   at NUnit.Framework.Internal.AsyncToSyncAdapter.Await[TResult](TestExecutionContext context, Func`1 invoke)&#xD;
   at NUnit.Framework.Internal.AsyncToSyncAdapter.Await(TestExecutionContext context, Func`1 invoke)&#xD;
   at NUnit.Framework.Internal.Commands.TestMethodCommand.RunTestMethod(TestExecutionContext context)&#xD;
   at NUnit.Framework.Internal.Commands.TestMethodCommand.Execute(TestExecutionContext context)&#xD;
   at NUnit.Framework.Internal.Commands.BeforeAndAfterTestCommand.&lt;&gt;c__DisplayClass1_0.&lt;Execute&gt;b__0()&#xD;
   at NUnit.Framework.Internal.Commands.DelegatingTestCommand.RunTestMethodInThreadAbortSafeZone(TestExecutionContext context, Action action)&#xD;

</StackTrace>
        </ErrorInfo>
      </Output>
    </UnitTestResult>
    <UnitTestResult executionId="55116994-6f6b-4090-810f-cdc77a57331c" testId="3109c202-bcf3-33c6-1065-70d0f6737c02" testName="CreateTag_WithDuplicateName_ReturnsBadRequest" computerName="BRY" duration="00:00:00.5450190" startTime="2026-01-05T12:46:12.2089615-05:00" endTime="2026-01-05T12:46:12.7539801-05:00" testType="13cdc9d9-ddb5-4fa4-a97d-d965ccfc6d4b" outcome="Failed" testListId="8c84fa94-04c1-424b-9868-57a2d4851a1d" relativeResultsDirectory="55116994-6f6b-4090-810f-cdc77a57331c">
      <Output>
        <StdOut>info: Microsoft.Hosting.Lifetime[0]&#xD;
      Application started. Press Ctrl+C to shut down.&#xD;
info: Microsoft.Hosting.Lifetime[0]&#xD;
      Hosting environment: Test&#xD;
info: Microsoft.Hosting.Lifetime[0]&#xD;
      Content root path: C:\Users\bryan\RiderProjects\AspTemplate\src\WebApi&#xD;
info: Microsoft.EntityFrameworkCore.Update[30100]&#xD;
      Saved 0 entities to in-memory store.&#xD;
info: Microsoft.EntityFrameworkCore.Update[30100]&#xD;
      Saved 2 entities to in-memory store.&#xD;
info: Microsoft.EntityFrameworkCore.Update[30100]&#xD;
      Saved 2 entities to in-memory store.&#xD;
info: Microsoft.EntityFrameworkCore.Update[30100]&#xD;
      Saved 4 entities to in-memory store.&#xD;
warn: Microsoft.AspNetCore.HttpsPolicy.HttpsRedirectionMiddleware[3]&#xD;
      Failed to determine the https port for redirect.&#xD;
info: Microsoft.EntityFrameworkCore.Update[30100]&#xD;
      Saved 1 entities to in-memory store.&#xD;
info: Microsoft.Hosting.Lifetime[0]&#xD;
      Application is shutting down...</StdOut>
        <ErrorInfo>
          <Message>Expected response.StatusCode to be HttpStatusCode.BadRequest {value: 400}, but found HttpStatusCode.Created {value: 201}.</Message>
          <StackTrace>   at FluentAssertions.Execution.LateBoundTestFramework.Throw(String message)&#xD;
   at FluentAssertions.Execution.DefaultAssertionStrategy.HandleFailure(String message)&#xD;
   at FluentAssertions.Execution.AssertionScope.AddPreFormattedFailure(String formattedFailureMessage)&#xD;
   at FluentAssertions.Execution.AssertionChain.FailWith(Func`1 getFailureReason)&#xD;
   at FluentAssertions.Execution.AssertionChain.FailWith(Func`1 getFailureReason)&#xD;
   at FluentAssertions.Execution.AssertionChain.FailWith(String message, Object[] args)&#xD;
   at FluentAssertions.Primitives.EnumAssertions`2.Be(TEnum expected, String because, Object[] becauseArgs)&#xD;
   at WebApi.Tests.Controllers.TagsControllerTests.CreateTag_WithDuplicateName_ReturnsBadRequest() in C:\Users\bryan\RiderProjects\AspTemplate\tests\WebApi.Tests\Controllers\TagsControllerTests.cs:line 131&#xD;
   at NUnit.Framework.Internal.TaskAwaitAdapter.GenericAdapter`1.BlockUntilCompleted()&#xD;
   at NUnit.Framework.Internal.MessagePumpStrategy.NoMessagePumpStrategy.WaitForCompletion(AwaitAdapter awaiter)&#xD;
   at NUnit.Framework.Internal.AsyncToSyncAdapter.Await[TResult](TestExecutionContext context, Func`1 invoke)&#xD;
   at NUnit.Framework.Internal.AsyncToSyncAdapter.Await(TestExecutionContext context, Func`1 invoke)&#xD;
   at NUnit.Framework.Internal.Commands.TestMethodCommand.RunTestMethod(TestExecutionContext context)&#xD;
   at NUnit.Framework.Internal.Commands.TestMethodCommand.Execute(TestExecutionContext context)&#xD;
   at NUnit.Framework.Internal.Commands.BeforeAndAfterTestCommand.&lt;&gt;c__DisplayClass1_0.&lt;Execute&gt;b__0()&#xD;
   at NUnit.Framework.Internal.Commands.DelegatingTestCommand.RunTestMethodInThreadAbortSafeZone(TestExecutionContext context, Action action)&#xD;

</StackTrace>
        </ErrorInfo>
      </Output>
    </UnitTestResult>
    <UnitTestResult executionId="846a98d4-39c6-450c-b1a9-cbcd2658f105" testId="186bfde2-1a8b-b120-bf99-1df9efde74ab" testName="CreateTag_WithEmptyName_ReturnsBadRequest" computerName="BRY" duration="00:00:00.5372230" startTime="2026-01-05T12:46:12.7540067-05:00" endTime="2026-01-05T12:46:13.2912286-05:00" testType="13cdc9d9-ddb5-4fa4-a97d-d965ccfc6d4b" outcome="Failed" testListId="8c84fa94-04c1-424b-9868-57a2d4851a1d" relativeResultsDirectory="846a98d4-39c6-450c-b1a9-cbcd2658f105">
      <Output>
        <StdOut>info: Microsoft.Hosting.Lifetime[0]&#xD;
      Application started. Press Ctrl+C to shut down.&#xD;
info: Microsoft.Hosting.Lifetime[0]&#xD;
      Hosting environment: Test&#xD;
info: Microsoft.Hosting.Lifetime[0]&#xD;
      Content root path: C:\Users\bryan\RiderProjects\AspTemplate\src\WebApi&#xD;
info: Microsoft.EntityFrameworkCore.Update[30100]&#xD;
      Saved 0 entities to in-memory store.&#xD;
info: Microsoft.EntityFrameworkCore.Update[30100]&#xD;
      Saved 2 entities to in-memory store.&#xD;
info: Microsoft.EntityFrameworkCore.Update[30100]&#xD;
      Saved 2 entities to in-memory store.&#xD;
info: Microsoft.EntityFrameworkCore.Update[30100]&#xD;
      Saved 4 entities to in-memory store.&#xD;
warn: Microsoft.AspNetCore.HttpsPolicy.HttpsRedirectionMiddleware[3]&#xD;
      Failed to determine the https port for redirect.&#xD;
info: Microsoft.EntityFrameworkCore.Update[30100]&#xD;
      Saved 1 entities to in-memory store.&#xD;
info: Microsoft.Hosting.Lifetime[0]&#xD;
      Application is shutting down...</StdOut>
        <ErrorInfo>
          <Message>Expected response.StatusCode to be HttpStatusCode.BadRequest {value: 400}, but found HttpStatusCode.Created {value: 201}.</Message>
          <StackTrace>   at FluentAssertions.Execution.LateBoundTestFramework.Throw(String message)&#xD;
   at FluentAssertions.Execution.DefaultAssertionStrategy.HandleFailure(String message)&#xD;
   at FluentAssertions.Execution.AssertionScope.AddPreFormattedFailure(String formattedFailureMessage)&#xD;
   at FluentAssertions.Execution.AssertionChain.FailWith(Func`1 getFailureReason)&#xD;
   at FluentAssertions.Execution.AssertionChain.FailWith(Func`1 getFailureReason)&#xD;
   at FluentAssertions.Execution.AssertionChain.FailWith(String message, Object[] args)&#xD;
   at FluentAssertions.Primitives.EnumAssertions`2.Be(TEnum expected, String because, Object[] becauseArgs)&#xD;
   at WebApi.Tests.Controllers.TagsControllerTests.CreateTag_WithEmptyName_ReturnsBadRequest() in C:\Users\bryan\RiderProjects\AspTemplate\tests\WebApi.Tests\Controllers\TagsControllerTests.cs:line 148&#xD;
   at NUnit.Framework.Internal.TaskAwaitAdapter.GenericAdapter`1.BlockUntilCompleted()&#xD;
   at NUnit.Framework.Internal.MessagePumpStrategy.NoMessagePumpStrategy.WaitForCompletion(AwaitAdapter awaiter)&#xD;
   at NUnit.Framework.Internal.AsyncToSyncAdapter.Await[TResult](TestExecutionContext context, Func`1 invoke)&#xD;
   at NUnit.Framework.Internal.AsyncToSyncAdapter.Await(TestExecutionContext context, Func`1 invoke)&#xD;
   at NUnit.Framework.Internal.Commands.TestMethodCommand.RunTestMethod(TestExecutionContext context)&#xD;
   at NUnit.Framework.Internal.Commands.TestMethodCommand.Execute(TestExecutionContext context)&#xD;
   at NUnit.Framework.Internal.Commands.BeforeAndAfterTestCommand.&lt;&gt;c__DisplayClass1_0.&lt;Execute&gt;b__0()&#xD;
   at NUnit.Framework.Internal.Commands.DelegatingTestCommand.RunTestMethodInThreadAbortSafeZone(TestExecutionContext context, Action action)&#xD;

</StackTrace>
        </ErrorInfo>
      </Output>
    </UnitTestResult>
    <UnitTestResult executionId="b259ad5c-dfb6-4dce-9d7a-33b53602d891" testId="48d2b8e4-5da0-a633-48e4-759f522563b6" testName="Login_WithEmail_ReturnsToken" computerName="BRY" duration="00:00:00.5936340" startTime="2026-01-05T12:46:05.9749611-05:00" endTime="2026-01-05T12:46:06.5685942-05:00" testType="13cdc9d9-ddb5-4fa4-a97d-d965ccfc6d4b" outcome="Failed" testListId="8c84fa94-04c1-424b-9868-57a2d4851a1d" relativeResultsDirectory="b259ad5c-dfb6-4dce-9d7a-33b53602d891">
      <Output>
        <StdOut>info: Microsoft.Hosting.Lifetime[0]&#xD;
      Application started. Press Ctrl+C to shut down.&#xD;
info: Microsoft.Hosting.Lifetime[0]&#xD;
      Hosting environment: Test&#xD;
info: Microsoft.Hosting.Lifetime[0]&#xD;
      Content root path: C:\Users\bryan\RiderProjects\AspTemplate\src\WebApi&#xD;
info: Microsoft.EntityFrameworkCore.Update[30100]&#xD;
      Saved 0 entities to in-memory store.&#xD;
info: Microsoft.EntityFrameworkCore.Update[30100]&#xD;
      Saved 2 entities to in-memory store.&#xD;
info: Microsoft.EntityFrameworkCore.Update[30100]&#xD;
      Saved 2 entities to in-memory store.&#xD;
info: Microsoft.EntityFrameworkCore.Update[30100]&#xD;
      Saved 4 entities to in-memory store.&#xD;
warn: Microsoft.AspNetCore.HttpsPolicy.HttpsRedirectionMiddleware[3]&#xD;
      Failed to determine the https port for redirect.&#xD;
     Warning:&#xD;
     The component "Fluent Assertions" is governed by the rules defined in the Xceed License Agreement and&#xD;
     the Xceed Fluent Assertions Community License. You may use Fluent Assertions free of charge for&#xD;
     non-commercial use only. An active subscription is required to use Fluent Assertions for commercial use.&#xD;
&#xD;
     Please contact Xceed Sales mailto:sales@xceed.com to acquire a subscription at a very low cost.&#xD;
&#xD;
     A paid commercial license supports the development and continued increasing support of&#xD;
     Fluent Assertions users under both commercial and community licenses. Help us&#xD;
     keep Fluent Assertions at the forefront of unit testing.&#xD;
&#xD;
     For more information, visit https://xceed.com/products/unit-testing/fluent-assertions/&#xD;
info: Microsoft.Hosting.Lifetime[0]&#xD;
      Application is shutting down...</StdOut>
        <ErrorInfo>
          <Message>Expected response.StatusCode to be HttpStatusCode.OK {value: 200}, but found HttpStatusCode.Unauthorized {value: 401}.</Message>
          <StackTrace>   at FluentAssertions.Execution.LateBoundTestFramework.Throw(String message)&#xD;
   at FluentAssertions.Execution.DefaultAssertionStrategy.HandleFailure(String message)&#xD;
   at FluentAssertions.Execution.AssertionScope.AddPreFormattedFailure(String formattedFailureMessage)&#xD;
   at FluentAssertions.Execution.AssertionChain.FailWith(Func`1 getFailureReason)&#xD;
   at FluentAssertions.Execution.AssertionChain.FailWith(Func`1 getFailureReason)&#xD;
   at FluentAssertions.Execution.AssertionChain.FailWith(String message, Object[] args)&#xD;
   at FluentAssertions.Primitives.EnumAssertions`2.Be(TEnum expected, String because, Object[] becauseArgs)&#xD;
   at WebApi.Tests.Controllers.AuthControllerTests.Login_WithEmail_ReturnsToken() in C:\Users\bryan\RiderProjects\AspTemplate\tests\WebApi.Tests\Controllers\AuthControllerTests.cs:line 164&#xD;
   at NUnit.Framework.Internal.TaskAwaitAdapter.GenericAdapter`1.BlockUntilCompleted()&#xD;
   at NUnit.Framework.Internal.MessagePumpStrategy.NoMessagePumpStrategy.WaitForCompletion(AwaitAdapter awaiter)&#xD;
   at NUnit.Framework.Internal.AsyncToSyncAdapter.Await[TResult](TestExecutionContext context, Func`1 invoke)&#xD;
   at NUnit.Framework.Internal.AsyncToSyncAdapter.Await(TestExecutionContext context, Func`1 invoke)&#xD;
   at NUnit.Framework.Internal.Commands.TestMethodCommand.RunTestMethod(TestExecutionContext context)&#xD;
   at NUnit.Framework.Internal.Commands.TestMethodCommand.Execute(TestExecutionContext context)&#xD;
   at NUnit.Framework.Internal.Commands.BeforeAndAfterTestCommand.&lt;&gt;c__DisplayClass1_0.&lt;Execute&gt;b__0()&#xD;
   at NUnit.Framework.Internal.Commands.DelegatingTestCommand.RunTestMethodInThreadAbortSafeZone(TestExecutionContext context, Action action)&#xD;

</StackTrace>
        </ErrorInfo>
      </Output>
    </UnitTestResult>
    <UnitTestResult executionId="87300b32-fce1-4a9e-8919-eb13d0c9055b" testId="0f17dea0-aee7-4e96-ae32-357e111a4523" testName="TagTodoAssociation_DeleteTag_TodosNoLongerHaveTag" computerName="BRY" duration="00:00:00.5636230" startTime="2026-01-05T12:46:18.9091609-05:00" endTime="2026-01-05T12:46:19.4727836-05:00" testType="13cdc9d9-ddb5-4fa4-a97d-d965ccfc6d4b" outcome="Failed" testListId="8c84fa94-04c1-424b-9868-57a2d4851a1d" relativeResultsDirectory="87300b32-fce1-4a9e-8919-eb13d0c9055b">
      <Output>
        <StdOut>info: Microsoft.Hosting.Lifetime[0]&#xD;
      Application started. Press Ctrl+C to shut down.&#xD;
info: Microsoft.Hosting.Lifetime[0]&#xD;
      Hosting environment: Test&#xD;
info: Microsoft.Hosting.Lifetime[0]&#xD;
      Content root path: C:\Users\bryan\RiderProjects\AspTemplate\src\WebApi&#xD;
info: Microsoft.EntityFrameworkCore.Update[30100]&#xD;
      Saved 0 entities to in-memory store.&#xD;
info: Microsoft.EntityFrameworkCore.Update[30100]&#xD;
      Saved 2 entities to in-memory store.&#xD;
info: Microsoft.EntityFrameworkCore.Update[30100]&#xD;
      Saved 2 entities to in-memory store.&#xD;
info: Microsoft.EntityFrameworkCore.Update[30100]&#xD;
      Saved 4 entities to in-memory store.&#xD;
warn: Microsoft.AspNetCore.HttpsPolicy.HttpsRedirectionMiddleware[3]&#xD;
      Failed to determine the https port for redirect.&#xD;
info: Microsoft.EntityFrameworkCore.Update[30100]&#xD;
      Saved 1 entities to in-memory store.&#xD;
info: Microsoft.EntityFrameworkCore.Update[30100]&#xD;
      Saved 1 entities to in-memory store.&#xD;
info: Microsoft.Hosting.Lifetime[0]&#xD;
      Application is shutting down...</StdOut>
        <ErrorInfo>
          <Message>Expected deleteResponse.StatusCode to be HttpStatusCode.NoContent {value: 204}, but found HttpStatusCode.NotFound {value: 404}.</Message>
          <StackTrace>   at FluentAssertions.Execution.LateBoundTestFramework.Throw(String message)&#xD;
   at FluentAssertions.Execution.DefaultAssertionStrategy.HandleFailure(String message)&#xD;
   at FluentAssertions.Execution.AssertionScope.AddPreFormattedFailure(String formattedFailureMessage)&#xD;
   at FluentAssertions.Execution.AssertionChain.FailWith(Func`1 getFailureReason)&#xD;
   at FluentAssertions.Execution.AssertionChain.FailWith(Func`1 getFailureReason)&#xD;
   at FluentAssertions.Execution.AssertionChain.FailWith(String message, Object[] args)&#xD;
   at FluentAssertions.Primitives.EnumAssertions`2.Be(TEnum expected, String because, Object[] becauseArgs)&#xD;
   at WebApi.Tests.Controllers.TagsControllerTests.TagTodoAssociation_DeleteTag_TodosNoLongerHaveTag() in C:\Users\bryan\RiderProjects\AspTemplate\tests\WebApi.Tests\Controllers\TagsControllerTests.cs:line 359&#xD;
   at NUnit.Framework.Internal.TaskAwaitAdapter.GenericAdapter`1.BlockUntilCompleted()&#xD;
   at NUnit.Framework.Internal.MessagePumpStrategy.NoMessagePumpStrategy.WaitForCompletion(AwaitAdapter awaiter)&#xD;
   at NUnit.Framework.Internal.AsyncToSyncAdapter.Await[TResult](TestExecutionContext context, Func`1 invoke)&#xD;
   at NUnit.Framework.Internal.AsyncToSyncAdapter.Await(TestExecutionContext context, Func`1 invoke)&#xD;
   at NUnit.Framework.Internal.Commands.TestMethodCommand.RunTestMethod(TestExecutionContext context)&#xD;
   at NUnit.Framework.Internal.Commands.TestMethodCommand.Execute(TestExecutionContext context)&#xD;
   at NUnit.Framework.Internal.Commands.BeforeAndAfterTestCommand.&lt;&gt;c__DisplayClass1_0.&lt;Execute&gt;b__0()&#xD;
   at NUnit.Framework.Internal.Commands.DelegatingTestCommand.RunTestMethodInThreadAbortSafeZone(TestExecutionContext context, Action action)&#xD;

</StackTrace>
        </ErrorInfo>
      </Output>
    </UnitTestResult>
    <UnitTestResult executionId="156d7b00-2a66-490c-a64a-2d9006bc8941" testId="a5c235ae-f617-7a06-ab5a-030c9355fde8" testName="CreateTodo_WithEmptyTitle_ReturnsBadRequest" computerName="BRY" duration="00:00:00.5515320" startTime="2026-01-05T12:46:21.6400836-05:00" endTime="2026-01-05T12:46:22.1916152-05:00" testType="13cdc9d9-ddb5-4fa4-a97d-d965ccfc6d4b" outcome="Failed" testListId="8c84fa94-04c1-424b-9868-57a2d4851a1d" relativeResultsDirectory="156d7b00-2a66-490c-a64a-2d9006bc8941">
      <Output>
        <StdOut>info: Microsoft.Hosting.Lifetime[0]&#xD;
      Application started. Press Ctrl+C to shut down.&#xD;
info: Microsoft.Hosting.Lifetime[0]&#xD;
      Hosting environment: Test&#xD;
info: Microsoft.Hosting.Lifetime[0]&#xD;
      Content root path: C:\Users\bryan\RiderProjects\AspTemplate\src\WebApi&#xD;
info: Microsoft.EntityFrameworkCore.Update[30100]&#xD;
      Saved 0 entities to in-memory store.&#xD;
info: Microsoft.EntityFrameworkCore.Update[30100]&#xD;
      Saved 2 entities to in-memory store.&#xD;
info: Microsoft.EntityFrameworkCore.Update[30100]&#xD;
      Saved 2 entities to in-memory store.&#xD;
info: Microsoft.EntityFrameworkCore.Update[30100]&#xD;
      Saved 4 entities to in-memory store.&#xD;
warn: Microsoft.AspNetCore.HttpsPolicy.HttpsRedirectionMiddleware[3]&#xD;
      Failed to determine the https port for redirect.&#xD;
info: Microsoft.EntityFrameworkCore.Update[30100]&#xD;
      Saved 1 entities to in-memory store.&#xD;
info: Microsoft.Hosting.Lifetime[0]&#xD;
      Application is shutting down...</StdOut>
        <ErrorInfo>
          <Message>Expected response.StatusCode to be HttpStatusCode.BadRequest {value: 400}, but found HttpStatusCode.Created {value: 201}.</Message>
          <StackTrace>   at FluentAssertions.Execution.LateBoundTestFramework.Throw(String message)&#xD;
   at FluentAssertions.Execution.DefaultAssertionStrategy.HandleFailure(String message)&#xD;
   at FluentAssertions.Execution.AssertionScope.AddPreFormattedFailure(String formattedFailureMessage)&#xD;
   at FluentAssertions.Execution.AssertionChain.FailWith(Func`1 getFailureReason)&#xD;
   at FluentAssertions.Execution.AssertionChain.FailWith(Func`1 getFailureReason)&#xD;
   at FluentAssertions.Execution.AssertionChain.FailWith(String message, Object[] args)&#xD;
   at FluentAssertions.Primitives.EnumAssertions`2.Be(TEnum expected, String because, Object[] becauseArgs)&#xD;
   at WebApi.Tests.Controllers.TodosControllerTests.CreateTodo_WithEmptyTitle_ReturnsBadRequest() in C:\Users\bryan\RiderProjects\AspTemplate\tests\WebApi.Tests\Controllers\TodosControllerTests.cs:line 217&#xD;
   at NUnit.Framework.Internal.TaskAwaitAdapter.GenericAdapter`1.BlockUntilCompleted()&#xD;
   at NUnit.Framework.Internal.MessagePumpStrategy.NoMessagePumpStrategy.WaitForCompletion(AwaitAdapter awaiter)&#xD;
   at NUnit.Framework.Internal.AsyncToSyncAdapter.Await[TResult](TestExecutionContext context, Func`1 invoke)&#xD;
   at NUnit.Framework.Internal.AsyncToSyncAdapter.Await(TestExecutionContext context, Func`1 invoke)&#xD;
   at NUnit.Framework.Internal.Commands.TestMethodCommand.RunTestMethod(TestExecutionContext context)&#xD;
   at NUnit.Framework.Internal.Commands.TestMethodCommand.Execute(TestExecutionContext context)&#xD;
   at NUnit.Framework.Internal.Commands.BeforeAndAfterTestCommand.&lt;&gt;c__DisplayClass1_0.&lt;Execute&gt;b__0()&#xD;
   at NUnit.Framework.Internal.Commands.DelegatingTestCommand.RunTestMethodInThreadAbortSafeZone(TestExecutionContext context, Action action)&#xD;

</StackTrace>
        </ErrorInfo>
      </Output>
    </UnitTestResult>
    <UnitTestResult executionId="b0cf785f-32cd-49c6-8638-94a960dfb3c6" testId="fee8be76-3f69-0ff8-c397-d26416047614" testName="GetAllTodos_FilterByCompleted_ReturnsOnlyCompletedTodos" computerName="BRY" duration="00:00:00.5502960" startTime="2026-01-05T12:46:24.9235529-05:00" endTime="2026-01-05T12:46:25.4738483-05:00" testType="13cdc9d9-ddb5-4fa4-a97d-d965ccfc6d4b" outcome="Passed" testListId="8c84fa94-04c1-424b-9868-57a2d4851a1d" relativeResultsDirectory="b0cf785f-32cd-49c6-8638-94a960dfb3c6">
      <Output>
        <StdOut>info: Microsoft.Hosting.Lifetime[0]&#xD;
      Application started. Press Ctrl+C to shut down.&#xD;
info: Microsoft.Hosting.Lifetime[0]&#xD;
      Hosting environment: Test&#xD;
info: Microsoft.Hosting.Lifetime[0]&#xD;
      Content root path: C:\Users\bryan\RiderProjects\AspTemplate\src\WebApi&#xD;
info: Microsoft.EntityFrameworkCore.Update[30100]&#xD;
      Saved 0 entities to in-memory store.&#xD;
info: Microsoft.EntityFrameworkCore.Update[30100]&#xD;
      Saved 2 entities to in-memory store.&#xD;
info: Microsoft.EntityFrameworkCore.Update[30100]&#xD;
      Saved 2 entities to in-memory store.&#xD;
info: Microsoft.EntityFrameworkCore.Update[30100]&#xD;
      Saved 4 entities to in-memory store.&#xD;
warn: Microsoft.AspNetCore.HttpsPolicy.HttpsRedirectionMiddleware[3]&#xD;
      Failed to determine the https port for redirect.&#xD;
info: Microsoft.Hosting.Lifetime[0]&#xD;
      Application is shutting down...</StdOut>
      </Output>
    </UnitTestResult>
    <UnitTestResult executionId="1b33cdce-3731-4af1-a5b8-745d2999ea6a" testId="170f085b-4d14-9381-619c-f8380f156725" testName="GetTodoById_WithValidId_ReturnsOk" computerName="BRY" duration="00:00:00.5353400" startTime="2026-01-05T12:46:28.7670390-05:00" endTime="2026-01-05T12:46:29.3023784-05:00" testType="13cdc9d9-ddb5-4fa4-a97d-d965ccfc6d4b" outcome="Failed" testListId="8c84fa94-04c1-424b-9868-57a2d4851a1d" relativeResultsDirectory="1b33cdce-3731-4af1-a5b8-745d2999ea6a">
      <Output>
        <StdOut>info: Microsoft.Hosting.Lifetime[0]&#xD;
      Application started. Press Ctrl+C to shut down.&#xD;
info: Microsoft.Hosting.Lifetime[0]&#xD;
      Hosting environment: Test&#xD;
info: Microsoft.Hosting.Lifetime[0]&#xD;
      Content root path: C:\Users\bryan\RiderProjects\AspTemplate\src\WebApi&#xD;
info: Microsoft.EntityFrameworkCore.Update[30100]&#xD;
      Saved 0 entities to in-memory store.&#xD;
info: Microsoft.EntityFrameworkCore.Update[30100]&#xD;
      Saved 2 entities to in-memory store.&#xD;
info: Microsoft.EntityFrameworkCore.Update[30100]&#xD;
      Saved 2 entities to in-memory store.&#xD;
info: Microsoft.EntityFrameworkCore.Update[30100]&#xD;
      Saved 4 entities to in-memory store.&#xD;
fail: Microsoft.EntityFrameworkCore.Query[10100]&#xD;
      An exception occurred while iterating over the results of a query for context type 'WebApi.Data.AppDbContext'.&#xD;
      System.InvalidOperationException: Sequence contains no elements&#xD;
         at System.Linq.ThrowHelper.ThrowNoElementsException()&#xD;
         at lambda_method852(Closure)&#xD;
         at Microsoft.EntityFrameworkCore.InMemory.Query.Internal.InMemoryQueryExpression.ResultEnumerable.GetEnumerator()&#xD;
         at Microsoft.EntityFrameworkCore.InMemory.Query.Internal.InMemoryShapedQueryCompilingExpressionVisitor.QueryingEnumerable`1.Enumerator.MoveNext()&#xD;
      System.InvalidOperationException: Sequence contains no elements&#xD;
         at System.Linq.ThrowHelper.ThrowNoElementsException()&#xD;
         at lambda_method852(Closure)&#xD;
         at Microsoft.EntityFrameworkCore.InMemory.Query.Internal.InMemoryQueryExpression.ResultEnumerable.GetEnumerator()&#xD;
         at Microsoft.EntityFrameworkCore.InMemory.Query.Internal.InMemoryShapedQueryCompilingExpressionVisitor.QueryingEnumerable`1.Enumerator.MoveNext()&#xD;
info: Microsoft.Hosting.Lifetime[0]&#xD;
      Application is shutting down...</StdOut>
        <ErrorInfo>
          <Message>System.InvalidOperationException : Sequence contains no elements</Message>
          <StackTrace>   at System.Linq.ThrowHelper.ThrowNoElementsException()&#xD;
   at lambda_method852(Closure)&#xD;
   at Microsoft.EntityFrameworkCore.InMemory.Query.Internal.InMemoryQueryExpression.ResultEnumerable.GetEnumerator()&#xD;
   at Microsoft.EntityFrameworkCore.InMemory.Query.Internal.InMemoryShapedQueryCompilingExpressionVisitor.QueryingEnumerable`1.Enumerator.MoveNext()&#xD;
   at System.Linq.Enumerable.TryGetSingle[TSource](IEnumerable`1 source, Boolean&amp; found)&#xD;
   at lambda_method851(Closure, QueryContext)&#xD;
   at Microsoft.EntityFrameworkCore.Query.Internal.QueryCompiler.Execute[TResult](Expression query)&#xD;
   at WebApi.Tests.Controllers.TodosControllerTests.GetTodoById_WithValidId_ReturnsOk() in C:\Users\bryan\RiderProjects\AspTemplate\tests\WebApi.Tests\Controllers\TodosControllerTests.cs:line 110&#xD;
   at NUnit.Framework.Internal.TaskAwaitAdapter.GenericAdapter`1.GetResult()&#xD;
   at NUnit.Framework.Internal.AsyncToSyncAdapter.Await[TResult](TestExecutionContext context, Func`1 invoke)&#xD;
   at NUnit.Framework.Internal.AsyncToSyncAdapter.Await(TestExecutionContext context, Func`1 invoke)&#xD;
   at NUnit.Framework.Internal.Commands.TestMethodCommand.RunTestMethod(TestExecutionContext context)&#xD;
   at NUnit.Framework.Internal.Commands.TestMethodCommand.Execute(TestExecutionContext context)&#xD;
   at NUnit.Framework.Internal.Commands.BeforeAndAfterTestCommand.&lt;&gt;c__DisplayClass1_0.&lt;Execute&gt;b__0()&#xD;
   at NUnit.Framework.Internal.Commands.DelegatingTestCommand.RunTestMethodInThreadAbortSafeZone(TestExecutionContext context, Action action)
</StackTrace>
        </ErrorInfo>
      </Output>
    </UnitTestResult>
    <UnitTestResult executionId="108f95eb-5151-449b-b4c4-001274ed06ee" testId="f676405e-d98b-49f3-fdfb-241bade7d01a" testName="GetCurrentUser_WithValidToken_ReturnsUser" computerName="BRY" duration="00:00:00.6713910" startTime="2026-01-05T12:46:05.3034392-05:00" endTime="2026-01-05T12:46:05.9748287-05:00" testType="13cdc9d9-ddb5-4fa4-a97d-d965ccfc6d4b" outcome="Failed" testListId="8c84fa94-04c1-424b-9868-57a2d4851a1d" relativeResultsDirectory="108f95eb-5151-449b-b4c4-001274ed06ee">
      <Output>
        <StdOut>info: Microsoft.Hosting.Lifetime[0]&#xD;
      Application started. Press Ctrl+C to shut down.&#xD;
info: Microsoft.Hosting.Lifetime[0]&#xD;
      Hosting environment: Test&#xD;
info: Microsoft.Hosting.Lifetime[0]&#xD;
      Content root path: C:\Users\bryan\RiderProjects\AspTemplate\src\WebApi&#xD;
info: Microsoft.EntityFrameworkCore.Update[30100]&#xD;
      Saved 0 entities to in-memory store.&#xD;
info: Microsoft.EntityFrameworkCore.Update[30100]&#xD;
      Saved 2 entities to in-memory store.&#xD;
info: Microsoft.EntityFrameworkCore.Update[30100]&#xD;
      Saved 2 entities to in-memory store.&#xD;
info: Microsoft.EntityFrameworkCore.Update[30100]&#xD;
      Saved 4 entities to in-memory store.&#xD;
warn: Microsoft.AspNetCore.HttpsPolicy.HttpsRedirectionMiddleware[3]&#xD;
      Failed to determine the https port for redirect.&#xD;
info: Microsoft.Hosting.Lifetime[0]&#xD;
      Application is shutting down...</StdOut>
        <ErrorInfo>
          <Message>System.Text.Json.JsonException : JSON deserialization for type 'WebApi.DTOs.Auth.AuthResponse' was missing required properties including: 'user'; 'token'.</Message>
          <StackTrace>   at System.Text.Json.ThrowHelper.ThrowJsonException_JsonRequiredPropertyMissing(JsonTypeInfo parent, BitArray assignedOrNotRequiredPropertiesSet)&#xD;
   at System.Text.Json.Serialization.Converters.ObjectDefaultConverter`1.OnTryRead(Utf8JsonReader&amp; reader, Type typeToConvert, JsonSerializerOptions options, ReadStack&amp; state, T&amp; value)&#xD;
   at System.Text.Json.Serialization.JsonConverter`1.TryRead(Utf8JsonReader&amp; reader, Type typeToConvert, JsonSerializerOptions options, ReadStack&amp; state, T&amp; value, Boolean&amp; isPopulatedValue)&#xD;
   at System.Text.Json.Serialization.JsonConverter`1.ReadCore(Utf8JsonReader&amp; reader, T&amp; value, JsonSerializerOptions options, ReadStack&amp; state)&#xD;
   at System.Text.Json.Serialization.Metadata.JsonTypeInfo`1.ContinueDeserialize[TReadBufferState,TStream](TReadBufferState&amp; bufferState, JsonReaderState&amp; jsonReaderState, ReadStack&amp; readStack, T&amp; value)&#xD;
   at System.Text.Json.Serialization.Metadata.JsonTypeInfo`1.DeserializeAsync[TReadBufferState,TStream](TStream utf8Json, TReadBufferState bufferState, CancellationToken cancellationToken)&#xD;
   at System.Net.Http.Json.HttpContentJsonExtensions.ReadFromJsonAsyncCore[T](HttpContent content, JsonSerializerOptions options, CancellationToken cancellationToken)&#xD;
   at WebApi.Tests.Controllers.AuthControllerTests.GetCurrentUser_WithValidToken_ReturnsUser() in C:\Users\bryan\RiderProjects\AspTemplate\tests\WebApi.Tests\Controllers\AuthControllerTests.cs:line 214&#xD;
   at NUnit.Framework.Internal.TaskAwaitAdapter.GenericAdapter`1.BlockUntilCompleted()&#xD;
   at NUnit.Framework.Internal.MessagePumpStrategy.NoMessagePumpStrategy.WaitForCompletion(AwaitAdapter awaiter)&#xD;
   at NUnit.Framework.Internal.AsyncToSyncAdapter.Await[TResult](TestExecutionContext context, Func`1 invoke)&#xD;
   at NUnit.Framework.Internal.AsyncToSyncAdapter.Await(TestExecutionContext context, Func`1 invoke)&#xD;
   at NUnit.Framework.Internal.Commands.TestMethodCommand.RunTestMethod(TestExecutionContext context)&#xD;
   at NUnit.Framework.Internal.Commands.TestMethodCommand.Execute(TestExecutionContext context)&#xD;
   at NUnit.Framework.Internal.Commands.BeforeAndAfterTestCommand.&lt;&gt;c__DisplayClass1_0.&lt;Execute&gt;b__0()&#xD;
   at NUnit.Framework.Internal.Commands.DelegatingTestCommand.RunTestMethodInThreadAbortSafeZone(TestExecutionContext context, Action action)
</StackTrace>
        </ErrorInfo>
      </Output>
    </UnitTestResult>
    <UnitTestResult executionId="27a3c216-7ba0-4908-a077-3fe81ad37f43" testId="39306b4a-aee3-4fa0-60ef-33aaa0db0887" testName="DeleteTag_NonExistentId_ReturnsNotFound" computerName="BRY" duration="00:00:00.5628150" startTime="2026-01-05T12:46:14.3829532-05:00" endTime="2026-01-05T12:46:14.9457686-05:00" testType="13cdc9d9-ddb5-4fa4-a97d-d965ccfc6d4b" outcome="Passed" testListId="8c84fa94-04c1-424b-9868-57a2d4851a1d" relativeResultsDirectory="27a3c216-7ba0-4908-a077-3fe81ad37f43">
      <Output>
        <StdOut>info: Microsoft.Hosting.Lifetime[0]&#xD;
      Application started. Press Ctrl+C to shut down.&#xD;
info: Microsoft.Hosting.Lifetime[0]&#xD;
      Hosting environment: Test&#xD;
info: Microsoft.Hosting.Lifetime[0]&#xD;
      Content root path: C:\Users\bryan\RiderProjects\AspTemplate\src\WebApi&#xD;
info: Microsoft.EntityFrameworkCore.Update[30100]&#xD;
      Saved 0 entities to in-memory store.&#xD;
info: Microsoft.EntityFrameworkCore.Update[30100]&#xD;
      Saved 2 entities to in-memory store.&#xD;
info: Microsoft.EntityFrameworkCore.Update[30100]&#xD;
      Saved 2 entities to in-memory store.&#xD;
info: Microsoft.EntityFrameworkCore.Update[30100]&#xD;
      Saved 4 entities to in-memory store.&#xD;
warn: Microsoft.AspNetCore.HttpsPolicy.HttpsRedirectionMiddleware[3]&#xD;
      Failed to determine the https port for redirect.&#xD;
info: Microsoft.Hosting.Lifetime[0]&#xD;
      Application is shutting down...</StdOut>
      </Output>
    </UnitTestResult>
    <UnitTestResult executionId="709050bb-f2c3-45c0-9da4-aeb38d1a14bb" testId="796bb581-0eb5-3223-6923-a782589060e7" testName="GetTagById_WithNonExistentId_ReturnsNotFound" computerName="BRY" duration="00:00:00.5482770" startTime="2026-01-05T12:46:17.1681623-05:00" endTime="2026-01-05T12:46:17.7164391-05:00" testType="13cdc9d9-ddb5-4fa4-a97d-d965ccfc6d4b" outcome="Passed" testListId="8c84fa94-04c1-424b-9868-57a2d4851a1d" relativeResultsDirectory="709050bb-f2c3-45c0-9da4-aeb38d1a14bb">
      <Output>
        <StdOut>info: Microsoft.Hosting.Lifetime[0]&#xD;
      Application started. Press Ctrl+C to shut down.&#xD;
info: Microsoft.Hosting.Lifetime[0]&#xD;
      Hosting environment: Test&#xD;
info: Microsoft.Hosting.Lifetime[0]&#xD;
      Content root path: C:\Users\bryan\RiderProjects\AspTemplate\src\WebApi&#xD;
info: Microsoft.EntityFrameworkCore.Update[30100]&#xD;
      Saved 0 entities to in-memory store.&#xD;
info: Microsoft.EntityFrameworkCore.Update[30100]&#xD;
      Saved 2 entities to in-memory store.&#xD;
info: Microsoft.EntityFrameworkCore.Update[30100]&#xD;
      Saved 2 entities to in-memory store.&#xD;
info: Microsoft.EntityFrameworkCore.Update[30100]&#xD;
      Saved 4 entities to in-memory store.&#xD;
warn: Microsoft.AspNetCore.HttpsPolicy.HttpsRedirectionMiddleware[3]&#xD;
      Failed to determine the https port for redirect.&#xD;
info: Microsoft.Hosting.Lifetime[0]&#xD;
      Application is shutting down...</StdOut>
      </Output>
    </UnitTestResult>
    <UnitTestResult executionId="50f0e09b-06e3-4f86-bf03-9fafb1957110" testId="4ced3869-979e-3509-a0e2-2de42f65f1d3" testName="ToggleTodoCompletion_CompletesTodo_ReturnsOk" computerName="BRY" duration="00:00:00.5360220" startTime="2026-01-05T12:46:29.3024054-05:00" endTime="2026-01-05T12:46:29.8384273-05:00" testType="13cdc9d9-ddb5-4fa4-a97d-d965ccfc6d4b" outcome="Failed" testListId="8c84fa94-04c1-424b-9868-57a2d4851a1d" relativeResultsDirectory="50f0e09b-06e3-4f86-bf03-9fafb1957110">
      <Output>
        <StdOut>info: Microsoft.Hosting.Lifetime[0]&#xD;
      Application started. Press Ctrl+C to shut down.&#xD;
info: Microsoft.Hosting.Lifetime[0]&#xD;
      Hosting environment: Test&#xD;
info: Microsoft.Hosting.Lifetime[0]&#xD;
      Content root path: C:\Users\bryan\RiderProjects\AspTemplate\src\WebApi&#xD;
info: Microsoft.EntityFrameworkCore.Update[30100]&#xD;
      Saved 0 entities to in-memory store.&#xD;
info: Microsoft.EntityFrameworkCore.Update[30100]&#xD;
      Saved 2 entities to in-memory store.&#xD;
info: Microsoft.EntityFrameworkCore.Update[30100]&#xD;
      Saved 2 entities to in-memory store.&#xD;
info: Microsoft.EntityFrameworkCore.Update[30100]&#xD;
      Saved 4 entities to in-memory store.&#xD;
fail: Microsoft.EntityFrameworkCore.Query[10100]&#xD;
      An exception occurred while iterating over the results of a query for context type 'WebApi.Data.AppDbContext'.&#xD;
      System.InvalidOperationException: Sequence contains no elements&#xD;
         at System.Linq.ThrowHelper.ThrowNoElementsException()&#xD;
         at lambda_method859(Closure)&#xD;
         at Microsoft.EntityFrameworkCore.InMemory.Query.Internal.InMemoryQueryExpression.ResultEnumerable.GetEnumerator()&#xD;
         at Microsoft.EntityFrameworkCore.InMemory.Query.Internal.InMemoryShapedQueryCompilingExpressionVisitor.QueryingEnumerable`1.Enumerator.MoveNext()&#xD;
      System.InvalidOperationException: Sequence contains no elements&#xD;
         at System.Linq.ThrowHelper.ThrowNoElementsException()&#xD;
         at lambda_method859(Closure)&#xD;
         at Microsoft.EntityFrameworkCore.InMemory.Query.Internal.InMemoryQueryExpression.ResultEnumerable.GetEnumerator()&#xD;
         at Microsoft.EntityFrameworkCore.InMemory.Query.Internal.InMemoryShapedQueryCompilingExpressionVisitor.QueryingEnumerable`1.Enumerator.MoveNext()&#xD;
info: Microsoft.Hosting.Lifetime[0]&#xD;
      Application is shutting down...</StdOut>
        <ErrorInfo>
          <Message>System.InvalidOperationException : Sequence contains no elements</Message>
          <StackTrace>   at System.Linq.ThrowHelper.ThrowNoElementsException()&#xD;
   at lambda_method859(Closure)&#xD;
   at Microsoft.EntityFrameworkCore.InMemory.Query.Internal.InMemoryQueryExpression.ResultEnumerable.GetEnumerator()&#xD;
   at Microsoft.EntityFrameworkCore.InMemory.Query.Internal.InMemoryShapedQueryCompilingExpressionVisitor.QueryingEnumerable`1.Enumerator.MoveNext()&#xD;
   at System.Linq.Enumerable.TryGetSingle[TSource](IEnumerable`1 source, Boolean&amp; found)&#xD;
   at lambda_method858(Closure, QueryContext)&#xD;
   at Microsoft.EntityFrameworkCore.Query.Internal.QueryCompiler.Execute[TResult](Expression query)&#xD;
   at WebApi.Tests.Controllers.TodosControllerTests.ToggleTodoCompletion_CompletesTodo_ReturnsOk() in C:\Users\bryan\RiderProjects\AspTemplate\tests\WebApi.Tests\Controllers\TodosControllerTests.cs:line 293&#xD;
   at NUnit.Framework.Internal.TaskAwaitAdapter.GenericAdapter`1.GetResult()&#xD;
   at NUnit.Framework.Internal.AsyncToSyncAdapter.Await[TResult](TestExecutionContext context, Func`1 invoke)&#xD;
   at NUnit.Framework.Internal.AsyncToSyncAdapter.Await(TestExecutionContext context, Func`1 invoke)&#xD;
   at NUnit.Framework.Internal.Commands.TestMethodCommand.RunTestMethod(TestExecutionContext context)&#xD;
   at NUnit.Framework.Internal.Commands.TestMethodCommand.Execute(TestExecutionContext context)&#xD;
   at NUnit.Framework.Internal.Commands.BeforeAndAfterTestCommand.&lt;&gt;c__DisplayClass1_0.&lt;Execute&gt;b__0()&#xD;
   at NUnit.Framework.Internal.Commands.DelegatingTestCommand.RunTestMethodInThreadAbortSafeZone(TestExecutionContext context, Action action)
</StackTrace>
        </ErrorInfo>
      </Output>
    </UnitTestResult>
    <UnitTestResult executionId="57efd3c9-cb0b-41f7-afdc-43de889d72c8" testId="ce954a5e-3f09-897a-ea8b-80ab253e3712" testName="Login_WithNonExistentUser_ReturnsUnauthorized" computerName="BRY" duration="00:00:00.5426130" startTime="2026-01-05T12:46:07.1114161-05:00" endTime="2026-01-05T12:46:07.6540289-05:00" testType="13cdc9d9-ddb5-4fa4-a97d-d965ccfc6d4b" outcome="Passed" testListId="8c84fa94-04c1-424b-9868-57a2d4851a1d" relativeResultsDirectory="57efd3c9-cb0b-41f7-afdc-43de889d72c8">
      <Output>
        <StdOut>info: Microsoft.Hosting.Lifetime[0]&#xD;
      Application started. Press Ctrl+C to shut down.&#xD;
info: Microsoft.Hosting.Lifetime[0]&#xD;
      Hosting environment: Test&#xD;
info: Microsoft.Hosting.Lifetime[0]&#xD;
      Content root path: C:\Users\bryan\RiderProjects\AspTemplate\src\WebApi&#xD;
info: Microsoft.EntityFrameworkCore.Update[30100]&#xD;
      Saved 0 entities to in-memory store.&#xD;
info: Microsoft.EntityFrameworkCore.Update[30100]&#xD;
      Saved 2 entities to in-memory store.&#xD;
info: Microsoft.EntityFrameworkCore.Update[30100]&#xD;
      Saved 2 entities to in-memory store.&#xD;
info: Microsoft.EntityFrameworkCore.Update[30100]&#xD;
      Saved 4 entities to in-memory store.&#xD;
warn: Microsoft.AspNetCore.HttpsPolicy.HttpsRedirectionMiddleware[3]&#xD;
      Failed to determine the https port for redirect.&#xD;
info: Microsoft.Hosting.Lifetime[0]&#xD;
      Application is shutting down...</StdOut>
      </Output>
    </UnitTestResult>
    <UnitTestResult executionId="6c8bfcc1-4969-4dca-a1ce-3914defbd695" testId="a086287a-e541-fe3e-0828-42d6461fdd5d" testName="TagTodoAssociation_CreateTodoWithTags_TagsAreAssociated" computerName="BRY" duration="00:00:00.6512140" startTime="2026-01-05T12:46:18.2579187-05:00" endTime="2026-01-05T12:46:18.9091326-05:00" testType="13cdc9d9-ddb5-4fa4-a97d-d965ccfc6d4b" outcome="Failed" testListId="8c84fa94-04c1-424b-9868-57a2d4851a1d" relativeResultsDirectory="6c8bfcc1-4969-4dca-a1ce-3914defbd695">
      <Output>
        <StdOut>info: Microsoft.Hosting.Lifetime[0]&#xD;
      Application started. Press Ctrl+C to shut down.&#xD;
info: Microsoft.Hosting.Lifetime[0]&#xD;
      Hosting environment: Test&#xD;
info: Microsoft.Hosting.Lifetime[0]&#xD;
      Content root path: C:\Users\bryan\RiderProjects\AspTemplate\src\WebApi&#xD;
info: Microsoft.EntityFrameworkCore.Update[30100]&#xD;
      Saved 0 entities to in-memory store.&#xD;
info: Microsoft.EntityFrameworkCore.Update[30100]&#xD;
      Saved 2 entities to in-memory store.&#xD;
info: Microsoft.EntityFrameworkCore.Update[30100]&#xD;
      Saved 2 entities to in-memory store.&#xD;
info: Microsoft.EntityFrameworkCore.Update[30100]&#xD;
      Saved 4 entities to in-memory store.&#xD;
warn: Microsoft.AspNetCore.HttpsPolicy.HttpsRedirectionMiddleware[3]&#xD;
      Failed to determine the https port for redirect.&#xD;
info: Microsoft.EntityFrameworkCore.Update[30100]&#xD;
      Saved 1 entities to in-memory store.&#xD;
info: Microsoft.Hosting.Lifetime[0]&#xD;
      Application is shutting down...</StdOut>
        <ErrorInfo>
          <Message>Expected result!.Tags to contain 2 item(s), but found 0: {empty}.</Message>
          <StackTrace>   at FluentAssertions.Execution.LateBoundTestFramework.Throw(String message)&#xD;
   at FluentAssertions.Execution.DefaultAssertionStrategy.HandleFailure(String message)&#xD;
   at FluentAssertions.Execution.AssertionScope.AddPreFormattedFailure(String formattedFailureMessage)&#xD;
   at FluentAssertions.Execution.AssertionChain.FailWith(Func`1 getFailureReason)&#xD;
   at FluentAssertions.Execution.AssertionChain.FailWith(Func`1 getFailureReason)&#xD;
   at FluentAssertions.Execution.AssertionChain.FailWith(String message, Object[] args)&#xD;
   at FluentAssertions.Collections.GenericCollectionAssertions`3.HaveCount(Int32 expected, String because, Object[] becauseArgs)&#xD;
   at WebApi.Tests.Controllers.TagsControllerTests.TagTodoAssociation_CreateTodoWithTags_TagsAreAssociated() in C:\Users\bryan\RiderProjects\AspTemplate\tests\WebApi.Tests\Controllers\TagsControllerTests.cs:line 329&#xD;
   at NUnit.Framework.Internal.TaskAwaitAdapter.GenericAdapter`1.BlockUntilCompleted()&#xD;
   at NUnit.Framework.Internal.MessagePumpStrategy.NoMessagePumpStrategy.WaitForCompletion(AwaitAdapter awaiter)&#xD;
   at NUnit.Framework.Internal.AsyncToSyncAdapter.Await[TResult](TestExecutionContext context, Func`1 invoke)&#xD;
   at NUnit.Framework.Internal.AsyncToSyncAdapter.Await(TestExecutionContext context, Func`1 invoke)&#xD;
   at NUnit.Framework.Internal.Commands.TestMethodCommand.RunTestMethod(TestExecutionContext context)&#xD;
   at NUnit.Framework.Internal.Commands.TestMethodCommand.Execute(TestExecutionContext context)&#xD;
   at NUnit.Framework.Internal.Commands.BeforeAndAfterTestCommand.&lt;&gt;c__DisplayClass1_0.&lt;Execute&gt;b__0()&#xD;
   at NUnit.Framework.Internal.Commands.DelegatingTestCommand.RunTestMethodInThreadAbortSafeZone(TestExecutionContext context, Action action)&#xD;

</StackTrace>
        </ErrorInfo>
      </Output>
    </UnitTestResult>
    <UnitTestResult executionId="de5469e3-094d-4e26-994d-b26799cdeb40" testId="1e58fb82-af13-232d-d5b3-6aab89ce125a" testName="UpdateTodo_OtherUsersTodo_ReturnsNotFound" computerName="BRY" duration="00:00:00.5249859" startTime="2026-01-05T12:46:30.9148894-05:00" endTime="2026-01-05T12:46:31.4398753-05:00" testType="13cdc9d9-ddb5-4fa4-a97d-d965ccfc6d4b" outcome="Failed" testListId="8c84fa94-04c1-424b-9868-57a2d4851a1d" relativeResultsDirectory="de5469e3-094d-4e26-994d-b26799cdeb40">
      <Output>
        <StdOut>info: Microsoft.Hosting.Lifetime[0]&#xD;
      Application started. Press Ctrl+C to shut down.&#xD;
info: Microsoft.Hosting.Lifetime[0]&#xD;
      Hosting environment: Test&#xD;
info: Microsoft.Hosting.Lifetime[0]&#xD;
      Content root path: C:\Users\bryan\RiderProjects\AspTemplate\src\WebApi&#xD;
info: Microsoft.EntityFrameworkCore.Update[30100]&#xD;
      Saved 0 entities to in-memory store.&#xD;
info: Microsoft.EntityFrameworkCore.Update[30100]&#xD;
      Saved 2 entities to in-memory store.&#xD;
info: Microsoft.EntityFrameworkCore.Update[30100]&#xD;
      Saved 2 entities to in-memory store.&#xD;
info: Microsoft.EntityFrameworkCore.Update[30100]&#xD;
      Saved 4 entities to in-memory store.&#xD;
fail: Microsoft.EntityFrameworkCore.Query[10100]&#xD;
      An exception occurred while iterating over the results of a query for context type 'WebApi.Data.AppDbContext'.&#xD;
      System.InvalidOperationException: Sequence contains no elements&#xD;
         at System.Linq.ThrowHelper.ThrowNoElementsException()&#xD;
         at lambda_method725(Closure)&#xD;
         at Microsoft.EntityFrameworkCore.InMemory.Query.Internal.InMemoryQueryExpression.ResultEnumerable.GetEnumerator()&#xD;
         at Microsoft.EntityFrameworkCore.InMemory.Query.Internal.InMemoryShapedQueryCompilingExpressionVisitor.QueryingEnumerable`1.Enumerator.MoveNext()&#xD;
      System.InvalidOperationException: Sequence contains no elements&#xD;
         at System.Linq.ThrowHelper.ThrowNoElementsException()&#xD;
         at lambda_method725(Closure)&#xD;
         at Microsoft.EntityFrameworkCore.InMemory.Query.Internal.InMemoryQueryExpression.ResultEnumerable.GetEnumerator()&#xD;
         at Microsoft.EntityFrameworkCore.InMemory.Query.Internal.InMemoryShapedQueryCompilingExpressionVisitor.QueryingEnumerable`1.Enumerator.MoveNext()&#xD;
info: Microsoft.Hosting.Lifetime[0]&#xD;
      Application is shutting down...</StdOut>
        <ErrorInfo>
          <Message>System.InvalidOperationException : Sequence contains no elements</Message>
          <StackTrace>   at System.Linq.ThrowHelper.ThrowNoElementsException()&#xD;
   at lambda_method725(Closure)&#xD;
   at Microsoft.EntityFrameworkCore.InMemory.Query.Internal.InMemoryQueryExpression.ResultEnumerable.GetEnumerator()&#xD;
   at Microsoft.EntityFrameworkCore.InMemory.Query.Internal.InMemoryShapedQueryCompilingExpressionVisitor.QueryingEnumerable`1.Enumerator.MoveNext()&#xD;
   at System.Linq.Enumerable.TryGetSingle[TSource](IEnumerable`1 source, Boolean&amp; found)&#xD;
   at lambda_method724(Closure, QueryContext)&#xD;
   at Microsoft.EntityFrameworkCore.Query.Internal.QueryCompiler.Execute[TResult](Expression query)&#xD;
   at WebApi.Tests.Controllers.TodosControllerTests.UpdateTodo_OtherUsersTodo_ReturnsNotFound() in C:\Users\bryan\RiderProjects\AspTemplate\tests\WebApi.Tests\Controllers\TodosControllerTests.cs:line 272&#xD;
   at NUnit.Framework.Internal.TaskAwaitAdapter.GenericAdapter`1.GetResult()&#xD;
   at NUnit.Framework.Internal.AsyncToSyncAdapter.Await[TResult](TestExecutionContext context, Func`1 invoke)&#xD;
   at NUnit.Framework.Internal.AsyncToSyncAdapter.Await(TestExecutionContext context, Func`1 invoke)&#xD;
   at NUnit.Framework.Internal.Commands.TestMethodCommand.RunTestMethod(TestExecutionContext context)&#xD;
   at NUnit.Framework.Internal.Commands.TestMethodCommand.Execute(TestExecutionContext context)&#xD;
   at NUnit.Framework.Internal.Commands.BeforeAndAfterTestCommand.&lt;&gt;c__DisplayClass1_0.&lt;Execute&gt;b__0()&#xD;
   at NUnit.Framework.Internal.Commands.DelegatingTestCommand.RunTestMethodInThreadAbortSafeZone(TestExecutionContext context, Action action)
</StackTrace>
        </ErrorInfo>
      </Output>
    </UnitTestResult>
    <UnitTestResult executionId="e34ef022-4bf7-4538-8564-7d1028f6f19d" testId="6d326e60-2177-25f6-b4f4-4c04bbc07cf8" testName="GetAllTodos_FilterByPending_ReturnsOnlyPendingTodos" computerName="BRY" duration="00:00:00.5423650" startTime="2026-01-05T12:46:25.4738740-05:00" endTime="2026-01-05T12:46:26.0162387-05:00" testType="13cdc9d9-ddb5-4fa4-a97d-d965ccfc6d4b" outcome="Passed" testListId="8c84fa94-04c1-424b-9868-57a2d4851a1d" relativeResultsDirectory="e34ef022-4bf7-4538-8564-7d1028f6f19d">
      <Output>
        <StdOut>info: Microsoft.Hosting.Lifetime[0]&#xD;
      Application started. Press Ctrl+C to shut down.&#xD;
info: Microsoft.Hosting.Lifetime[0]&#xD;
      Hosting environment: Test&#xD;
info: Microsoft.Hosting.Lifetime[0]&#xD;
      Content root path: C:\Users\bryan\RiderProjects\AspTemplate\src\WebApi&#xD;
info: Microsoft.EntityFrameworkCore.Update[30100]&#xD;
      Saved 0 entities to in-memory store.&#xD;
info: Microsoft.EntityFrameworkCore.Update[30100]&#xD;
      Saved 2 entities to in-memory store.&#xD;
info: Microsoft.EntityFrameworkCore.Update[30100]&#xD;
      Saved 2 entities to in-memory store.&#xD;
info: Microsoft.EntityFrameworkCore.Update[30100]&#xD;
      Saved 4 entities to in-memory store.&#xD;
warn: Microsoft.AspNetCore.HttpsPolicy.HttpsRedirectionMiddleware[3]&#xD;
      Failed to determine the https port for redirect.&#xD;
info: Microsoft.Hosting.Lifetime[0]&#xD;
      Application is shutting down...</StdOut>
      </Output>
    </UnitTestResult>
    <UnitTestResult executionId="f77ba940-cc07-4ce4-a2a1-6d7eeb614b40" testId="56c4abb1-5265-adcc-a289-3a11da880f0b" testName="Login_WithInvalidPassword_ReturnsUnauthorized" computerName="BRY" duration="00:00:00.5427500" startTime="2026-01-05T12:46:06.5686208-05:00" endTime="2026-01-05T12:46:07.1113709-05:00" testType="13cdc9d9-ddb5-4fa4-a97d-d965ccfc6d4b" outcome="Passed" testListId="8c84fa94-04c1-424b-9868-57a2d4851a1d" relativeResultsDirectory="f77ba940-cc07-4ce4-a2a1-6d7eeb614b40">
      <Output>
        <StdOut>info: Microsoft.Hosting.Lifetime[0]&#xD;
      Application started. Press Ctrl+C to shut down.&#xD;
info: Microsoft.Hosting.Lifetime[0]&#xD;
      Hosting environment: Test&#xD;
info: Microsoft.Hosting.Lifetime[0]&#xD;
      Content root path: C:\Users\bryan\RiderProjects\AspTemplate\src\WebApi&#xD;
info: Microsoft.EntityFrameworkCore.Update[30100]&#xD;
      Saved 0 entities to in-memory store.&#xD;
info: Microsoft.EntityFrameworkCore.Update[30100]&#xD;
      Saved 2 entities to in-memory store.&#xD;
info: Microsoft.EntityFrameworkCore.Update[30100]&#xD;
      Saved 2 entities to in-memory store.&#xD;
info: Microsoft.EntityFrameworkCore.Update[30100]&#xD;
      Saved 4 entities to in-memory store.&#xD;
warn: Microsoft.AspNetCore.HttpsPolicy.HttpsRedirectionMiddleware[3]&#xD;
      Failed to determine the https port for redirect.&#xD;
info: Microsoft.Hosting.Lifetime[0]&#xD;
      Application is shutting down...</StdOut>
      </Output>
    </UnitTestResult>
    <UnitTestResult executionId="a5416b70-9003-40b1-8925-20ef008145e4" testId="13ad20f4-4b3d-6a51-29c6-5b67aef5bb0f" testName="GetTodoById_WithNonExistentId_ReturnsNotFound" computerName="BRY" duration="00:00:00.5497780" startTime="2026-01-05T12:46:28.2172343-05:00" endTime="2026-01-05T12:46:28.7670120-05:00" testType="13cdc9d9-ddb5-4fa4-a97d-d965ccfc6d4b" outcome="Passed" testListId="8c84fa94-04c1-424b-9868-57a2d4851a1d" relativeResultsDirectory="a5416b70-9003-40b1-8925-20ef008145e4">
      <Output>
        <StdOut>info: Microsoft.Hosting.Lifetime[0]&#xD;
      Application started. Press Ctrl+C to shut down.&#xD;
info: Microsoft.Hosting.Lifetime[0]&#xD;
      Hosting environment: Test&#xD;
info: Microsoft.Hosting.Lifetime[0]&#xD;
      Content root path: C:\Users\bryan\RiderProjects\AspTemplate\src\WebApi&#xD;
info: Microsoft.EntityFrameworkCore.Update[30100]&#xD;
      Saved 0 entities to in-memory store.&#xD;
info: Microsoft.EntityFrameworkCore.Update[30100]&#xD;
      Saved 2 entities to in-memory store.&#xD;
info: Microsoft.EntityFrameworkCore.Update[30100]&#xD;
      Saved 2 entities to in-memory store.&#xD;
info: Microsoft.EntityFrameworkCore.Update[30100]&#xD;
      Saved 4 entities to in-memory store.&#xD;
warn: Microsoft.AspNetCore.HttpsPolicy.HttpsRedirectionMiddleware[3]&#xD;
      Failed to determine the https port for redirect.&#xD;
info: Microsoft.Hosting.Lifetime[0]&#xD;
      Application is shutting down...</StdOut>
      </Output>
    </UnitTestResult>
    <UnitTestResult executionId="2492fbb3-be6a-4488-8a4f-c7b4d0786e86" testId="5b558c79-4ca8-fee5-16d9-08cbe297452d" testName="GetCurrentUser_WithoutToken_ReturnsUnauthorized" computerName="BRY" duration="00:00:00.5601110" startTime="2026-01-05T12:46:04.7432880-05:00" endTime="2026-01-05T12:46:05.3033988-05:00" testType="13cdc9d9-ddb5-4fa4-a97d-d965ccfc6d4b" outcome="Passed" testListId="8c84fa94-04c1-424b-9868-57a2d4851a1d" relativeResultsDirectory="2492fbb3-be6a-4488-8a4f-c7b4d0786e86">
      <Output>
        <StdOut>info: Microsoft.Hosting.Lifetime[0]&#xD;
      Application started. Press Ctrl+C to shut down.&#xD;
info: Microsoft.Hosting.Lifetime[0]&#xD;
      Hosting environment: Test&#xD;
info: Microsoft.Hosting.Lifetime[0]&#xD;
      Content root path: C:\Users\bryan\RiderProjects\AspTemplate\src\WebApi&#xD;
info: Microsoft.EntityFrameworkCore.Update[30100]&#xD;
      Saved 0 entities to in-memory store.&#xD;
info: Microsoft.EntityFrameworkCore.Update[30100]&#xD;
      Saved 2 entities to in-memory store.&#xD;
info: Microsoft.EntityFrameworkCore.Update[30100]&#xD;
      Saved 2 entities to in-memory store.&#xD;
info: Microsoft.EntityFrameworkCore.Update[30100]&#xD;
      Saved 4 entities to in-memory store.&#xD;
warn: Microsoft.AspNetCore.HttpsPolicy.HttpsRedirectionMiddleware[3]&#xD;
      Failed to determine the https port for redirect.&#xD;
info: Microsoft.Hosting.Lifetime[0]&#xD;
      Application is shutting down...</StdOut>
      </Output>
    </UnitTestResult>
    <UnitTestResult executionId="a7691d9a-2e2d-495d-ac7e-3dd3020f2996" testId="3a11fc29-6062-1f3c-13c5-c2ecb2818977" testName="DeleteTag_OtherUsersTag_ReturnsNotFound" computerName="BRY" duration="00:00:00.5410620" startTime="2026-01-05T12:46:14.9457959-05:00" endTime="2026-01-05T12:46:15.4868576-05:00" testType="13cdc9d9-ddb5-4fa4-a97d-d965ccfc6d4b" outcome="Failed" testListId="8c84fa94-04c1-424b-9868-57a2d4851a1d" relativeResultsDirectory="a7691d9a-2e2d-495d-ac7e-3dd3020f2996">
      <Output>
        <StdOut>info: Microsoft.Hosting.Lifetime[0]&#xD;
      Application started. Press Ctrl+C to shut down.&#xD;
info: Microsoft.Hosting.Lifetime[0]&#xD;
      Hosting environment: Test&#xD;
info: Microsoft.Hosting.Lifetime[0]&#xD;
      Content root path: C:\Users\bryan\RiderProjects\AspTemplate\src\WebApi&#xD;
info: Microsoft.EntityFrameworkCore.Update[30100]&#xD;
      Saved 0 entities to in-memory store.&#xD;
info: Microsoft.EntityFrameworkCore.Update[30100]&#xD;
      Saved 2 entities to in-memory store.&#xD;
info: Microsoft.EntityFrameworkCore.Update[30100]&#xD;
      Saved 2 entities to in-memory store.&#xD;
info: Microsoft.EntityFrameworkCore.Update[30100]&#xD;
      Saved 4 entities to in-memory store.&#xD;
fail: Microsoft.EntityFrameworkCore.Query[10100]&#xD;
      An exception occurred while iterating over the results of a query for context type 'WebApi.Data.AppDbContext'.&#xD;
      System.InvalidOperationException: Sequence contains no elements&#xD;
         at System.Linq.ThrowHelper.ThrowNoElementsException()&#xD;
         at lambda_method518(Closure)&#xD;
         at Microsoft.EntityFrameworkCore.InMemory.Query.Internal.InMemoryQueryExpression.ResultEnumerable.GetEnumerator()&#xD;
         at Microsoft.EntityFrameworkCore.InMemory.Query.Internal.InMemoryShapedQueryCompilingExpressionVisitor.QueryingEnumerable`1.Enumerator.MoveNextHelper()&#xD;
         at Microsoft.EntityFrameworkCore.InMemory.Query.Internal.InMemoryShapedQueryCompilingExpressionVisitor.QueryingEnumerable`1.Enumerator.MoveNext()&#xD;
      System.InvalidOperationException: Sequence contains no elements&#xD;
         at System.Linq.ThrowHelper.ThrowNoElementsException()&#xD;
         at lambda_method518(Closure)&#xD;
         at Microsoft.EntityFrameworkCore.InMemory.Query.Internal.InMemoryQueryExpression.ResultEnumerable.GetEnumerator()&#xD;
         at Microsoft.EntityFrameworkCore.InMemory.Query.Internal.InMemoryShapedQueryCompilingExpressionVisitor.QueryingEnumerable`1.Enumerator.MoveNextHelper()&#xD;
         at Microsoft.EntityFrameworkCore.InMemory.Query.Internal.InMemoryShapedQueryCompilingExpressionVisitor.QueryingEnumerable`1.Enumerator.MoveNext()&#xD;
info: Microsoft.Hosting.Lifetime[0]&#xD;
      Application is shutting down...</StdOut>
        <ErrorInfo>
          <Message>System.InvalidOperationException : Sequence contains no elements</Message>
          <StackTrace>   at System.Linq.ThrowHelper.ThrowNoElementsException()&#xD;
   at lambda_method518(Closure)&#xD;
   at Microsoft.EntityFrameworkCore.InMemory.Query.Internal.InMemoryQueryExpression.ResultEnumerable.GetEnumerator()&#xD;
   at Microsoft.EntityFrameworkCore.InMemory.Query.Internal.InMemoryShapedQueryCompilingExpressionVisitor.QueryingEnumerable`1.Enumerator.MoveNextHelper()&#xD;
   at Microsoft.EntityFrameworkCore.InMemory.Query.Internal.InMemoryShapedQueryCompilingExpressionVisitor.QueryingEnumerable`1.Enumerator.MoveNext()&#xD;
   at System.Linq.Enumerable.TryGetSingle[TSource](IEnumerable`1 source, Boolean&amp; found)&#xD;
   at lambda_method517(Closure, QueryContext)&#xD;
   at Microsoft.EntityFrameworkCore.Query.Internal.QueryCompiler.ExecuteCore[TResult](Expression query, Boolean async, CancellationToken cancellationToken)&#xD;
   at Microsoft.EntityFrameworkCore.Query.Internal.QueryCompiler.Execute[TResult](Expression query)&#xD;
   at Microsoft.EntityFrameworkCore.Query.Internal.EntityQueryProvider.Execute[TResult](Expression expression)&#xD;
   at WebApi.Tests.Controllers.TagsControllerTests.DeleteTag_OtherUsersTag_ReturnsNotFound() in C:\Users\bryan\RiderProjects\AspTemplate\tests\WebApi.Tests\Controllers\TagsControllerTests.cs:line 296&#xD;
   at NUnit.Framework.Internal.TaskAwaitAdapter.GenericAdapter`1.GetResult()&#xD;
   at NUnit.Framework.Internal.AsyncToSyncAdapter.Await[TResult](TestExecutionContext context, Func`1 invoke)&#xD;
   at NUnit.Framework.Internal.AsyncToSyncAdapter.Await(TestExecutionContext context, Func`1 invoke)&#xD;
   at NUnit.Framework.Internal.Commands.TestMethodCommand.RunTestMethod(TestExecutionContext context)&#xD;
   at NUnit.Framework.Internal.Commands.TestMethodCommand.Execute(TestExecutionContext context)&#xD;
   at NUnit.Framework.Internal.Commands.BeforeAndAfterTestCommand.&lt;&gt;c__DisplayClass1_0.&lt;Execute&gt;b__0()&#xD;
   at NUnit.Framework.Internal.Commands.DelegatingTestCommand.RunTestMethodInThreadAbortSafeZone(TestExecutionContext context, Action action)
</StackTrace>
        </ErrorInfo>
      </Output>
    </UnitTestResult>
    <UnitTestResult executionId="d0c21f94-83db-4673-a4c1-4709492e3efd" testId="3eba6c44-23de-7be8-51f9-96d97780b645" testName="Login_WithValidCredentials_ReturnsToken" computerName="BRY" duration="00:00:00.5356689" startTime="2026-01-05T12:46:07.6540542-05:00" endTime="2026-01-05T12:46:08.1897216-05:00" testType="13cdc9d9-ddb5-4fa4-a97d-d965ccfc6d4b" outcome="Failed" testListId="8c84fa94-04c1-424b-9868-57a2d4851a1d" relativeResultsDirectory="d0c21f94-83db-4673-a4c1-4709492e3efd">
      <Output>
        <StdOut>info: Microsoft.Hosting.Lifetime[0]&#xD;
      Application started. Press Ctrl+C to shut down.&#xD;
info: Microsoft.Hosting.Lifetime[0]&#xD;
      Hosting environment: Test&#xD;
info: Microsoft.Hosting.Lifetime[0]&#xD;
      Content root path: C:\Users\bryan\RiderProjects\AspTemplate\src\WebApi&#xD;
info: Microsoft.EntityFrameworkCore.Update[30100]&#xD;
      Saved 0 entities to in-memory store.&#xD;
info: Microsoft.EntityFrameworkCore.Update[30100]&#xD;
      Saved 2 entities to in-memory store.&#xD;
info: Microsoft.EntityFrameworkCore.Update[30100]&#xD;
      Saved 2 entities to in-memory store.&#xD;
info: Microsoft.EntityFrameworkCore.Update[30100]&#xD;
      Saved 4 entities to in-memory store.&#xD;
warn: Microsoft.AspNetCore.HttpsPolicy.HttpsRedirectionMiddleware[3]&#xD;
      Failed to determine the https port for redirect.&#xD;
info: Microsoft.Hosting.Lifetime[0]&#xD;
      Application is shutting down...</StdOut>
        <ErrorInfo>
          <Message>Expected response.StatusCode to be HttpStatusCode.OK {value: 200}, but found HttpStatusCode.Unauthorized {value: 401}.</Message>
          <StackTrace>   at FluentAssertions.Execution.LateBoundTestFramework.Throw(String message)&#xD;
   at FluentAssertions.Execution.DefaultAssertionStrategy.HandleFailure(String message)&#xD;
   at FluentAssertions.Execution.AssertionScope.AddPreFormattedFailure(String formattedFailureMessage)&#xD;
   at FluentAssertions.Execution.AssertionChain.FailWith(Func`1 getFailureReason)&#xD;
   at FluentAssertions.Execution.AssertionChain.FailWith(Func`1 getFailureReason)&#xD;
   at FluentAssertions.Execution.AssertionChain.FailWith(String message, Object[] args)&#xD;
   at FluentAssertions.Primitives.EnumAssertions`2.Be(TEnum expected, String because, Object[] becauseArgs)&#xD;
   at WebApi.Tests.Controllers.AuthControllerTests.Login_WithValidCredentials_ReturnsToken() in C:\Users\bryan\RiderProjects\AspTemplate\tests\WebApi.Tests\Controllers\AuthControllerTests.cs:line 142&#xD;
   at NUnit.Framework.Internal.TaskAwaitAdapter.GenericAdapter`1.BlockUntilCompleted()&#xD;
   at NUnit.Framework.Internal.MessagePumpStrategy.NoMessagePumpStrategy.WaitForCompletion(AwaitAdapter awaiter)&#xD;
   at NUnit.Framework.Internal.AsyncToSyncAdapter.Await[TResult](TestExecutionContext context, Func`1 invoke)&#xD;
   at NUnit.Framework.Internal.AsyncToSyncAdapter.Await(TestExecutionContext context, Func`1 invoke)&#xD;
   at NUnit.Framework.Internal.Commands.TestMethodCommand.RunTestMethod(TestExecutionContext context)&#xD;
   at NUnit.Framework.Internal.Commands.TestMethodCommand.Execute(TestExecutionContext context)&#xD;
   at NUnit.Framework.Internal.Commands.BeforeAndAfterTestCommand.&lt;&gt;c__DisplayClass1_0.&lt;Execute&gt;b__0()&#xD;
   at NUnit.Framework.Internal.Commands.DelegatingTestCommand.RunTestMethodInThreadAbortSafeZone(TestExecutionContext context, Action action)&#xD;

</StackTrace>
        </ErrorInfo>
      </Output>
    </UnitTestResult>
    <UnitTestResult executionId="37e43d71-2957-4322-8d4a-4742c1f25816" testId="964ddc03-ec87-5b63-2332-e1aca0da218e" testName="UpdateTag_WithValidData_ReturnsOk" computerName="BRY" duration="00:00:00.5366790" startTime="2026-01-05T12:46:21.1030937-05:00" endTime="2026-01-05T12:46:21.6397720-05:00" testType="13cdc9d9-ddb5-4fa4-a97d-d965ccfc6d4b" outcome="Failed" testListId="8c84fa94-04c1-424b-9868-57a2d4851a1d" relativeResultsDirectory="37e43d71-2957-4322-8d4a-4742c1f25816">
      <Output>
        <StdOut>info: Microsoft.Hosting.Lifetime[0]&#xD;
      Application started. Press Ctrl+C to shut down.&#xD;
info: Microsoft.Hosting.Lifetime[0]&#xD;
      Hosting environment: Test&#xD;
info: Microsoft.Hosting.Lifetime[0]&#xD;
      Content root path: C:\Users\bryan\RiderProjects\AspTemplate\src\WebApi&#xD;
info: Microsoft.EntityFrameworkCore.Update[30100]&#xD;
      Saved 0 entities to in-memory store.&#xD;
info: Microsoft.EntityFrameworkCore.Update[30100]&#xD;
      Saved 2 entities to in-memory store.&#xD;
info: Microsoft.EntityFrameworkCore.Update[30100]&#xD;
      Saved 2 entities to in-memory store.&#xD;
info: Microsoft.EntityFrameworkCore.Update[30100]&#xD;
      Saved 4 entities to in-memory store.&#xD;
fail: Microsoft.EntityFrameworkCore.Query[10100]&#xD;
      An exception occurred while iterating over the results of a query for context type 'WebApi.Data.AppDbContext'.&#xD;
      System.InvalidOperationException: Sequence contains no elements&#xD;
         at System.Linq.ThrowHelper.ThrowNoElementsException()&#xD;
         at lambda_method591(Closure)&#xD;
         at Microsoft.EntityFrameworkCore.InMemory.Query.Internal.InMemoryQueryExpression.ResultEnumerable.GetEnumerator()&#xD;
         at Microsoft.EntityFrameworkCore.InMemory.Query.Internal.InMemoryShapedQueryCompilingExpressionVisitor.QueryingEnumerable`1.Enumerator.MoveNext()&#xD;
      System.InvalidOperationException: Sequence contains no elements&#xD;
         at System.Linq.ThrowHelper.ThrowNoElementsException()&#xD;
         at lambda_method591(Closure)&#xD;
         at Microsoft.EntityFrameworkCore.InMemory.Query.Internal.InMemoryQueryExpression.ResultEnumerable.GetEnumerator()&#xD;
         at Microsoft.EntityFrameworkCore.InMemory.Query.Internal.InMemoryShapedQueryCompilingExpressionVisitor.QueryingEnumerable`1.Enumerator.MoveNext()&#xD;
info: Microsoft.Hosting.Lifetime[0]&#xD;
      Application is shutting down...</StdOut>
        <ErrorInfo>
          <Message>System.InvalidOperationException : Sequence contains no elements</Message>
          <StackTrace>   at System.Linq.ThrowHelper.ThrowNoElementsException()&#xD;
   at lambda_method591(Closure)&#xD;
   at Microsoft.EntityFrameworkCore.InMemory.Query.Internal.InMemoryQueryExpression.ResultEnumerable.GetEnumerator()&#xD;
   at Microsoft.EntityFrameworkCore.InMemory.Query.Internal.InMemoryShapedQueryCompilingExpressionVisitor.QueryingEnumerable`1.Enumerator.MoveNext()&#xD;
   at System.Linq.Enumerable.TryGetSingle[TSource](IEnumerable`1 source, Boolean&amp; found)&#xD;
   at lambda_method590(Closure, QueryContext)&#xD;
   at Microsoft.EntityFrameworkCore.Query.Internal.QueryCompiler.Execute[TResult](Expression query)&#xD;
   at WebApi.Tests.Controllers.TagsControllerTests.UpdateTag_WithValidData_ReturnsOk() in C:\Users\bryan\RiderProjects\AspTemplate\tests\WebApi.Tests\Controllers\TagsControllerTests.cs:line 174&#xD;
   at NUnit.Framework.Internal.TaskAwaitAdapter.GenericAdapter`1.GetResult()&#xD;
   at NUnit.Framework.Internal.AsyncToSyncAdapter.Await[TResult](TestExecutionContext context, Func`1 invoke)&#xD;
   at NUnit.Framework.Internal.AsyncToSyncAdapter.Await(TestExecutionContext context, Func`1 invoke)&#xD;
   at NUnit.Framework.Internal.Commands.TestMethodCommand.RunTestMethod(TestExecutionContext context)&#xD;
   at NUnit.Framework.Internal.Commands.TestMethodCommand.Execute(TestExecutionContext context)&#xD;
   at NUnit.Framework.Internal.Commands.BeforeAndAfterTestCommand.&lt;&gt;c__DisplayClass1_0.&lt;Execute&gt;b__0()&#xD;
   at NUnit.Framework.Internal.Commands.DelegatingTestCommand.RunTestMethodInThreadAbortSafeZone(TestExecutionContext context, Action action)
</StackTrace>
        </ErrorInfo>
      </Output>
    </UnitTestResult>
    <UnitTestResult executionId="e1bebcb1-d77f-4139-97eb-68a5183eda33" testId="81f89f17-82cf-d52a-3f11-32b2c85cf8d1" testName="GetTagById_OtherUsersTag_ReturnsNotFound" computerName="BRY" duration="00:00:00.5460580" startTime="2026-01-05T12:46:16.6220741-05:00" endTime="2026-01-05T12:46:17.1681320-05:00" testType="13cdc9d9-ddb5-4fa4-a97d-d965ccfc6d4b" outcome="Failed" testListId="8c84fa94-04c1-424b-9868-57a2d4851a1d" relativeResultsDirectory="e1bebcb1-d77f-4139-97eb-68a5183eda33">
      <Output>
        <StdOut>info: Microsoft.Hosting.Lifetime[0]&#xD;
      Application started. Press Ctrl+C to shut down.&#xD;
info: Microsoft.Hosting.Lifetime[0]&#xD;
      Hosting environment: Test&#xD;
info: Microsoft.Hosting.Lifetime[0]&#xD;
      Content root path: C:\Users\bryan\RiderProjects\AspTemplate\src\WebApi&#xD;
info: Microsoft.EntityFrameworkCore.Update[30100]&#xD;
      Saved 0 entities to in-memory store.&#xD;
info: Microsoft.EntityFrameworkCore.Update[30100]&#xD;
      Saved 2 entities to in-memory store.&#xD;
info: Microsoft.EntityFrameworkCore.Update[30100]&#xD;
      Saved 2 entities to in-memory store.&#xD;
info: Microsoft.EntityFrameworkCore.Update[30100]&#xD;
      Saved 4 entities to in-memory store.&#xD;
fail: Microsoft.EntityFrameworkCore.Query[10100]&#xD;
      An exception occurred while iterating over the results of a query for context type 'WebApi.Data.AppDbContext'.&#xD;
      System.InvalidOperationException: Sequence contains no elements&#xD;
         at System.Linq.ThrowHelper.ThrowNoElementsException()&#xD;
         at lambda_method518(Closure)&#xD;
         at Microsoft.EntityFrameworkCore.InMemory.Query.Internal.InMemoryQueryExpression.ResultEnumerable.GetEnumerator()&#xD;
         at Microsoft.EntityFrameworkCore.InMemory.Query.Internal.InMemoryShapedQueryCompilingExpressionVisitor.QueryingEnumerable`1.Enumerator.MoveNext()&#xD;
      System.InvalidOperationException: Sequence contains no elements&#xD;
         at System.Linq.ThrowHelper.ThrowNoElementsException()&#xD;
         at lambda_method518(Closure)&#xD;
         at Microsoft.EntityFrameworkCore.InMemory.Query.Internal.InMemoryQueryExpression.ResultEnumerable.GetEnumerator()&#xD;
         at Microsoft.EntityFrameworkCore.InMemory.Query.Internal.InMemoryShapedQueryCompilingExpressionVisitor.QueryingEnumerable`1.Enumerator.MoveNext()&#xD;
info: Microsoft.Hosting.Lifetime[0]&#xD;
      Application is shutting down...</StdOut>
        <ErrorInfo>
          <Message>System.InvalidOperationException : Sequence contains no elements</Message>
          <StackTrace>   at System.Linq.ThrowHelper.ThrowNoElementsException()&#xD;
   at lambda_method518(Closure)&#xD;
   at Microsoft.EntityFrameworkCore.InMemory.Query.Internal.InMemoryQueryExpression.ResultEnumerable.GetEnumerator()&#xD;
   at Microsoft.EntityFrameworkCore.InMemory.Query.Internal.InMemoryShapedQueryCompilingExpressionVisitor.QueryingEnumerable`1.Enumerator.MoveNext()&#xD;
   at System.Linq.Enumerable.TryGetSingle[TSource](IEnumerable`1 source, Boolean&amp; found)&#xD;
   at lambda_method517(Closure, QueryContext)&#xD;
   at Microsoft.EntityFrameworkCore.Query.Internal.QueryCompiler.Execute[TResult](Expression query)&#xD;
   at WebApi.Tests.Controllers.TagsControllerTests.GetTagById_OtherUsersTag_ReturnsNotFound() in C:\Users\bryan\RiderProjects\AspTemplate\tests\WebApi.Tests\Controllers\TagsControllerTests.cs:line 86&#xD;
   at NUnit.Framework.Internal.TaskAwaitAdapter.GenericAdapter`1.GetResult()&#xD;
   at NUnit.Framework.Internal.AsyncToSyncAdapter.Await[TResult](TestExecutionContext context, Func`1 invoke)&#xD;
   at NUnit.Framework.Internal.AsyncToSyncAdapter.Await(TestExecutionContext context, Func`1 invoke)&#xD;
   at NUnit.Framework.Internal.Commands.TestMethodCommand.RunTestMethod(TestExecutionContext context)&#xD;
   at NUnit.Framework.Internal.Commands.TestMethodCommand.Execute(TestExecutionContext context)&#xD;
   at NUnit.Framework.Internal.Commands.BeforeAndAfterTestCommand.&lt;&gt;c__DisplayClass1_0.&lt;Execute&gt;b__0()&#xD;
   at NUnit.Framework.Internal.Commands.DelegatingTestCommand.RunTestMethodInThreadAbortSafeZone(TestExecutionContext context, Action action)
</StackTrace>
        </ErrorInfo>
      </Output>
    </UnitTestResult>
    <UnitTestResult executionId="e2ecce13-c542-4baf-8d2a-738f2da0c3e7" testId="ad6a8681-87a3-4f90-233c-3c66392aea02" testName="CreateTag_WithValidData_ReturnsCreated" computerName="BRY" duration="00:00:00.5392709" startTime="2026-01-05T12:46:13.8436507-05:00" endTime="2026-01-05T12:46:14.3829215-05:00" testType="13cdc9d9-ddb5-4fa4-a97d-d965ccfc6d4b" outcome="Passed" testListId="8c84fa94-04c1-424b-9868-57a2d4851a1d" relativeResultsDirectory="e2ecce13-c542-4baf-8d2a-738f2da0c3e7">
      <Output>
        <StdOut>info: Microsoft.Hosting.Lifetime[0]&#xD;
      Application started. Press Ctrl+C to shut down.&#xD;
info: Microsoft.Hosting.Lifetime[0]&#xD;
      Hosting environment: Test&#xD;
info: Microsoft.Hosting.Lifetime[0]&#xD;
      Content root path: C:\Users\bryan\RiderProjects\AspTemplate\src\WebApi&#xD;
info: Microsoft.EntityFrameworkCore.Update[30100]&#xD;
      Saved 0 entities to in-memory store.&#xD;
info: Microsoft.EntityFrameworkCore.Update[30100]&#xD;
      Saved 2 entities to in-memory store.&#xD;
info: Microsoft.EntityFrameworkCore.Update[30100]&#xD;
      Saved 2 entities to in-memory store.&#xD;
info: Microsoft.EntityFrameworkCore.Update[30100]&#xD;
      Saved 4 entities to in-memory store.&#xD;
warn: Microsoft.AspNetCore.HttpsPolicy.HttpsRedirectionMiddleware[3]&#xD;
      Failed to determine the https port for redirect.&#xD;
info: Microsoft.EntityFrameworkCore.Update[30100]&#xD;
      Saved 1 entities to in-memory store.&#xD;
info: Microsoft.Hosting.Lifetime[0]&#xD;
      Application is shutting down...</StdOut>
      </Output>
    </UnitTestResult>
    <UnitTestResult executionId="2315e25b-642d-491c-9501-92286c40d8e0" testId="a32015a8-072f-6736-d293-65926fef1708" testName="UpdateTag_WithDuplicateName_ReturnsBadRequest" computerName="BRY" duration="00:00:00.5429310" startTime="2026-01-05T12:46:20.5601311-05:00" endTime="2026-01-05T12:46:21.1030618-05:00" testType="13cdc9d9-ddb5-4fa4-a97d-d965ccfc6d4b" outcome="Failed" testListId="8c84fa94-04c1-424b-9868-57a2d4851a1d" relativeResultsDirectory="2315e25b-642d-491c-9501-92286c40d8e0">
      <Output>
        <StdOut>info: Microsoft.Hosting.Lifetime[0]&#xD;
      Application started. Press Ctrl+C to shut down.&#xD;
info: Microsoft.Hosting.Lifetime[0]&#xD;
      Hosting environment: Test&#xD;
info: Microsoft.Hosting.Lifetime[0]&#xD;
      Content root path: C:\Users\bryan\RiderProjects\AspTemplate\src\WebApi&#xD;
info: Microsoft.EntityFrameworkCore.Update[30100]&#xD;
      Saved 0 entities to in-memory store.&#xD;
info: Microsoft.EntityFrameworkCore.Update[30100]&#xD;
      Saved 2 entities to in-memory store.&#xD;
info: Microsoft.EntityFrameworkCore.Update[30100]&#xD;
      Saved 2 entities to in-memory store.&#xD;
info: Microsoft.EntityFrameworkCore.Update[30100]&#xD;
      Saved 4 entities to in-memory store.&#xD;
info: Microsoft.Hosting.Lifetime[0]&#xD;
      Application is shutting down...</StdOut>
        <ErrorInfo>
          <Message>System.ArgumentOutOfRangeException : Index was out of range. Must be non-negative and less than the size of the collection. (Parameter 'index')</Message>
          <StackTrace>   at System.Collections.Generic.List`1.get_Item(Int32 index)&#xD;
   at WebApi.Tests.Controllers.TagsControllerTests.UpdateTag_WithDuplicateName_ReturnsBadRequest() in C:\Users\bryan\RiderProjects\AspTemplate\tests\WebApi.Tests\Controllers\TagsControllerTests.cs:line 241&#xD;
   at NUnit.Framework.Internal.TaskAwaitAdapter.GenericAdapter`1.GetResult()&#xD;
   at NUnit.Framework.Internal.AsyncToSyncAdapter.Await[TResult](TestExecutionContext context, Func`1 invoke)&#xD;
   at NUnit.Framework.Internal.AsyncToSyncAdapter.Await(TestExecutionContext context, Func`1 invoke)&#xD;
   at NUnit.Framework.Internal.Commands.TestMethodCommand.RunTestMethod(TestExecutionContext context)&#xD;
   at NUnit.Framework.Internal.Commands.TestMethodCommand.Execute(TestExecutionContext context)&#xD;
   at NUnit.Framework.Internal.Commands.BeforeAndAfterTestCommand.&lt;&gt;c__DisplayClass1_0.&lt;Execute&gt;b__0()&#xD;
   at NUnit.Framework.Internal.Commands.DelegatingTestCommand.RunTestMethodInThreadAbortSafeZone(TestExecutionContext context, Action action)
</StackTrace>
        </ErrorInfo>
      </Output>
    </UnitTestResult>
    <UnitTestResult executionId="ec83bdcc-378c-426d-8c54-dd9f12cb8486" testId="8026cd4f-21f0-8e0d-d122-e9e95ad0e7eb" testName="UpdateTodo_WithValidData_ReturnsOk" computerName="BRY" duration="00:00:00.5349230" startTime="2026-01-05T12:46:31.4398990-05:00" endTime="2026-01-05T12:46:31.9748211-05:00" testType="13cdc9d9-ddb5-4fa4-a97d-d965ccfc6d4b" outcome="Failed" testListId="8c84fa94-04c1-424b-9868-57a2d4851a1d" relativeResultsDirectory="ec83bdcc-378c-426d-8c54-dd9f12cb8486">
      <Output>
        <StdOut>info: Microsoft.Hosting.Lifetime[0]&#xD;
      Application started. Press Ctrl+C to shut down.&#xD;
info: Microsoft.Hosting.Lifetime[0]&#xD;
      Hosting environment: Test&#xD;
info: Microsoft.Hosting.Lifetime[0]&#xD;
      Content root path: C:\Users\bryan\RiderProjects\AspTemplate\src\WebApi&#xD;
info: Microsoft.EntityFrameworkCore.Update[30100]&#xD;
      Saved 0 entities to in-memory store.&#xD;
info: Microsoft.EntityFrameworkCore.Update[30100]&#xD;
      Saved 2 entities to in-memory store.&#xD;
info: Microsoft.EntityFrameworkCore.Update[30100]&#xD;
      Saved 2 entities to in-memory store.&#xD;
info: Microsoft.EntityFrameworkCore.Update[30100]&#xD;
      Saved 4 entities to in-memory store.&#xD;
fail: Microsoft.EntityFrameworkCore.Query[10100]&#xD;
      An exception occurred while iterating over the results of a query for context type 'WebApi.Data.AppDbContext'.&#xD;
      System.InvalidOperationException: Sequence contains no elements&#xD;
         at System.Linq.ThrowHelper.ThrowNoElementsException()&#xD;
         at lambda_method852(Closure)&#xD;
         at Microsoft.EntityFrameworkCore.InMemory.Query.Internal.InMemoryQueryExpression.ResultEnumerable.GetEnumerator()&#xD;
         at Microsoft.EntityFrameworkCore.InMemory.Query.Internal.InMemoryShapedQueryCompilingExpressionVisitor.QueryingEnumerable`1.Enumerator.MoveNext()&#xD;
      System.InvalidOperationException: Sequence contains no elements&#xD;
         at System.Linq.ThrowHelper.ThrowNoElementsException()&#xD;
         at lambda_method852(Closure)&#xD;
         at Microsoft.EntityFrameworkCore.InMemory.Query.Internal.InMemoryQueryExpression.ResultEnumerable.GetEnumerator()&#xD;
         at Microsoft.EntityFrameworkCore.InMemory.Query.Internal.InMemoryShapedQueryCompilingExpressionVisitor.QueryingEnumerable`1.Enumerator.MoveNext()&#xD;
info: Microsoft.Hosting.Lifetime[0]&#xD;
      Application is shutting down...</StdOut>
        <ErrorInfo>
          <Message>System.InvalidOperationException : Sequence contains no elements</Message>
          <StackTrace>   at System.Linq.ThrowHelper.ThrowNoElementsException()&#xD;
   at lambda_method852(Closure)&#xD;
   at Microsoft.EntityFrameworkCore.InMemory.Query.Internal.InMemoryQueryExpression.ResultEnumerable.GetEnumerator()&#xD;
   at Microsoft.EntityFrameworkCore.InMemory.Query.Internal.InMemoryShapedQueryCompilingExpressionVisitor.QueryingEnumerable`1.Enumerator.MoveNext()&#xD;
   at System.Linq.Enumerable.TryGetSingle[TSource](IEnumerable`1 source, Boolean&amp; found)&#xD;
   at lambda_method851(Closure, QueryContext)&#xD;
   at Microsoft.EntityFrameworkCore.Query.Internal.QueryCompiler.Execute[TResult](Expression query)&#xD;
   at WebApi.Tests.Controllers.TodosControllerTests.UpdateTodo_WithValidData_ReturnsOk() in C:\Users\bryan\RiderProjects\AspTemplate\tests\WebApi.Tests\Controllers\TodosControllerTests.cs:line 226&#xD;
   at NUnit.Framework.Internal.TaskAwaitAdapter.GenericAdapter`1.GetResult()&#xD;
   at NUnit.Framework.Internal.AsyncToSyncAdapter.Await[TResult](TestExecutionContext context, Func`1 invoke)&#xD;
   at NUnit.Framework.Internal.AsyncToSyncAdapter.Await(TestExecutionContext context, Func`1 invoke)&#xD;
   at NUnit.Framework.Internal.Commands.TestMethodCommand.RunTestMethod(TestExecutionContext context)&#xD;
   at NUnit.Framework.Internal.Commands.TestMethodCommand.Execute(TestExecutionContext context)&#xD;
   at NUnit.Framework.Internal.Commands.BeforeAndAfterTestCommand.&lt;&gt;c__DisplayClass1_0.&lt;Execute&gt;b__0()&#xD;
   at NUnit.Framework.Internal.Commands.DelegatingTestCommand.RunTestMethodInThreadAbortSafeZone(TestExecutionContext context, Action action)
</StackTrace>
        </ErrorInfo>
      </Output>
    </UnitTestResult>
    <UnitTestResult executionId="1f24d5ad-3787-43cc-aede-b7e41b170c18" testId="c16f4c4c-dfc1-3117-1bc1-c6d7f41483e3" testName="GetTagById_WithValidId_ReturnsOk" computerName="BRY" duration="00:00:00.5414030" startTime="2026-01-05T12:46:17.7164882-05:00" endTime="2026-01-05T12:46:18.2578914-05:00" testType="13cdc9d9-ddb5-4fa4-a97d-d965ccfc6d4b" outcome="Failed" testListId="8c84fa94-04c1-424b-9868-57a2d4851a1d" relativeResultsDirectory="1f24d5ad-3787-43cc-aede-b7e41b170c18">
      <Output>
        <StdOut>info: Microsoft.Hosting.Lifetime[0]&#xD;
      Application started. Press Ctrl+C to shut down.&#xD;
info: Microsoft.Hosting.Lifetime[0]&#xD;
      Hosting environment: Test&#xD;
info: Microsoft.Hosting.Lifetime[0]&#xD;
      Content root path: C:\Users\bryan\RiderProjects\AspTemplate\src\WebApi&#xD;
info: Microsoft.EntityFrameworkCore.Update[30100]&#xD;
      Saved 0 entities to in-memory store.&#xD;
info: Microsoft.EntityFrameworkCore.Update[30100]&#xD;
      Saved 2 entities to in-memory store.&#xD;
info: Microsoft.EntityFrameworkCore.Update[30100]&#xD;
      Saved 2 entities to in-memory store.&#xD;
info: Microsoft.EntityFrameworkCore.Update[30100]&#xD;
      Saved 4 entities to in-memory store.&#xD;
fail: Microsoft.EntityFrameworkCore.Query[10100]&#xD;
      An exception occurred while iterating over the results of a query for context type 'WebApi.Data.AppDbContext'.&#xD;
      System.InvalidOperationException: Sequence contains no elements&#xD;
         at System.Linq.ThrowHelper.ThrowNoElementsException()&#xD;
         at lambda_method591(Closure)&#xD;
         at Microsoft.EntityFrameworkCore.InMemory.Query.Internal.InMemoryQueryExpression.ResultEnumerable.GetEnumerator()&#xD;
         at Microsoft.EntityFrameworkCore.InMemory.Query.Internal.InMemoryShapedQueryCompilingExpressionVisitor.QueryingEnumerable`1.Enumerator.MoveNext()&#xD;
      System.InvalidOperationException: Sequence contains no elements&#xD;
         at System.Linq.ThrowHelper.ThrowNoElementsException()&#xD;
         at lambda_method591(Closure)&#xD;
         at Microsoft.EntityFrameworkCore.InMemory.Query.Internal.InMemoryQueryExpression.ResultEnumerable.GetEnumerator()&#xD;
         at Microsoft.EntityFrameworkCore.InMemory.Query.Internal.InMemoryShapedQueryCompilingExpressionVisitor.QueryingEnumerable`1.Enumerator.MoveNext()&#xD;
info: Microsoft.Hosting.Lifetime[0]&#xD;
      Application is shutting down...</StdOut>
        <ErrorInfo>
          <Message>System.InvalidOperationException : Sequence contains no elements</Message>
          <StackTrace>   at System.Linq.ThrowHelper.ThrowNoElementsException()&#xD;
   at lambda_method591(Closure)&#xD;
   at Microsoft.EntityFrameworkCore.InMemory.Query.Internal.InMemoryQueryExpression.ResultEnumerable.GetEnumerator()&#xD;
   at Microsoft.EntityFrameworkCore.InMemory.Query.Internal.InMemoryShapedQueryCompilingExpressionVisitor.QueryingEnumerable`1.Enumerator.MoveNext()&#xD;
   at System.Linq.Enumerable.TryGetSingle[TSource](IEnumerable`1 source, Boolean&amp; found)&#xD;
   at lambda_method590(Closure, QueryContext)&#xD;
   at Microsoft.EntityFrameworkCore.Query.Internal.QueryCompiler.Execute[TResult](Expression query)&#xD;
   at WebApi.Tests.Controllers.TagsControllerTests.GetTagById_WithValidId_ReturnsOk() in C:\Users\bryan\RiderProjects\AspTemplate\tests\WebApi.Tests\Controllers\TagsControllerTests.cs:line 53&#xD;
   at NUnit.Framework.Internal.TaskAwaitAdapter.GenericAdapter`1.GetResult()&#xD;
   at NUnit.Framework.Internal.AsyncToSyncAdapter.Await[TResult](TestExecutionContext context, Func`1 invoke)&#xD;
   at NUnit.Framework.Internal.AsyncToSyncAdapter.Await(TestExecutionContext context, Func`1 invoke)&#xD;
   at NUnit.Framework.Internal.Commands.TestMethodCommand.RunTestMethod(TestExecutionContext context)&#xD;
   at NUnit.Framework.Internal.Commands.TestMethodCommand.Execute(TestExecutionContext context)&#xD;
   at NUnit.Framework.Internal.Commands.BeforeAndAfterTestCommand.&lt;&gt;c__DisplayClass1_0.&lt;Execute&gt;b__0()&#xD;
   at NUnit.Framework.Internal.Commands.DelegatingTestCommand.RunTestMethodInThreadAbortSafeZone(TestExecutionContext context, Action action)
</StackTrace>
        </ErrorInfo>
      </Output>
    </UnitTestResult>
    <UnitTestResult executionId="fe296388-7b99-4c47-b902-792313f0beb9" testId="08d7a87f-8aa5-c7a8-e5ee-faec78f8215e" testName="GetAllTodos_ReturnsOkWithTodos" computerName="BRY" duration="00:00:00.5489960" startTime="2026-01-05T12:46:27.1262764-05:00" endTime="2026-01-05T12:46:27.6752716-05:00" testType="13cdc9d9-ddb5-4fa4-a97d-d965ccfc6d4b" outcome="Failed" testListId="8c84fa94-04c1-424b-9868-57a2d4851a1d" relativeResultsDirectory="fe296388-7b99-4c47-b902-792313f0beb9">
      <Output>
        <StdOut>info: Microsoft.Hosting.Lifetime[0]&#xD;
      Application started. Press Ctrl+C to shut down.&#xD;
info: Microsoft.Hosting.Lifetime[0]&#xD;
      Hosting environment: Test&#xD;
info: Microsoft.Hosting.Lifetime[0]&#xD;
      Content root path: C:\Users\bryan\RiderProjects\AspTemplate\src\WebApi&#xD;
info: Microsoft.EntityFrameworkCore.Update[30100]&#xD;
      Saved 0 entities to in-memory store.&#xD;
info: Microsoft.EntityFrameworkCore.Update[30100]&#xD;
      Saved 2 entities to in-memory store.&#xD;
info: Microsoft.EntityFrameworkCore.Update[30100]&#xD;
      Saved 2 entities to in-memory store.&#xD;
info: Microsoft.EntityFrameworkCore.Update[30100]&#xD;
      Saved 4 entities to in-memory store.&#xD;
warn: Microsoft.AspNetCore.HttpsPolicy.HttpsRedirectionMiddleware[3]&#xD;
      Failed to determine the https port for redirect.&#xD;
info: Microsoft.Hosting.Lifetime[0]&#xD;
      Application is shutting down...</StdOut>
        <ErrorInfo>
          <Message>Expected result to contain at least 2 item(s), but found 0: {empty}.</Message>
          <StackTrace>   at FluentAssertions.Execution.LateBoundTestFramework.Throw(String message)&#xD;
   at FluentAssertions.Execution.DefaultAssertionStrategy.HandleFailure(String message)&#xD;
   at FluentAssertions.Execution.AssertionChain.FailWith(Func`1 getFailureReason)&#xD;
   at FluentAssertions.Execution.AssertionChain.FailWith(String message, Object[] args)&#xD;
   at FluentAssertions.Execution.GivenSelector`1.FailWith(String message, Object[] args)&#xD;
   at FluentAssertions.Execution.GivenSelector`1.FailWith(String message, Func`2[] args)&#xD;
   at FluentAssertions.Collections.GenericCollectionAssertions`3.&lt;&gt;c__DisplayClass47_0.&lt;HaveCountGreaterThanOrEqualTo&gt;b__0(AssertionChain chain)&#xD;
   at FluentAssertions.Execution.AssertionChain.WithExpectation(String message, Action`1 chain, Object[] args)&#xD;
   at FluentAssertions.Execution.AssertionChain.WithExpectation(String message, Object arg1, Action`1 chain)&#xD;
   at FluentAssertions.Collections.GenericCollectionAssertions`3.HaveCountGreaterThanOrEqualTo(Int32 expected, String because, Object[] becauseArgs)&#xD;
   at WebApi.Tests.Controllers.TodosControllerTests.GetAllTodos_ReturnsOkWithTodos() in C:\Users\bryan\RiderProjects\AspTemplate\tests\WebApi.Tests\Controllers\TodosControllerTests.cs:line 43&#xD;
   at NUnit.Framework.Internal.TaskAwaitAdapter.GenericAdapter`1.BlockUntilCompleted()&#xD;
   at NUnit.Framework.Internal.MessagePumpStrategy.NoMessagePumpStrategy.WaitForCompletion(AwaitAdapter awaiter)&#xD;
   at NUnit.Framework.Internal.AsyncToSyncAdapter.Await[TResult](TestExecutionContext context, Func`1 invoke)&#xD;
   at NUnit.Framework.Internal.AsyncToSyncAdapter.Await(TestExecutionContext context, Func`1 invoke)&#xD;
   at NUnit.Framework.Internal.Commands.TestMethodCommand.RunTestMethod(TestExecutionContext context)&#xD;
   at NUnit.Framework.Internal.Commands.TestMethodCommand.Execute(TestExecutionContext context)&#xD;
   at NUnit.Framework.Internal.Commands.BeforeAndAfterTestCommand.&lt;&gt;c__DisplayClass1_0.&lt;Execute&gt;b__0()&#xD;
   at NUnit.Framework.Internal.Commands.DelegatingTestCommand.RunTestMethodInThreadAbortSafeZone(TestExecutionContext context, Action action)&#xD;

</StackTrace>
        </ErrorInfo>
      </Output>
    </UnitTestResult>
    <UnitTestResult executionId="944ec56c-72aa-4856-b6b0-f5278f106336" testId="38e9f8c3-53cf-f8aa-5da9-4bbeff59b60a" testName="GetTodoById_OtherUsersTodo_ReturnsNotFound" computerName="BRY" duration="00:00:00.5419040" startTime="2026-01-05T12:46:27.6752977-05:00" endTime="2026-01-05T12:46:28.2172014-05:00" testType="13cdc9d9-ddb5-4fa4-a97d-d965ccfc6d4b" outcome="Failed" testListId="8c84fa94-04c1-424b-9868-57a2d4851a1d" relativeResultsDirectory="944ec56c-72aa-4856-b6b0-f5278f106336">
      <Output>
        <StdOut>info: Microsoft.Hosting.Lifetime[0]&#xD;
      Application started. Press Ctrl+C to shut down.&#xD;
info: Microsoft.Hosting.Lifetime[0]&#xD;
      Hosting environment: Test&#xD;
info: Microsoft.Hosting.Lifetime[0]&#xD;
      Content root path: C:\Users\bryan\RiderProjects\AspTemplate\src\WebApi&#xD;
info: Microsoft.EntityFrameworkCore.Update[30100]&#xD;
      Saved 0 entities to in-memory store.&#xD;
info: Microsoft.EntityFrameworkCore.Update[30100]&#xD;
      Saved 2 entities to in-memory store.&#xD;
info: Microsoft.EntityFrameworkCore.Update[30100]&#xD;
      Saved 2 entities to in-memory store.&#xD;
info: Microsoft.EntityFrameworkCore.Update[30100]&#xD;
      Saved 4 entities to in-memory store.&#xD;
fail: Microsoft.EntityFrameworkCore.Query[10100]&#xD;
      An exception occurred while iterating over the results of a query for context type 'WebApi.Data.AppDbContext'.&#xD;
      System.InvalidOperationException: Sequence contains no elements&#xD;
         at System.Linq.ThrowHelper.ThrowNoElementsException()&#xD;
         at lambda_method725(Closure)&#xD;
         at Microsoft.EntityFrameworkCore.InMemory.Query.Internal.InMemoryQueryExpression.ResultEnumerable.GetEnumerator()&#xD;
         at Microsoft.EntityFrameworkCore.InMemory.Query.Internal.InMemoryShapedQueryCompilingExpressionVisitor.QueryingEnumerable`1.Enumerator.MoveNext()&#xD;
      System.InvalidOperationException: Sequence contains no elements&#xD;
         at System.Linq.ThrowHelper.ThrowNoElementsException()&#xD;
         at lambda_method725(Closure)&#xD;
         at Microsoft.EntityFrameworkCore.InMemory.Query.Internal.InMemoryQueryExpression.ResultEnumerable.GetEnumerator()&#xD;
         at Microsoft.EntityFrameworkCore.InMemory.Query.Internal.InMemoryShapedQueryCompilingExpressionVisitor.QueryingEnumerable`1.Enumerator.MoveNext()&#xD;
info: Microsoft.Hosting.Lifetime[0]&#xD;
      Application is shutting down...</StdOut>
        <ErrorInfo>
          <Message>System.InvalidOperationException : Sequence contains no elements</Message>
          <StackTrace>   at System.Linq.ThrowHelper.ThrowNoElementsException()&#xD;
   at lambda_method725(Closure)&#xD;
   at Microsoft.EntityFrameworkCore.InMemory.Query.Internal.InMemoryQueryExpression.ResultEnumerable.GetEnumerator()&#xD;
   at Microsoft.EntityFrameworkCore.InMemory.Query.Internal.InMemoryShapedQueryCompilingExpressionVisitor.QueryingEnumerable`1.Enumerator.MoveNext()&#xD;
   at System.Linq.Enumerable.TryGetSingle[TSource](IEnumerable`1 source, Boolean&amp; found)&#xD;
   at lambda_method724(Closure, QueryContext)&#xD;
   at Microsoft.EntityFrameworkCore.Query.Internal.QueryCompiler.Execute[TResult](Expression query)&#xD;
   at WebApi.Tests.Controllers.TodosControllerTests.GetTodoById_OtherUsersTodo_ReturnsNotFound() in C:\Users\bryan\RiderProjects\AspTemplate\tests\WebApi.Tests\Controllers\TodosControllerTests.cs:line 142&#xD;
   at NUnit.Framework.Internal.TaskAwaitAdapter.GenericAdapter`1.GetResult()&#xD;
   at NUnit.Framework.Internal.AsyncToSyncAdapter.Await[TResult](TestExecutionContext context, Func`1 invoke)&#xD;
   at NUnit.Framework.Internal.AsyncToSyncAdapter.Await(TestExecutionContext context, Func`1 invoke)&#xD;
   at NUnit.Framework.Internal.Commands.TestMethodCommand.RunTestMethod(TestExecutionContext context)&#xD;
   at NUnit.Framework.Internal.Commands.TestMethodCommand.Execute(TestExecutionContext context)&#xD;
   at NUnit.Framework.Internal.Commands.BeforeAndAfterTestCommand.&lt;&gt;c__DisplayClass1_0.&lt;Execute&gt;b__0()&#xD;
   at NUnit.Framework.Internal.Commands.DelegatingTestCommand.RunTestMethodInThreadAbortSafeZone(TestExecutionContext context, Action action)
</StackTrace>
        </ErrorInfo>
      </Output>
    </UnitTestResult>
    <UnitTestResult executionId="ee1b0d1f-32b0-4cb1-bcc6-1902dbe776a3" testId="0ba0fd0c-171a-c258-f69f-053407736c76" testName="Register_WithDuplicateUsername_ReturnsBadRequest" computerName="BRY" duration="00:00:00.8026660" startTime="2026-01-05T12:46:08.9948605-05:00" endTime="2026-01-05T12:46:09.7975259-05:00" testType="13cdc9d9-ddb5-4fa4-a97d-d965ccfc6d4b" outcome="Failed" testListId="8c84fa94-04c1-424b-9868-57a2d4851a1d" relativeResultsDirectory="ee1b0d1f-32b0-4cb1-bcc6-1902dbe776a3">
      <Output>
        <StdOut>info: Microsoft.Hosting.Lifetime[0]&#xD;
      Application started. Press Ctrl+C to shut down.&#xD;
info: Microsoft.Hosting.Lifetime[0]&#xD;
      Hosting environment: Test&#xD;
info: Microsoft.Hosting.Lifetime[0]&#xD;
      Content root path: C:\Users\bryan\RiderProjects\AspTemplate\src\WebApi&#xD;
info: Microsoft.EntityFrameworkCore.Update[30100]&#xD;
      Saved 0 entities to in-memory store.&#xD;
info: Microsoft.EntityFrameworkCore.Update[30100]&#xD;
      Saved 2 entities to in-memory store.&#xD;
info: Microsoft.EntityFrameworkCore.Update[30100]&#xD;
      Saved 2 entities to in-memory store.&#xD;
info: Microsoft.EntityFrameworkCore.Update[30100]&#xD;
      Saved 4 entities to in-memory store.&#xD;
warn: Microsoft.AspNetCore.HttpsPolicy.HttpsRedirectionMiddleware[3]&#xD;
      Failed to determine the https port for redirect.&#xD;
info: Microsoft.EntityFrameworkCore.Update[30100]&#xD;
      Saved 1 entities to in-memory store.&#xD;
info: Microsoft.Hosting.Lifetime[0]&#xD;
      Application is shutting down...</StdOut>
        <ErrorInfo>
          <Message>Expected response.StatusCode to be HttpStatusCode.BadRequest {value: 400}, but found HttpStatusCode.OK {value: 200}.</Message>
          <StackTrace>   at FluentAssertions.Execution.LateBoundTestFramework.Throw(String message)&#xD;
   at FluentAssertions.Execution.DefaultAssertionStrategy.HandleFailure(String message)&#xD;
   at FluentAssertions.Execution.AssertionScope.AddPreFormattedFailure(String formattedFailureMessage)&#xD;
   at FluentAssertions.Execution.AssertionChain.FailWith(Func`1 getFailureReason)&#xD;
   at FluentAssertions.Execution.AssertionChain.FailWith(Func`1 getFailureReason)&#xD;
   at FluentAssertions.Execution.AssertionChain.FailWith(String message, Object[] args)&#xD;
   at FluentAssertions.Primitives.EnumAssertions`2.Be(TEnum expected, String because, Object[] becauseArgs)&#xD;
   at WebApi.Tests.Controllers.AuthControllerTests.Register_WithDuplicateUsername_ReturnsBadRequest() in C:\Users\bryan\RiderProjects\AspTemplate\tests\WebApi.Tests\Controllers\AuthControllerTests.cs:line 71&#xD;
   at NUnit.Framework.Internal.TaskAwaitAdapter.GenericAdapter`1.BlockUntilCompleted()&#xD;
   at NUnit.Framework.Internal.MessagePumpStrategy.NoMessagePumpStrategy.WaitForCompletion(AwaitAdapter awaiter)&#xD;
   at NUnit.Framework.Internal.AsyncToSyncAdapter.Await[TResult](TestExecutionContext context, Func`1 invoke)&#xD;
   at NUnit.Framework.Internal.AsyncToSyncAdapter.Await(TestExecutionContext context, Func`1 invoke)&#xD;
   at NUnit.Framework.Internal.Commands.TestMethodCommand.RunTestMethod(TestExecutionContext context)&#xD;
   at NUnit.Framework.Internal.Commands.TestMethodCommand.Execute(TestExecutionContext context)&#xD;
   at NUnit.Framework.Internal.Commands.BeforeAndAfterTestCommand.&lt;&gt;c__DisplayClass1_0.&lt;Execute&gt;b__0()&#xD;
   at NUnit.Framework.Internal.Commands.DelegatingTestCommand.RunTestMethodInThreadAbortSafeZone(TestExecutionContext context, Action action)&#xD;

</StackTrace>
        </ErrorInfo>
      </Output>
    </UnitTestResult>
    <UnitTestResult executionId="8fc0771a-6f74-4bab-90f7-61bc1ae49ab2" testId="4d024fb7-df5c-cc39-dcdb-1cec23d9118d" testName="DeleteTodo_OtherUsersTodo_ReturnsNotFound" computerName="BRY" duration="00:00:00.5530690" startTime="2026-01-05T12:46:23.8270752-05:00" endTime="2026-01-05T12:46:24.3801438-05:00" testType="13cdc9d9-ddb5-4fa4-a97d-d965ccfc6d4b" outcome="Failed" testListId="8c84fa94-04c1-424b-9868-57a2d4851a1d" relativeResultsDirectory="8fc0771a-6f74-4bab-90f7-61bc1ae49ab2">
      <Output>
        <StdOut>info: Microsoft.Hosting.Lifetime[0]&#xD;
      Application started. Press Ctrl+C to shut down.&#xD;
info: Microsoft.Hosting.Lifetime[0]&#xD;
      Hosting environment: Test&#xD;
info: Microsoft.Hosting.Lifetime[0]&#xD;
      Content root path: C:\Users\bryan\RiderProjects\AspTemplate\src\WebApi&#xD;
info: Microsoft.EntityFrameworkCore.Update[30100]&#xD;
      Saved 0 entities to in-memory store.&#xD;
info: Microsoft.EntityFrameworkCore.Update[30100]&#xD;
      Saved 2 entities to in-memory store.&#xD;
info: Microsoft.EntityFrameworkCore.Update[30100]&#xD;
      Saved 2 entities to in-memory store.&#xD;
info: Microsoft.EntityFrameworkCore.Update[30100]&#xD;
      Saved 4 entities to in-memory store.&#xD;
fail: Microsoft.EntityFrameworkCore.Query[10100]&#xD;
      An exception occurred while iterating over the results of a query for context type 'WebApi.Data.AppDbContext'.&#xD;
      System.InvalidOperationException: Sequence contains no elements&#xD;
         at System.Linq.ThrowHelper.ThrowNoElementsException()&#xD;
         at lambda_method725(Closure)&#xD;
         at Microsoft.EntityFrameworkCore.InMemory.Query.Internal.InMemoryQueryExpression.ResultEnumerable.GetEnumerator()&#xD;
         at Microsoft.EntityFrameworkCore.InMemory.Query.Internal.InMemoryShapedQueryCompilingExpressionVisitor.QueryingEnumerable`1.Enumerator.MoveNext()&#xD;
      System.InvalidOperationException: Sequence contains no elements&#xD;
         at System.Linq.ThrowHelper.ThrowNoElementsException()&#xD;
         at lambda_method725(Closure)&#xD;
         at Microsoft.EntityFrameworkCore.InMemory.Query.Internal.InMemoryQueryExpression.ResultEnumerable.GetEnumerator()&#xD;
         at Microsoft.EntityFrameworkCore.InMemory.Query.Internal.InMemoryShapedQueryCompilingExpressionVisitor.QueryingEnumerable`1.Enumerator.MoveNext()&#xD;
info: Microsoft.Hosting.Lifetime[0]&#xD;
      Application is shutting down...</StdOut>
        <ErrorInfo>
          <Message>System.InvalidOperationException : Sequence contains no elements</Message>
          <StackTrace>   at System.Linq.ThrowHelper.ThrowNoElementsException()&#xD;
   at lambda_method725(Closure)&#xD;
   at Microsoft.EntityFrameworkCore.InMemory.Query.Internal.InMemoryQueryExpression.ResultEnumerable.GetEnumerator()&#xD;
   at Microsoft.EntityFrameworkCore.InMemory.Query.Internal.InMemoryShapedQueryCompilingExpressionVisitor.QueryingEnumerable`1.Enumerator.MoveNext()&#xD;
   at System.Linq.Enumerable.TryGetSingle[TSource](IEnumerable`1 source, Boolean&amp; found)&#xD;
   at lambda_method724(Closure, QueryContext)&#xD;
   at Microsoft.EntityFrameworkCore.Query.Internal.QueryCompiler.Execute[TResult](Expression query)&#xD;
   at WebApi.Tests.Controllers.TodosControllerTests.DeleteTodo_OtherUsersTodo_ReturnsNotFound() in C:\Users\bryan\RiderProjects\AspTemplate\tests\WebApi.Tests\Controllers\TodosControllerTests.cs:line 361&#xD;
   at NUnit.Framework.Internal.TaskAwaitAdapter.GenericAdapter`1.GetResult()&#xD;
   at NUnit.Framework.Internal.AsyncToSyncAdapter.Await[TResult](TestExecutionContext context, Func`1 invoke)&#xD;
   at NUnit.Framework.Internal.AsyncToSyncAdapter.Await(TestExecutionContext context, Func`1 invoke)&#xD;
   at NUnit.Framework.Internal.Commands.TestMethodCommand.RunTestMethod(TestExecutionContext context)&#xD;
   at NUnit.Framework.Internal.Commands.TestMethodCommand.Execute(TestExecutionContext context)&#xD;
   at NUnit.Framework.Internal.Commands.BeforeAndAfterTestCommand.&lt;&gt;c__DisplayClass1_0.&lt;Execute&gt;b__0()&#xD;
   at NUnit.Framework.Internal.Commands.DelegatingTestCommand.RunTestMethodInThreadAbortSafeZone(TestExecutionContext context, Action action)
</StackTrace>
        </ErrorInfo>
      </Output>
    </UnitTestResult>
    <UnitTestResult executionId="58c2daaf-1ffd-4110-88f2-4036cf37c51a" testId="f72370cc-3997-dc09-715a-e461a6953936" testName="DeleteTodo_WithValidId_ReturnsNoContent" computerName="BRY" duration="00:00:00.5433160" startTime="2026-01-05T12:46:24.3802067-05:00" endTime="2026-01-05T12:46:24.9235223-05:00" testType="13cdc9d9-ddb5-4fa4-a97d-d965ccfc6d4b" outcome="Failed" testListId="8c84fa94-04c1-424b-9868-57a2d4851a1d" relativeResultsDirectory="58c2daaf-1ffd-4110-88f2-4036cf37c51a">
      <Output>
        <StdOut>info: Microsoft.Hosting.Lifetime[0]&#xD;
      Application started. Press Ctrl+C to shut down.&#xD;
info: Microsoft.Hosting.Lifetime[0]&#xD;
      Hosting environment: Test&#xD;
info: Microsoft.Hosting.Lifetime[0]&#xD;
      Content root path: C:\Users\bryan\RiderProjects\AspTemplate\src\WebApi&#xD;
info: Microsoft.EntityFrameworkCore.Update[30100]&#xD;
      Saved 0 entities to in-memory store.&#xD;
info: Microsoft.EntityFrameworkCore.Update[30100]&#xD;
      Saved 2 entities to in-memory store.&#xD;
info: Microsoft.EntityFrameworkCore.Update[30100]&#xD;
      Saved 2 entities to in-memory store.&#xD;
info: Microsoft.EntityFrameworkCore.Update[30100]&#xD;
      Saved 4 entities to in-memory store.&#xD;
warn: Microsoft.AspNetCore.HttpsPolicy.HttpsRedirectionMiddleware[3]&#xD;
      Failed to determine the https port for redirect.&#xD;
info: Microsoft.EntityFrameworkCore.Update[30100]&#xD;
      Saved 1 entities to in-memory store.&#xD;
info: Microsoft.Hosting.Lifetime[0]&#xD;
      Application is shutting down...</StdOut>
        <ErrorInfo>
          <Message>Expected response.StatusCode to be HttpStatusCode.NoContent {value: 204}, but found HttpStatusCode.NotFound {value: 404}.</Message>
          <StackTrace>   at FluentAssertions.Execution.LateBoundTestFramework.Throw(String message)&#xD;
   at FluentAssertions.Execution.DefaultAssertionStrategy.HandleFailure(String message)&#xD;
   at FluentAssertions.Execution.AssertionScope.AddPreFormattedFailure(String formattedFailureMessage)&#xD;
   at FluentAssertions.Execution.AssertionChain.FailWith(Func`1 getFailureReason)&#xD;
   at FluentAssertions.Execution.AssertionChain.FailWith(Func`1 getFailureReason)&#xD;
   at FluentAssertions.Execution.AssertionChain.FailWith(String message, Object[] args)&#xD;
   at FluentAssertions.Primitives.EnumAssertions`2.Be(TEnum expected, String because, Object[] becauseArgs)&#xD;
   at WebApi.Tests.Controllers.TodosControllerTests.DeleteTodo_WithValidId_ReturnsNoContent() in C:\Users\bryan\RiderProjects\AspTemplate\tests\WebApi.Tests\Controllers\TodosControllerTests.cs:line 335&#xD;
   at NUnit.Framework.Internal.TaskAwaitAdapter.GenericAdapter`1.BlockUntilCompleted()&#xD;
   at NUnit.Framework.Internal.MessagePumpStrategy.NoMessagePumpStrategy.WaitForCompletion(AwaitAdapter awaiter)&#xD;
   at NUnit.Framework.Internal.AsyncToSyncAdapter.Await[TResult](TestExecutionContext context, Func`1 invoke)&#xD;
   at NUnit.Framework.Internal.AsyncToSyncAdapter.Await(TestExecutionContext context, Func`1 invoke)&#xD;
   at NUnit.Framework.Internal.Commands.TestMethodCommand.RunTestMethod(TestExecutionContext context)&#xD;
   at NUnit.Framework.Internal.Commands.TestMethodCommand.Execute(TestExecutionContext context)&#xD;
   at NUnit.Framework.Internal.Commands.BeforeAndAfterTestCommand.&lt;&gt;c__DisplayClass1_0.&lt;Execute&gt;b__0()&#xD;
   at NUnit.Framework.Internal.Commands.DelegatingTestCommand.RunTestMethodInThreadAbortSafeZone(TestExecutionContext context, Action action)&#xD;

</StackTrace>
        </ErrorInfo>
      </Output>
    </UnitTestResult>
    <UnitTestResult executionId="457fefec-38bf-495d-9841-91b89ed70790" testId="070eab8d-bda3-e750-9670-5aae1a01453c" testName="GetCurrentUser_WithInvalidToken_ReturnsUnauthorized" computerName="BRY" duration="00:00:01.2663160" startTime="2026-01-05T12:46:03.4763607-05:00" endTime="2026-01-05T12:46:04.7426466-05:00" testType="13cdc9d9-ddb5-4fa4-a97d-d965ccfc6d4b" outcome="Passed" testListId="8c84fa94-04c1-424b-9868-57a2d4851a1d" relativeResultsDirectory="457fefec-38bf-495d-9841-91b89ed70790">
      <Output>
        <StdOut>info: Microsoft.Hosting.Lifetime[0]&#xD;
      Application started. Press Ctrl+C to shut down.&#xD;
info: Microsoft.Hosting.Lifetime[0]&#xD;
      Hosting environment: Test&#xD;
info: Microsoft.Hosting.Lifetime[0]&#xD;
      Content root path: C:\Users\bryan\RiderProjects\AspTemplate\src\WebApi&#xD;
info: Microsoft.EntityFrameworkCore.Update[30100]&#xD;
      Saved 0 entities to in-memory store.&#xD;
info: Microsoft.EntityFrameworkCore.Update[30100]&#xD;
      Saved 2 entities to in-memory store.&#xD;
info: Microsoft.EntityFrameworkCore.Update[30100]&#xD;
      Saved 2 entities to in-memory store.&#xD;
info: Microsoft.EntityFrameworkCore.Update[30100]&#xD;
      Saved 4 entities to in-memory store.&#xD;
warn: Microsoft.AspNetCore.HttpsPolicy.HttpsRedirectionMiddleware[3]&#xD;
      Failed to determine the https port for redirect.&#xD;
info: Microsoft.Hosting.Lifetime[0]&#xD;
      Application is shutting down...</StdOut>
      </Output>
    </UnitTestResult>
    <UnitTestResult executionId="b336e83f-2d3d-46c7-93c0-d5a66fc3bbf9" testId="36d22c23-6c28-51fc-9cf2-17f2d002872d" testName="UpdateTag_OtherUsersTag_ReturnsNotFound" computerName="BRY" duration="00:00:00.5334610" startTime="2026-01-05T12:46:20.0266402-05:00" endTime="2026-01-05T12:46:20.5601011-05:00" testType="13cdc9d9-ddb5-4fa4-a97d-d965ccfc6d4b" outcome="Failed" testListId="8c84fa94-04c1-424b-9868-57a2d4851a1d" relativeResultsDirectory="b336e83f-2d3d-46c7-93c0-d5a66fc3bbf9">
      <Output>
        <StdOut>info: Microsoft.Hosting.Lifetime[0]&#xD;
      Application started. Press Ctrl+C to shut down.&#xD;
info: Microsoft.Hosting.Lifetime[0]&#xD;
      Hosting environment: Test&#xD;
info: Microsoft.Hosting.Lifetime[0]&#xD;
      Content root path: C:\Users\bryan\RiderProjects\AspTemplate\src\WebApi&#xD;
info: Microsoft.EntityFrameworkCore.Update[30100]&#xD;
      Saved 0 entities to in-memory store.&#xD;
info: Microsoft.EntityFrameworkCore.Update[30100]&#xD;
      Saved 2 entities to in-memory store.&#xD;
info: Microsoft.EntityFrameworkCore.Update[30100]&#xD;
      Saved 2 entities to in-memory store.&#xD;
info: Microsoft.EntityFrameworkCore.Update[30100]&#xD;
      Saved 4 entities to in-memory store.&#xD;
fail: Microsoft.EntityFrameworkCore.Query[10100]&#xD;
      An exception occurred while iterating over the results of a query for context type 'WebApi.Data.AppDbContext'.&#xD;
      System.InvalidOperationException: Sequence contains no elements&#xD;
         at System.Linq.ThrowHelper.ThrowNoElementsException()&#xD;
         at lambda_method518(Closure)&#xD;
         at Microsoft.EntityFrameworkCore.InMemory.Query.Internal.InMemoryQueryExpression.ResultEnumerable.GetEnumerator()&#xD;
         at Microsoft.EntityFrameworkCore.InMemory.Query.Internal.InMemoryShapedQueryCompilingExpressionVisitor.QueryingEnumerable`1.Enumerator.MoveNext()&#xD;
      System.InvalidOperationException: Sequence contains no elements&#xD;
         at System.Linq.ThrowHelper.ThrowNoElementsException()&#xD;
         at lambda_method518(Closure)&#xD;
         at Microsoft.EntityFrameworkCore.InMemory.Query.Internal.InMemoryQueryExpression.ResultEnumerable.GetEnumerator()&#xD;
         at Microsoft.EntityFrameworkCore.InMemory.Query.Internal.InMemoryShapedQueryCompilingExpressionVisitor.QueryingEnumerable`1.Enumerator.MoveNext()&#xD;
info: Microsoft.Hosting.Lifetime[0]&#xD;
      Application is shutting down...</StdOut>
        <ErrorInfo>
          <Message>System.InvalidOperationException : Sequence contains no elements</Message>
          <StackTrace>   at System.Linq.ThrowHelper.ThrowNoElementsException()&#xD;
   at lambda_method518(Closure)&#xD;
   at Microsoft.EntityFrameworkCore.InMemory.Query.Internal.InMemoryQueryExpression.ResultEnumerable.GetEnumerator()&#xD;
   at Microsoft.EntityFrameworkCore.InMemory.Query.Internal.InMemoryShapedQueryCompilingExpressionVisitor.QueryingEnumerable`1.Enumerator.MoveNext()&#xD;
   at System.Linq.Enumerable.TryGetSingle[TSource](IEnumerable`1 source, Boolean&amp; found)&#xD;
   at lambda_method517(Closure, QueryContext)&#xD;
   at Microsoft.EntityFrameworkCore.Query.Internal.QueryCompiler.Execute[TResult](Expression query)&#xD;
   at WebApi.Tests.Controllers.TagsControllerTests.UpdateTag_OtherUsersTag_ReturnsNotFound() in C:\Users\bryan\RiderProjects\AspTemplate\tests\WebApi.Tests\Controllers\TagsControllerTests.cs:line 217&#xD;
   at NUnit.Framework.Internal.TaskAwaitAdapter.GenericAdapter`1.GetResult()&#xD;
   at NUnit.Framework.Internal.AsyncToSyncAdapter.Await[TResult](TestExecutionContext context, Func`1 invoke)&#xD;
   at NUnit.Framework.Internal.AsyncToSyncAdapter.Await(TestExecutionContext context, Func`1 invoke)&#xD;
   at NUnit.Framework.Internal.Commands.TestMethodCommand.RunTestMethod(TestExecutionContext context)&#xD;
   at NUnit.Framework.Internal.Commands.TestMethodCommand.Execute(TestExecutionContext context)&#xD;
   at NUnit.Framework.Internal.Commands.BeforeAndAfterTestCommand.&lt;&gt;c__DisplayClass1_0.&lt;Execute&gt;b__0()&#xD;
   at NUnit.Framework.Internal.Commands.DelegatingTestCommand.RunTestMethodInThreadAbortSafeZone(TestExecutionContext context, Action action)
</StackTrace>
        </ErrorInfo>
      </Output>
    </UnitTestResult>
    <UnitTestResult executionId="6b809c91-7553-4ca9-a2c4-cc4583291e9e" testId="ade7ea0c-667f-727a-f908-ccdad3c03d59" testName="DeleteTodo_NonExistentId_ReturnsNotFound" computerName="BRY" duration="00:00:00.5455240" startTime="2026-01-05T12:46:23.2815276-05:00" endTime="2026-01-05T12:46:23.8270510-05:00" testType="13cdc9d9-ddb5-4fa4-a97d-d965ccfc6d4b" outcome="Passed" testListId="8c84fa94-04c1-424b-9868-57a2d4851a1d" relativeResultsDirectory="6b809c91-7553-4ca9-a2c4-cc4583291e9e">
      <Output>
        <StdOut>info: Microsoft.Hosting.Lifetime[0]&#xD;
      Application started. Press Ctrl+C to shut down.&#xD;
info: Microsoft.Hosting.Lifetime[0]&#xD;
      Hosting environment: Test&#xD;
info: Microsoft.Hosting.Lifetime[0]&#xD;
      Content root path: C:\Users\bryan\RiderProjects\AspTemplate\src\WebApi&#xD;
info: Microsoft.EntityFrameworkCore.Update[30100]&#xD;
      Saved 0 entities to in-memory store.&#xD;
info: Microsoft.EntityFrameworkCore.Update[30100]&#xD;
      Saved 2 entities to in-memory store.&#xD;
info: Microsoft.EntityFrameworkCore.Update[30100]&#xD;
      Saved 2 entities to in-memory store.&#xD;
info: Microsoft.EntityFrameworkCore.Update[30100]&#xD;
      Saved 4 entities to in-memory store.&#xD;
warn: Microsoft.AspNetCore.HttpsPolicy.HttpsRedirectionMiddleware[3]&#xD;
      Failed to determine the https port for redirect.&#xD;
info: Microsoft.Hosting.Lifetime[0]&#xD;
      Application is shutting down...</StdOut>
      </Output>
    </UnitTestResult>
    <UnitTestResult executionId="8a1a4e9e-298e-4f7a-b606-605235b50529" testId="b1181f86-3a9b-ad1f-603c-c9092a5d4333" testName="GetAllTodos_FilterByTag_ReturnsOnlyTodosWithTag" computerName="BRY" duration="00:00:00.5483710" startTime="2026-01-05T12:46:26.5778837-05:00" endTime="2026-01-05T12:46:27.1262544-05:00" testType="13cdc9d9-ddb5-4fa4-a97d-d965ccfc6d4b" outcome="Failed" testListId="8c84fa94-04c1-424b-9868-57a2d4851a1d" relativeResultsDirectory="8a1a4e9e-298e-4f7a-b606-605235b50529">
      <Output>
        <StdOut>info: Microsoft.Hosting.Lifetime[0]&#xD;
      Application started. Press Ctrl+C to shut down.&#xD;
info: Microsoft.Hosting.Lifetime[0]&#xD;
      Hosting environment: Test&#xD;
info: Microsoft.Hosting.Lifetime[0]&#xD;
      Content root path: C:\Users\bryan\RiderProjects\AspTemplate\src\WebApi&#xD;
info: Microsoft.EntityFrameworkCore.Update[30100]&#xD;
      Saved 0 entities to in-memory store.&#xD;
info: Microsoft.EntityFrameworkCore.Update[30100]&#xD;
      Saved 2 entities to in-memory store.&#xD;
info: Microsoft.EntityFrameworkCore.Update[30100]&#xD;
      Saved 2 entities to in-memory store.&#xD;
info: Microsoft.EntityFrameworkCore.Update[30100]&#xD;
      Saved 4 entities to in-memory store.&#xD;
fail: Microsoft.EntityFrameworkCore.Query[10100]&#xD;
      An exception occurred while iterating over the results of a query for context type 'WebApi.Data.AppDbContext'.&#xD;
      System.InvalidOperationException: Sequence contains no elements&#xD;
         at System.Linq.ThrowHelper.ThrowNoElementsException()&#xD;
         at lambda_method810(Closure)&#xD;
         at Microsoft.EntityFrameworkCore.InMemory.Query.Internal.InMemoryQueryExpression.ResultEnumerable.GetEnumerator()&#xD;
         at Microsoft.EntityFrameworkCore.InMemory.Query.Internal.InMemoryShapedQueryCompilingExpressionVisitor.QueryingEnumerable`1.Enumerator.MoveNext()&#xD;
      System.InvalidOperationException: Sequence contains no elements&#xD;
         at System.Linq.ThrowHelper.ThrowNoElementsException()&#xD;
         at lambda_method810(Closure)&#xD;
         at Microsoft.EntityFrameworkCore.InMemory.Query.Internal.InMemoryQueryExpression.ResultEnumerable.GetEnumerator()&#xD;
         at Microsoft.EntityFrameworkCore.InMemory.Query.Internal.InMemoryShapedQueryCompilingExpressionVisitor.QueryingEnumerable`1.Enumerator.MoveNext()&#xD;
info: Microsoft.Hosting.Lifetime[0]&#xD;
      Application is shutting down...</StdOut>
        <ErrorInfo>
          <Message>System.InvalidOperationException : Sequence contains no elements</Message>
          <StackTrace>   at System.Linq.ThrowHelper.ThrowNoElementsException()&#xD;
   at lambda_method810(Closure)&#xD;
   at Microsoft.EntityFrameworkCore.InMemory.Query.Internal.InMemoryQueryExpression.ResultEnumerable.GetEnumerator()&#xD;
   at Microsoft.EntityFrameworkCore.InMemory.Query.Internal.InMemoryShapedQueryCompilingExpressionVisitor.QueryingEnumerable`1.Enumerator.MoveNext()&#xD;
   at System.Linq.Enumerable.TryGetSingle[TSource](IEnumerable`1 source, Boolean&amp; found)&#xD;
   at lambda_method809(Closure, QueryContext)&#xD;
   at Microsoft.EntityFrameworkCore.Query.Internal.QueryCompiler.Execute[TResult](Expression query)&#xD;
   at WebApi.Tests.Controllers.TodosControllerTests.GetAllTodos_FilterByTag_ReturnsOnlyTodosWithTag() in C:\Users\bryan\RiderProjects\AspTemplate\tests\WebApi.Tests\Controllers\TodosControllerTests.cs:line 91&#xD;
   at NUnit.Framework.Internal.TaskAwaitAdapter.GenericAdapter`1.GetResult()&#xD;
   at NUnit.Framework.Internal.AsyncToSyncAdapter.Await[TResult](TestExecutionContext context, Func`1 invoke)&#xD;
   at NUnit.Framework.Internal.AsyncToSyncAdapter.Await(TestExecutionContext context, Func`1 invoke)&#xD;
   at NUnit.Framework.Internal.Commands.TestMethodCommand.RunTestMethod(TestExecutionContext context)&#xD;
   at NUnit.Framework.Internal.Commands.TestMethodCommand.Execute(TestExecutionContext context)&#xD;
   at NUnit.Framework.Internal.Commands.BeforeAndAfterTestCommand.&lt;&gt;c__DisplayClass1_0.&lt;Execute&gt;b__0()&#xD;
   at NUnit.Framework.Internal.Commands.DelegatingTestCommand.RunTestMethodInThreadAbortSafeZone(TestExecutionContext context, Action action)
</StackTrace>
        </ErrorInfo>
      </Output>
    </UnitTestResult>
    <UnitTestResult executionId="ab2c4cf3-dd41-4a0b-8853-0def9c246b31" testId="52a3e505-1b77-5090-ae95-0d3238b85de5" testName="Register_WithInvalidEmail_ReturnsBadRequest" computerName="BRY" duration="00:00:00.8045760" startTime="2026-01-05T12:46:09.7975623-05:00" endTime="2026-01-05T12:46:10.6021378-05:00" testType="13cdc9d9-ddb5-4fa4-a97d-d965ccfc6d4b" outcome="Failed" testListId="8c84fa94-04c1-424b-9868-57a2d4851a1d" relativeResultsDirectory="ab2c4cf3-dd41-4a0b-8853-0def9c246b31">
      <Output>
        <StdOut>info: Microsoft.Hosting.Lifetime[0]&#xD;
      Application started. Press Ctrl+C to shut down.&#xD;
info: Microsoft.Hosting.Lifetime[0]&#xD;
      Hosting environment: Test&#xD;
info: Microsoft.Hosting.Lifetime[0]&#xD;
      Content root path: C:\Users\bryan\RiderProjects\AspTemplate\src\WebApi&#xD;
info: Microsoft.EntityFrameworkCore.Update[30100]&#xD;
      Saved 0 entities to in-memory store.&#xD;
info: Microsoft.EntityFrameworkCore.Update[30100]&#xD;
      Saved 2 entities to in-memory store.&#xD;
info: Microsoft.EntityFrameworkCore.Update[30100]&#xD;
      Saved 2 entities to in-memory store.&#xD;
info: Microsoft.EntityFrameworkCore.Update[30100]&#xD;
      Saved 4 entities to in-memory store.&#xD;
warn: Microsoft.AspNetCore.HttpsPolicy.HttpsRedirectionMiddleware[3]&#xD;
      Failed to determine the https port for redirect.&#xD;
info: Microsoft.EntityFrameworkCore.Update[30100]&#xD;
      Saved 1 entities to in-memory store.&#xD;
info: Microsoft.Hosting.Lifetime[0]&#xD;
      Application is shutting down...</StdOut>
        <ErrorInfo>
          <Message>Expected response.StatusCode to be HttpStatusCode.BadRequest {value: 400}, but found HttpStatusCode.OK {value: 200}.</Message>
          <StackTrace>   at FluentAssertions.Execution.LateBoundTestFramework.Throw(String message)&#xD;
   at FluentAssertions.Execution.DefaultAssertionStrategy.HandleFailure(String message)&#xD;
   at FluentAssertions.Execution.AssertionScope.AddPreFormattedFailure(String formattedFailureMessage)&#xD;
   at FluentAssertions.Execution.AssertionChain.FailWith(Func`1 getFailureReason)&#xD;
   at FluentAssertions.Execution.AssertionChain.FailWith(Func`1 getFailureReason)&#xD;
   at FluentAssertions.Execution.AssertionChain.FailWith(String message, Object[] args)&#xD;
   at FluentAssertions.Primitives.EnumAssertions`2.Be(TEnum expected, String because, Object[] becauseArgs)&#xD;
   at WebApi.Tests.Controllers.AuthControllerTests.Register_WithInvalidEmail_ReturnsBadRequest() in C:\Users\bryan\RiderProjects\AspTemplate\tests\WebApi.Tests\Controllers\AuthControllerTests.cs:line 107&#xD;
   at NUnit.Framework.Internal.TaskAwaitAdapter.GenericAdapter`1.BlockUntilCompleted()&#xD;
   at NUnit.Framework.Internal.MessagePumpStrategy.NoMessagePumpStrategy.WaitForCompletion(AwaitAdapter awaiter)&#xD;
   at NUnit.Framework.Internal.AsyncToSyncAdapter.Await[TResult](TestExecutionContext context, Func`1 invoke)&#xD;
   at NUnit.Framework.Internal.AsyncToSyncAdapter.Await(TestExecutionContext context, Func`1 invoke)&#xD;
   at NUnit.Framework.Internal.Commands.TestMethodCommand.RunTestMethod(TestExecutionContext context)&#xD;
   at NUnit.Framework.Internal.Commands.TestMethodCommand.Execute(TestExecutionContext context)&#xD;
   at NUnit.Framework.Internal.Commands.BeforeAndAfterTestCommand.&lt;&gt;c__DisplayClass1_0.&lt;Execute&gt;b__0()&#xD;
   at NUnit.Framework.Internal.Commands.DelegatingTestCommand.RunTestMethodInThreadAbortSafeZone(TestExecutionContext context, Action action)&#xD;

</StackTrace>
        </ErrorInfo>
      </Output>
    </UnitTestResult>
    <UnitTestResult executionId="97cfb35f-01af-4726-8301-593f184eb8dc" testId="f1f4f1e4-2183-f807-e4ee-840e6d8d12aa" testName="Register_WithDuplicateEmail_ReturnsBadRequest" computerName="BRY" duration="00:00:00.8050699" startTime="2026-01-05T12:46:08.1897612-05:00" endTime="2026-01-05T12:46:08.9948296-05:00" testType="13cdc9d9-ddb5-4fa4-a97d-d965ccfc6d4b" outcome="Failed" testListId="8c84fa94-04c1-424b-9868-57a2d4851a1d" relativeResultsDirectory="97cfb35f-01af-4726-8301-593f184eb8dc">
      <Output>
        <StdOut>info: Microsoft.Hosting.Lifetime[0]&#xD;
      Application started. Press Ctrl+C to shut down.&#xD;
info: Microsoft.Hosting.Lifetime[0]&#xD;
      Hosting environment: Test&#xD;
info: Microsoft.Hosting.Lifetime[0]&#xD;
      Content root path: C:\Users\bryan\RiderProjects\AspTemplate\src\WebApi&#xD;
info: Microsoft.EntityFrameworkCore.Update[30100]&#xD;
      Saved 0 entities to in-memory store.&#xD;
info: Microsoft.EntityFrameworkCore.Update[30100]&#xD;
      Saved 2 entities to in-memory store.&#xD;
info: Microsoft.EntityFrameworkCore.Update[30100]&#xD;
      Saved 2 entities to in-memory store.&#xD;
info: Microsoft.EntityFrameworkCore.Update[30100]&#xD;
      Saved 4 entities to in-memory store.&#xD;
warn: Microsoft.AspNetCore.HttpsPolicy.HttpsRedirectionMiddleware[3]&#xD;
      Failed to determine the https port for redirect.&#xD;
info: Microsoft.EntityFrameworkCore.Update[30100]&#xD;
      Saved 1 entities to in-memory store.&#xD;
info: Microsoft.Hosting.Lifetime[0]&#xD;
      Application is shutting down...</StdOut>
        <ErrorInfo>
          <Message>Expected response.StatusCode to be HttpStatusCode.BadRequest {value: 400}, but found HttpStatusCode.OK {value: 200}.</Message>
          <StackTrace>   at FluentAssertions.Execution.LateBoundTestFramework.Throw(String message)&#xD;
   at FluentAssertions.Execution.DefaultAssertionStrategy.HandleFailure(String message)&#xD;
   at FluentAssertions.Execution.AssertionScope.AddPreFormattedFailure(String formattedFailureMessage)&#xD;
   at FluentAssertions.Execution.AssertionChain.FailWith(Func`1 getFailureReason)&#xD;
   at FluentAssertions.Execution.AssertionChain.FailWith(Func`1 getFailureReason)&#xD;
   at FluentAssertions.Execution.AssertionChain.FailWith(String message, Object[] args)&#xD;
   at FluentAssertions.Primitives.EnumAssertions`2.Be(TEnum expected, String because, Object[] becauseArgs)&#xD;
   at WebApi.Tests.Controllers.AuthControllerTests.Register_WithDuplicateEmail_ReturnsBadRequest() in C:\Users\bryan\RiderProjects\AspTemplate\tests\WebApi.Tests\Controllers\AuthControllerTests.cs:line 89&#xD;
   at NUnit.Framework.Internal.TaskAwaitAdapter.GenericAdapter`1.BlockUntilCompleted()&#xD;
   at NUnit.Framework.Internal.MessagePumpStrategy.NoMessagePumpStrategy.WaitForCompletion(AwaitAdapter awaiter)&#xD;
   at NUnit.Framework.Internal.AsyncToSyncAdapter.Await[TResult](TestExecutionContext context, Func`1 invoke)&#xD;
   at NUnit.Framework.Internal.AsyncToSyncAdapter.Await(TestExecutionContext context, Func`1 invoke)&#xD;
   at NUnit.Framework.Internal.Commands.TestMethodCommand.RunTestMethod(TestExecutionContext context)&#xD;
   at NUnit.Framework.Internal.Commands.TestMethodCommand.Execute(TestExecutionContext context)&#xD;
   at NUnit.Framework.Internal.Commands.BeforeAndAfterTestCommand.&lt;&gt;c__DisplayClass1_0.&lt;Execute&gt;b__0()&#xD;
   at NUnit.Framework.Internal.Commands.DelegatingTestCommand.RunTestMethodInThreadAbortSafeZone(TestExecutionContext context, Action action)&#xD;

</StackTrace>
        </ErrorInfo>
      </Output>
    </UnitTestResult>
    <UnitTestResult executionId="fd4086f9-a77d-4c16-891f-ff10633fab6b" testId="f1f92d68-7423-2cde-131d-e6213eb5b2a2" testName="UpdateTodo_NonExistentId_ReturnsNotFound" computerName="BRY" duration="00:00:00.5407110" startTime="2026-01-05T12:46:30.3741527-05:00" endTime="2026-01-05T12:46:30.9148635-05:00" testType="13cdc9d9-ddb5-4fa4-a97d-d965ccfc6d4b" outcome="Passed" testListId="8c84fa94-04c1-424b-9868-57a2d4851a1d" relativeResultsDirectory="fd4086f9-a77d-4c16-891f-ff10633fab6b">
      <Output>
        <StdOut>info: Microsoft.Hosting.Lifetime[0]&#xD;
      Application started. Press Ctrl+C to shut down.&#xD;
info: Microsoft.Hosting.Lifetime[0]&#xD;
      Hosting environment: Test&#xD;
info: Microsoft.Hosting.Lifetime[0]&#xD;
      Content root path: C:\Users\bryan\RiderProjects\AspTemplate\src\WebApi&#xD;
info: Microsoft.EntityFrameworkCore.Update[30100]&#xD;
      Saved 0 entities to in-memory store.&#xD;
info: Microsoft.EntityFrameworkCore.Update[30100]&#xD;
      Saved 2 entities to in-memory store.&#xD;
info: Microsoft.EntityFrameworkCore.Update[30100]&#xD;
      Saved 2 entities to in-memory store.&#xD;
info: Microsoft.EntityFrameworkCore.Update[30100]&#xD;
      Saved 4 entities to in-memory store.&#xD;
warn: Microsoft.AspNetCore.HttpsPolicy.HttpsRedirectionMiddleware[3]&#xD;
      Failed to determine the https port for redirect.&#xD;
info: Microsoft.Hosting.Lifetime[0]&#xD;
      Application is shutting down...</StdOut>
      </Output>
    </UnitTestResult>
    <UnitTestResult executionId="7383744c-b84e-4438-9e4b-87c3aa7b2b0d" testId="3d2df3b1-09f9-9a77-26c9-6c7b6d882f8b" testName="Register_WithValidData_ReturnsCreated" computerName="BRY" duration="00:00:00.7980770" startTime="2026-01-05T12:46:11.4094110-05:00" endTime="2026-01-05T12:46:12.2074870-05:00" testType="13cdc9d9-ddb5-4fa4-a97d-d965ccfc6d4b" outcome="Failed" testListId="8c84fa94-04c1-424b-9868-57a2d4851a1d" relativeResultsDirectory="7383744c-b84e-4438-9e4b-87c3aa7b2b0d">
      <Output>
        <StdOut>info: Microsoft.Hosting.Lifetime[0]&#xD;
      Application started. Press Ctrl+C to shut down.&#xD;
info: Microsoft.Hosting.Lifetime[0]&#xD;
      Hosting environment: Test&#xD;
info: Microsoft.Hosting.Lifetime[0]&#xD;
      Content root path: C:\Users\bryan\RiderProjects\AspTemplate\src\WebApi&#xD;
info: Microsoft.EntityFrameworkCore.Update[30100]&#xD;
      Saved 0 entities to in-memory store.&#xD;
info: Microsoft.EntityFrameworkCore.Update[30100]&#xD;
      Saved 2 entities to in-memory store.&#xD;
info: Microsoft.EntityFrameworkCore.Update[30100]&#xD;
      Saved 2 entities to in-memory store.&#xD;
info: Microsoft.EntityFrameworkCore.Update[30100]&#xD;
      Saved 4 entities to in-memory store.&#xD;
warn: Microsoft.AspNetCore.HttpsPolicy.HttpsRedirectionMiddleware[3]&#xD;
      Failed to determine the https port for redirect.&#xD;
info: Microsoft.EntityFrameworkCore.Update[30100]&#xD;
      Saved 1 entities to in-memory store.&#xD;
info: Microsoft.Hosting.Lifetime[0]&#xD;
      Application is shutting down...</StdOut>
        <ErrorInfo>
          <Message>Expected response.StatusCode to be HttpStatusCode.Created {value: 201}, but found HttpStatusCode.OK {value: 200}.</Message>
          <StackTrace>   at FluentAssertions.Execution.LateBoundTestFramework.Throw(String message)&#xD;
   at FluentAssertions.Execution.DefaultAssertionStrategy.HandleFailure(String message)&#xD;
   at FluentAssertions.Execution.AssertionScope.AddPreFormattedFailure(String formattedFailureMessage)&#xD;
   at FluentAssertions.Execution.AssertionChain.FailWith(Func`1 getFailureReason)&#xD;
   at FluentAssertions.Execution.AssertionChain.FailWith(Func`1 getFailureReason)&#xD;
   at FluentAssertions.Execution.AssertionChain.FailWith(String message, Object[] args)&#xD;
   at FluentAssertions.Primitives.EnumAssertions`2.Be(TEnum expected, String because, Object[] becauseArgs)&#xD;
   at WebApi.Tests.Controllers.AuthControllerTests.Register_WithValidData_ReturnsCreated() in C:\Users\bryan\RiderProjects\AspTemplate\tests\WebApi.Tests\Controllers\AuthControllerTests.cs:line 47&#xD;
   at NUnit.Framework.Internal.TaskAwaitAdapter.GenericAdapter`1.BlockUntilCompleted()&#xD;
   at NUnit.Framework.Internal.MessagePumpStrategy.NoMessagePumpStrategy.WaitForCompletion(AwaitAdapter awaiter)&#xD;
   at NUnit.Framework.Internal.AsyncToSyncAdapter.Await[TResult](TestExecutionContext context, Func`1 invoke)&#xD;
   at NUnit.Framework.Internal.AsyncToSyncAdapter.Await(TestExecutionContext context, Func`1 invoke)&#xD;
   at NUnit.Framework.Internal.Commands.TestMethodCommand.RunTestMethod(TestExecutionContext context)&#xD;
   at NUnit.Framework.Internal.Commands.TestMethodCommand.Execute(TestExecutionContext context)&#xD;
   at NUnit.Framework.Internal.Commands.BeforeAndAfterTestCommand.&lt;&gt;c__DisplayClass1_0.&lt;Execute&gt;b__0()&#xD;
   at NUnit.Framework.Internal.Commands.DelegatingTestCommand.RunTestMethodInThreadAbortSafeZone(TestExecutionContext context, Action action)&#xD;

</StackTrace>
        </ErrorInfo>
      </Output>
    </UnitTestResult>
    <UnitTestResult executionId="72d714ed-a001-4bff-9ce0-73b333a20c42" testId="04a4069d-67ab-f7c7-acbf-1c35cafb72d0" testName="CreateTag_WithInvalidColor_ReturnsBadRequest" computerName="BRY" duration="00:00:00.5523500" startTime="2026-01-05T12:46:13.2912698-05:00" endTime="2026-01-05T12:46:13.8436189-05:00" testType="13cdc9d9-ddb5-4fa4-a97d-d965ccfc6d4b" outcome="Failed" testListId="8c84fa94-04c1-424b-9868-57a2d4851a1d" relativeResultsDirectory="72d714ed-a001-4bff-9ce0-73b333a20c42">
      <Output>
        <StdOut>info: Microsoft.Hosting.Lifetime[0]&#xD;
      Application started. Press Ctrl+C to shut down.&#xD;
info: Microsoft.Hosting.Lifetime[0]&#xD;
      Hosting environment: Test&#xD;
info: Microsoft.Hosting.Lifetime[0]&#xD;
      Content root path: C:\Users\bryan\RiderProjects\AspTemplate\src\WebApi&#xD;
info: Microsoft.EntityFrameworkCore.Update[30100]&#xD;
      Saved 0 entities to in-memory store.&#xD;
info: Microsoft.EntityFrameworkCore.Update[30100]&#xD;
      Saved 2 entities to in-memory store.&#xD;
info: Microsoft.EntityFrameworkCore.Update[30100]&#xD;
      Saved 2 entities to in-memory store.&#xD;
info: Microsoft.EntityFrameworkCore.Update[30100]&#xD;
      Saved 4 entities to in-memory store.&#xD;
warn: Microsoft.AspNetCore.HttpsPolicy.HttpsRedirectionMiddleware[3]&#xD;
      Failed to determine the https port for redirect.&#xD;
info: Microsoft.EntityFrameworkCore.Update[30100]&#xD;
      Saved 1 entities to in-memory store.&#xD;
info: Microsoft.Hosting.Lifetime[0]&#xD;
      Application is shutting down...</StdOut>
        <ErrorInfo>
          <Message>Expected response.StatusCode to be HttpStatusCode.BadRequest {value: 400}, but found HttpStatusCode.Created {value: 201}.</Message>
          <StackTrace>   at FluentAssertions.Execution.LateBoundTestFramework.Throw(String message)&#xD;
   at FluentAssertions.Execution.DefaultAssertionStrategy.HandleFailure(String message)&#xD;
   at FluentAssertions.Execution.AssertionScope.AddPreFormattedFailure(String formattedFailureMessage)&#xD;
   at FluentAssertions.Execution.AssertionChain.FailWith(Func`1 getFailureReason)&#xD;
   at FluentAssertions.Execution.AssertionChain.FailWith(Func`1 getFailureReason)&#xD;
   at FluentAssertions.Execution.AssertionChain.FailWith(String message, Object[] args)&#xD;
   at FluentAssertions.Primitives.EnumAssertions`2.Be(TEnum expected, String because, Object[] becauseArgs)&#xD;
   at WebApi.Tests.Controllers.TagsControllerTests.CreateTag_WithInvalidColor_ReturnsBadRequest() in C:\Users\bryan\RiderProjects\AspTemplate\tests\WebApi.Tests\Controllers\TagsControllerTests.cs:line 165&#xD;
   at NUnit.Framework.Internal.TaskAwaitAdapter.GenericAdapter`1.BlockUntilCompleted()&#xD;
   at NUnit.Framework.Internal.MessagePumpStrategy.NoMessagePumpStrategy.WaitForCompletion(AwaitAdapter awaiter)&#xD;
   at NUnit.Framework.Internal.AsyncToSyncAdapter.Await[TResult](TestExecutionContext context, Func`1 invoke)&#xD;
   at NUnit.Framework.Internal.AsyncToSyncAdapter.Await(TestExecutionContext context, Func`1 invoke)&#xD;
   at NUnit.Framework.Internal.Commands.TestMethodCommand.RunTestMethod(TestExecutionContext context)&#xD;
   at NUnit.Framework.Internal.Commands.TestMethodCommand.Execute(TestExecutionContext context)&#xD;
   at NUnit.Framework.Internal.Commands.BeforeAndAfterTestCommand.&lt;&gt;c__DisplayClass1_0.&lt;Execute&gt;b__0()&#xD;
   at NUnit.Framework.Internal.Commands.DelegatingTestCommand.RunTestMethodInThreadAbortSafeZone(TestExecutionContext context, Action action)&#xD;

</StackTrace>
        </ErrorInfo>
      </Output>
    </UnitTestResult>
    <UnitTestResult executionId="5de7dfe4-7666-4834-a406-052ce3834687" testId="091a0d65-863d-a7de-be02-6a319326aa9a" testName="ToggleTodoCompletion_NonExistentId_ReturnsNotFound" computerName="BRY" duration="00:00:00.5356820" startTime="2026-01-05T12:46:29.8384491-05:00" endTime="2026-01-05T12:46:30.3741304-05:00" testType="13cdc9d9-ddb5-4fa4-a97d-d965ccfc6d4b" outcome="Passed" testListId="8c84fa94-04c1-424b-9868-57a2d4851a1d" relativeResultsDirectory="5de7dfe4-7666-4834-a406-052ce3834687">
      <Output>
        <StdOut>info: Microsoft.Hosting.Lifetime[0]&#xD;
      Application started. Press Ctrl+C to shut down.&#xD;
info: Microsoft.Hosting.Lifetime[0]&#xD;
      Hosting environment: Test&#xD;
info: Microsoft.Hosting.Lifetime[0]&#xD;
      Content root path: C:\Users\bryan\RiderProjects\AspTemplate\src\WebApi&#xD;
info: Microsoft.EntityFrameworkCore.Update[30100]&#xD;
      Saved 0 entities to in-memory store.&#xD;
info: Microsoft.EntityFrameworkCore.Update[30100]&#xD;
      Saved 2 entities to in-memory store.&#xD;
info: Microsoft.EntityFrameworkCore.Update[30100]&#xD;
      Saved 2 entities to in-memory store.&#xD;
info: Microsoft.EntityFrameworkCore.Update[30100]&#xD;
      Saved 4 entities to in-memory store.&#xD;
warn: Microsoft.AspNetCore.HttpsPolicy.HttpsRedirectionMiddleware[3]&#xD;
      Failed to determine the https port for redirect.&#xD;
info: Microsoft.Hosting.Lifetime[0]&#xD;
      Application is shutting down...</StdOut>
      </Output>
    </UnitTestResult>
    <UnitTestResult executionId="035f8e1c-8396-4e6c-9e56-b3111795d891" testId="e999adf5-3047-2cf0-7625-f22da6c525d5" testName="CreateTodo_WithValidData_ReturnsCreated" computerName="BRY" duration="00:00:00.5412060" startTime="2026-01-05T12:46:22.7402923-05:00" endTime="2026-01-05T12:46:23.2814978-05:00" testType="13cdc9d9-ddb5-4fa4-a97d-d965ccfc6d4b" outcome="Passed" testListId="8c84fa94-04c1-424b-9868-57a2d4851a1d" relativeResultsDirectory="035f8e1c-8396-4e6c-9e56-b3111795d891">
      <Output>
        <StdOut>info: Microsoft.Hosting.Lifetime[0]&#xD;
      Application started. Press Ctrl+C to shut down.&#xD;
info: Microsoft.Hosting.Lifetime[0]&#xD;
      Hosting environment: Test&#xD;
info: Microsoft.Hosting.Lifetime[0]&#xD;
      Content root path: C:\Users\bryan\RiderProjects\AspTemplate\src\WebApi&#xD;
info: Microsoft.EntityFrameworkCore.Update[30100]&#xD;
      Saved 0 entities to in-memory store.&#xD;
info: Microsoft.EntityFrameworkCore.Update[30100]&#xD;
      Saved 2 entities to in-memory store.&#xD;
info: Microsoft.EntityFrameworkCore.Update[30100]&#xD;
      Saved 2 entities to in-memory store.&#xD;
info: Microsoft.EntityFrameworkCore.Update[30100]&#xD;
      Saved 4 entities to in-memory store.&#xD;
warn: Microsoft.AspNetCore.HttpsPolicy.HttpsRedirectionMiddleware[3]&#xD;
      Failed to determine the https port for redirect.&#xD;
info: Microsoft.EntityFrameworkCore.Update[30100]&#xD;
      Saved 1 entities to in-memory store.&#xD;
info: Microsoft.Hosting.Lifetime[0]&#xD;
      Application is shutting down...</StdOut>
      </Output>
    </UnitTestResult>
    <UnitTestResult executionId="e9b266cf-cd67-4d43-9a75-56e6afd0a5d9" testId="87e566d3-9ee5-2681-bcbd-db098d929b9a" testName="UpdateTag_NonExistentId_ReturnsNotFound" computerName="BRY" duration="00:00:00.5537919" startTime="2026-01-05T12:46:19.4728145-05:00" endTime="2026-01-05T12:46:20.0266063-05:00" testType="13cdc9d9-ddb5-4fa4-a97d-d965ccfc6d4b" outcome="Passed" testListId="8c84fa94-04c1-424b-9868-57a2d4851a1d" relativeResultsDirectory="e9b266cf-cd67-4d43-9a75-56e6afd0a5d9">
      <Output>
        <StdOut>info: Microsoft.Hosting.Lifetime[0]&#xD;
      Application started. Press Ctrl+C to shut down.&#xD;
info: Microsoft.Hosting.Lifetime[0]&#xD;
      Hosting environment: Test&#xD;
info: Microsoft.Hosting.Lifetime[0]&#xD;
      Content root path: C:\Users\bryan\RiderProjects\AspTemplate\src\WebApi&#xD;
info: Microsoft.EntityFrameworkCore.Update[30100]&#xD;
      Saved 0 entities to in-memory store.&#xD;
info: Microsoft.EntityFrameworkCore.Update[30100]&#xD;
      Saved 2 entities to in-memory store.&#xD;
info: Microsoft.EntityFrameworkCore.Update[30100]&#xD;
      Saved 2 entities to in-memory store.&#xD;
info: Microsoft.EntityFrameworkCore.Update[30100]&#xD;
      Saved 4 entities to in-memory store.&#xD;
warn: Microsoft.AspNetCore.HttpsPolicy.HttpsRedirectionMiddleware[3]&#xD;
      Failed to determine the https port for redirect.&#xD;
info: Microsoft.Hosting.Lifetime[0]&#xD;
      Application is shutting down...</StdOut>
      </Output>
    </UnitTestResult>
    <UnitTestResult executionId="bc621d3a-a6b1-49a1-acbb-dc7c8dd9ce6c" testId="62f22fd2-37ec-2151-5b98-079fd6f29cc8" testName="DeleteTag_WithValidId_ReturnsNoContent" computerName="BRY" duration="00:00:00.5556580" startTime="2026-01-05T12:46:15.4868870-05:00" endTime="2026-01-05T12:46:16.0425450-05:00" testType="13cdc9d9-ddb5-4fa4-a97d-d965ccfc6d4b" outcome="Failed" testListId="8c84fa94-04c1-424b-9868-57a2d4851a1d" relativeResultsDirectory="bc621d3a-a6b1-49a1-acbb-dc7c8dd9ce6c">
      <Output>
        <StdOut>info: Microsoft.Hosting.Lifetime[0]&#xD;
      Application started. Press Ctrl+C to shut down.&#xD;
info: Microsoft.Hosting.Lifetime[0]&#xD;
      Hosting environment: Test&#xD;
info: Microsoft.Hosting.Lifetime[0]&#xD;
      Content root path: C:\Users\bryan\RiderProjects\AspTemplate\src\WebApi&#xD;
info: Microsoft.EntityFrameworkCore.Update[30100]&#xD;
      Saved 0 entities to in-memory store.&#xD;
info: Microsoft.EntityFrameworkCore.Update[30100]&#xD;
      Saved 2 entities to in-memory store.&#xD;
info: Microsoft.EntityFrameworkCore.Update[30100]&#xD;
      Saved 2 entities to in-memory store.&#xD;
info: Microsoft.EntityFrameworkCore.Update[30100]&#xD;
      Saved 4 entities to in-memory store.&#xD;
warn: Microsoft.AspNetCore.HttpsPolicy.HttpsRedirectionMiddleware[3]&#xD;
      Failed to determine the https port for redirect.&#xD;
info: Microsoft.EntityFrameworkCore.Update[30100]&#xD;
      Saved 1 entities to in-memory store.&#xD;
info: Microsoft.Hosting.Lifetime[0]&#xD;
      Application is shutting down...</StdOut>
        <ErrorInfo>
          <Message>Expected response.StatusCode to be HttpStatusCode.NoContent {value: 204}, but found HttpStatusCode.NotFound {value: 404}.</Message>
          <StackTrace>   at FluentAssertions.Execution.LateBoundTestFramework.Throw(String message)&#xD;
   at FluentAssertions.Execution.DefaultAssertionStrategy.HandleFailure(String message)&#xD;
   at FluentAssertions.Execution.AssertionScope.AddPreFormattedFailure(String formattedFailureMessage)&#xD;
   at FluentAssertions.Execution.AssertionChain.FailWith(Func`1 getFailureReason)&#xD;
   at FluentAssertions.Execution.AssertionChain.FailWith(Func`1 getFailureReason)&#xD;
   at FluentAssertions.Execution.AssertionChain.FailWith(String message, Object[] args)&#xD;
   at FluentAssertions.Primitives.EnumAssertions`2.Be(TEnum expected, String because, Object[] becauseArgs)&#xD;
   at WebApi.Tests.Controllers.TagsControllerTests.DeleteTag_WithValidId_ReturnsNoContent() in C:\Users\bryan\RiderProjects\AspTemplate\tests\WebApi.Tests\Controllers\TagsControllerTests.cs:line 270&#xD;
   at NUnit.Framework.Internal.TaskAwaitAdapter.GenericAdapter`1.BlockUntilCompleted()&#xD;
   at NUnit.Framework.Internal.MessagePumpStrategy.NoMessagePumpStrategy.WaitForCompletion(AwaitAdapter awaiter)&#xD;
   at NUnit.Framework.Internal.AsyncToSyncAdapter.Await[TResult](TestExecutionContext context, Func`1 invoke)&#xD;
   at NUnit.Framework.Internal.AsyncToSyncAdapter.Await(TestExecutionContext context, Func`1 invoke)&#xD;
   at NUnit.Framework.Internal.Commands.TestMethodCommand.RunTestMethod(TestExecutionContext context)&#xD;
   at NUnit.Framework.Internal.Commands.TestMethodCommand.Execute(TestExecutionContext context)&#xD;
   at NUnit.Framework.Internal.Commands.BeforeAndAfterTestCommand.&lt;&gt;c__DisplayClass1_0.&lt;Execute&gt;b__0()&#xD;
   at NUnit.Framework.Internal.Commands.DelegatingTestCommand.RunTestMethodInThreadAbortSafeZone(TestExecutionContext context, Action action)&#xD;

</StackTrace>
        </ErrorInfo>
      </Output>
    </UnitTestResult>
    <UnitTestResult executionId="51773295-d74c-4b94-86c5-89280ad58a23" testId="cc1b18ea-a8b8-be6b-ac87-901ec9f25322" testName="GetAllTodos_FilterByPriority_ReturnsOnlyMatchingPriority" computerName="BRY" duration="00:00:00.5615940" startTime="2026-01-05T12:46:26.0162668-05:00" endTime="2026-01-05T12:46:26.5778600-05:00" testType="13cdc9d9-ddb5-4fa4-a97d-d965ccfc6d4b" outcome="Passed" testListId="8c84fa94-04c1-424b-9868-57a2d4851a1d" relativeResultsDirectory="51773295-d74c-4b94-86c5-89280ad58a23">
      <Output>
        <StdOut>info: Microsoft.Hosting.Lifetime[0]&#xD;
      Application started. Press Ctrl+C to shut down.&#xD;
info: Microsoft.Hosting.Lifetime[0]&#xD;
      Hosting environment: Test&#xD;
info: Microsoft.Hosting.Lifetime[0]&#xD;
      Content root path: C:\Users\bryan\RiderProjects\AspTemplate\src\WebApi&#xD;
info: Microsoft.EntityFrameworkCore.Update[30100]&#xD;
      Saved 0 entities to in-memory store.&#xD;
info: Microsoft.EntityFrameworkCore.Update[30100]&#xD;
      Saved 2 entities to in-memory store.&#xD;
info: Microsoft.EntityFrameworkCore.Update[30100]&#xD;
      Saved 2 entities to in-memory store.&#xD;
info: Microsoft.EntityFrameworkCore.Update[30100]&#xD;
      Saved 4 entities to in-memory store.&#xD;
warn: Microsoft.AspNetCore.HttpsPolicy.HttpsRedirectionMiddleware[3]&#xD;
      Failed to determine the https port for redirect.&#xD;
info: Microsoft.Hosting.Lifetime[0]&#xD;
      Application is shutting down...</StdOut>
      </Output>
    </UnitTestResult>
    <UnitTestResult executionId="2273ebee-7b72-44bc-8b58-f55cb409d1fb" testId="a26be0eb-b6e7-6a23-4548-f8d1cf512d07" testName="Register_WithShortPassword_ReturnsBadRequest" computerName="BRY" duration="00:00:00.8072120" startTime="2026-01-05T12:46:10.6021698-05:00" endTime="2026-01-05T12:46:11.4093807-05:00" testType="13cdc9d9-ddb5-4fa4-a97d-d965ccfc6d4b" outcome="Failed" testListId="8c84fa94-04c1-424b-9868-57a2d4851a1d" relativeResultsDirectory="2273ebee-7b72-44bc-8b58-f55cb409d1fb">
      <Output>
        <StdOut>info: Microsoft.Hosting.Lifetime[0]&#xD;
      Application started. Press Ctrl+C to shut down.&#xD;
info: Microsoft.Hosting.Lifetime[0]&#xD;
      Hosting environment: Test&#xD;
info: Microsoft.Hosting.Lifetime[0]&#xD;
      Content root path: C:\Users\bryan\RiderProjects\AspTemplate\src\WebApi&#xD;
info: Microsoft.EntityFrameworkCore.Update[30100]&#xD;
      Saved 0 entities to in-memory store.&#xD;
info: Microsoft.EntityFrameworkCore.Update[30100]&#xD;
      Saved 2 entities to in-memory store.&#xD;
info: Microsoft.EntityFrameworkCore.Update[30100]&#xD;
      Saved 2 entities to in-memory store.&#xD;
info: Microsoft.EntityFrameworkCore.Update[30100]&#xD;
      Saved 4 entities to in-memory store.&#xD;
warn: Microsoft.AspNetCore.HttpsPolicy.HttpsRedirectionMiddleware[3]&#xD;
      Failed to determine the https port for redirect.&#xD;
info: Microsoft.EntityFrameworkCore.Update[30100]&#xD;
      Saved 1 entities to in-memory store.&#xD;
info: Microsoft.Hosting.Lifetime[0]&#xD;
      Application is shutting down...</StdOut>
        <ErrorInfo>
          <Message>Expected response.StatusCode to be HttpStatusCode.BadRequest {value: 400}, but found HttpStatusCode.OK {value: 200}.</Message>
          <StackTrace>   at FluentAssertions.Execution.LateBoundTestFramework.Throw(String message)&#xD;
   at FluentAssertions.Execution.DefaultAssertionStrategy.HandleFailure(String message)&#xD;
   at FluentAssertions.Execution.AssertionScope.AddPreFormattedFailure(String formattedFailureMessage)&#xD;
   at FluentAssertions.Execution.AssertionChain.FailWith(Func`1 getFailureReason)&#xD;
   at FluentAssertions.Execution.AssertionChain.FailWith(Func`1 getFailureReason)&#xD;
   at FluentAssertions.Execution.AssertionChain.FailWith(String message, Object[] args)&#xD;
   at FluentAssertions.Primitives.EnumAssertions`2.Be(TEnum expected, String because, Object[] becauseArgs)&#xD;
   at WebApi.Tests.Controllers.AuthControllerTests.Register_WithShortPassword_ReturnsBadRequest() in C:\Users\bryan\RiderProjects\AspTemplate\tests\WebApi.Tests\Controllers\AuthControllerTests.cs:line 125&#xD;
   at NUnit.Framework.Internal.TaskAwaitAdapter.GenericAdapter`1.BlockUntilCompleted()&#xD;
   at NUnit.Framework.Internal.MessagePumpStrategy.NoMessagePumpStrategy.WaitForCompletion(AwaitAdapter awaiter)&#xD;
   at NUnit.Framework.Internal.AsyncToSyncAdapter.Await[TResult](TestExecutionContext context, Func`1 invoke)&#xD;
   at NUnit.Framework.Internal.AsyncToSyncAdapter.Await(TestExecutionContext context, Func`1 invoke)&#xD;
   at NUnit.Framework.Internal.Commands.TestMethodCommand.RunTestMethod(TestExecutionContext context)&#xD;
   at NUnit.Framework.Internal.Commands.TestMethodCommand.Execute(TestExecutionContext context)&#xD;
   at NUnit.Framework.Internal.Commands.BeforeAndAfterTestCommand.&lt;&gt;c__DisplayClass1_0.&lt;Execute&gt;b__0()&#xD;
   at NUnit.Framework.Internal.Commands.DelegatingTestCommand.RunTestMethodInThreadAbortSafeZone(TestExecutionContext context, Action action)&#xD;

</StackTrace>
        </ErrorInfo>
      </Output>
    </UnitTestResult>
  </Results>
  <TestDefinitions>
    <UnitTest name="TagTodoAssociation_DeleteTag_TodosNoLongerHaveTag" storage="c:\users\bryan\riderprojects\asptemplate\tests\webapi.tests\bin\debug\net10.0\webapi.tests.dll" id="0f17dea0-aee7-4e96-ae32-357e111a4523">
      <Execution id="87300b32-fce1-4a9e-8919-eb13d0c9055b" />
      <TestMethod codeBase="C:\Users\bryan\RiderProjects\AspTemplate\tests\WebApi.Tests\bin\Debug\net10.0\WebApi.Tests.dll" adapterTypeName="executor://nunit3testexecutor/" className="WebApi.Tests.Controllers.TagsControllerTests" name="TagTodoAssociation_DeleteTag_TodosNoLongerHaveTag" />
    </UnitTest>
    <UnitTest name="CreateTodo_WithEmptyTitle_ReturnsBadRequest" storage="c:\users\bryan\riderprojects\asptemplate\tests\webapi.tests\bin\debug\net10.0\webapi.tests.dll" id="a5c235ae-f617-7a06-ab5a-030c9355fde8">
      <Execution id="156d7b00-2a66-490c-a64a-2d9006bc8941" />
      <TestMethod codeBase="C:\Users\bryan\RiderProjects\AspTemplate\tests\WebApi.Tests\bin\Debug\net10.0\WebApi.Tests.dll" adapterTypeName="executor://nunit3testexecutor/" className="WebApi.Tests.Controllers.TodosControllerTests" name="CreateTodo_WithEmptyTitle_ReturnsBadRequest" />
    </UnitTest>
    <UnitTest name="CreateTag_WithValidData_ReturnsCreated" storage="c:\users\bryan\riderprojects\asptemplate\tests\webapi.tests\bin\debug\net10.0\webapi.tests.dll" id="ad6a8681-87a3-4f90-233c-3c66392aea02">
      <Execution id="e2ecce13-c542-4baf-8d2a-738f2da0c3e7" />
      <TestMethod codeBase="C:\Users\bryan\RiderProjects\AspTemplate\tests\WebApi.Tests\bin\Debug\net10.0\WebApi.Tests.dll" adapterTypeName="executor://nunit3testexecutor/" className="WebApi.Tests.Controllers.TagsControllerTests" name="CreateTag_WithValidData_ReturnsCreated" />
    </UnitTest>
    <UnitTest name="TagTodoAssociation_CreateTodoWithTags_TagsAreAssociated" storage="c:\users\bryan\riderprojects\asptemplate\tests\webapi.tests\bin\debug\net10.0\webapi.tests.dll" id="a086287a-e541-fe3e-0828-42d6461fdd5d">
      <Execution id="6c8bfcc1-4969-4dca-a1ce-3914defbd695" />
      <TestMethod codeBase="C:\Users\bryan\RiderProjects\AspTemplate\tests\WebApi.Tests\bin\Debug\net10.0\WebApi.Tests.dll" adapterTypeName="executor://nunit3testexecutor/" className="WebApi.Tests.Controllers.TagsControllerTests" name="TagTodoAssociation_CreateTodoWithTags_TagsAreAssociated" />
    </UnitTest>
    <UnitTest name="Register_WithValidData_ReturnsCreated" storage="c:\users\bryan\riderprojects\asptemplate\tests\webapi.tests\bin\debug\net10.0\webapi.tests.dll" id="3d2df3b1-09f9-9a77-26c9-6c7b6d882f8b">
      <Execution id="7383744c-b84e-4438-9e4b-87c3aa7b2b0d" />
      <TestMethod codeBase="C:\Users\bryan\RiderProjects\AspTemplate\tests\WebApi.Tests\bin\Debug\net10.0\WebApi.Tests.dll" adapterTypeName="executor://nunit3testexecutor/" className="WebApi.Tests.Controllers.AuthControllerTests" name="Register_WithValidData_ReturnsCreated" />
    </UnitTest>
    <UnitTest name="Login_WithValidCredentials_ReturnsToken" storage="c:\users\bryan\riderprojects\asptemplate\tests\webapi.tests\bin\debug\net10.0\webapi.tests.dll" id="3eba6c44-23de-7be8-51f9-96d97780b645">
      <Execution id="d0c21f94-83db-4673-a4c1-4709492e3efd" />
      <TestMethod codeBase="C:\Users\bryan\RiderProjects\AspTemplate\tests\WebApi.Tests\bin\Debug\net10.0\WebApi.Tests.dll" adapterTypeName="executor://nunit3testexecutor/" className="WebApi.Tests.Controllers.AuthControllerTests" name="Login_WithValidCredentials_ReturnsToken" />
    </UnitTest>
    <UnitTest name="UpdateTag_NonExistentId_ReturnsNotFound" storage="c:\users\bryan\riderprojects\asptemplate\tests\webapi.tests\bin\debug\net10.0\webapi.tests.dll" id="87e566d3-9ee5-2681-bcbd-db098d929b9a">
      <Execution id="e9b266cf-cd67-4d43-9a75-56e6afd0a5d9" />
      <TestMethod codeBase="C:\Users\bryan\RiderProjects\AspTemplate\tests\WebApi.Tests\bin\Debug\net10.0\WebApi.Tests.dll" adapterTypeName="executor://nunit3testexecutor/" className="WebApi.Tests.Controllers.TagsControllerTests" name="UpdateTag_NonExistentId_ReturnsNotFound" />
    </UnitTest>
    <UnitTest name="GetTodoById_WithValidId_ReturnsOk" storage="c:\users\bryan\riderprojects\asptemplate\tests\webapi.tests\bin\debug\net10.0\webapi.tests.dll" id="170f085b-4d14-9381-619c-f8380f156725">
      <Execution id="1b33cdce-3731-4af1-a5b8-745d2999ea6a" />
      <TestMethod codeBase="C:\Users\bryan\RiderProjects\AspTemplate\tests\WebApi.Tests\bin\Debug\net10.0\WebApi.Tests.dll" adapterTypeName="executor://nunit3testexecutor/" className="WebApi.Tests.Controllers.TodosControllerTests" name="GetTodoById_WithValidId_ReturnsOk" />
    </UnitTest>
    <UnitTest name="Register_WithInvalidEmail_ReturnsBadRequest" storage="c:\users\bryan\riderprojects\asptemplate\tests\webapi.tests\bin\debug\net10.0\webapi.tests.dll" id="52a3e505-1b77-5090-ae95-0d3238b85de5">
      <Execution id="ab2c4cf3-dd41-4a0b-8853-0def9c246b31" />
      <TestMethod codeBase="C:\Users\bryan\RiderProjects\AspTemplate\tests\WebApi.Tests\bin\Debug\net10.0\WebApi.Tests.dll" adapterTypeName="executor://nunit3testexecutor/" className="WebApi.Tests.Controllers.AuthControllerTests" name="Register_WithInvalidEmail_ReturnsBadRequest" />
    </UnitTest>
    <UnitTest name="Register_WithDuplicateUsername_ReturnsBadRequest" storage="c:\users\bryan\riderprojects\asptemplate\tests\webapi.tests\bin\debug\net10.0\webapi.tests.dll" id="0ba0fd0c-171a-c258-f69f-053407736c76">
      <Execution id="ee1b0d1f-32b0-4cb1-bcc6-1902dbe776a3" />
      <TestMethod codeBase="C:\Users\bryan\RiderProjects\AspTemplate\tests\WebApi.Tests\bin\Debug\net10.0\WebApi.Tests.dll" adapterTypeName="executor://nunit3testexecutor/" className="WebApi.Tests.Controllers.AuthControllerTests" name="Register_WithDuplicateUsername_ReturnsBadRequest" />
    </UnitTest>
    <UnitTest name="DeleteTodo_NonExistentId_ReturnsNotFound" storage="c:\users\bryan\riderprojects\asptemplate\tests\webapi.tests\bin\debug\net10.0\webapi.tests.dll" id="ade7ea0c-667f-727a-f908-ccdad3c03d59">
      <Execution id="6b809c91-7553-4ca9-a2c4-cc4583291e9e" />
      <TestMethod codeBase="C:\Users\bryan\RiderProjects\AspTemplate\tests\WebApi.Tests\bin\Debug\net10.0\WebApi.Tests.dll" adapterTypeName="executor://nunit3testexecutor/" className="WebApi.Tests.Controllers.TodosControllerTests" name="DeleteTodo_NonExistentId_ReturnsNotFound" />
    </UnitTest>
    <UnitTest name="DeleteTag_WithValidId_ReturnsNoContent" storage="c:\users\bryan\riderprojects\asptemplate\tests\webapi.tests\bin\debug\net10.0\webapi.tests.dll" id="62f22fd2-37ec-2151-5b98-079fd6f29cc8">
      <Execution id="bc621d3a-a6b1-49a1-acbb-dc7c8dd9ce6c" />
      <TestMethod codeBase="C:\Users\bryan\RiderProjects\AspTemplate\tests\WebApi.Tests\bin\Debug\net10.0\WebApi.Tests.dll" adapterTypeName="executor://nunit3testexecutor/" className="WebApi.Tests.Controllers.TagsControllerTests" name="DeleteTag_WithValidId_ReturnsNoContent" />
    </UnitTest>
    <UnitTest name="GetTodoById_OtherUsersTodo_ReturnsNotFound" storage="c:\users\bryan\riderprojects\asptemplate\tests\webapi.tests\bin\debug\net10.0\webapi.tests.dll" id="38e9f8c3-53cf-f8aa-5da9-4bbeff59b60a">
      <Execution id="944ec56c-72aa-4856-b6b0-f5278f106336" />
      <TestMethod codeBase="C:\Users\bryan\RiderProjects\AspTemplate\tests\WebApi.Tests\bin\Debug\net10.0\WebApi.Tests.dll" adapterTypeName="executor://nunit3testexecutor/" className="WebApi.Tests.Controllers.TodosControllerTests" name="GetTodoById_OtherUsersTodo_ReturnsNotFound" />
    </UnitTest>
    <UnitTest name="GetAllTags_ReturnsOkWithTags" storage="c:\users\bryan\riderprojects\asptemplate\tests\webapi.tests\bin\debug\net10.0\webapi.tests.dll" id="0c457f24-aff6-1ea7-f71f-10b95ef696c5">
      <Execution id="34ad8ef2-d551-45f8-926b-961c7a8190e4" />
      <TestMethod codeBase="C:\Users\bryan\RiderProjects\AspTemplate\tests\WebApi.Tests\bin\Debug\net10.0\WebApi.Tests.dll" adapterTypeName="executor://nunit3testexecutor/" className="WebApi.Tests.Controllers.TagsControllerTests" name="GetAllTags_ReturnsOkWithTags" />
    </UnitTest>
    <UnitTest name="UpdateTag_WithDuplicateName_ReturnsBadRequest" storage="c:\users\bryan\riderprojects\asptemplate\tests\webapi.tests\bin\debug\net10.0\webapi.tests.dll" id="a32015a8-072f-6736-d293-65926fef1708">
      <Execution id="2315e25b-642d-491c-9501-92286c40d8e0" />
      <TestMethod codeBase="C:\Users\bryan\RiderProjects\AspTemplate\tests\WebApi.Tests\bin\Debug\net10.0\WebApi.Tests.dll" adapterTypeName="executor://nunit3testexecutor/" className="WebApi.Tests.Controllers.TagsControllerTests" name="UpdateTag_WithDuplicateName_ReturnsBadRequest" />
    </UnitTest>
    <UnitTest name="ToggleTodoCompletion_NonExistentId_ReturnsNotFound" storage="c:\users\bryan\riderprojects\asptemplate\tests\webapi.tests\bin\debug\net10.0\webapi.tests.dll" id="091a0d65-863d-a7de-be02-6a319326aa9a">
      <Execution id="5de7dfe4-7666-4834-a406-052ce3834687" />
      <TestMethod codeBase="C:\Users\bryan\RiderProjects\AspTemplate\tests\WebApi.Tests\bin\Debug\net10.0\WebApi.Tests.dll" adapterTypeName="executor://nunit3testexecutor/" className="WebApi.Tests.Controllers.TodosControllerTests" name="ToggleTodoCompletion_NonExistentId_ReturnsNotFound" />
    </UnitTest>
    <UnitTest name="GetAllTodos_FilterByPending_ReturnsOnlyPendingTodos" storage="c:\users\bryan\riderprojects\asptemplate\tests\webapi.tests\bin\debug\net10.0\webapi.tests.dll" id="6d326e60-2177-25f6-b4f4-4c04bbc07cf8">
      <Execution id="e34ef022-4bf7-4538-8564-7d1028f6f19d" />
      <TestMethod codeBase="C:\Users\bryan\RiderProjects\AspTemplate\tests\WebApi.Tests\bin\Debug\net10.0\WebApi.Tests.dll" adapterTypeName="executor://nunit3testexecutor/" className="WebApi.Tests.Controllers.TodosControllerTests" name="GetAllTodos_FilterByPending_ReturnsOnlyPendingTodos" />
    </UnitTest>
    <UnitTest name="DeleteTodo_OtherUsersTodo_ReturnsNotFound" storage="c:\users\bryan\riderprojects\asptemplate\tests\webapi.tests\bin\debug\net10.0\webapi.tests.dll" id="4d024fb7-df5c-cc39-dcdb-1cec23d9118d">
      <Execution id="8fc0771a-6f74-4bab-90f7-61bc1ae49ab2" />
      <TestMethod codeBase="C:\Users\bryan\RiderProjects\AspTemplate\tests\WebApi.Tests\bin\Debug\net10.0\WebApi.Tests.dll" adapterTypeName="executor://nunit3testexecutor/" className="WebApi.Tests.Controllers.TodosControllerTests" name="DeleteTodo_OtherUsersTodo_ReturnsNotFound" />
    </UnitTest>
    <UnitTest name="UpdateTodo_WithValidData_ReturnsOk" storage="c:\users\bryan\riderprojects\asptemplate\tests\webapi.tests\bin\debug\net10.0\webapi.tests.dll" id="8026cd4f-21f0-8e0d-d122-e9e95ad0e7eb">
      <Execution id="ec83bdcc-378c-426d-8c54-dd9f12cb8486" />
      <TestMethod codeBase="C:\Users\bryan\RiderProjects\AspTemplate\tests\WebApi.Tests\bin\Debug\net10.0\WebApi.Tests.dll" adapterTypeName="executor://nunit3testexecutor/" className="WebApi.Tests.Controllers.TodosControllerTests" name="UpdateTodo_WithValidData_ReturnsOk" />
    </UnitTest>
    <UnitTest name="DeleteTodo_WithValidId_ReturnsNoContent" storage="c:\users\bryan\riderprojects\asptemplate\tests\webapi.tests\bin\debug\net10.0\webapi.tests.dll" id="f72370cc-3997-dc09-715a-e461a6953936">
      <Execution id="58c2daaf-1ffd-4110-88f2-4036cf37c51a" />
      <TestMethod codeBase="C:\Users\bryan\RiderProjects\AspTemplate\tests\WebApi.Tests\bin\Debug\net10.0\WebApi.Tests.dll" adapterTypeName="executor://nunit3testexecutor/" className="WebApi.Tests.Controllers.TodosControllerTests" name="DeleteTodo_WithValidId_ReturnsNoContent" />
    </UnitTest>
    <UnitTest name="GetAllTodos_ReturnsOkWithTodos" storage="c:\users\bryan\riderprojects\asptemplate\tests\webapi.tests\bin\debug\net10.0\webapi.tests.dll" id="08d7a87f-8aa5-c7a8-e5ee-faec78f8215e">
      <Execution id="fe296388-7b99-4c47-b902-792313f0beb9" />
      <TestMethod codeBase="C:\Users\bryan\RiderProjects\AspTemplate\tests\WebApi.Tests\bin\Debug\net10.0\WebApi.Tests.dll" adapterTypeName="executor://nunit3testexecutor/" className="WebApi.Tests.Controllers.TodosControllerTests" name="GetAllTodos_ReturnsOkWithTodos" />
    </UnitTest>
    <UnitTest name="UpdateTag_OtherUsersTag_ReturnsNotFound" storage="c:\users\bryan\riderprojects\asptemplate\tests\webapi.tests\bin\debug\net10.0\webapi.tests.dll" id="36d22c23-6c28-51fc-9cf2-17f2d002872d">
      <Execution id="b336e83f-2d3d-46c7-93c0-d5a66fc3bbf9" />
      <TestMethod codeBase="C:\Users\bryan\RiderProjects\AspTemplate\tests\WebApi.Tests\bin\Debug\net10.0\WebApi.Tests.dll" adapterTypeName="executor://nunit3testexecutor/" className="WebApi.Tests.Controllers.TagsControllerTests" name="UpdateTag_OtherUsersTag_ReturnsNotFound" />
    </UnitTest>
    <UnitTest name="GetCurrentUser_WithValidToken_ReturnsUser" storage="c:\users\bryan\riderprojects\asptemplate\tests\webapi.tests\bin\debug\net10.0\webapi.tests.dll" id="f676405e-d98b-49f3-fdfb-241bade7d01a">
      <Execution id="108f95eb-5151-449b-b4c4-001274ed06ee" />
      <TestMethod codeBase="C:\Users\bryan\RiderProjects\AspTemplate\tests\WebApi.Tests\bin\Debug\net10.0\WebApi.Tests.dll" adapterTypeName="executor://nunit3testexecutor/" className="WebApi.Tests.Controllers.AuthControllerTests" name="GetCurrentUser_WithValidToken_ReturnsUser" />
    </UnitTest>
    <UnitTest name="DeleteTag_OtherUsersTag_ReturnsNotFound" storage="c:\users\bryan\riderprojects\asptemplate\tests\webapi.tests\bin\debug\net10.0\webapi.tests.dll" id="3a11fc29-6062-1f3c-13c5-c2ecb2818977">
      <Execution id="a7691d9a-2e2d-495d-ac7e-3dd3020f2996" />
      <TestMethod codeBase="C:\Users\bryan\RiderProjects\AspTemplate\tests\WebApi.Tests\bin\Debug\net10.0\WebApi.Tests.dll" adapterTypeName="executor://nunit3testexecutor/" className="WebApi.Tests.Controllers.TagsControllerTests" name="DeleteTag_OtherUsersTag_ReturnsNotFound" />
    </UnitTest>
    <UnitTest name="Register_WithShortPassword_ReturnsBadRequest" storage="c:\users\bryan\riderprojects\asptemplate\tests\webapi.tests\bin\debug\net10.0\webapi.tests.dll" id="a26be0eb-b6e7-6a23-4548-f8d1cf512d07">
      <Execution id="2273ebee-7b72-44bc-8b58-f55cb409d1fb" />
      <TestMethod codeBase="C:\Users\bryan\RiderProjects\AspTemplate\tests\WebApi.Tests\bin\Debug\net10.0\WebApi.Tests.dll" adapterTypeName="executor://nunit3testexecutor/" className="WebApi.Tests.Controllers.AuthControllerTests" name="Register_WithShortPassword_ReturnsBadRequest" />
    </UnitTest>
    <UnitTest name="GetAllTodos_FilterByTag_ReturnsOnlyTodosWithTag" storage="c:\users\bryan\riderprojects\asptemplate\tests\webapi.tests\bin\debug\net10.0\webapi.tests.dll" id="b1181f86-3a9b-ad1f-603c-c9092a5d4333">
      <Execution id="8a1a4e9e-298e-4f7a-b606-605235b50529" />
      <TestMethod codeBase="C:\Users\bryan\RiderProjects\AspTemplate\tests\WebApi.Tests\bin\Debug\net10.0\WebApi.Tests.dll" adapterTypeName="executor://nunit3testexecutor/" className="WebApi.Tests.Controllers.TodosControllerTests" name="GetAllTodos_FilterByTag_ReturnsOnlyTodosWithTag" />
    </UnitTest>
    <UnitTest name="CreateTodo_WithTags_ReturnsCreatedWithTags" storage="c:\users\bryan\riderprojects\asptemplate\tests\webapi.tests\bin\debug\net10.0\webapi.tests.dll" id="e3202dd6-ab0d-72c8-5210-dd70bd931c3f">
      <Execution id="0921c0cd-5697-4319-81e5-4eeb60a1469f" />
      <TestMethod codeBase="C:\Users\bryan\RiderProjects\AspTemplate\tests\WebApi.Tests\bin\Debug\net10.0\WebApi.Tests.dll" adapterTypeName="executor://nunit3testexecutor/" className="WebApi.Tests.Controllers.TodosControllerTests" name="CreateTodo_WithTags_ReturnsCreatedWithTags" />
    </UnitTest>
    <UnitTest name="GetTodoById_WithNonExistentId_ReturnsNotFound" storage="c:\users\bryan\riderprojects\asptemplate\tests\webapi.tests\bin\debug\net10.0\webapi.tests.dll" id="13ad20f4-4b3d-6a51-29c6-5b67aef5bb0f">
      <Execution id="a5416b70-9003-40b1-8925-20ef008145e4" />
      <TestMethod codeBase="C:\Users\bryan\RiderProjects\AspTemplate\tests\WebApi.Tests\bin\Debug\net10.0\WebApi.Tests.dll" adapterTypeName="executor://nunit3testexecutor/" className="WebApi.Tests.Controllers.TodosControllerTests" name="GetTodoById_WithNonExistentId_ReturnsNotFound" />
    </UnitTest>
    <UnitTest name="UpdateTag_WithValidData_ReturnsOk" storage="c:\users\bryan\riderprojects\asptemplate\tests\webapi.tests\bin\debug\net10.0\webapi.tests.dll" id="964ddc03-ec87-5b63-2332-e1aca0da218e">
      <Execution id="37e43d71-2957-4322-8d4a-4742c1f25816" />
      <TestMethod codeBase="C:\Users\bryan\RiderProjects\AspTemplate\tests\WebApi.Tests\bin\Debug\net10.0\WebApi.Tests.dll" adapterTypeName="executor://nunit3testexecutor/" className="WebApi.Tests.Controllers.TagsControllerTests" name="UpdateTag_WithValidData_ReturnsOk" />
    </UnitTest>
    <UnitTest name="GetTagById_OtherUsersTag_ReturnsNotFound" storage="c:\users\bryan\riderprojects\asptemplate\tests\webapi.tests\bin\debug\net10.0\webapi.tests.dll" id="81f89f17-82cf-d52a-3f11-32b2c85cf8d1">
      <Execution id="e1bebcb1-d77f-4139-97eb-68a5183eda33" />
      <TestMethod codeBase="C:\Users\bryan\RiderProjects\AspTemplate\tests\WebApi.Tests\bin\Debug\net10.0\WebApi.Tests.dll" adapterTypeName="executor://nunit3testexecutor/" className="WebApi.Tests.Controllers.TagsControllerTests" name="GetTagById_OtherUsersTag_ReturnsNotFound" />
    </UnitTest>
    <UnitTest name="Login_WithNonExistentUser_ReturnsUnauthorized" storage="c:\users\bryan\riderprojects\asptemplate\tests\webapi.tests\bin\debug\net10.0\webapi.tests.dll" id="ce954a5e-3f09-897a-ea8b-80ab253e3712">
      <Execution id="57efd3c9-cb0b-41f7-afdc-43de889d72c8" />
      <TestMethod codeBase="C:\Users\bryan\RiderProjects\AspTemplate\tests\WebApi.Tests\bin\Debug\net10.0\WebApi.Tests.dll" adapterTypeName="executor://nunit3testexecutor/" className="WebApi.Tests.Controllers.AuthControllerTests" name="Login_WithNonExistentUser_ReturnsUnauthorized" />
    </UnitTest>
    <UnitTest name="ToggleTodoCompletion_CompletesTodo_ReturnsOk" storage="c:\users\bryan\riderprojects\asptemplate\tests\webapi.tests\bin\debug\net10.0\webapi.tests.dll" id="4ced3869-979e-3509-a0e2-2de42f65f1d3">
      <Execution id="50f0e09b-06e3-4f86-bf03-9fafb1957110" />
      <TestMethod codeBase="C:\Users\bryan\RiderProjects\AspTemplate\tests\WebApi.Tests\bin\Debug\net10.0\WebApi.Tests.dll" adapterTypeName="executor://nunit3testexecutor/" className="WebApi.Tests.Controllers.TodosControllerTests" name="ToggleTodoCompletion_CompletesTodo_ReturnsOk" />
    </UnitTest>
    <UnitTest name="Register_WithDuplicateEmail_ReturnsBadRequest" storage="c:\users\bryan\riderprojects\asptemplate\tests\webapi.tests\bin\debug\net10.0\webapi.tests.dll" id="f1f4f1e4-2183-f807-e4ee-840e6d8d12aa">
      <Execution id="97cfb35f-01af-4726-8301-593f184eb8dc" />
      <TestMethod codeBase="C:\Users\bryan\RiderProjects\AspTemplate\tests\WebApi.Tests\bin\Debug\net10.0\WebApi.Tests.dll" adapterTypeName="executor://nunit3testexecutor/" className="WebApi.Tests.Controllers.AuthControllerTests" name="Register_WithDuplicateEmail_ReturnsBadRequest" />
    </UnitTest>
    <UnitTest name="CreateTodo_WithValidData_ReturnsCreated" storage="c:\users\bryan\riderprojects\asptemplate\tests\webapi.tests\bin\debug\net10.0\webapi.tests.dll" id="e999adf5-3047-2cf0-7625-f22da6c525d5">
      <Execution id="035f8e1c-8396-4e6c-9e56-b3111795d891" />
      <TestMethod codeBase="C:\Users\bryan\RiderProjects\AspTemplate\tests\WebApi.Tests\bin\Debug\net10.0\WebApi.Tests.dll" adapterTypeName="executor://nunit3testexecutor/" className="WebApi.Tests.Controllers.TodosControllerTests" name="CreateTodo_WithValidData_ReturnsCreated" />
    </UnitTest>
    <UnitTest name="GetTagById_WithNonExistentId_ReturnsNotFound" storage="c:\users\bryan\riderprojects\asptemplate\tests\webapi.tests\bin\debug\net10.0\webapi.tests.dll" id="796bb581-0eb5-3223-6923-a782589060e7">
      <Execution id="709050bb-f2c3-45c0-9da4-aeb38d1a14bb" />
      <TestMethod codeBase="C:\Users\bryan\RiderProjects\AspTemplate\tests\WebApi.Tests\bin\Debug\net10.0\WebApi.Tests.dll" adapterTypeName="executor://nunit3testexecutor/" className="WebApi.Tests.Controllers.TagsControllerTests" name="GetTagById_WithNonExistentId_ReturnsNotFound" />
    </UnitTest>
    <UnitTest name="UpdateTodo_OtherUsersTodo_ReturnsNotFound" storage="c:\users\bryan\riderprojects\asptemplate\tests\webapi.tests\bin\debug\net10.0\webapi.tests.dll" id="1e58fb82-af13-232d-d5b3-6aab89ce125a">
      <Execution id="de5469e3-094d-4e26-994d-b26799cdeb40" />
      <TestMethod codeBase="C:\Users\bryan\RiderProjects\AspTemplate\tests\WebApi.Tests\bin\Debug\net10.0\WebApi.Tests.dll" adapterTypeName="executor://nunit3testexecutor/" className="WebApi.Tests.Controllers.TodosControllerTests" name="UpdateTodo_OtherUsersTodo_ReturnsNotFound" />
    </UnitTest>
    <UnitTest name="CreateTag_WithEmptyName_ReturnsBadRequest" storage="c:\users\bryan\riderprojects\asptemplate\tests\webapi.tests\bin\debug\net10.0\webapi.tests.dll" id="186bfde2-1a8b-b120-bf99-1df9efde74ab">
      <Execution id="846a98d4-39c6-450c-b1a9-cbcd2658f105" />
      <TestMethod codeBase="C:\Users\bryan\RiderProjects\AspTemplate\tests\WebApi.Tests\bin\Debug\net10.0\WebApi.Tests.dll" adapterTypeName="executor://nunit3testexecutor/" className="WebApi.Tests.Controllers.TagsControllerTests" name="CreateTag_WithEmptyName_ReturnsBadRequest" />
    </UnitTest>
    <UnitTest name="GetAllTodos_FilterByCompleted_ReturnsOnlyCompletedTodos" storage="c:\users\bryan\riderprojects\asptemplate\tests\webapi.tests\bin\debug\net10.0\webapi.tests.dll" id="fee8be76-3f69-0ff8-c397-d26416047614">
      <Execution id="b0cf785f-32cd-49c6-8638-94a960dfb3c6" />
      <TestMethod codeBase="C:\Users\bryan\RiderProjects\AspTemplate\tests\WebApi.Tests\bin\Debug\net10.0\WebApi.Tests.dll" adapterTypeName="executor://nunit3testexecutor/" className="WebApi.Tests.Controllers.TodosControllerTests" name="GetAllTodos_FilterByCompleted_ReturnsOnlyCompletedTodos" />
    </UnitTest>
    <UnitTest name="CreateTag_WithDuplicateName_ReturnsBadRequest" storage="c:\users\bryan\riderprojects\asptemplate\tests\webapi.tests\bin\debug\net10.0\webapi.tests.dll" id="3109c202-bcf3-33c6-1065-70d0f6737c02">
      <Execution id="55116994-6f6b-4090-810f-cdc77a57331c" />
      <TestMethod codeBase="C:\Users\bryan\RiderProjects\AspTemplate\tests\WebApi.Tests\bin\Debug\net10.0\WebApi.Tests.dll" adapterTypeName="executor://nunit3testexecutor/" className="WebApi.Tests.Controllers.TagsControllerTests" name="CreateTag_WithDuplicateName_ReturnsBadRequest" />
    </UnitTest>
    <UnitTest name="GetAllTodos_FilterByPriority_ReturnsOnlyMatchingPriority" storage="c:\users\bryan\riderprojects\asptemplate\tests\webapi.tests\bin\debug\net10.0\webapi.tests.dll" id="cc1b18ea-a8b8-be6b-ac87-901ec9f25322">
      <Execution id="51773295-d74c-4b94-86c5-89280ad58a23" />
      <TestMethod codeBase="C:\Users\bryan\RiderProjects\AspTemplate\tests\WebApi.Tests\bin\Debug\net10.0\WebApi.Tests.dll" adapterTypeName="executor://nunit3testexecutor/" className="WebApi.Tests.Controllers.TodosControllerTests" name="GetAllTodos_FilterByPriority_ReturnsOnlyMatchingPriority" />
    </UnitTest>
    <UnitTest name="DeleteTag_NonExistentId_ReturnsNotFound" storage="c:\users\bryan\riderprojects\asptemplate\tests\webapi.tests\bin\debug\net10.0\webapi.tests.dll" id="39306b4a-aee3-4fa0-60ef-33aaa0db0887">
      <Execution id="27a3c216-7ba0-4908-a077-3fe81ad37f43" />
      <TestMethod codeBase="C:\Users\bryan\RiderProjects\AspTemplate\tests\WebApi.Tests\bin\Debug\net10.0\WebApi.Tests.dll" adapterTypeName="executor://nunit3testexecutor/" className="WebApi.Tests.Controllers.TagsControllerTests" name="DeleteTag_NonExistentId_ReturnsNotFound" />
    </UnitTest>
    <UnitTest name="GetTagById_WithValidId_ReturnsOk" storage="c:\users\bryan\riderprojects\asptemplate\tests\webapi.tests\bin\debug\net10.0\webapi.tests.dll" id="c16f4c4c-dfc1-3117-1bc1-c6d7f41483e3">
      <Execution id="1f24d5ad-3787-43cc-aede-b7e41b170c18" />
      <TestMethod codeBase="C:\Users\bryan\RiderProjects\AspTemplate\tests\WebApi.Tests\bin\Debug\net10.0\WebApi.Tests.dll" adapterTypeName="executor://nunit3testexecutor/" className="WebApi.Tests.Controllers.TagsControllerTests" name="GetTagById_WithValidId_ReturnsOk" />
    </UnitTest>
    <UnitTest name="Login_WithEmail_ReturnsToken" storage="c:\users\bryan\riderprojects\asptemplate\tests\webapi.tests\bin\debug\net10.0\webapi.tests.dll" id="48d2b8e4-5da0-a633-48e4-759f522563b6">
      <Execution id="b259ad5c-dfb6-4dce-9d7a-33b53602d891" />
      <TestMethod codeBase="C:\Users\bryan\RiderProjects\AspTemplate\tests\WebApi.Tests\bin\Debug\net10.0\WebApi.Tests.dll" adapterTypeName="executor://nunit3testexecutor/" className="WebApi.Tests.Controllers.AuthControllerTests" name="Login_WithEmail_ReturnsToken" />
    </UnitTest>
    <UnitTest name="UpdateTodo_NonExistentId_ReturnsNotFound" storage="c:\users\bryan\riderprojects\asptemplate\tests\webapi.tests\bin\debug\net10.0\webapi.tests.dll" id="f1f92d68-7423-2cde-131d-e6213eb5b2a2">
      <Execution id="fd4086f9-a77d-4c16-891f-ff10633fab6b" />
      <TestMethod codeBase="C:\Users\bryan\RiderProjects\AspTemplate\tests\WebApi.Tests\bin\Debug\net10.0\WebApi.Tests.dll" adapterTypeName="executor://nunit3testexecutor/" className="WebApi.Tests.Controllers.TodosControllerTests" name="UpdateTodo_NonExistentId_ReturnsNotFound" />
    </UnitTest>
    <UnitTest name="CreateTag_WithInvalidColor_ReturnsBadRequest" storage="c:\users\bryan\riderprojects\asptemplate\tests\webapi.tests\bin\debug\net10.0\webapi.tests.dll" id="04a4069d-67ab-f7c7-acbf-1c35cafb72d0">
      <Execution id="72d714ed-a001-4bff-9ce0-73b333a20c42" />
      <TestMethod codeBase="C:\Users\bryan\RiderProjects\AspTemplate\tests\WebApi.Tests\bin\Debug\net10.0\WebApi.Tests.dll" adapterTypeName="executor://nunit3testexecutor/" className="WebApi.Tests.Controllers.TagsControllerTests" name="CreateTag_WithInvalidColor_ReturnsBadRequest" />
    </UnitTest>
    <UnitTest name="Login_WithInvalidPassword_ReturnsUnauthorized" storage="c:\users\bryan\riderprojects\asptemplate\tests\webapi.tests\bin\debug\net10.0\webapi.tests.dll" id="56c4abb1-5265-adcc-a289-3a11da880f0b">
      <Execution id="f77ba940-cc07-4ce4-a2a1-6d7eeb614b40" />
      <TestMethod codeBase="C:\Users\bryan\RiderProjects\AspTemplate\tests\WebApi.Tests\bin\Debug\net10.0\WebApi.Tests.dll" adapterTypeName="executor://nunit3testexecutor/" className="WebApi.Tests.Controllers.AuthControllerTests" name="Login_WithInvalidPassword_ReturnsUnauthorized" />
    </UnitTest>
    <UnitTest name="GetCurrentUser_WithoutToken_ReturnsUnauthorized" storage="c:\users\bryan\riderprojects\asptemplate\tests\webapi.tests\bin\debug\net10.0\webapi.tests.dll" id="5b558c79-4ca8-fee5-16d9-08cbe297452d">
      <Execution id="2492fbb3-be6a-4488-8a4f-c7b4d0786e86" />
      <TestMethod codeBase="C:\Users\bryan\RiderProjects\AspTemplate\tests\WebApi.Tests\bin\Debug\net10.0\WebApi.Tests.dll" adapterTypeName="executor://nunit3testexecutor/" className="WebApi.Tests.Controllers.AuthControllerTests" name="GetCurrentUser_WithoutToken_ReturnsUnauthorized" />
    </UnitTest>
    <UnitTest name="GetCurrentUser_WithInvalidToken_ReturnsUnauthorized" storage="c:\users\bryan\riderprojects\asptemplate\tests\webapi.tests\bin\debug\net10.0\webapi.tests.dll" id="070eab8d-bda3-e750-9670-5aae1a01453c">
      <Execution id="457fefec-38bf-495d-9841-91b89ed70790" />
      <TestMethod codeBase="C:\Users\bryan\RiderProjects\AspTemplate\tests\WebApi.Tests\bin\Debug\net10.0\WebApi.Tests.dll" adapterTypeName="executor://nunit3testexecutor/" className="WebApi.Tests.Controllers.AuthControllerTests" name="GetCurrentUser_WithInvalidToken_ReturnsUnauthorized" />
    </UnitTest>
  </TestDefinitions>
  <TestEntries>
    <TestEntry testId="0c457f24-aff6-1ea7-f71f-10b95ef696c5" executionId="34ad8ef2-d551-45f8-926b-961c7a8190e4" testListId="8c84fa94-04c1-424b-9868-57a2d4851a1d" />
    <TestEntry testId="e3202dd6-ab0d-72c8-5210-dd70bd931c3f" executionId="0921c0cd-5697-4319-81e5-4eeb60a1469f" testListId="8c84fa94-04c1-424b-9868-57a2d4851a1d" />
    <TestEntry testId="3109c202-bcf3-33c6-1065-70d0f6737c02" executionId="55116994-6f6b-4090-810f-cdc77a57331c" testListId="8c84fa94-04c1-424b-9868-57a2d4851a1d" />
    <TestEntry testId="186bfde2-1a8b-b120-bf99-1df9efde74ab" executionId="846a98d4-39c6-450c-b1a9-cbcd2658f105" testListId="8c84fa94-04c1-424b-9868-57a2d4851a1d" />
    <TestEntry testId="48d2b8e4-5da0-a633-48e4-759f522563b6" executionId="b259ad5c-dfb6-4dce-9d7a-33b53602d891" testListId="8c84fa94-04c1-424b-9868-57a2d4851a1d" />
    <TestEntry testId="0f17dea0-aee7-4e96-ae32-357e111a4523" executionId="87300b32-fce1-4a9e-8919-eb13d0c9055b" testListId="8c84fa94-04c1-424b-9868-57a2d4851a1d" />
    <TestEntry testId="a5c235ae-f617-7a06-ab5a-030c9355fde8" executionId="156d7b00-2a66-490c-a64a-2d9006bc8941" testListId="8c84fa94-04c1-424b-9868-57a2d4851a1d" />
    <TestEntry testId="fee8be76-3f69-0ff8-c397-d26416047614" executionId="b0cf785f-32cd-49c6-8638-94a960dfb3c6" testListId="8c84fa94-04c1-424b-9868-57a2d4851a1d" />
    <TestEntry testId="170f085b-4d14-9381-619c-f8380f156725" executionId="1b33cdce-3731-4af1-a5b8-745d2999ea6a" testListId="8c84fa94-04c1-424b-9868-57a2d4851a1d" />
    <TestEntry testId="f676405e-d98b-49f3-fdfb-241bade7d01a" executionId="108f95eb-5151-449b-b4c4-001274ed06ee" testListId="8c84fa94-04c1-424b-9868-57a2d4851a1d" />
    <TestEntry testId="39306b4a-aee3-4fa0-60ef-33aaa0db0887" executionId="27a3c216-7ba0-4908-a077-3fe81ad37f43" testListId="8c84fa94-04c1-424b-9868-57a2d4851a1d" />
    <TestEntry testId="796bb581-0eb5-3223-6923-a782589060e7" executionId="709050bb-f2c3-45c0-9da4-aeb38d1a14bb" testListId="8c84fa94-04c1-424b-9868-57a2d4851a1d" />
    <TestEntry testId="4ced3869-979e-3509-a0e2-2de42f65f1d3" executionId="50f0e09b-06e3-4f86-bf03-9fafb1957110" testListId="8c84fa94-04c1-424b-9868-57a2d4851a1d" />
    <TestEntry testId="ce954a5e-3f09-897a-ea8b-80ab253e3712" executionId="57efd3c9-cb0b-41f7-afdc-43de889d72c8" testListId="8c84fa94-04c1-424b-9868-57a2d4851a1d" />
    <TestEntry testId="a086287a-e541-fe3e-0828-42d6461fdd5d" executionId="6c8bfcc1-4969-4dca-a1ce-3914defbd695" testListId="8c84fa94-04c1-424b-9868-57a2d4851a1d" />
    <TestEntry testId="1e58fb82-af13-232d-d5b3-6aab89ce125a" executionId="de5469e3-094d-4e26-994d-b26799cdeb40" testListId="8c84fa94-04c1-424b-9868-57a2d4851a1d" />
    <TestEntry testId="6d326e60-2177-25f6-b4f4-4c04bbc07cf8" executionId="e34ef022-4bf7-4538-8564-7d1028f6f19d" testListId="8c84fa94-04c1-424b-9868-57a2d4851a1d" />
    <TestEntry testId="56c4abb1-5265-adcc-a289-3a11da880f0b" executionId="f77ba940-cc07-4ce4-a2a1-6d7eeb614b40" testListId="8c84fa94-04c1-424b-9868-57a2d4851a1d" />
    <TestEntry testId="13ad20f4-4b3d-6a51-29c6-5b67aef5bb0f" executionId="a5416b70-9003-40b1-8925-20ef008145e4" testListId="8c84fa94-04c1-424b-9868-57a2d4851a1d" />
    <TestEntry testId="5b558c79-4ca8-fee5-16d9-08cbe297452d" executionId="2492fbb3-be6a-4488-8a4f-c7b4d0786e86" testListId="8c84fa94-04c1-424b-9868-57a2d4851a1d" />
    <TestEntry testId="3a11fc29-6062-1f3c-13c5-c2ecb2818977" executionId="a7691d9a-2e2d-495d-ac7e-3dd3020f2996" testListId="8c84fa94-04c1-424b-9868-57a2d4851a1d" />
    <TestEntry testId="3eba6c44-23de-7be8-51f9-96d97780b645" executionId="d0c21f94-83db-4673-a4c1-4709492e3efd" testListId="8c84fa94-04c1-424b-9868-57a2d4851a1d" />
    <TestEntry testId="964ddc03-ec87-5b63-2332-e1aca0da218e" executionId="37e43d71-2957-4322-8d4a-4742c1f25816" testListId="8c84fa94-04c1-424b-9868-57a2d4851a1d" />
    <TestEntry testId="81f89f17-82cf-d52a-3f11-32b2c85cf8d1" executionId="e1bebcb1-d77f-4139-97eb-68a5183eda33" testListId="8c84fa94-04c1-424b-9868-57a2d4851a1d" />
    <TestEntry testId="ad6a8681-87a3-4f90-233c-3c66392aea02" executionId="e2ecce13-c542-4baf-8d2a-738f2da0c3e7" testListId="8c84fa94-04c1-424b-9868-57a2d4851a1d" />
    <TestEntry testId="a32015a8-072f-6736-d293-65926fef1708" executionId="2315e25b-642d-491c-9501-92286c40d8e0" testListId="8c84fa94-04c1-424b-9868-57a2d4851a1d" />
    <TestEntry testId="8026cd4f-21f0-8e0d-d122-e9e95ad0e7eb" executionId="ec83bdcc-378c-426d-8c54-dd9f12cb8486" testListId="8c84fa94-04c1-424b-9868-57a2d4851a1d" />
    <TestEntry testId="c16f4c4c-dfc1-3117-1bc1-c6d7f41483e3" executionId="1f24d5ad-3787-43cc-aede-b7e41b170c18" testListId="8c84fa94-04c1-424b-9868-57a2d4851a1d" />
    <TestEntry testId="08d7a87f-8aa5-c7a8-e5ee-faec78f8215e" executionId="fe296388-7b99-4c47-b902-792313f0beb9" testListId="8c84fa94-04c1-424b-9868-57a2d4851a1d" />
    <TestEntry testId="38e9f8c3-53cf-f8aa-5da9-4bbeff59b60a" executionId="944ec56c-72aa-4856-b6b0-f5278f106336" testListId="8c84fa94-04c1-424b-9868-57a2d4851a1d" />
    <TestEntry testId="0ba0fd0c-171a-c258-f69f-053407736c76" executionId="ee1b0d1f-32b0-4cb1-bcc6-1902dbe776a3" testListId="8c84fa94-04c1-424b-9868-57a2d4851a1d" />
    <TestEntry testId="4d024fb7-df5c-cc39-dcdb-1cec23d9118d" executionId="8fc0771a-6f74-4bab-90f7-61bc1ae49ab2" testListId="8c84fa94-04c1-424b-9868-57a2d4851a1d" />
    <TestEntry testId="f72370cc-3997-dc09-715a-e461a6953936" executionId="58c2daaf-1ffd-4110-88f2-4036cf37c51a" testListId="8c84fa94-04c1-424b-9868-57a2d4851a1d" />
    <TestEntry testId="070eab8d-bda3-e750-9670-5aae1a01453c" executionId="457fefec-38bf-495d-9841-91b89ed70790" testListId="8c84fa94-04c1-424b-9868-57a2d4851a1d" />
    <TestEntry testId="36d22c23-6c28-51fc-9cf2-17f2d002872d" executionId="b336e83f-2d3d-46c7-93c0-d5a66fc3bbf9" testListId="8c84fa94-04c1-424b-9868-57a2d4851a1d" />
    <TestEntry testId="ade7ea0c-667f-727a-f908-ccdad3c03d59" executionId="6b809c91-7553-4ca9-a2c4-cc4583291e9e" testListId="8c84fa94-04c1-424b-9868-57a2d4851a1d" />
    <TestEntry testId="b1181f86-3a9b-ad1f-603c-c9092a5d4333" executionId="8a1a4e9e-298e-4f7a-b606-605235b50529" testListId="8c84fa94-04c1-424b-9868-57a2d4851a1d" />
    <TestEntry testId="52a3e505-1b77-5090-ae95-0d3238b85de5" executionId="ab2c4cf3-dd41-4a0b-8853-0def9c246b31" testListId="8c84fa94-04c1-424b-9868-57a2d4851a1d" />
    <TestEntry testId="f1f4f1e4-2183-f807-e4ee-840e6d8d12aa" executionId="97cfb35f-01af-4726-8301-593f184eb8dc" testListId="8c84fa94-04c1-424b-9868-57a2d4851a1d" />
    <TestEntry testId="f1f92d68-7423-2cde-131d-e6213eb5b2a2" executionId="fd4086f9-a77d-4c16-891f-ff10633fab6b" testListId="8c84fa94-04c1-424b-9868-57a2d4851a1d" />
    <TestEntry testId="3d2df3b1-09f9-9a77-26c9-6c7b6d882f8b" executionId="7383744c-b84e-4438-9e4b-87c3aa7b2b0d" testListId="8c84fa94-04c1-424b-9868-57a2d4851a1d" />
    <TestEntry testId="04a4069d-67ab-f7c7-acbf-1c35cafb72d0" executionId="72d714ed-a001-4bff-9ce0-73b333a20c42" testListId="8c84fa94-04c1-424b-9868-57a2d4851a1d" />
    <TestEntry testId="091a0d65-863d-a7de-be02-6a319326aa9a" executionId="5de7dfe4-7666-4834-a406-052ce3834687" testListId="8c84fa94-04c1-424b-9868-57a2d4851a1d" />
    <TestEntry testId="e999adf5-3047-2cf0-7625-f22da6c525d5" executionId="035f8e1c-8396-4e6c-9e56-b3111795d891" testListId="8c84fa94-04c1-424b-9868-57a2d4851a1d" />
    <TestEntry testId="87e566d3-9ee5-2681-bcbd-db098d929b9a" executionId="e9b266cf-cd67-4d43-9a75-56e6afd0a5d9" testListId="8c84fa94-04c1-424b-9868-57a2d4851a1d" />
    <TestEntry testId="62f22fd2-37ec-2151-5b98-079fd6f29cc8" executionId="bc621d3a-a6b1-49a1-acbb-dc7c8dd9ce6c" testListId="8c84fa94-04c1-424b-9868-57a2d4851a1d" />
    <TestEntry testId="cc1b18ea-a8b8-be6b-ac87-901ec9f25322" executionId="51773295-d74c-4b94-86c5-89280ad58a23" testListId="8c84fa94-04c1-424b-9868-57a2d4851a1d" />
    <TestEntry testId="a26be0eb-b6e7-6a23-4548-f8d1cf512d07" executionId="2273ebee-7b72-44bc-8b58-f55cb409d1fb" testListId="8c84fa94-04c1-424b-9868-57a2d4851a1d" />
  </TestEntries>
  <TestLists>
    <TestList name="Les résultats ne figurent pas dans une liste" id="8c84fa94-04c1-424b-9868-57a2d4851a1d" />
    <TestList name="Tous les résultats chargés" id="19431567-8539-422a-85d7-44ee4e166bda" />
  </TestLists>
  <ResultSummary outcome="Failed">
    <Counters total="48" executed="48" passed="16" failed="32" error="0" timeout="0" aborted="0" inconclusive="0" passedButRunAborted="0" notRunnable="0" notExecuted="0" disconnected="0" warning="0" completed="0" inProgress="0" pending="0" />
    <Output>
      <StdOut>NUnit Adapter 5.0.0.0: Test execution started&#xD;
Running all tests in C:\Users\bryan\RiderProjects\AspTemplate\tests\WebApi.Tests\bin\Debug\net10.0\WebApi.Tests.dll&#xD;
   NUnit3TestExecutor discovered 48 of 48 NUnit test cases using Current Discovery mode, Non-Explicit run&#xD;
info: Microsoft.Hosting.Lifetime[0]&#xD;
      Application started. Press Ctrl+C to shut down.&#xD;
info: Microsoft.Hosting.Lifetime[0]&#xD;
      Hosting environment: Test&#xD;
info: Microsoft.Hosting.Lifetime[0]&#xD;
      Content root path: C:\Users\bryan\RiderProjects\AspTemplate\src\WebApi&#xD;
info: Microsoft.EntityFrameworkCore.Update[30100]&#xD;
      Saved 0 entities to in-memory store.&#xD;
info: Microsoft.EntityFrameworkCore.Update[30100]&#xD;
      Saved 2 entities to in-memory store.&#xD;
info: Microsoft.EntityFrameworkCore.Update[30100]&#xD;
      Saved 2 entities to in-memory store.&#xD;
info: Microsoft.EntityFrameworkCore.Update[30100]&#xD;
      Saved 4 entities to in-memory store.&#xD;
warn: Microsoft.AspNetCore.HttpsPolicy.HttpsRedirectionMiddleware[3]&#xD;
      Failed to determine the https port for redirect.&#xD;
info: Microsoft.Hosting.Lifetime[0]&#xD;
      Application is shutting down...&#xD;
&#xD;
info: Microsoft.Hosting.Lifetime[0]&#xD;
      Application started. Press Ctrl+C to shut down.&#xD;
info: Microsoft.Hosting.Lifetime[0]&#xD;
      Hosting environment: Test&#xD;
info: Microsoft.Hosting.Lifetime[0]&#xD;
      Content root path: C:\Users\bryan\RiderProjects\AspTemplate\src\WebApi&#xD;
info: Microsoft.EntityFrameworkCore.Update[30100]&#xD;
      Saved 0 entities to in-memory store.&#xD;
info: Microsoft.EntityFrameworkCore.Update[30100]&#xD;
      Saved 2 entities to in-memory store.&#xD;
info: Microsoft.EntityFrameworkCore.Update[30100]&#xD;
      Saved 2 entities to in-memory store.&#xD;
info: Microsoft.EntityFrameworkCore.Update[30100]&#xD;
      Saved 4 entities to in-memory store.&#xD;
warn: Microsoft.AspNetCore.HttpsPolicy.HttpsRedirectionMiddleware[3]&#xD;
      Failed to determine the https port for redirect.&#xD;
info: Microsoft.Hosting.Lifetime[0]&#xD;
      Application is shutting down...&#xD;
&#xD;
info: Microsoft.Hosting.Lifetime[0]&#xD;
      Application started. Press Ctrl+C to shut down.&#xD;
info: Microsoft.Hosting.Lifetime[0]&#xD;
      Hosting environment: Test&#xD;
info: Microsoft.Hosting.Lifetime[0]&#xD;
      Content root path: C:\Users\bryan\RiderProjects\AspTemplate\src\WebApi&#xD;
info: Microsoft.EntityFrameworkCore.Update[30100]&#xD;
      Saved 0 entities to in-memory store.&#xD;
info: Microsoft.EntityFrameworkCore.Update[30100]&#xD;
      Saved 2 entities to in-memory store.&#xD;
info: Microsoft.EntityFrameworkCore.Update[30100]&#xD;
      Saved 2 entities to in-memory store.&#xD;
info: Microsoft.EntityFrameworkCore.Update[30100]&#xD;
      Saved 4 entities to in-memory store.&#xD;
warn: Microsoft.AspNetCore.HttpsPolicy.HttpsRedirectionMiddleware[3]&#xD;
      Failed to determine the https port for redirect.&#xD;
info: Microsoft.Hosting.Lifetime[0]&#xD;
      Application is shutting down...&#xD;
&#xD;
info: Microsoft.Hosting.Lifetime[0]&#xD;
      Application started. Press Ctrl+C to shut down.&#xD;
info: Microsoft.Hosting.Lifetime[0]&#xD;
      Hosting environment: Test&#xD;
info: Microsoft.Hosting.Lifetime[0]&#xD;
      Content root path: C:\Users\bryan\RiderProjects\AspTemplate\src\WebApi&#xD;
info: Microsoft.EntityFrameworkCore.Update[30100]&#xD;
      Saved 0 entities to in-memory store.&#xD;
info: Microsoft.EntityFrameworkCore.Update[30100]&#xD;
      Saved 2 entities to in-memory store.&#xD;
info: Microsoft.EntityFrameworkCore.Update[30100]&#xD;
      Saved 2 entities to in-memory store.&#xD;
info: Microsoft.EntityFrameworkCore.Update[30100]&#xD;
      Saved 4 entities to in-memory store.&#xD;
warn: Microsoft.AspNetCore.HttpsPolicy.HttpsRedirectionMiddleware[3]&#xD;
      Failed to determine the https port for redirect.&#xD;
     Warning:&#xD;
     The component "Fluent Assertions" is governed by the rules defined in the Xceed License Agreement and&#xD;
     the Xceed Fluent Assertions Community License. You may use Fluent Assertions free of charge for&#xD;
     non-commercial use only. An active subscription is required to use Fluent Assertions for commercial use.&#xD;
&#xD;
     Please contact Xceed Sales mailto:sales@xceed.com to acquire a subscription at a very low cost.&#xD;
&#xD;
     A paid commercial license supports the development and continued increasing support of&#xD;
     Fluent Assertions users under both commercial and community licenses. Help us&#xD;
     keep Fluent Assertions at the forefront of unit testing.&#xD;
&#xD;
     For more information, visit https://xceed.com/products/unit-testing/fluent-assertions/&#xD;
info: Microsoft.Hosting.Lifetime[0]&#xD;
      Application is shutting down...&#xD;
&#xD;
info: Microsoft.Hosting.Lifetime[0]&#xD;
      Application started. Press Ctrl+C to shut down.&#xD;
info: Microsoft.Hosting.Lifetime[0]&#xD;
      Hosting environment: Test&#xD;
info: Microsoft.Hosting.Lifetime[0]&#xD;
      Content root path: C:\Users\bryan\RiderProjects\AspTemplate\src\WebApi&#xD;
info: Microsoft.EntityFrameworkCore.Update[30100]&#xD;
      Saved 0 entities to in-memory store.&#xD;
info: Microsoft.EntityFrameworkCore.Update[30100]&#xD;
      Saved 2 entities to in-memory store.&#xD;
info: Microsoft.EntityFrameworkCore.Update[30100]&#xD;
      Saved 2 entities to in-memory store.&#xD;
info: Microsoft.EntityFrameworkCore.Update[30100]&#xD;
      Saved 4 entities to in-memory store.&#xD;
warn: Microsoft.AspNetCore.HttpsPolicy.HttpsRedirectionMiddleware[3]&#xD;
      Failed to determine the https port for redirect.&#xD;
info: Microsoft.Hosting.Lifetime[0]&#xD;
      Application is shutting down...&#xD;
&#xD;
info: Microsoft.Hosting.Lifetime[0]&#xD;
      Application started. Press Ctrl+C to shut down.&#xD;
info: Microsoft.Hosting.Lifetime[0]&#xD;
      Hosting environment: Test&#xD;
info: Microsoft.Hosting.Lifetime[0]&#xD;
      Content root path: C:\Users\bryan\RiderProjects\AspTemplate\src\WebApi&#xD;
info: Microsoft.EntityFrameworkCore.Update[30100]&#xD;
      Saved 0 entities to in-memory store.&#xD;
info: Microsoft.EntityFrameworkCore.Update[30100]&#xD;
      Saved 2 entities to in-memory store.&#xD;
info: Microsoft.EntityFrameworkCore.Update[30100]&#xD;
      Saved 2 entities to in-memory store.&#xD;
info: Microsoft.EntityFrameworkCore.Update[30100]&#xD;
      Saved 4 entities to in-memory store.&#xD;
warn: Microsoft.AspNetCore.HttpsPolicy.HttpsRedirectionMiddleware[3]&#xD;
      Failed to determine the https port for redirect.&#xD;
info: Microsoft.Hosting.Lifetime[0]&#xD;
      Application is shutting down...&#xD;
&#xD;
info: Microsoft.Hosting.Lifetime[0]&#xD;
      Application started. Press Ctrl+C to shut down.&#xD;
info: Microsoft.Hosting.Lifetime[0]&#xD;
      Hosting environment: Test&#xD;
info: Microsoft.Hosting.Lifetime[0]&#xD;
      Content root path: C:\Users\bryan\RiderProjects\AspTemplate\src\WebApi&#xD;
info: Microsoft.EntityFrameworkCore.Update[30100]&#xD;
      Saved 0 entities to in-memory store.&#xD;
info: Microsoft.EntityFrameworkCore.Update[30100]&#xD;
      Saved 2 entities to in-memory store.&#xD;
info: Microsoft.EntityFrameworkCore.Update[30100]&#xD;
      Saved 2 entities to in-memory store.&#xD;
info: Microsoft.EntityFrameworkCore.Update[30100]&#xD;
      Saved 4 entities to in-memory store.&#xD;
warn: Microsoft.AspNetCore.HttpsPolicy.HttpsRedirectionMiddleware[3]&#xD;
      Failed to determine the https port for redirect.&#xD;
info: Microsoft.Hosting.Lifetime[0]&#xD;
      Application is shutting down...&#xD;
&#xD;
info: Microsoft.Hosting.Lifetime[0]&#xD;
      Application started. Press Ctrl+C to shut down.&#xD;
info: Microsoft.Hosting.Lifetime[0]&#xD;
      Hosting environment: Test&#xD;
info: Microsoft.Hosting.Lifetime[0]&#xD;
      Content root path: C:\Users\bryan\RiderProjects\AspTemplate\src\WebApi&#xD;
info: Microsoft.EntityFrameworkCore.Update[30100]&#xD;
      Saved 0 entities to in-memory store.&#xD;
info: Microsoft.EntityFrameworkCore.Update[30100]&#xD;
      Saved 2 entities to in-memory store.&#xD;
info: Microsoft.EntityFrameworkCore.Update[30100]&#xD;
      Saved 2 entities to in-memory store.&#xD;
info: Microsoft.EntityFrameworkCore.Update[30100]&#xD;
      Saved 4 entities to in-memory store.&#xD;
warn: Microsoft.AspNetCore.HttpsPolicy.HttpsRedirectionMiddleware[3]&#xD;
      Failed to determine the https port for redirect.&#xD;
info: Microsoft.EntityFrameworkCore.Update[30100]&#xD;
      Saved 1 entities to in-memory store.&#xD;
info: Microsoft.Hosting.Lifetime[0]&#xD;
      Application is shutting down...&#xD;
&#xD;
info: Microsoft.Hosting.Lifetime[0]&#xD;
      Application started. Press Ctrl+C to shut down.&#xD;
info: Microsoft.Hosting.Lifetime[0]&#xD;
      Hosting environment: Test&#xD;
info: Microsoft.Hosting.Lifetime[0]&#xD;
      Content root path: C:\Users\bryan\RiderProjects\AspTemplate\src\WebApi&#xD;
info: Microsoft.EntityFrameworkCore.Update[30100]&#xD;
      Saved 0 entities to in-memory store.&#xD;
info: Microsoft.EntityFrameworkCore.Update[30100]&#xD;
      Saved 2 entities to in-memory store.&#xD;
info: Microsoft.EntityFrameworkCore.Update[30100]&#xD;
      Saved 2 entities to in-memory store.&#xD;
info: Microsoft.EntityFrameworkCore.Update[30100]&#xD;
      Saved 4 entities to in-memory store.&#xD;
warn: Microsoft.AspNetCore.HttpsPolicy.HttpsRedirectionMiddleware[3]&#xD;
      Failed to determine the https port for redirect.&#xD;
info: Microsoft.EntityFrameworkCore.Update[30100]&#xD;
      Saved 1 entities to in-memory store.&#xD;
info: Microsoft.Hosting.Lifetime[0]&#xD;
      Application is shutting down...&#xD;
&#xD;
info: Microsoft.Hosting.Lifetime[0]&#xD;
      Application started. Press Ctrl+C to shut down.&#xD;
info: Microsoft.Hosting.Lifetime[0]&#xD;
      Hosting environment: Test&#xD;
info: Microsoft.Hosting.Lifetime[0]&#xD;
      Content root path: C:\Users\bryan\RiderProjects\AspTemplate\src\WebApi&#xD;
info: Microsoft.EntityFrameworkCore.Update[30100]&#xD;
      Saved 0 entities to in-memory store.&#xD;
info: Microsoft.EntityFrameworkCore.Update[30100]&#xD;
      Saved 2 entities to in-memory store.&#xD;
info: Microsoft.EntityFrameworkCore.Update[30100]&#xD;
      Saved 2 entities to in-memory store.&#xD;
info: Microsoft.EntityFrameworkCore.Update[30100]&#xD;
      Saved 4 entities to in-memory store.&#xD;
warn: Microsoft.AspNetCore.HttpsPolicy.HttpsRedirectionMiddleware[3]&#xD;
      Failed to determine the https port for redirect.&#xD;
info: Microsoft.EntityFrameworkCore.Update[30100]&#xD;
      Saved 1 entities to in-memory store.&#xD;
info: Microsoft.Hosting.Lifetime[0]&#xD;
      Application is shutting down...&#xD;
&#xD;
info: Microsoft.Hosting.Lifetime[0]&#xD;
      Application started. Press Ctrl+C to shut down.&#xD;
info: Microsoft.Hosting.Lifetime[0]&#xD;
      Hosting environment: Test&#xD;
info: Microsoft.Hosting.Lifetime[0]&#xD;
      Content root path: C:\Users\bryan\RiderProjects\AspTemplate\src\WebApi&#xD;
info: Microsoft.EntityFrameworkCore.Update[30100]&#xD;
      Saved 0 entities to in-memory store.&#xD;
info: Microsoft.EntityFrameworkCore.Update[30100]&#xD;
      Saved 2 entities to in-memory store.&#xD;
info: Microsoft.EntityFrameworkCore.Update[30100]&#xD;
      Saved 2 entities to in-memory store.&#xD;
info: Microsoft.EntityFrameworkCore.Update[30100]&#xD;
      Saved 4 entities to in-memory store.&#xD;
warn: Microsoft.AspNetCore.HttpsPolicy.HttpsRedirectionMiddleware[3]&#xD;
      Failed to determine the https port for redirect.&#xD;
info: Microsoft.EntityFrameworkCore.Update[30100]&#xD;
      Saved 1 entities to in-memory store.&#xD;
info: Microsoft.Hosting.Lifetime[0]&#xD;
      Application is shutting down...&#xD;
&#xD;
info: Microsoft.Hosting.Lifetime[0]&#xD;
      Application started. Press Ctrl+C to shut down.&#xD;
info: Microsoft.Hosting.Lifetime[0]&#xD;
      Hosting environment: Test&#xD;
info: Microsoft.Hosting.Lifetime[0]&#xD;
      Content root path: C:\Users\bryan\RiderProjects\AspTemplate\src\WebApi&#xD;
info: Microsoft.EntityFrameworkCore.Update[30100]&#xD;
      Saved 0 entities to in-memory store.&#xD;
info: Microsoft.EntityFrameworkCore.Update[30100]&#xD;
      Saved 2 entities to in-memory store.&#xD;
info: Microsoft.EntityFrameworkCore.Update[30100]&#xD;
      Saved 2 entities to in-memory store.&#xD;
info: Microsoft.EntityFrameworkCore.Update[30100]&#xD;
      Saved 4 entities to in-memory store.&#xD;
warn: Microsoft.AspNetCore.HttpsPolicy.HttpsRedirectionMiddleware[3]&#xD;
      Failed to determine the https port for redirect.&#xD;
info: Microsoft.EntityFrameworkCore.Update[30100]&#xD;
      Saved 1 entities to in-memory store.&#xD;
info: Microsoft.Hosting.Lifetime[0]&#xD;
      Application is shutting down...&#xD;
&#xD;
info: Microsoft.Hosting.Lifetime[0]&#xD;
      Application started. Press Ctrl+C to shut down.&#xD;
info: Microsoft.Hosting.Lifetime[0]&#xD;
      Hosting environment: Test&#xD;
info: Microsoft.Hosting.Lifetime[0]&#xD;
      Content root path: C:\Users\bryan\RiderProjects\AspTemplate\src\WebApi&#xD;
info: Microsoft.EntityFrameworkCore.Update[30100]&#xD;
      Saved 0 entities to in-memory store.&#xD;
info: Microsoft.EntityFrameworkCore.Update[30100]&#xD;
      Saved 2 entities to in-memory store.&#xD;
info: Microsoft.EntityFrameworkCore.Update[30100]&#xD;
      Saved 2 entities to in-memory store.&#xD;
info: Microsoft.EntityFrameworkCore.Update[30100]&#xD;
      Saved 4 entities to in-memory store.&#xD;
warn: Microsoft.AspNetCore.HttpsPolicy.HttpsRedirectionMiddleware[3]&#xD;
      Failed to determine the https port for redirect.&#xD;
info: Microsoft.EntityFrameworkCore.Update[30100]&#xD;
      Saved 1 entities to in-memory store.&#xD;
info: Microsoft.Hosting.Lifetime[0]&#xD;
      Application is shutting down...&#xD;
&#xD;
info: Microsoft.Hosting.Lifetime[0]&#xD;
      Application started. Press Ctrl+C to shut down.&#xD;
info: Microsoft.Hosting.Lifetime[0]&#xD;
      Hosting environment: Test&#xD;
info: Microsoft.Hosting.Lifetime[0]&#xD;
      Content root path: C:\Users\bryan\RiderProjects\AspTemplate\src\WebApi&#xD;
info: Microsoft.EntityFrameworkCore.Update[30100]&#xD;
      Saved 0 entities to in-memory store.&#xD;
info: Microsoft.EntityFrameworkCore.Update[30100]&#xD;
      Saved 2 entities to in-memory store.&#xD;
info: Microsoft.EntityFrameworkCore.Update[30100]&#xD;
      Saved 2 entities to in-memory store.&#xD;
info: Microsoft.EntityFrameworkCore.Update[30100]&#xD;
      Saved 4 entities to in-memory store.&#xD;
warn: Microsoft.AspNetCore.HttpsPolicy.HttpsRedirectionMiddleware[3]&#xD;
      Failed to determine the https port for redirect.&#xD;
info: Microsoft.EntityFrameworkCore.Update[30100]&#xD;
      Saved 1 entities to in-memory store.&#xD;
info: Microsoft.Hosting.Lifetime[0]&#xD;
      Application is shutting down...&#xD;
&#xD;
info: Microsoft.Hosting.Lifetime[0]&#xD;
      Application started. Press Ctrl+C to shut down.&#xD;
info: Microsoft.Hosting.Lifetime[0]&#xD;
      Hosting environment: Test&#xD;
info: Microsoft.Hosting.Lifetime[0]&#xD;
      Content root path: C:\Users\bryan\RiderProjects\AspTemplate\src\WebApi&#xD;
info: Microsoft.EntityFrameworkCore.Update[30100]&#xD;
      Saved 0 entities to in-memory store.&#xD;
info: Microsoft.EntityFrameworkCore.Update[30100]&#xD;
      Saved 2 entities to in-memory store.&#xD;
info: Microsoft.EntityFrameworkCore.Update[30100]&#xD;
      Saved 2 entities to in-memory store.&#xD;
info: Microsoft.EntityFrameworkCore.Update[30100]&#xD;
      Saved 4 entities to in-memory store.&#xD;
warn: Microsoft.AspNetCore.HttpsPolicy.HttpsRedirectionMiddleware[3]&#xD;
      Failed to determine the https port for redirect.&#xD;
info: Microsoft.EntityFrameworkCore.Update[30100]&#xD;
      Saved 1 entities to in-memory store.&#xD;
info: Microsoft.Hosting.Lifetime[0]&#xD;
      Application is shutting down...&#xD;
&#xD;
info: Microsoft.Hosting.Lifetime[0]&#xD;
      Application started. Press Ctrl+C to shut down.&#xD;
info: Microsoft.Hosting.Lifetime[0]&#xD;
      Hosting environment: Test&#xD;
info: Microsoft.Hosting.Lifetime[0]&#xD;
      Content root path: C:\Users\bryan\RiderProjects\AspTemplate\src\WebApi&#xD;
info: Microsoft.EntityFrameworkCore.Update[30100]&#xD;
      Saved 0 entities to in-memory store.&#xD;
info: Microsoft.EntityFrameworkCore.Update[30100]&#xD;
      Saved 2 entities to in-memory store.&#xD;
info: Microsoft.EntityFrameworkCore.Update[30100]&#xD;
      Saved 2 entities to in-memory store.&#xD;
info: Microsoft.EntityFrameworkCore.Update[30100]&#xD;
      Saved 4 entities to in-memory store.&#xD;
warn: Microsoft.AspNetCore.HttpsPolicy.HttpsRedirectionMiddleware[3]&#xD;
      Failed to determine the https port for redirect.&#xD;
info: Microsoft.EntityFrameworkCore.Update[30100]&#xD;
      Saved 1 entities to in-memory store.&#xD;
info: Microsoft.Hosting.Lifetime[0]&#xD;
      Application is shutting down...&#xD;
&#xD;
info: Microsoft.Hosting.Lifetime[0]&#xD;
      Application started. Press Ctrl+C to shut down.&#xD;
info: Microsoft.Hosting.Lifetime[0]&#xD;
      Hosting environment: Test&#xD;
info: Microsoft.Hosting.Lifetime[0]&#xD;
      Content root path: C:\Users\bryan\RiderProjects\AspTemplate\src\WebApi&#xD;
info: Microsoft.EntityFrameworkCore.Update[30100]&#xD;
      Saved 0 entities to in-memory store.&#xD;
info: Microsoft.EntityFrameworkCore.Update[30100]&#xD;
      Saved 2 entities to in-memory store.&#xD;
info: Microsoft.EntityFrameworkCore.Update[30100]&#xD;
      Saved 2 entities to in-memory store.&#xD;
info: Microsoft.EntityFrameworkCore.Update[30100]&#xD;
      Saved 4 entities to in-memory store.&#xD;
warn: Microsoft.AspNetCore.HttpsPolicy.HttpsRedirectionMiddleware[3]&#xD;
      Failed to determine the https port for redirect.&#xD;
info: Microsoft.Hosting.Lifetime[0]&#xD;
      Application is shutting down...&#xD;
&#xD;
info: Microsoft.Hosting.Lifetime[0]&#xD;
      Application started. Press Ctrl+C to shut down.&#xD;
info: Microsoft.Hosting.Lifetime[0]&#xD;
      Hosting environment: Test&#xD;
info: Microsoft.Hosting.Lifetime[0]&#xD;
      Content root path: C:\Users\bryan\RiderProjects\AspTemplate\src\WebApi&#xD;
info: Microsoft.EntityFrameworkCore.Update[30100]&#xD;
      Saved 0 entities to in-memory store.&#xD;
info: Microsoft.EntityFrameworkCore.Update[30100]&#xD;
      Saved 2 entities to in-memory store.&#xD;
info: Microsoft.EntityFrameworkCore.Update[30100]&#xD;
      Saved 2 entities to in-memory store.&#xD;
info: Microsoft.EntityFrameworkCore.Update[30100]&#xD;
      Saved 4 entities to in-memory store.&#xD;
fail: Microsoft.EntityFrameworkCore.Query[10100]&#xD;
      An exception occurred while iterating over the results of a query for context type 'WebApi.Data.AppDbContext'.&#xD;
      System.InvalidOperationException: Sequence contains no elements&#xD;
         at System.Linq.ThrowHelper.ThrowNoElementsException()&#xD;
         at lambda_method518(Closure)&#xD;
         at Microsoft.EntityFrameworkCore.InMemory.Query.Internal.InMemoryQueryExpression.ResultEnumerable.GetEnumerator()&#xD;
         at Microsoft.EntityFrameworkCore.InMemory.Query.Internal.InMemoryShapedQueryCompilingExpressionVisitor.QueryingEnumerable`1.Enumerator.MoveNextHelper()&#xD;
         at Microsoft.EntityFrameworkCore.InMemory.Query.Internal.InMemoryShapedQueryCompilingExpressionVisitor.QueryingEnumerable`1.Enumerator.MoveNext()&#xD;
      System.InvalidOperationException: Sequence contains no elements&#xD;
         at System.Linq.ThrowHelper.ThrowNoElementsException()&#xD;
         at lambda_method518(Closure)&#xD;
         at Microsoft.EntityFrameworkCore.InMemory.Query.Internal.InMemoryQueryExpression.ResultEnumerable.GetEnumerator()&#xD;
         at Microsoft.EntityFrameworkCore.InMemory.Query.Internal.InMemoryShapedQueryCompilingExpressionVisitor.QueryingEnumerable`1.Enumerator.MoveNextHelper()&#xD;
         at Microsoft.EntityFrameworkCore.InMemory.Query.Internal.InMemoryShapedQueryCompilingExpressionVisitor.QueryingEnumerable`1.Enumerator.MoveNext()&#xD;
info: Microsoft.Hosting.Lifetime[0]&#xD;
      Application is shutting down...&#xD;
&#xD;
info: Microsoft.Hosting.Lifetime[0]&#xD;
      Application started. Press Ctrl+C to shut down.&#xD;
info: Microsoft.Hosting.Lifetime[0]&#xD;
      Hosting environment: Test&#xD;
info: Microsoft.Hosting.Lifetime[0]&#xD;
      Content root path: C:\Users\bryan\RiderProjects\AspTemplate\src\WebApi&#xD;
info: Microsoft.EntityFrameworkCore.Update[30100]&#xD;
      Saved 0 entities to in-memory store.&#xD;
info: Microsoft.EntityFrameworkCore.Update[30100]&#xD;
      Saved 2 entities to in-memory store.&#xD;
info: Microsoft.EntityFrameworkCore.Update[30100]&#xD;
      Saved 2 entities to in-memory store.&#xD;
info: Microsoft.EntityFrameworkCore.Update[30100]&#xD;
      Saved 4 entities to in-memory store.&#xD;
warn: Microsoft.AspNetCore.HttpsPolicy.HttpsRedirectionMiddleware[3]&#xD;
      Failed to determine the https port for redirect.&#xD;
info: Microsoft.EntityFrameworkCore.Update[30100]&#xD;
      Saved 1 entities to in-memory store.&#xD;
info: Microsoft.Hosting.Lifetime[0]&#xD;
      Application is shutting down...&#xD;
&#xD;
info: Microsoft.Hosting.Lifetime[0]&#xD;
      Application started. Press Ctrl+C to shut down.&#xD;
info: Microsoft.Hosting.Lifetime[0]&#xD;
      Hosting environment: Test&#xD;
info: Microsoft.Hosting.Lifetime[0]&#xD;
      Content root path: C:\Users\bryan\RiderProjects\AspTemplate\src\WebApi&#xD;
info: Microsoft.EntityFrameworkCore.Update[30100]&#xD;
      Saved 0 entities to in-memory store.&#xD;
info: Microsoft.EntityFrameworkCore.Update[30100]&#xD;
      Saved 2 entities to in-memory store.&#xD;
info: Microsoft.EntityFrameworkCore.Update[30100]&#xD;
      Saved 2 entities to in-memory store.&#xD;
info: Microsoft.EntityFrameworkCore.Update[30100]&#xD;
      Saved 4 entities to in-memory store.&#xD;
warn: Microsoft.AspNetCore.HttpsPolicy.HttpsRedirectionMiddleware[3]&#xD;
      Failed to determine the https port for redirect.&#xD;
info: Microsoft.Hosting.Lifetime[0]&#xD;
      Application is shutting down...&#xD;
&#xD;
info: Microsoft.Hosting.Lifetime[0]&#xD;
      Application started. Press Ctrl+C to shut down.&#xD;
info: Microsoft.Hosting.Lifetime[0]&#xD;
      Hosting environment: Test&#xD;
info: Microsoft.Hosting.Lifetime[0]&#xD;
      Content root path: C:\Users\bryan\RiderProjects\AspTemplate\src\WebApi&#xD;
info: Microsoft.EntityFrameworkCore.Update[30100]&#xD;
      Saved 0 entities to in-memory store.&#xD;
info: Microsoft.EntityFrameworkCore.Update[30100]&#xD;
      Saved 2 entities to in-memory store.&#xD;
info: Microsoft.EntityFrameworkCore.Update[30100]&#xD;
      Saved 2 entities to in-memory store.&#xD;
info: Microsoft.EntityFrameworkCore.Update[30100]&#xD;
      Saved 4 entities to in-memory store.&#xD;
fail: Microsoft.EntityFrameworkCore.Query[10100]&#xD;
      An exception occurred while iterating over the results of a query for context type 'WebApi.Data.AppDbContext'.&#xD;
      System.InvalidOperationException: Sequence contains no elements&#xD;
         at System.Linq.ThrowHelper.ThrowNoElementsException()&#xD;
         at lambda_method518(Closure)&#xD;
         at Microsoft.EntityFrameworkCore.InMemory.Query.Internal.InMemoryQueryExpression.ResultEnumerable.GetEnumerator()&#xD;
         at Microsoft.EntityFrameworkCore.InMemory.Query.Internal.InMemoryShapedQueryCompilingExpressionVisitor.QueryingEnumerable`1.Enumerator.MoveNext()&#xD;
      System.InvalidOperationException: Sequence contains no elements&#xD;
         at System.Linq.ThrowHelper.ThrowNoElementsException()&#xD;
         at lambda_method518(Closure)&#xD;
         at Microsoft.EntityFrameworkCore.InMemory.Query.Internal.InMemoryQueryExpression.ResultEnumerable.GetEnumerator()&#xD;
         at Microsoft.EntityFrameworkCore.InMemory.Query.Internal.InMemoryShapedQueryCompilingExpressionVisitor.QueryingEnumerable`1.Enumerator.MoveNext()&#xD;
info: Microsoft.Hosting.Lifetime[0]&#xD;
      Application is shutting down...&#xD;
&#xD;
info: Microsoft.Hosting.Lifetime[0]&#xD;
      Application started. Press Ctrl+C to shut down.&#xD;
info: Microsoft.Hosting.Lifetime[0]&#xD;
      Hosting environment: Test&#xD;
info: Microsoft.Hosting.Lifetime[0]&#xD;
      Content root path: C:\Users\bryan\RiderProjects\AspTemplate\src\WebApi&#xD;
info: Microsoft.EntityFrameworkCore.Update[30100]&#xD;
      Saved 0 entities to in-memory store.&#xD;
info: Microsoft.EntityFrameworkCore.Update[30100]&#xD;
      Saved 2 entities to in-memory store.&#xD;
info: Microsoft.EntityFrameworkCore.Update[30100]&#xD;
      Saved 2 entities to in-memory store.&#xD;
info: Microsoft.EntityFrameworkCore.Update[30100]&#xD;
      Saved 4 entities to in-memory store.&#xD;
warn: Microsoft.AspNetCore.HttpsPolicy.HttpsRedirectionMiddleware[3]&#xD;
      Failed to determine the https port for redirect.&#xD;
info: Microsoft.Hosting.Lifetime[0]&#xD;
      Application is shutting down...&#xD;
&#xD;
info: Microsoft.Hosting.Lifetime[0]&#xD;
      Application started. Press Ctrl+C to shut down.&#xD;
info: Microsoft.Hosting.Lifetime[0]&#xD;
      Hosting environment: Test&#xD;
info: Microsoft.Hosting.Lifetime[0]&#xD;
      Content root path: C:\Users\bryan\RiderProjects\AspTemplate\src\WebApi&#xD;
info: Microsoft.EntityFrameworkCore.Update[30100]&#xD;
      Saved 0 entities to in-memory store.&#xD;
info: Microsoft.EntityFrameworkCore.Update[30100]&#xD;
      Saved 2 entities to in-memory store.&#xD;
info: Microsoft.EntityFrameworkCore.Update[30100]&#xD;
      Saved 2 entities to in-memory store.&#xD;
info: Microsoft.EntityFrameworkCore.Update[30100]&#xD;
      Saved 4 entities to in-memory store.&#xD;
fail: Microsoft.EntityFrameworkCore.Query[10100]&#xD;
      An exception occurred while iterating over the results of a query for context type 'WebApi.Data.AppDbContext'.&#xD;
      System.InvalidOperationException: Sequence contains no elements&#xD;
         at System.Linq.ThrowHelper.ThrowNoElementsException()&#xD;
         at lambda_method591(Closure)&#xD;
         at Microsoft.EntityFrameworkCore.InMemory.Query.Internal.InMemoryQueryExpression.ResultEnumerable.GetEnumerator()&#xD;
         at Microsoft.EntityFrameworkCore.InMemory.Query.Internal.InMemoryShapedQueryCompilingExpressionVisitor.QueryingEnumerable`1.Enumerator.MoveNext()&#xD;
      System.InvalidOperationException: Sequence contains no elements&#xD;
         at System.Linq.ThrowHelper.ThrowNoElementsException()&#xD;
         at lambda_method591(Closure)&#xD;
         at Microsoft.EntityFrameworkCore.InMemory.Query.Internal.InMemoryQueryExpression.ResultEnumerable.GetEnumerator()&#xD;
         at Microsoft.EntityFrameworkCore.InMemory.Query.Internal.InMemoryShapedQueryCompilingExpressionVisitor.QueryingEnumerable`1.Enumerator.MoveNext()&#xD;
info: Microsoft.Hosting.Lifetime[0]&#xD;
      Application is shutting down...&#xD;
&#xD;
info: Microsoft.Hosting.Lifetime[0]&#xD;
      Application started. Press Ctrl+C to shut down.&#xD;
info: Microsoft.Hosting.Lifetime[0]&#xD;
      Hosting environment: Test&#xD;
info: Microsoft.Hosting.Lifetime[0]&#xD;
      Content root path: C:\Users\bryan\RiderProjects\AspTemplate\src\WebApi&#xD;
info: Microsoft.EntityFrameworkCore.Update[30100]&#xD;
      Saved 0 entities to in-memory store.&#xD;
info: Microsoft.EntityFrameworkCore.Update[30100]&#xD;
      Saved 2 entities to in-memory store.&#xD;
info: Microsoft.EntityFrameworkCore.Update[30100]&#xD;
      Saved 2 entities to in-memory store.&#xD;
info: Microsoft.EntityFrameworkCore.Update[30100]&#xD;
      Saved 4 entities to in-memory store.&#xD;
warn: Microsoft.AspNetCore.HttpsPolicy.HttpsRedirectionMiddleware[3]&#xD;
      Failed to determine the https port for redirect.&#xD;
info: Microsoft.EntityFrameworkCore.Update[30100]&#xD;
      Saved 1 entities to in-memory store.&#xD;
info: Microsoft.Hosting.Lifetime[0]&#xD;
      Application is shutting down...&#xD;
&#xD;
info: Microsoft.Hosting.Lifetime[0]&#xD;
      Application started. Press Ctrl+C to shut down.&#xD;
info: Microsoft.Hosting.Lifetime[0]&#xD;
      Hosting environment: Test&#xD;
info: Microsoft.Hosting.Lifetime[0]&#xD;
      Content root path: C:\Users\bryan\RiderProjects\AspTemplate\src\WebApi&#xD;
info: Microsoft.EntityFrameworkCore.Update[30100]&#xD;
      Saved 0 entities to in-memory store.&#xD;
info: Microsoft.EntityFrameworkCore.Update[30100]&#xD;
      Saved 2 entities to in-memory store.&#xD;
info: Microsoft.EntityFrameworkCore.Update[30100]&#xD;
      Saved 2 entities to in-memory store.&#xD;
info: Microsoft.EntityFrameworkCore.Update[30100]&#xD;
      Saved 4 entities to in-memory store.&#xD;
warn: Microsoft.AspNetCore.HttpsPolicy.HttpsRedirectionMiddleware[3]&#xD;
      Failed to determine the https port for redirect.&#xD;
info: Microsoft.EntityFrameworkCore.Update[30100]&#xD;
      Saved 1 entities to in-memory store.&#xD;
info: Microsoft.EntityFrameworkCore.Update[30100]&#xD;
      Saved 1 entities to in-memory store.&#xD;
info: Microsoft.Hosting.Lifetime[0]&#xD;
      Application is shutting down...&#xD;
&#xD;
info: Microsoft.Hosting.Lifetime[0]&#xD;
      Application started. Press Ctrl+C to shut down.&#xD;
info: Microsoft.Hosting.Lifetime[0]&#xD;
      Hosting environment: Test&#xD;
info: Microsoft.Hosting.Lifetime[0]&#xD;
      Content root path: C:\Users\bryan\RiderProjects\AspTemplate\src\WebApi&#xD;
info: Microsoft.EntityFrameworkCore.Update[30100]&#xD;
      Saved 0 entities to in-memory store.&#xD;
info: Microsoft.EntityFrameworkCore.Update[30100]&#xD;
      Saved 2 entities to in-memory store.&#xD;
info: Microsoft.EntityFrameworkCore.Update[30100]&#xD;
      Saved 2 entities to in-memory store.&#xD;
info: Microsoft.EntityFrameworkCore.Update[30100]&#xD;
      Saved 4 entities to in-memory store.&#xD;
warn: Microsoft.AspNetCore.HttpsPolicy.HttpsRedirectionMiddleware[3]&#xD;
      Failed to determine the https port for redirect.&#xD;
info: Microsoft.Hosting.Lifetime[0]&#xD;
      Application is shutting down...&#xD;
&#xD;
info: Microsoft.Hosting.Lifetime[0]&#xD;
      Application started. Press Ctrl+C to shut down.&#xD;
info: Microsoft.Hosting.Lifetime[0]&#xD;
      Hosting environment: Test&#xD;
info: Microsoft.Hosting.Lifetime[0]&#xD;
      Content root path: C:\Users\bryan\RiderProjects\AspTemplate\src\WebApi&#xD;
info: Microsoft.EntityFrameworkCore.Update[30100]&#xD;
      Saved 0 entities to in-memory store.&#xD;
info: Microsoft.EntityFrameworkCore.Update[30100]&#xD;
      Saved 2 entities to in-memory store.&#xD;
info: Microsoft.EntityFrameworkCore.Update[30100]&#xD;
      Saved 2 entities to in-memory store.&#xD;
info: Microsoft.EntityFrameworkCore.Update[30100]&#xD;
      Saved 4 entities to in-memory store.&#xD;
fail: Microsoft.EntityFrameworkCore.Query[10100]&#xD;
      An exception occurred while iterating over the results of a query for context type 'WebApi.Data.AppDbContext'.&#xD;
      System.InvalidOperationException: Sequence contains no elements&#xD;
         at System.Linq.ThrowHelper.ThrowNoElementsException()&#xD;
         at lambda_method518(Closure)&#xD;
         at Microsoft.EntityFrameworkCore.InMemory.Query.Internal.InMemoryQueryExpression.ResultEnumerable.GetEnumerator()&#xD;
         at Microsoft.EntityFrameworkCore.InMemory.Query.Internal.InMemoryShapedQueryCompilingExpressionVisitor.QueryingEnumerable`1.Enumerator.MoveNext()&#xD;
      System.InvalidOperationException: Sequence contains no elements&#xD;
         at System.Linq.ThrowHelper.ThrowNoElementsException()&#xD;
         at lambda_method518(Closure)&#xD;
         at Microsoft.EntityFrameworkCore.InMemory.Query.Internal.InMemoryQueryExpression.ResultEnumerable.GetEnumerator()&#xD;
         at Microsoft.EntityFrameworkCore.InMemory.Query.Internal.InMemoryShapedQueryCompilingExpressionVisitor.QueryingEnumerable`1.Enumerator.MoveNext()&#xD;
info: Microsoft.Hosting.Lifetime[0]&#xD;
      Application is shutting down...&#xD;
&#xD;
info: Microsoft.Hosting.Lifetime[0]&#xD;
      Application started. Press Ctrl+C to shut down.&#xD;
info: Microsoft.Hosting.Lifetime[0]&#xD;
      Hosting environment: Test&#xD;
info: Microsoft.Hosting.Lifetime[0]&#xD;
      Content root path: C:\Users\bryan\RiderProjects\AspTemplate\src\WebApi&#xD;
info: Microsoft.EntityFrameworkCore.Update[30100]&#xD;
      Saved 0 entities to in-memory store.&#xD;
info: Microsoft.EntityFrameworkCore.Update[30100]&#xD;
      Saved 2 entities to in-memory store.&#xD;
info: Microsoft.EntityFrameworkCore.Update[30100]&#xD;
      Saved 2 entities to in-memory store.&#xD;
info: Microsoft.EntityFrameworkCore.Update[30100]&#xD;
      Saved 4 entities to in-memory store.&#xD;
info: Microsoft.Hosting.Lifetime[0]&#xD;
      Application is shutting down...&#xD;
&#xD;
info: Microsoft.Hosting.Lifetime[0]&#xD;
      Application started. Press Ctrl+C to shut down.&#xD;
info: Microsoft.Hosting.Lifetime[0]&#xD;
      Hosting environment: Test&#xD;
info: Microsoft.Hosting.Lifetime[0]&#xD;
      Content root path: C:\Users\bryan\RiderProjects\AspTemplate\src\WebApi&#xD;
info: Microsoft.EntityFrameworkCore.Update[30100]&#xD;
      Saved 0 entities to in-memory store.&#xD;
info: Microsoft.EntityFrameworkCore.Update[30100]&#xD;
      Saved 2 entities to in-memory store.&#xD;
info: Microsoft.EntityFrameworkCore.Update[30100]&#xD;
      Saved 2 entities to in-memory store.&#xD;
info: Microsoft.EntityFrameworkCore.Update[30100]&#xD;
      Saved 4 entities to in-memory store.&#xD;
fail: Microsoft.EntityFrameworkCore.Query[10100]&#xD;
      An exception occurred while iterating over the results of a query for context type 'WebApi.Data.AppDbContext'.&#xD;
      System.InvalidOperationException: Sequence contains no elements&#xD;
         at System.Linq.ThrowHelper.ThrowNoElementsException()&#xD;
         at lambda_method591(Closure)&#xD;
         at Microsoft.EntityFrameworkCore.InMemory.Query.Internal.InMemoryQueryExpression.ResultEnumerable.GetEnumerator()&#xD;
         at Microsoft.EntityFrameworkCore.InMemory.Query.Internal.InMemoryShapedQueryCompilingExpressionVisitor.QueryingEnumerable`1.Enumerator.MoveNext()&#xD;
      System.InvalidOperationException: Sequence contains no elements&#xD;
         at System.Linq.ThrowHelper.ThrowNoElementsException()&#xD;
         at lambda_method591(Closure)&#xD;
         at Microsoft.EntityFrameworkCore.InMemory.Query.Internal.InMemoryQueryExpression.ResultEnumerable.GetEnumerator()&#xD;
         at Microsoft.EntityFrameworkCore.InMemory.Query.Internal.InMemoryShapedQueryCompilingExpressionVisitor.QueryingEnumerable`1.Enumerator.MoveNext()&#xD;
info: Microsoft.Hosting.Lifetime[0]&#xD;
      Application is shutting down...&#xD;
&#xD;
info: Microsoft.Hosting.Lifetime[0]&#xD;
      Application started. Press Ctrl+C to shut down.&#xD;
info: Microsoft.Hosting.Lifetime[0]&#xD;
      Hosting environment: Test&#xD;
info: Microsoft.Hosting.Lifetime[0]&#xD;
      Content root path: C:\Users\bryan\RiderProjects\AspTemplate\src\WebApi&#xD;
info: Microsoft.EntityFrameworkCore.Update[30100]&#xD;
      Saved 0 entities to in-memory store.&#xD;
info: Microsoft.EntityFrameworkCore.Update[30100]&#xD;
      Saved 2 entities to in-memory store.&#xD;
info: Microsoft.EntityFrameworkCore.Update[30100]&#xD;
      Saved 2 entities to in-memory store.&#xD;
info: Microsoft.EntityFrameworkCore.Update[30100]&#xD;
      Saved 4 entities to in-memory store.&#xD;
warn: Microsoft.AspNetCore.HttpsPolicy.HttpsRedirectionMiddleware[3]&#xD;
      Failed to determine the https port for redirect.&#xD;
info: Microsoft.EntityFrameworkCore.Update[30100]&#xD;
      Saved 1 entities to in-memory store.&#xD;
info: Microsoft.Hosting.Lifetime[0]&#xD;
      Application is shutting down...&#xD;
&#xD;
info: Microsoft.Hosting.Lifetime[0]&#xD;
      Application started. Press Ctrl+C to shut down.&#xD;
info: Microsoft.Hosting.Lifetime[0]&#xD;
      Hosting environment: Test&#xD;
info: Microsoft.Hosting.Lifetime[0]&#xD;
      Content root path: C:\Users\bryan\RiderProjects\AspTemplate\src\WebApi&#xD;
info: Microsoft.EntityFrameworkCore.Update[30100]&#xD;
      Saved 0 entities to in-memory store.&#xD;
info: Microsoft.EntityFrameworkCore.Update[30100]&#xD;
      Saved 2 entities to in-memory store.&#xD;
info: Microsoft.EntityFrameworkCore.Update[30100]&#xD;
      Saved 2 entities to in-memory store.&#xD;
info: Microsoft.EntityFrameworkCore.Update[30100]&#xD;
      Saved 4 entities to in-memory store.&#xD;
warn: Microsoft.AspNetCore.HttpsPolicy.HttpsRedirectionMiddleware[3]&#xD;
      Failed to determine the https port for redirect.&#xD;
info: Microsoft.EntityFrameworkCore.Update[30100]&#xD;
      Saved 1 entities to in-memory store.&#xD;
info: Microsoft.Hosting.Lifetime[0]&#xD;
      Application is shutting down...&#xD;
&#xD;
info: Microsoft.Hosting.Lifetime[0]&#xD;
      Application started. Press Ctrl+C to shut down.&#xD;
info: Microsoft.Hosting.Lifetime[0]&#xD;
      Hosting environment: Test&#xD;
info: Microsoft.Hosting.Lifetime[0]&#xD;
      Content root path: C:\Users\bryan\RiderProjects\AspTemplate\src\WebApi&#xD;
info: Microsoft.EntityFrameworkCore.Update[30100]&#xD;
      Saved 0 entities to in-memory store.&#xD;
info: Microsoft.EntityFrameworkCore.Update[30100]&#xD;
      Saved 2 entities to in-memory store.&#xD;
info: Microsoft.EntityFrameworkCore.Update[30100]&#xD;
      Saved 2 entities to in-memory store.&#xD;
info: Microsoft.EntityFrameworkCore.Update[30100]&#xD;
      Saved 4 entities to in-memory store.&#xD;
warn: Microsoft.AspNetCore.HttpsPolicy.HttpsRedirectionMiddleware[3]&#xD;
      Failed to determine the https port for redirect.&#xD;
info: Microsoft.EntityFrameworkCore.Update[30100]&#xD;
      Saved 1 entities to in-memory store.&#xD;
info: Microsoft.Hosting.Lifetime[0]&#xD;
      Application is shutting down...&#xD;
&#xD;
info: Microsoft.Hosting.Lifetime[0]&#xD;
      Application started. Press Ctrl+C to shut down.&#xD;
info: Microsoft.Hosting.Lifetime[0]&#xD;
      Hosting environment: Test&#xD;
info: Microsoft.Hosting.Lifetime[0]&#xD;
      Content root path: C:\Users\bryan\RiderProjects\AspTemplate\src\WebApi&#xD;
info: Microsoft.EntityFrameworkCore.Update[30100]&#xD;
      Saved 0 entities to in-memory store.&#xD;
info: Microsoft.EntityFrameworkCore.Update[30100]&#xD;
      Saved 2 entities to in-memory store.&#xD;
info: Microsoft.EntityFrameworkCore.Update[30100]&#xD;
      Saved 2 entities to in-memory store.&#xD;
info: Microsoft.EntityFrameworkCore.Update[30100]&#xD;
      Saved 4 entities to in-memory store.&#xD;
warn: Microsoft.AspNetCore.HttpsPolicy.HttpsRedirectionMiddleware[3]&#xD;
      Failed to determine the https port for redirect.&#xD;
info: Microsoft.Hosting.Lifetime[0]&#xD;
      Application is shutting down...&#xD;
&#xD;
info: Microsoft.Hosting.Lifetime[0]&#xD;
      Application started. Press Ctrl+C to shut down.&#xD;
info: Microsoft.Hosting.Lifetime[0]&#xD;
      Hosting environment: Test&#xD;
info: Microsoft.Hosting.Lifetime[0]&#xD;
      Content root path: C:\Users\bryan\RiderProjects\AspTemplate\src\WebApi&#xD;
info: Microsoft.EntityFrameworkCore.Update[30100]&#xD;
      Saved 0 entities to in-memory store.&#xD;
info: Microsoft.EntityFrameworkCore.Update[30100]&#xD;
      Saved 2 entities to in-memory store.&#xD;
info: Microsoft.EntityFrameworkCore.Update[30100]&#xD;
      Saved 2 entities to in-memory store.&#xD;
info: Microsoft.EntityFrameworkCore.Update[30100]&#xD;
      Saved 4 entities to in-memory store.&#xD;
fail: Microsoft.EntityFrameworkCore.Query[10100]&#xD;
      An exception occurred while iterating over the results of a query for context type 'WebApi.Data.AppDbContext'.&#xD;
      System.InvalidOperationException: Sequence contains no elements&#xD;
         at System.Linq.ThrowHelper.ThrowNoElementsException()&#xD;
         at lambda_method725(Closure)&#xD;
         at Microsoft.EntityFrameworkCore.InMemory.Query.Internal.InMemoryQueryExpression.ResultEnumerable.GetEnumerator()&#xD;
         at Microsoft.EntityFrameworkCore.InMemory.Query.Internal.InMemoryShapedQueryCompilingExpressionVisitor.QueryingEnumerable`1.Enumerator.MoveNext()&#xD;
      System.InvalidOperationException: Sequence contains no elements&#xD;
         at System.Linq.ThrowHelper.ThrowNoElementsException()&#xD;
         at lambda_method725(Closure)&#xD;
         at Microsoft.EntityFrameworkCore.InMemory.Query.Internal.InMemoryQueryExpression.ResultEnumerable.GetEnumerator()&#xD;
         at Microsoft.EntityFrameworkCore.InMemory.Query.Internal.InMemoryShapedQueryCompilingExpressionVisitor.QueryingEnumerable`1.Enumerator.MoveNext()&#xD;
info: Microsoft.Hosting.Lifetime[0]&#xD;
      Application is shutting down...&#xD;
&#xD;
info: Microsoft.Hosting.Lifetime[0]&#xD;
      Application started. Press Ctrl+C to shut down.&#xD;
info: Microsoft.Hosting.Lifetime[0]&#xD;
      Hosting environment: Test&#xD;
info: Microsoft.Hosting.Lifetime[0]&#xD;
      Content root path: C:\Users\bryan\RiderProjects\AspTemplate\src\WebApi&#xD;
info: Microsoft.EntityFrameworkCore.Update[30100]&#xD;
      Saved 0 entities to in-memory store.&#xD;
info: Microsoft.EntityFrameworkCore.Update[30100]&#xD;
      Saved 2 entities to in-memory store.&#xD;
info: Microsoft.EntityFrameworkCore.Update[30100]&#xD;
      Saved 2 entities to in-memory store.&#xD;
info: Microsoft.EntityFrameworkCore.Update[30100]&#xD;
      Saved 4 entities to in-memory store.&#xD;
warn: Microsoft.AspNetCore.HttpsPolicy.HttpsRedirectionMiddleware[3]&#xD;
      Failed to determine the https port for redirect.&#xD;
info: Microsoft.EntityFrameworkCore.Update[30100]&#xD;
      Saved 1 entities to in-memory store.&#xD;
info: Microsoft.Hosting.Lifetime[0]&#xD;
      Application is shutting down...&#xD;
&#xD;
info: Microsoft.Hosting.Lifetime[0]&#xD;
      Application started. Press Ctrl+C to shut down.&#xD;
info: Microsoft.Hosting.Lifetime[0]&#xD;
      Hosting environment: Test&#xD;
info: Microsoft.Hosting.Lifetime[0]&#xD;
      Content root path: C:\Users\bryan\RiderProjects\AspTemplate\src\WebApi&#xD;
info: Microsoft.EntityFrameworkCore.Update[30100]&#xD;
      Saved 0 entities to in-memory store.&#xD;
info: Microsoft.EntityFrameworkCore.Update[30100]&#xD;
      Saved 2 entities to in-memory store.&#xD;
info: Microsoft.EntityFrameworkCore.Update[30100]&#xD;
      Saved 2 entities to in-memory store.&#xD;
info: Microsoft.EntityFrameworkCore.Update[30100]&#xD;
      Saved 4 entities to in-memory store.&#xD;
warn: Microsoft.AspNetCore.HttpsPolicy.HttpsRedirectionMiddleware[3]&#xD;
      Failed to determine the https port for redirect.&#xD;
info: Microsoft.Hosting.Lifetime[0]&#xD;
      Application is shutting down...&#xD;
&#xD;
info: Microsoft.Hosting.Lifetime[0]&#xD;
      Application started. Press Ctrl+C to shut down.&#xD;
info: Microsoft.Hosting.Lifetime[0]&#xD;
      Hosting environment: Test&#xD;
info: Microsoft.Hosting.Lifetime[0]&#xD;
      Content root path: C:\Users\bryan\RiderProjects\AspTemplate\src\WebApi&#xD;
info: Microsoft.EntityFrameworkCore.Update[30100]&#xD;
      Saved 0 entities to in-memory store.&#xD;
info: Microsoft.EntityFrameworkCore.Update[30100]&#xD;
      Saved 2 entities to in-memory store.&#xD;
info: Microsoft.EntityFrameworkCore.Update[30100]&#xD;
      Saved 2 entities to in-memory store.&#xD;
info: Microsoft.EntityFrameworkCore.Update[30100]&#xD;
      Saved 4 entities to in-memory store.&#xD;
warn: Microsoft.AspNetCore.HttpsPolicy.HttpsRedirectionMiddleware[3]&#xD;
      Failed to determine the https port for redirect.&#xD;
info: Microsoft.Hosting.Lifetime[0]&#xD;
      Application is shutting down...&#xD;
&#xD;
info: Microsoft.Hosting.Lifetime[0]&#xD;
      Application started. Press Ctrl+C to shut down.&#xD;
info: Microsoft.Hosting.Lifetime[0]&#xD;
      Hosting environment: Test&#xD;
info: Microsoft.Hosting.Lifetime[0]&#xD;
      Content root path: C:\Users\bryan\RiderProjects\AspTemplate\src\WebApi&#xD;
info: Microsoft.EntityFrameworkCore.Update[30100]&#xD;
      Saved 0 entities to in-memory store.&#xD;
info: Microsoft.EntityFrameworkCore.Update[30100]&#xD;
      Saved 2 entities to in-memory store.&#xD;
info: Microsoft.EntityFrameworkCore.Update[30100]&#xD;
      Saved 2 entities to in-memory store.&#xD;
info: Microsoft.EntityFrameworkCore.Update[30100]&#xD;
      Saved 4 entities to in-memory store.&#xD;
warn: Microsoft.AspNetCore.HttpsPolicy.HttpsRedirectionMiddleware[3]&#xD;
      Failed to determine the https port for redirect.&#xD;
info: Microsoft.Hosting.Lifetime[0]&#xD;
      Application is shutting down...&#xD;
&#xD;
info: Microsoft.Hosting.Lifetime[0]&#xD;
      Application started. Press Ctrl+C to shut down.&#xD;
info: Microsoft.Hosting.Lifetime[0]&#xD;
      Hosting environment: Test&#xD;
info: Microsoft.Hosting.Lifetime[0]&#xD;
      Content root path: C:\Users\bryan\RiderProjects\AspTemplate\src\WebApi&#xD;
info: Microsoft.EntityFrameworkCore.Update[30100]&#xD;
      Saved 0 entities to in-memory store.&#xD;
info: Microsoft.EntityFrameworkCore.Update[30100]&#xD;
      Saved 2 entities to in-memory store.&#xD;
info: Microsoft.EntityFrameworkCore.Update[30100]&#xD;
      Saved 2 entities to in-memory store.&#xD;
info: Microsoft.EntityFrameworkCore.Update[30100]&#xD;
      Saved 4 entities to in-memory store.&#xD;
fail: Microsoft.EntityFrameworkCore.Query[10100]&#xD;
      An exception occurred while iterating over the results of a query for context type 'WebApi.Data.AppDbContext'.&#xD;
      System.InvalidOperationException: Sequence contains no elements&#xD;
         at System.Linq.ThrowHelper.ThrowNoElementsException()&#xD;
         at lambda_method810(Closure)&#xD;
         at Microsoft.EntityFrameworkCore.InMemory.Query.Internal.InMemoryQueryExpression.ResultEnumerable.GetEnumerator()&#xD;
         at Microsoft.EntityFrameworkCore.InMemory.Query.Internal.InMemoryShapedQueryCompilingExpressionVisitor.QueryingEnumerable`1.Enumerator.MoveNext()&#xD;
      System.InvalidOperationException: Sequence contains no elements&#xD;
         at System.Linq.ThrowHelper.ThrowNoElementsException()&#xD;
         at lambda_method810(Closure)&#xD;
         at Microsoft.EntityFrameworkCore.InMemory.Query.Internal.InMemoryQueryExpression.ResultEnumerable.GetEnumerator()&#xD;
         at Microsoft.EntityFrameworkCore.InMemory.Query.Internal.InMemoryShapedQueryCompilingExpressionVisitor.QueryingEnumerable`1.Enumerator.MoveNext()&#xD;
info: Microsoft.Hosting.Lifetime[0]&#xD;
      Application is shutting down...&#xD;
&#xD;
info: Microsoft.Hosting.Lifetime[0]&#xD;
      Application started. Press Ctrl+C to shut down.&#xD;
info: Microsoft.Hosting.Lifetime[0]&#xD;
      Hosting environment: Test&#xD;
info: Microsoft.Hosting.Lifetime[0]&#xD;
      Content root path: C:\Users\bryan\RiderProjects\AspTemplate\src\WebApi&#xD;
info: Microsoft.EntityFrameworkCore.Update[30100]&#xD;
      Saved 0 entities to in-memory store.&#xD;
info: Microsoft.EntityFrameworkCore.Update[30100]&#xD;
      Saved 2 entities to in-memory store.&#xD;
info: Microsoft.EntityFrameworkCore.Update[30100]&#xD;
      Saved 2 entities to in-memory store.&#xD;
info: Microsoft.EntityFrameworkCore.Update[30100]&#xD;
      Saved 4 entities to in-memory store.&#xD;
warn: Microsoft.AspNetCore.HttpsPolicy.HttpsRedirectionMiddleware[3]&#xD;
      Failed to determine the https port for redirect.&#xD;
info: Microsoft.Hosting.Lifetime[0]&#xD;
      Application is shutting down...&#xD;
&#xD;
info: Microsoft.Hosting.Lifetime[0]&#xD;
      Application started. Press Ctrl+C to shut down.&#xD;
info: Microsoft.Hosting.Lifetime[0]&#xD;
      Hosting environment: Test&#xD;
info: Microsoft.Hosting.Lifetime[0]&#xD;
      Content root path: C:\Users\bryan\RiderProjects\AspTemplate\src\WebApi&#xD;
info: Microsoft.EntityFrameworkCore.Update[30100]&#xD;
      Saved 0 entities to in-memory store.&#xD;
info: Microsoft.EntityFrameworkCore.Update[30100]&#xD;
      Saved 2 entities to in-memory store.&#xD;
info: Microsoft.EntityFrameworkCore.Update[30100]&#xD;
      Saved 2 entities to in-memory store.&#xD;
info: Microsoft.EntityFrameworkCore.Update[30100]&#xD;
      Saved 4 entities to in-memory store.&#xD;
fail: Microsoft.EntityFrameworkCore.Query[10100]&#xD;
      An exception occurred while iterating over the results of a query for context type 'WebApi.Data.AppDbContext'.&#xD;
      System.InvalidOperationException: Sequence contains no elements&#xD;
         at System.Linq.ThrowHelper.ThrowNoElementsException()&#xD;
         at lambda_method725(Closure)&#xD;
         at Microsoft.EntityFrameworkCore.InMemory.Query.Internal.InMemoryQueryExpression.ResultEnumerable.GetEnumerator()&#xD;
         at Microsoft.EntityFrameworkCore.InMemory.Query.Internal.InMemoryShapedQueryCompilingExpressionVisitor.QueryingEnumerable`1.Enumerator.MoveNext()&#xD;
      System.InvalidOperationException: Sequence contains no elements&#xD;
         at System.Linq.ThrowHelper.ThrowNoElementsException()&#xD;
         at lambda_method725(Closure)&#xD;
         at Microsoft.EntityFrameworkCore.InMemory.Query.Internal.InMemoryQueryExpression.ResultEnumerable.GetEnumerator()&#xD;
         at Microsoft.EntityFrameworkCore.InMemory.Query.Internal.InMemoryShapedQueryCompilingExpressionVisitor.QueryingEnumerable`1.Enumerator.MoveNext()&#xD;
info: Microsoft.Hosting.Lifetime[0]&#xD;
      Application is shutting down...&#xD;
&#xD;
info: Microsoft.Hosting.Lifetime[0]&#xD;
      Application started. Press Ctrl+C to shut down.&#xD;
info: Microsoft.Hosting.Lifetime[0]&#xD;
      Hosting environment: Test&#xD;
info: Microsoft.Hosting.Lifetime[0]&#xD;
      Content root path: C:\Users\bryan\RiderProjects\AspTemplate\src\WebApi&#xD;
info: Microsoft.EntityFrameworkCore.Update[30100]&#xD;
      Saved 0 entities to in-memory store.&#xD;
info: Microsoft.EntityFrameworkCore.Update[30100]&#xD;
      Saved 2 entities to in-memory store.&#xD;
info: Microsoft.EntityFrameworkCore.Update[30100]&#xD;
      Saved 2 entities to in-memory store.&#xD;
info: Microsoft.EntityFrameworkCore.Update[30100]&#xD;
      Saved 4 entities to in-memory store.&#xD;
warn: Microsoft.AspNetCore.HttpsPolicy.HttpsRedirectionMiddleware[3]&#xD;
      Failed to determine the https port for redirect.&#xD;
info: Microsoft.Hosting.Lifetime[0]&#xD;
      Application is shutting down...&#xD;
&#xD;
info: Microsoft.Hosting.Lifetime[0]&#xD;
      Application started. Press Ctrl+C to shut down.&#xD;
info: Microsoft.Hosting.Lifetime[0]&#xD;
      Hosting environment: Test&#xD;
info: Microsoft.Hosting.Lifetime[0]&#xD;
      Content root path: C:\Users\bryan\RiderProjects\AspTemplate\src\WebApi&#xD;
info: Microsoft.EntityFrameworkCore.Update[30100]&#xD;
      Saved 0 entities to in-memory store.&#xD;
info: Microsoft.EntityFrameworkCore.Update[30100]&#xD;
      Saved 2 entities to in-memory store.&#xD;
info: Microsoft.EntityFrameworkCore.Update[30100]&#xD;
      Saved 2 entities to in-memory store.&#xD;
info: Microsoft.EntityFrameworkCore.Update[30100]&#xD;
      Saved 4 entities to in-memory store.&#xD;
fail: Microsoft.EntityFrameworkCore.Query[10100]&#xD;
      An exception occurred while iterating over the results of a query for context type 'WebApi.Data.AppDbContext'.&#xD;
      System.InvalidOperationException: Sequence contains no elements&#xD;
         at System.Linq.ThrowHelper.ThrowNoElementsException()&#xD;
         at lambda_method852(Closure)&#xD;
         at Microsoft.EntityFrameworkCore.InMemory.Query.Internal.InMemoryQueryExpression.ResultEnumerable.GetEnumerator()&#xD;
         at Microsoft.EntityFrameworkCore.InMemory.Query.Internal.InMemoryShapedQueryCompilingExpressionVisitor.QueryingEnumerable`1.Enumerator.MoveNext()&#xD;
      System.InvalidOperationException: Sequence contains no elements&#xD;
         at System.Linq.ThrowHelper.ThrowNoElementsException()&#xD;
         at lambda_method852(Closure)&#xD;
         at Microsoft.EntityFrameworkCore.InMemory.Query.Internal.InMemoryQueryExpression.ResultEnumerable.GetEnumerator()&#xD;
         at Microsoft.EntityFrameworkCore.InMemory.Query.Internal.InMemoryShapedQueryCompilingExpressionVisitor.QueryingEnumerable`1.Enumerator.MoveNext()&#xD;
info: Microsoft.Hosting.Lifetime[0]&#xD;
      Application is shutting down...&#xD;
&#xD;
info: Microsoft.Hosting.Lifetime[0]&#xD;
      Application started. Press Ctrl+C to shut down.&#xD;
info: Microsoft.Hosting.Lifetime[0]&#xD;
      Hosting environment: Test&#xD;
info: Microsoft.Hosting.Lifetime[0]&#xD;
      Content root path: C:\Users\bryan\RiderProjects\AspTemplate\src\WebApi&#xD;
info: Microsoft.EntityFrameworkCore.Update[30100]&#xD;
      Saved 0 entities to in-memory store.&#xD;
info: Microsoft.EntityFrameworkCore.Update[30100]&#xD;
      Saved 2 entities to in-memory store.&#xD;
info: Microsoft.EntityFrameworkCore.Update[30100]&#xD;
      Saved 2 entities to in-memory store.&#xD;
info: Microsoft.EntityFrameworkCore.Update[30100]&#xD;
      Saved 4 entities to in-memory store.&#xD;
fail: Microsoft.EntityFrameworkCore.Query[10100]&#xD;
      An exception occurred while iterating over the results of a query for context type 'WebApi.Data.AppDbContext'.&#xD;
      System.InvalidOperationException: Sequence contains no elements&#xD;
         at System.Linq.ThrowHelper.ThrowNoElementsException()&#xD;
         at lambda_method859(Closure)&#xD;
         at Microsoft.EntityFrameworkCore.InMemory.Query.Internal.InMemoryQueryExpression.ResultEnumerable.GetEnumerator()&#xD;
         at Microsoft.EntityFrameworkCore.InMemory.Query.Internal.InMemoryShapedQueryCompilingExpressionVisitor.QueryingEnumerable`1.Enumerator.MoveNext()&#xD;
      System.InvalidOperationException: Sequence contains no elements&#xD;
         at System.Linq.ThrowHelper.ThrowNoElementsException()&#xD;
         at lambda_method859(Closure)&#xD;
         at Microsoft.EntityFrameworkCore.InMemory.Query.Internal.InMemoryQueryExpression.ResultEnumerable.GetEnumerator()&#xD;
         at Microsoft.EntityFrameworkCore.InMemory.Query.Internal.InMemoryShapedQueryCompilingExpressionVisitor.QueryingEnumerable`1.Enumerator.MoveNext()&#xD;
info: Microsoft.Hosting.Lifetime[0]&#xD;
      Application is shutting down...&#xD;
&#xD;
info: Microsoft.Hosting.Lifetime[0]&#xD;
      Application started. Press Ctrl+C to shut down.&#xD;
info: Microsoft.Hosting.Lifetime[0]&#xD;
      Hosting environment: Test&#xD;
info: Microsoft.Hosting.Lifetime[0]&#xD;
      Content root path: C:\Users\bryan\RiderProjects\AspTemplate\src\WebApi&#xD;
info: Microsoft.EntityFrameworkCore.Update[30100]&#xD;
      Saved 0 entities to in-memory store.&#xD;
info: Microsoft.EntityFrameworkCore.Update[30100]&#xD;
      Saved 2 entities to in-memory store.&#xD;
info: Microsoft.EntityFrameworkCore.Update[30100]&#xD;
      Saved 2 entities to in-memory store.&#xD;
info: Microsoft.EntityFrameworkCore.Update[30100]&#xD;
      Saved 4 entities to in-memory store.&#xD;
warn: Microsoft.AspNetCore.HttpsPolicy.HttpsRedirectionMiddleware[3]&#xD;
      Failed to determine the https port for redirect.&#xD;
info: Microsoft.Hosting.Lifetime[0]&#xD;
      Application is shutting down...&#xD;
&#xD;
info: Microsoft.Hosting.Lifetime[0]&#xD;
      Application started. Press Ctrl+C to shut down.&#xD;
info: Microsoft.Hosting.Lifetime[0]&#xD;
      Hosting environment: Test&#xD;
info: Microsoft.Hosting.Lifetime[0]&#xD;
      Content root path: C:\Users\bryan\RiderProjects\AspTemplate\src\WebApi&#xD;
info: Microsoft.EntityFrameworkCore.Update[30100]&#xD;
      Saved 0 entities to in-memory store.&#xD;
info: Microsoft.EntityFrameworkCore.Update[30100]&#xD;
      Saved 2 entities to in-memory store.&#xD;
info: Microsoft.EntityFrameworkCore.Update[30100]&#xD;
      Saved 2 entities to in-memory store.&#xD;
info: Microsoft.EntityFrameworkCore.Update[30100]&#xD;
      Saved 4 entities to in-memory store.&#xD;
warn: Microsoft.AspNetCore.HttpsPolicy.HttpsRedirectionMiddleware[3]&#xD;
      Failed to determine the https port for redirect.&#xD;
info: Microsoft.Hosting.Lifetime[0]&#xD;
      Application is shutting down...&#xD;
&#xD;
info: Microsoft.Hosting.Lifetime[0]&#xD;
      Application started. Press Ctrl+C to shut down.&#xD;
info: Microsoft.Hosting.Lifetime[0]&#xD;
      Hosting environment: Test&#xD;
info: Microsoft.Hosting.Lifetime[0]&#xD;
      Content root path: C:\Users\bryan\RiderProjects\AspTemplate\src\WebApi&#xD;
info: Microsoft.EntityFrameworkCore.Update[30100]&#xD;
      Saved 0 entities to in-memory store.&#xD;
info: Microsoft.EntityFrameworkCore.Update[30100]&#xD;
      Saved 2 entities to in-memory store.&#xD;
info: Microsoft.EntityFrameworkCore.Update[30100]&#xD;
      Saved 2 entities to in-memory store.&#xD;
info: Microsoft.EntityFrameworkCore.Update[30100]&#xD;
      Saved 4 entities to in-memory store.&#xD;
fail: Microsoft.EntityFrameworkCore.Query[10100]&#xD;
      An exception occurred while iterating over the results of a query for context type 'WebApi.Data.AppDbContext'.&#xD;
      System.InvalidOperationException: Sequence contains no elements&#xD;
         at System.Linq.ThrowHelper.ThrowNoElementsException()&#xD;
         at lambda_method725(Closure)&#xD;
         at Microsoft.EntityFrameworkCore.InMemory.Query.Internal.InMemoryQueryExpression.ResultEnumerable.GetEnumerator()&#xD;
         at Microsoft.EntityFrameworkCore.InMemory.Query.Internal.InMemoryShapedQueryCompilingExpressionVisitor.QueryingEnumerable`1.Enumerator.MoveNext()&#xD;
      System.InvalidOperationException: Sequence contains no elements&#xD;
         at System.Linq.ThrowHelper.ThrowNoElementsException()&#xD;
         at lambda_method725(Closure)&#xD;
         at Microsoft.EntityFrameworkCore.InMemory.Query.Internal.InMemoryQueryExpression.ResultEnumerable.GetEnumerator()&#xD;
         at Microsoft.EntityFrameworkCore.InMemory.Query.Internal.InMemoryShapedQueryCompilingExpressionVisitor.QueryingEnumerable`1.Enumerator.MoveNext()&#xD;
info: Microsoft.Hosting.Lifetime[0]&#xD;
      Application is shutting down...&#xD;
&#xD;
info: Microsoft.Hosting.Lifetime[0]&#xD;
      Application started. Press Ctrl+C to shut down.&#xD;
info: Microsoft.Hosting.Lifetime[0]&#xD;
      Hosting environment: Test&#xD;
info: Microsoft.Hosting.Lifetime[0]&#xD;
      Content root path: C:\Users\bryan\RiderProjects\AspTemplate\src\WebApi&#xD;
info: Microsoft.EntityFrameworkCore.Update[30100]&#xD;
      Saved 0 entities to in-memory store.&#xD;
info: Microsoft.EntityFrameworkCore.Update[30100]&#xD;
      Saved 2 entities to in-memory store.&#xD;
info: Microsoft.EntityFrameworkCore.Update[30100]&#xD;
      Saved 2 entities to in-memory store.&#xD;
info: Microsoft.EntityFrameworkCore.Update[30100]&#xD;
      Saved 4 entities to in-memory store.&#xD;
fail: Microsoft.EntityFrameworkCore.Query[10100]&#xD;
      An exception occurred while iterating over the results of a query for context type 'WebApi.Data.AppDbContext'.&#xD;
      System.InvalidOperationException: Sequence contains no elements&#xD;
         at System.Linq.ThrowHelper.ThrowNoElementsException()&#xD;
         at lambda_method852(Closure)&#xD;
         at Microsoft.EntityFrameworkCore.InMemory.Query.Internal.InMemoryQueryExpression.ResultEnumerable.GetEnumerator()&#xD;
         at Microsoft.EntityFrameworkCore.InMemory.Query.Internal.InMemoryShapedQueryCompilingExpressionVisitor.QueryingEnumerable`1.Enumerator.MoveNext()&#xD;
      System.InvalidOperationException: Sequence contains no elements&#xD;
         at System.Linq.ThrowHelper.ThrowNoElementsException()&#xD;
         at lambda_method852(Closure)&#xD;
         at Microsoft.EntityFrameworkCore.InMemory.Query.Internal.InMemoryQueryExpression.ResultEnumerable.GetEnumerator()&#xD;
         at Microsoft.EntityFrameworkCore.InMemory.Query.Internal.InMemoryShapedQueryCompilingExpressionVisitor.QueryingEnumerable`1.Enumerator.MoveNext()&#xD;
info: Microsoft.Hosting.Lifetime[0]&#xD;
      Application is shutting down...&#xD;
&#xD;
NUnit Adapter 5.0.0.0: Test execution complete&#xD;
</StdOut>
    </Output>
  </ResultSummary>
</TestRun>