<?xml version="1.0" encoding="utf-8"?>
<TestRun id="9031e11e-f79e-4a43-b6aa-1be044a2636b" name="bryan@BRY 2026-01-10 00:26:26" runUser="BRY\bryan" xmlns="http://microsoft.com/schemas/VisualStudio/TeamTest/2010">
  <Times creation="2026-01-10T00:26:26.0372080-05:00" queuing="2026-01-10T00:26:26.0372085-05:00" start="2026-01-10T00:26:25.3495094-05:00" finish="2026-01-10T00:26:26.0436071-05:00" />
  <TestSettings name="default" id="3ab214a0-4e8f-4da3-921c-ffccd92943f8">
    <Deployment runDeploymentRoot="bryan_BRY_2026-01-10_00_26_26" />
  </TestSettings>
  <Results>
    <UnitTestResult executionId="25a6b134-5a45-4813-b989-bc51f9dbc00f" testId="d06a3736-8834-f1a9-62b8-7d6fbc9ad935" testName="VisitingTodos_RedirectsToLogin" computerName="BRY" duration="00:00:00.0078310" startTime="2026-01-10T00:26:25.8690361-05:00" endTime="2026-01-10T00:26:25.8768671-05:00" testType="13cdc9d9-ddb5-4fa4-a97d-d965ccfc6d4b" outcome="NotExecuted" testListId="8c84fa94-04c1-424b-9868-57a2d4851a1d" relativeResultsDirectory="25a6b134-5a45-4813-b989-bc51f9dbc00f">
      <Output>
        <StdOut>OneTimeSetUp: Requires playright browser(s) to be installed.</StdOut>
        <ErrorInfo>
          <Message>OneTimeSetUp: Requires playright browser(s) to be installed.</Message>
        </ErrorInfo>
      </Output>
    </UnitTestResult>
    <UnitTestResult executionId="d3f97b82-e462-41af-adcf-b07ee7f7b8ef" testId="ef1bd840-bcee-9a57-79d4-a7297602b4dd" testName="HomePage_Loads" computerName="BRY" duration="00:00:00.0074250" startTime="2026-01-10T00:26:25.8690361-05:00" endTime="2026-01-10T00:26:25.8764309-05:00" testType="13cdc9d9-ddb5-4fa4-a97d-d965ccfc6d4b" outcome="NotExecuted" testListId="8c84fa94-04c1-424b-9868-57a2d4851a1d" relativeResultsDirectory="d3f97b82-e462-41af-adcf-b07ee7f7b8ef">
      <Output>
        <StdOut>OneTimeSetUp: Requires playright browser(s) to be installed.</StdOut>
        <ErrorInfo>
          <Message>OneTimeSetUp: Requires playright browser(s) to be installed.</Message>
        </ErrorInfo>
      </Output>
    </UnitTestResult>
  </Results>
  <TestDefinitions>
    <UnitTest name="VisitingTodos_RedirectsToLogin" storage="c:\users\bryan\riderprojects\asptemplate\tests\webfrontend.tests.e2e\bin\debug\net10.0\webfrontend.tests.e2e.dll" id="d06a3736-8834-f1a9-62b8-7d6fbc9ad935">
      <Execution id="25a6b134-5a45-4813-b989-bc51f9dbc00f" />
      <TestMethod codeBase="C:\Users\bryan\RiderProjects\AspTemplate\tests\WebFrontend.Tests.E2E\bin\Debug\net10.0\WebFrontend.Tests.E2E.dll" adapterTypeName="executor://nunit3testexecutor/" className="WebFrontend.Tests.E2E.SmokeTests" name="VisitingTodos_RedirectsToLogin" />
    </UnitTest>
    <UnitTest name="HomePage_Loads" storage="c:\users\bryan\riderprojects\asptemplate\tests\webfrontend.tests.e2e\bin\debug\net10.0\webfrontend.tests.e2e.dll" id="ef1bd840-bcee-9a57-79d4-a7297602b4dd">
      <Execution id="d3f97b82-e462-41af-adcf-b07ee7f7b8ef" />
      <TestMethod codeBase="C:\Users\bryan\RiderProjects\AspTemplate\tests\WebFrontend.Tests.E2E\bin\Debug\net10.0\WebFrontend.Tests.E2E.dll" adapterTypeName="executor://nunit3testexecutor/" className="WebFrontend.Tests.E2E.SmokeTests" name="HomePage_Loads" />
    </UnitTest>
  </TestDefinitions>
  <TestEntries>
    <TestEntry testId="d06a3736-8834-f1a9-62b8-7d6fbc9ad935" executionId="25a6b134-5a45-4813-b989-bc51f9dbc00f" testListId="8c84fa94-04c1-424b-9868-57a2d4851a1d" />
    <TestEntry testId="ef1bd840-bcee-9a57-79d4-a7297602b4dd" executionId="d3f97b82-e462-41af-adcf-b07ee7f7b8ef" testListId="8c84fa94-04c1-424b-9868-57a2d4851a1d" />
  </TestEntries>
  <TestLists>
    <TestList name="Les résultats ne figurent pas dans une liste" id="8c84fa94-04c1-424b-9868-57a2d4851a1d" />
    <TestList name="Tous les résultats chargés" id="19431567-8539-422a-85d7-44ee4e166bda" />
  </TestLists>
  <ResultSummary outcome="Completed">
    <Counters total="2" executed="0" passed="0" failed="0" error="0" timeout="0" aborted="0" inconclusive="0" passedButRunAborted="0" notRunnable="0" notExecuted="0" disconnected="0" warning="0" completed="0" inProgress="0" pending="0" />
    <Output>
      <StdOut>NUnit Adapter 5.0.0.0: Test execution started&#xD;
Running all tests in C:\Users\bryan\RiderProjects\AspTemplate\tests\WebFrontend.Tests.E2E\bin\Debug\net10.0\WebFrontend.Tests.E2E.dll&#xD;
   NUnit3TestExecutor discovered 2 of 2 NUnit test cases using Current Discovery mode, Non-Explicit run&#xD;
HomePage_Loads: OneTimeSetUp: Requires playright browser(s) to be installed.&#xD;
VisitingTodos_RedirectsToLogin: OneTimeSetUp: Requires playright browser(s) to be installed.&#xD;
NUnit Adapter 5.0.0.0: Test execution complete&#xD;
Le test 'HomePage_Loads' a été ignoré dans la série de tests.&#xD;
Le test 'VisitingTodos_RedirectsToLogin' a été ignoré dans la série de tests.&#xD;
</StdOut>
    </Output>
  </ResultSummary>
</TestRun>