<?xml version="1.0" encoding="utf-8"?>
<TestRun id="8b912337-80c8-4baf-b78e-73d9b804a583" name="bryan@BRY 2026-01-10 00:26:28" runUser="BRY\bryan" xmlns="http://microsoft.com/schemas/VisualStudio/TeamTest/2010">
  <Times creation="2026-01-10T00:26:28.9801842-05:00" queuing="2026-01-10T00:26:28.9801847-05:00" start="2026-01-10T00:26:27.3138077-05:00" finish="2026-01-10T00:26:28.9860637-05:00" />
  <TestSettings name="default" id="bbe47df2-eb05-4be8-b5cd-c5647d0b191f">
    <Deployment runDeploymentRoot="bryan_BRY_2026-01-10_00_26_28" />
  </TestSettings>
  <Results>
    <UnitTestResult executionId="8afde8ca-2671-444f-b478-725599de0e55" testId="6f30e4ba-50f5-fed8-c35b-40f94a3d9917" testName="RequireAuthPage_WhenUnauthenticated_RedirectsToLoginWithReturnUrl" computerName="BRY" duration="00:00:00.4079790" startTime="2026-01-10T00:26:28.2341692-05:00" endTime="2026-01-10T00:26:28.6420931-05:00" testType="13cdc9d9-ddb5-4fa4-a97d-d965ccfc6d4b" outcome="Passed" testListId="8c84fa94-04c1-424b-9868-57a2d4851a1d" relativeResultsDirectory="8afde8ca-2671-444f-b478-725599de0e55">
      <Output>
        <StdOut>Warning:&#xD;
     The component "Fluent Assertions" is governed by the rules defined in the Xceed License Agreement and&#xD;
     the Xceed Fluent Assertions Community License. You may use Fluent Assertions free of charge for&#xD;
     non-commercial use only. An active subscription is required to use Fluent Assertions for commercial use.&#xD;
&#xD;
     Please contact Xceed Sales mailto:sales@xceed.com to acquire a subscription at a very low cost.&#xD;
&#xD;
     A paid commercial license supports the development and continued increasing support of&#xD;
     Fluent Assertions users under both commercial and community licenses. Help us&#xD;
     keep Fluent Assertions at the forefront of unit testing.&#xD;
&#xD;
     For more information, visit https://xceed.com/products/unit-testing/fluent-assertions/</StdOut>
      </Output>
    </UnitTestResult>
    <UnitTestResult executionId="2a2a4b02-c2fc-4cdb-a215-9540aab8d184" testId="7969aa20-5791-d7e2-9c5f-739077c20f0a" testName="RoundTrip_SaveLoadClear_Works" computerName="BRY" duration="00:00:00.0072410" startTime="2026-01-10T00:26:28.8279981-05:00" endTime="2026-01-10T00:26:28.8352381-05:00" testType="13cdc9d9-ddb5-4fa4-a97d-d965ccfc6d4b" outcome="Passed" testListId="8c84fa94-04c1-424b-9868-57a2d4851a1d" relativeResultsDirectory="2a2a4b02-c2fc-4cdb-a215-9540aab8d184" />
    <UnitTestResult executionId="4fa78335-f278-463b-b92b-5e38bcbe5ae1" testId="fc0cf02d-8f83-39af-2fcb-446434e1fe7f" testName="SubmittingEmptyForm_ShowsError" computerName="BRY" duration="00:00:00.1213880" startTime="2026-01-10T00:26:28.6450739-05:00" endTime="2026-01-10T00:26:28.7664611-05:00" testType="13cdc9d9-ddb5-4fa4-a97d-d965ccfc6d4b" outcome="Passed" testListId="8c84fa94-04c1-424b-9868-57a2d4851a1d" relativeResultsDirectory="4fa78335-f278-463b-b92b-5e38bcbe5ae1" />
    <UnitTestResult executionId="2adca067-a59e-4310-80c1-d606ba1bca50" testId="1275c1c6-5d86-928c-2e57-676fc27fd657" testName="SuccessfulLogin_NavigatesToReturnUrl" computerName="BRY" duration="00:00:00.0533610" startTime="2026-01-10T00:26:28.7664977-05:00" endTime="2026-01-10T00:26:28.8198587-05:00" testType="13cdc9d9-ddb5-4fa4-a97d-d965ccfc6d4b" outcome="Passed" testListId="8c84fa94-04c1-424b-9868-57a2d4851a1d" relativeResultsDirectory="2adca067-a59e-4310-80c1-d606ba1bca50" />
    <UnitTestResult executionId="4ce0e8df-c064-479f-8cd3-6421b6605058" testId="07c94d37-d8a2-6b42-fd52-53ebd0958519" testName="GetAsync_WhenHandlerThrowsHttpRequestException_ReturnsFriendlyFailureAndSetsBackendStatus" computerName="BRY" duration="00:00:00.0077270" startTime="2026-01-10T00:26:28.8201013-05:00" endTime="2026-01-10T00:26:28.8278281-05:00" testType="13cdc9d9-ddb5-4fa4-a97d-d965ccfc6d4b" outcome="Passed" testListId="8c84fa94-04c1-424b-9868-57a2d4851a1d" relativeResultsDirectory="4ce0e8df-c064-479f-8cd3-6421b6605058" />
  </Results>
  <TestDefinitions>
    <UnitTest name="SubmittingEmptyForm_ShowsError" storage="c:\users\bryan\riderprojects\asptemplate\tests\webfrontend.tests\bin\debug\net10.0\webfrontend.tests.dll" id="fc0cf02d-8f83-39af-2fcb-446434e1fe7f">
      <Execution id="4fa78335-f278-463b-b92b-5e38bcbe5ae1" />
      <TestMethod codeBase="C:\Users\bryan\RiderProjects\AspTemplate\tests\WebFrontend.Tests\bin\Debug\net10.0\WebFrontend.Tests.dll" adapterTypeName="executor://nunit3testexecutor/" className="WebFrontend.Tests.Component.LoginTests" name="SubmittingEmptyForm_ShowsError" />
    </UnitTest>
    <UnitTest name="SuccessfulLogin_NavigatesToReturnUrl" storage="c:\users\bryan\riderprojects\asptemplate\tests\webfrontend.tests\bin\debug\net10.0\webfrontend.tests.dll" id="1275c1c6-5d86-928c-2e57-676fc27fd657">
      <Execution id="2adca067-a59e-4310-80c1-d606ba1bca50" />
      <TestMethod codeBase="C:\Users\bryan\RiderProjects\AspTemplate\tests\WebFrontend.Tests\bin\Debug\net10.0\WebFrontend.Tests.dll" adapterTypeName="executor://nunit3testexecutor/" className="WebFrontend.Tests.Component.LoginTests" name="SuccessfulLogin_NavigatesToReturnUrl" />
    </UnitTest>
    <UnitTest name="RequireAuthPage_WhenUnauthenticated_RedirectsToLoginWithReturnUrl" storage="c:\users\bryan\riderprojects\asptemplate\tests\webfrontend.tests\bin\debug\net10.0\webfrontend.tests.dll" id="6f30e4ba-50f5-fed8-c35b-40f94a3d9917">
      <Execution id="8afde8ca-2671-444f-b478-725599de0e55" />
      <TestMethod codeBase="C:\Users\bryan\RiderProjects\AspTemplate\tests\WebFrontend.Tests\bin\Debug\net10.0\WebFrontend.Tests.dll" adapterTypeName="executor://nunit3testexecutor/" className="WebFrontend.Tests.Component.AuthRouteViewTests" name="RequireAuthPage_WhenUnauthenticated_RedirectsToLoginWithReturnUrl" />
    </UnitTest>
    <UnitTest name="GetAsync_WhenHandlerThrowsHttpRequestException_ReturnsFriendlyFailureAndSetsBackendStatus" storage="c:\users\bryan\riderprojects\asptemplate\tests\webfrontend.tests\bin\debug\net10.0\webfrontend.tests.dll" id="07c94d37-d8a2-6b42-fd52-53ebd0958519">
      <Execution id="4ce0e8df-c064-479f-8cd3-6421b6605058" />
      <TestMethod codeBase="C:\Users\bryan\RiderProjects\AspTemplate\tests\WebFrontend.Tests\bin\Debug\net10.0\WebFrontend.Tests.dll" adapterTypeName="executor://nunit3testexecutor/" className="WebFrontend.Tests.Unit.HttpApiClientTests" name="GetAsync_WhenHandlerThrowsHttpRequestException_ReturnsFriendlyFailureAndSetsBackendStatus" />
    </UnitTest>
    <UnitTest name="RoundTrip_SaveLoadClear_Works" storage="c:\users\bryan\riderprojects\asptemplate\tests\webfrontend.tests\bin\debug\net10.0\webfrontend.tests.dll" id="7969aa20-5791-d7e2-9c5f-739077c20f0a">
      <Execution id="2a2a4b02-c2fc-4cdb-a215-9540aab8d184" />
      <TestMethod codeBase="C:\Users\bryan\RiderProjects\AspTemplate\tests\WebFrontend.Tests\bin\Debug\net10.0\WebFrontend.Tests.dll" adapterTypeName="executor://nunit3testexecutor/" className="WebFrontend.Tests.Unit.TokenStoreTests" name="RoundTrip_SaveLoadClear_Works" />
    </UnitTest>
  </TestDefinitions>
  <TestEntries>
    <TestEntry testId="6f30e4ba-50f5-fed8-c35b-40f94a3d9917" executionId="8afde8ca-2671-444f-b478-725599de0e55" testListId="8c84fa94-04c1-424b-9868-57a2d4851a1d" />
    <TestEntry testId="7969aa20-5791-d7e2-9c5f-739077c20f0a" executionId="2a2a4b02-c2fc-4cdb-a215-9540aab8d184" testListId="8c84fa94-04c1-424b-9868-57a2d4851a1d" />
    <TestEntry testId="fc0cf02d-8f83-39af-2fcb-446434e1fe7f" executionId="4fa78335-f278-463b-b92b-5e38bcbe5ae1" testListId="8c84fa94-04c1-424b-9868-57a2d4851a1d" />
    <TestEntry testId="1275c1c6-5d86-928c-2e57-676fc27fd657" executionId="2adca067-a59e-4310-80c1-d606ba1bca50" testListId="8c84fa94-04c1-424b-9868-57a2d4851a1d" />
    <TestEntry testId="07c94d37-d8a2-6b42-fd52-53ebd0958519" executionId="4ce0e8df-c064-479f-8cd3-6421b6605058" testListId="8c84fa94-04c1-424b-9868-57a2d4851a1d" />
  </TestEntries>
  <TestLists>
    <TestList name="Les résultats ne figurent pas dans une liste" id="8c84fa94-04c1-424b-9868-57a2d4851a1d" />
    <TestList name="Tous les résultats chargés" id="19431567-8539-422a-85d7-44ee4e166bda" />
  </TestLists>
  <ResultSummary outcome="Completed">
    <Counters total="5" executed="5" passed="5" failed="0" error="0" timeout="0" aborted="0" inconclusive="0" passedButRunAborted="0" notRunnable="0" notExecuted="0" disconnected="0" warning="0" completed="0" inProgress="0" pending="0" />
    <Output>
      <StdOut>NUnit Adapter 5.0.0.0: Test execution started&#xD;
Running all tests in C:\Users\bryan\RiderProjects\AspTemplate\tests\WebFrontend.Tests\bin\Debug\net10.0\WebFrontend.Tests.dll&#xD;
   NUnit3TestExecutor discovered 5 of 5 NUnit test cases using Current Discovery mode, Non-Explicit run&#xD;
     Warning:&#xD;
     The component "Fluent Assertions" is governed by the rules defined in the Xceed License Agreement and&#xD;
     the Xceed Fluent Assertions Community License. You may use Fluent Assertions free of charge for&#xD;
     non-commercial use only. An active subscription is required to use Fluent Assertions for commercial use.&#xD;
&#xD;
     Please contact Xceed Sales mailto:sales@xceed.com to acquire a subscription at a very low cost.&#xD;
&#xD;
     A paid commercial license supports the development and continued increasing support of&#xD;
     Fluent Assertions users under both commercial and community licenses. Help us&#xD;
     keep Fluent Assertions at the forefront of unit testing.&#xD;
&#xD;
     For more information, visit https://xceed.com/products/unit-testing/fluent-assertions/&#xD;
&#xD;
NUnit Adapter 5.0.0.0: Test execution complete&#xD;
</StdOut>
    </Output>
  </ResultSummary>
</TestRun>